[2022-06-13T23:33:48.552Z] Nivel de registro: Info
[2022-06-13T23:33:48.553Z] [info] La validación encontró Git en: git
[2022-06-13T23:33:48.571Z] [info] Usando GIT 2.25.1 desde git
[2022-06-13T23:33:48.598Z] > git rev-parse --show-toplevel [19ms]
[2022-06-13T23:33:48.615Z] > git rev-parse --git-dir --git-common-dir [13ms]
[2022-06-13T23:33:48.619Z] [info] Open repository: /home/lrb96
[2022-06-13T23:33:48.683Z] > git status -z -uall [58ms]
[2022-06-13T23:33:48.686Z] > git symbolic-ref --short HEAD [1ms]
[2022-06-13T23:33:48.690Z] > git for-each-ref --format=%(refname)%00%(upstream:short)%00%(objectname)%00%(upstream:track)%00%(upstream:remotename)%00%(upstream:remoteref) refs/heads/master refs/remotes/master [1ms]
[2022-06-13T23:33:48.695Z] > git remote --verbose [0ms]
[2022-06-13T23:33:48.695Z] > git for-each-ref --sort -committerdate --format %(refname) %(objectname) %(*objectname) [3ms]
[2022-06-13T23:33:49.592Z] > git config --get commit.template [7ms]
[2022-06-13T23:33:49.595Z] > git check-ignore -v -z --stdin [7ms]
[2022-06-13T23:33:49.827Z] > git fetch [1205ms]
[2022-06-13T23:33:49.884Z] > git status -z -uall [54ms]
[2022-06-13T23:33:49.887Z] > git symbolic-ref --short HEAD [1ms]
[2022-06-13T23:33:49.889Z] > git for-each-ref --format=%(refname)%00%(upstream:short)%00%(objectname)%00%(upstream:track)%00%(upstream:remotename)%00%(upstream:remoteref) refs/heads/master refs/remotes/master [0ms]
[2022-06-13T23:33:49.894Z] > git remote --verbose [0ms]
[2022-06-13T23:33:49.895Z] > git for-each-ref --sort -committerdate --format %(refname) %(objectname) %(*objectname) [3ms]
[2022-06-13T23:33:49.941Z] > git config --get commit.template [0ms]
[2022-06-13T23:33:54.543Z] > git status -z -uall [54ms]
[2022-06-13T23:33:54.547Z] > git symbolic-ref --short HEAD [0ms]
[2022-06-13T23:33:54.551Z] > git for-each-ref --format=%(refname)%00%(upstream:short)%00%(objectname)%00%(upstream:track)%00%(upstream:remotename)%00%(upstream:remoteref) refs/heads/master refs/remotes/master [0ms]
[2022-06-13T23:33:54.557Z] > git remote --verbose [0ms]
[2022-06-13T23:33:54.558Z] > git for-each-ref --sort -committerdate --format %(refname) %(objectname) %(*objectname) [4ms]
[2022-06-13T23:33:54.604Z] > git config --get commit.template [0ms]
[2022-06-13T23:33:56.900Z] > git show --textconv :fastapi_python/venv/bin/uvicorn [291ms]
[2022-06-13T23:33:56.900Z] > git ls-files --stage -- /home/lrb96/fastapi_python/venv/bin/uvicorn [285ms]
[2022-06-13T23:33:56.911Z] > git cat-file -s b2ee1bd34df663e786618d362cd561c74bc54902 [6ms]
[2022-06-13T23:33:59.561Z] > git show --textconv :fastapi_python/venv/bin/pip3 [5ms]
[2022-06-13T23:33:59.563Z] > git ls-files --stage -- /home/lrb96/fastapi_python/venv/bin/pip3 [3ms]
[2022-06-13T23:33:59.568Z] > git cat-file -s 23655f34e240fead416451ad7e9a8b08fea452f1 [1ms]
[2022-06-13T23:33:59.665Z] > git status -z -uall [55ms]
[2022-06-13T23:33:59.670Z] > git symbolic-ref --short HEAD [1ms]
[2022-06-13T23:33:59.675Z] > git for-each-ref --format=%(refname)%00%(upstream:short)%00%(objectname)%00%(upstream:track)%00%(upstream:remotename)%00%(upstream:remoteref) refs/heads/master refs/remotes/master [1ms]
[2022-06-13T23:33:59.683Z] > git remote --verbose [0ms]
[2022-06-13T23:33:59.684Z] > git for-each-ref --sort -committerdate --format %(refname) %(objectname) %(*objectname) [5ms]
[2022-06-13T23:33:59.747Z] > git config --get commit.template [4ms]
[2022-06-13T23:34:04.806Z] > git status -z -uall [52ms]
[2022-06-13T23:34:04.812Z] > git symbolic-ref --short HEAD [1ms]
[2022-06-13T23:34:04.818Z] > git for-each-ref --format=%(refname)%00%(upstream:short)%00%(objectname)%00%(upstream:track)%00%(upstream:remotename)%00%(upstream:remoteref) refs/heads/master refs/remotes/master [1ms]
[2022-06-13T23:34:04.827Z] > git remote --verbose [1ms]
[2022-06-13T23:34:04.827Z] > git for-each-ref --sort -committerdate --format %(refname) %(objectname) %(*objectname) [4ms]
[2022-06-13T23:34:04.865Z] > git config --get commit.template [1ms]
[2022-06-13T23:34:09.923Z] > git status -z -uall [50ms]
[2022-06-13T23:34:09.929Z] > git symbolic-ref --short HEAD [0ms]
[2022-06-13T23:34:09.935Z] > git for-each-ref --format=%(refname)%00%(upstream:short)%00%(objectname)%00%(upstream:track)%00%(upstream:remotename)%00%(upstream:remoteref) refs/heads/master refs/remotes/master [1ms]
[2022-06-13T23:34:09.945Z] > git remote --verbose [0ms]
[2022-06-13T23:34:09.946Z] > git for-each-ref --sort -committerdate --format %(refname) %(objectname) %(*objectname) [5ms]
[2022-06-13T23:34:09.981Z] > git config --get commit.template [0ms]
[2022-06-13T23:34:15.041Z] > git status -z -uall [52ms]
[2022-06-13T23:34:15.047Z] > git symbolic-ref --short HEAD [0ms]
[2022-06-13T23:34:15.054Z] > git for-each-ref --format=%(refname)%00%(upstream:short)%00%(objectname)%00%(upstream:track)%00%(upstream:remotename)%00%(upstream:remoteref) refs/heads/master refs/remotes/master [1ms]
[2022-06-13T23:34:15.064Z] > git remote --verbose [0ms]
[2022-06-13T23:34:15.064Z] > git for-each-ref --sort -committerdate --format %(refname) %(objectname) %(*objectname) [5ms]
[2022-06-13T23:34:15.107Z] > git config --get commit.template [4ms]
[2022-06-13T23:34:20.170Z] > git status -z -uall [53ms]
[2022-06-13T23:34:20.176Z] > git symbolic-ref --short HEAD [0ms]
[2022-06-13T23:34:20.183Z] > git for-each-ref --format=%(refname)%00%(upstream:short)%00%(objectname)%00%(upstream:track)%00%(upstream:remotename)%00%(upstream:remoteref) refs/heads/master refs/remotes/master [1ms]
[2022-06-13T23:34:20.194Z] > git remote --verbose [0ms]
[2022-06-13T23:34:20.194Z] > git for-each-ref --sort -committerdate --format %(refname) %(objectname) %(*objectname) [6ms]
[2022-06-13T23:34:20.235Z] > git config --get commit.template [5ms]
[2022-06-13T23:34:25.292Z] > git status -z -uall [52ms]
[2022-06-13T23:34:25.296Z] > git symbolic-ref --short HEAD [0ms]
[2022-06-13T23:34:25.300Z] > git for-each-ref --format=%(refname)%00%(upstream:short)%00%(objectname)%00%(upstream:track)%00%(upstream:remotename)%00%(upstream:remoteref) refs/heads/master refs/remotes/master [1ms]
[2022-06-13T23:34:25.307Z] > git remote --verbose [1ms]
[2022-06-13T23:34:25.307Z] > git for-each-ref --sort -committerdate --format %(refname) %(objectname) %(*objectname) [4ms]
[2022-06-13T23:34:25.348Z] > git config --get commit.template [0ms]
[2022-06-13T23:34:30.410Z] > git status -z -uall [55ms]
[2022-06-13T23:34:30.414Z] > git symbolic-ref --short HEAD [1ms]
[2022-06-13T23:34:30.418Z] > git for-each-ref --format=%(refname)%00%(upstream:short)%00%(objectname)%00%(upstream:track)%00%(upstream:remotename)%00%(upstream:remoteref) refs/heads/master refs/remotes/master [1ms]
[2022-06-13T23:34:30.424Z] > git remote --verbose [1ms]
[2022-06-13T23:34:30.424Z] > git for-each-ref --sort -committerdate --format %(refname) %(objectname) %(*objectname) [3ms]
[2022-06-13T23:34:30.463Z] > git config --get commit.template [0ms]
[2022-06-13T23:34:35.521Z] > git status -z -uall [52ms]
[2022-06-13T23:34:35.526Z] > git symbolic-ref --short HEAD [1ms]
[2022-06-13T23:34:35.530Z] > git for-each-ref --format=%(refname)%00%(upstream:short)%00%(objectname)%00%(upstream:track)%00%(upstream:remotename)%00%(upstream:remoteref) refs/heads/master refs/remotes/master [1ms]
[2022-06-13T23:34:35.537Z] > git remote --verbose [1ms]
[2022-06-13T23:34:35.537Z] > git for-each-ref --sort -committerdate --format %(refname) %(objectname) %(*objectname) [4ms]
[2022-06-13T23:34:35.643Z] > git config --get commit.template [18ms]
[2022-06-13T23:34:40.700Z] > git status -z -uall [52ms]
[2022-06-13T23:34:40.704Z] > git symbolic-ref --short HEAD [0ms]
[2022-06-13T23:34:40.708Z] > git for-each-ref --format=%(refname)%00%(upstream:short)%00%(objectname)%00%(upstream:track)%00%(upstream:remotename)%00%(upstream:remoteref) refs/heads/master refs/remotes/master [1ms]
[2022-06-13T23:34:40.714Z] > git remote --verbose [1ms]
[2022-06-13T23:34:40.714Z] > git for-each-ref --sort -committerdate --format %(refname) %(objectname) %(*objectname) [3ms]
[2022-06-13T23:34:40.752Z] > git config --get commit.template [1ms]
[2022-06-13T23:34:45.819Z] > git status -z -uall [62ms]
[2022-06-13T23:34:45.825Z] > git symbolic-ref --short HEAD [1ms]
[2022-06-13T23:34:45.831Z] > git for-each-ref --format=%(refname)%00%(upstream:short)%00%(objectname)%00%(upstream:track)%00%(upstream:remotename)%00%(upstream:remoteref) refs/heads/master refs/remotes/master [1ms]
[2022-06-13T23:34:45.839Z] > git remote --verbose [0ms]
[2022-06-13T23:34:45.840Z] > git for-each-ref --sort -committerdate --format %(refname) %(objectname) %(*objectname) [4ms]
[2022-06-13T23:34:45.883Z] > git config --get commit.template [7ms]
[2022-06-13T23:34:50.941Z] > git status -z -uall [52ms]
[2022-06-13T23:34:50.945Z] > git symbolic-ref --short HEAD [1ms]
[2022-06-13T23:34:50.949Z] > git for-each-ref --format=%(refname)%00%(upstream:short)%00%(objectname)%00%(upstream:track)%00%(upstream:remotename)%00%(upstream:remoteref) refs/heads/master refs/remotes/master [1ms]
[2022-06-13T23:34:50.955Z] > git for-each-ref --sort -committerdate --format %(refname) %(objectname) %(*objectname) [4ms]
[2022-06-13T23:34:50.955Z] > git remote --verbose [1ms]
[2022-06-13T23:34:50.993Z] > git config --get commit.template [0ms]
[2022-06-13T23:34:56.051Z] > git status -z -uall [52ms]
[2022-06-13T23:34:56.055Z] > git symbolic-ref --short HEAD [1ms]
[2022-06-13T23:34:56.059Z] > git for-each-ref --format=%(refname)%00%(upstream:short)%00%(objectname)%00%(upstream:track)%00%(upstream:remotename)%00%(upstream:remoteref) refs/heads/master refs/remotes/master [1ms]
[2022-06-13T23:34:56.065Z] > git remote --verbose [1ms]
[2022-06-13T23:34:56.065Z] > git for-each-ref --sort -committerdate --format %(refname) %(objectname) %(*objectname) [4ms]
[2022-06-13T23:34:56.105Z] > git config --get commit.template [1ms]
[2022-06-13T23:35:01.162Z] > git status -z -uall [51ms]
[2022-06-13T23:35:01.166Z] > git symbolic-ref --short HEAD [0ms]
[2022-06-13T23:35:01.170Z] > git for-each-ref --format=%(refname)%00%(upstream:short)%00%(objectname)%00%(upstream:track)%00%(upstream:remotename)%00%(upstream:remoteref) refs/heads/master refs/remotes/master [1ms]
[2022-06-13T23:35:01.176Z] > git for-each-ref --sort -committerdate --format %(refname) %(objectname) %(*objectname) [3ms]
[2022-06-13T23:35:01.176Z] > git remote --verbose [0ms]
[2022-06-13T23:35:01.215Z] > git config --get commit.template [1ms]
[2022-06-13T23:35:06.272Z] > git status -z -uall [52ms]
[2022-06-13T23:35:06.276Z] > git symbolic-ref --short HEAD [0ms]
[2022-06-13T23:35:06.280Z] > git for-each-ref --format=%(refname)%00%(upstream:short)%00%(objectname)%00%(upstream:track)%00%(upstream:remotename)%00%(upstream:remoteref) refs/heads/master refs/remotes/master [0ms]
[2022-06-13T23:35:06.287Z] > git remote --verbose [1ms]
[2022-06-13T23:35:06.287Z] > git for-each-ref --sort -committerdate --format %(refname) %(objectname) %(*objectname) [4ms]
[2022-06-13T23:35:06.392Z] > git config --get commit.template [16ms]
[2022-06-13T23:35:11.450Z] > git status -z -uall [52ms]
[2022-06-13T23:35:11.455Z] > git symbolic-ref --short HEAD [0ms]
[2022-06-13T23:35:11.459Z] > git for-each-ref --format=%(refname)%00%(upstream:short)%00%(objectname)%00%(upstream:track)%00%(upstream:remotename)%00%(upstream:remoteref) refs/heads/master refs/remotes/master [0ms]
[2022-06-13T23:35:11.466Z] > git remote --verbose [1ms]
[2022-06-13T23:35:11.466Z] > git for-each-ref --sort -committerdate --format %(refname) %(objectname) %(*objectname) [4ms]
[2022-06-13T23:35:11.504Z] > git config --get commit.template [1ms]
[2022-06-13T23:35:16.559Z] > git status -z -uall [51ms]
[2022-06-13T23:35:16.563Z] > git symbolic-ref --short HEAD [0ms]
[2022-06-13T23:35:16.567Z] > git for-each-ref --format=%(refname)%00%(upstream:short)%00%(objectname)%00%(upstream:track)%00%(upstream:remotename)%00%(upstream:remoteref) refs/heads/master refs/remotes/master [1ms]
[2022-06-13T23:35:16.574Z] > git remote --verbose [1ms]
[2022-06-13T23:35:16.574Z] > git for-each-ref --sort -committerdate --format %(refname) %(objectname) %(*objectname) [4ms]
[2022-06-13T23:35:16.610Z] > git config --get commit.template [1ms]
[2022-06-13T23:35:21.668Z] > git status -z -uall [53ms]
[2022-06-13T23:35:21.672Z] > git symbolic-ref --short HEAD [0ms]
[2022-06-13T23:35:21.676Z] > git for-each-ref --format=%(refname)%00%(upstream:short)%00%(objectname)%00%(upstream:track)%00%(upstream:remotename)%00%(upstream:remoteref) refs/heads/master refs/remotes/master [0ms]
[2022-06-13T23:35:21.682Z] > git for-each-ref --sort -committerdate --format %(refname) %(objectname) %(*objectname) [3ms]
[2022-06-13T23:35:21.682Z] > git remote --verbose [0ms]
[2022-06-13T23:35:21.724Z] > git config --get commit.template [3ms]
