[2022-06-12 18:48:15.304] [exthost] [info] Extension host with pid 159 started
[2022-06-12 18:48:15.345] [exthost] [info] ExtensionService#_doActivateExtension vscode.debug-auto-launch, startup: true, activationEvent: '*'
[2022-06-12 18:48:15.354] [exthost] [info] ExtensionService#_doActivateExtension vscode.git-base, startup: true, activationEvent: '*', root cause: vscode.git
[2022-06-12 18:48:15.361] [exthost] [info] ExtensionService#_doActivateExtension vscode.ipynb, startup: true, activationEvent: '*'
[2022-06-12 18:48:15.382] [exthost] [info] Lock '/home/lrb96/.vscode-server/data/User/workspaceStorage/76a9a68cef835bc8b3a636381c9b614d/vscode.lock': Lock acquired.
[2022-06-12 18:48:15.405] [exthost] [info] ExtensionService#_doActivateExtension vscode.git, startup: true, activationEvent: '*'
[2022-06-12 18:48:15.481] [exthost] [info] ExtensionService#_doActivateExtension vscode.github, startup: true, activationEvent: '*'
[2022-06-12 18:48:15.590] [exthost] [info] ExtensionService#_doActivateExtension vscode.emmet, startup: false, activationEvent: 'onStartupFinished'
[2022-06-12 18:48:15.612] [exthost] [info] ExtensionService#_doActivateExtension vscode.merge-conflict, startup: false, activationEvent: 'onStartupFinished'
[2022-06-12 18:48:15.616] [exthost] [info] Eager extensions activated
[2022-06-12 18:48:15.987] [exthost] [warning] [Decorations] CAPPING events from decorations provider vscode.git 659
[2022-06-12 18:48:17.502] [exthost] [info] ExtensionService#_doActivateExtension vscode.configuration-editing, startup: false, activationEvent: 'onLanguage:jsonc'
[2022-06-12 18:48:17.508] [exthost] [info] ExtensionService#_doActivateExtension vscode.json-language-features, startup: false, activationEvent: 'onLanguage:jsonc'
[2022-06-12 18:48:17.561] [exthost] [info] ExtensionService#_doActivateExtension vscode.typescript-language-features, startup: false, activationEvent: 'onLanguage:jsonc'
[2022-06-12 18:48:27.537] [exthost] [warning] [Decorations] CAPPING events from decorations provider vscode.git 676
[2022-06-12 18:48:29.161] [exthost] [warning] [Decorations] CAPPING events from decorations provider vscode.git 685
[2022-06-12 18:48:32.611] [exthost] [warning] [Decorations] CAPPING events from decorations provider vscode.git 1275
[2022-06-12 18:48:33.080] [exthost] [info] ExtensionService#_doActivateExtension ms-python.python, startup: false, activationEvent: 'onLanguage:python'
[2022-06-12 18:48:33.284] [exthost] [info] ExtensionService#_doActivateExtension ms-toolsai.jupyter, startup: false, activationEvent: 'onLanguage:python'
[2022-06-12 18:48:33.903] [exthost] [info] ExtensionService#_doActivateExtension ms-toolsai.jupyter-renderers, startup: false, activationEvent: 'api', root cause: ms-toolsai.jupyter
[2022-06-12 18:48:33.967] [exthost] [info] ExtensionService#_doActivateExtension ms-python.vscode-pylance, startup: false, activationEvent: 'onLanguage:python'
