[2022-06-13 18:35:25.379] [exthost] [info] Extension host with pid 1134 started
[2022-06-13 18:35:25.415] [exthost] [info] ExtensionService#_doActivateExtension ms-python.python, startup: false, activationEvent: 'onLanguage:python'
[2022-06-13 18:35:25.656] [exthost] [info] ExtensionService#_doActivateExtension ms-toolsai.jupyter, startup: false, activationEvent: 'onLanguage:python'
[2022-06-13 18:35:25.887] [exthost] [info] ExtensionService#_doActivateExtension vscode.debug-auto-launch, startup: true, activationEvent: '*'
[2022-06-13 18:35:25.889] [exthost] [info] ExtensionService#_doActivateExtension vscode.git-base, startup: true, activationEvent: '*', root cause: vscode.git
[2022-06-13 18:35:25.891] [exthost] [info] ExtensionService#_doActivateExtension vscode.ipynb, startup: true, activationEvent: '*'
[2022-06-13 18:35:25.914] [exthost] [info] Lock '/home/lrb96/.vscode-server/data/User/workspaceStorage/93c512e10e69edefd402d09288ea8c63/vscode.lock': Lock acquired.
[2022-06-13 18:35:26.037] [exthost] [info] ExtensionService#_doActivateExtension vscode.git, startup: true, activationEvent: '*'
[2022-06-13 18:35:26.085] [exthost] [info] ExtensionService#_doActivateExtension vscode.github, startup: true, activationEvent: '*'
[2022-06-13 18:35:26.299] [exthost] [info] ExtensionService#_doActivateExtension ms-toolsai.jupyter-renderers, startup: false, activationEvent: 'api', root cause: ms-toolsai.jupyter
[2022-06-13 18:35:26.338] [exthost] [info] ExtensionService#_doActivateExtension ms-python.vscode-pylance, startup: false, activationEvent: 'onLanguage:python'
[2022-06-13 18:35:26.489] [exthost] [info] ExtensionService#_doActivateExtension vscode.emmet, startup: false, activationEvent: 'onStartupFinished'
[2022-06-13 18:35:26.500] [exthost] [info] ExtensionService#_doActivateExtension vscode.merge-conflict, startup: false, activationEvent: 'onStartupFinished'
[2022-06-13 18:35:26.503] [exthost] [info] Eager extensions activated
[2022-06-13 18:35:26.732] [exthost] [warning] [Decorations] CAPPING events from decorations provider vscode.git 5152
[2022-06-13 18:35:27.939] [exthost] [warning] [Decorations] CAPPING events from decorations provider vscode.git 5153
[2022-06-13 18:35:29.634] [exthost] [warning] [Decorations] CAPPING events from decorations provider vscode.git 5153
[2022-06-13 18:35:51.593] [exthost] [warning] [Decorations] CAPPING events from decorations provider vscode.git 5153
[2022-06-13 18:35:53.930] [exthost] [info] Extension host terminating: received terminate message from renderer
[2022-06-13 18:35:53.931] [exthost] [info] Lock '/home/lrb96/.vscode-server/data/User/workspaceStorage/93c512e10e69edefd402d09288ea8c63/vscode.lock': Marking the lockfile as scheduled to be released in 6000 ms.
[2022-06-13 18:35:53.953] [exthost] [info] Extension host with pid 1134 exiting with code 0
