[2022-06-13 18:33:48.335] [exthost] [info] Extension host with pid 507 started
[2022-06-13 18:33:48.408] [exthost] [info] ExtensionService#_doActivateExtension vscode.debug-auto-launch, startup: true, activationEvent: '*'
[2022-06-13 18:33:48.412] [exthost] [info] ExtensionService#_doActivateExtension vscode.git-base, startup: true, activationEvent: '*', root cause: vscode.git
[2022-06-13 18:33:48.415] [exthost] [info] ExtensionService#_doActivateExtension vscode.ipynb, startup: true, activationEvent: '*'
[2022-06-13 18:33:48.471] [exthost] [info] Lock '/home/lrb96/.vscode-server/data/User/workspaceStorage/93c512e10e69edefd402d09288ea8c63/vscode.lock': Lock acquired.
[2022-06-13 18:33:48.487] [exthost] [info] ExtensionService#_doActivateExtension vscode.git, startup: true, activationEvent: '*'
[2022-06-13 18:33:48.538] [exthost] [info] ExtensionService#_doActivateExtension vscode.github, startup: true, activationEvent: '*'
[2022-06-13 18:33:48.580] [exthost] [info] ExtensionService#_doActivateExtension vscode.emmet, startup: false, activationEvent: 'onStartupFinished'
[2022-06-13 18:33:48.591] [exthost] [info] ExtensionService#_doActivateExtension vscode.merge-conflict, startup: false, activationEvent: 'onStartupFinished'
[2022-06-13 18:33:48.594] [exthost] [info] Eager extensions activated
[2022-06-13 18:33:48.743] [exthost] [warning] [Decorations] CAPPING events from decorations provider vscode.git 5143
[2022-06-13 18:33:49.929] [exthost] [warning] [Decorations] CAPPING events from decorations provider vscode.git 5143
[2022-06-13 18:33:54.595] [exthost] [warning] [Decorations] CAPPING events from decorations provider vscode.git 5143
[2022-06-13 18:33:56.111] [exthost] [info] ExtensionService#_doActivateExtension ms-python.python, startup: false, activationEvent: 'onLanguage:python'
[2022-06-13 18:33:56.293] [exthost] [info] ExtensionService#_doActivateExtension ms-toolsai.jupyter, startup: false, activationEvent: 'onLanguage:python'
[2022-06-13 18:33:56.880] [exthost] [info] ExtensionService#_doActivateExtension ms-toolsai.jupyter-renderers, startup: false, activationEvent: 'api', root cause: ms-toolsai.jupyter
[2022-06-13 18:33:56.949] [exthost] [info] ExtensionService#_doActivateExtension ms-python.vscode-pylance, startup: false, activationEvent: 'onLanguage:python'
[2022-06-13 18:33:59.726] [exthost] [warning] [Decorations] CAPPING events from decorations provider vscode.git 5147
[2022-06-13 18:34:04.854] [exthost] [warning] [Decorations] CAPPING events from decorations provider vscode.git 5147
[2022-06-13 18:34:09.971] [exthost] [warning] [Decorations] CAPPING events from decorations provider vscode.git 5147
[2022-06-13 18:34:15.092] [exthost] [warning] [Decorations] CAPPING events from decorations provider vscode.git 5147
[2022-06-13 18:34:20.219] [exthost] [warning] [Decorations] CAPPING events from decorations provider vscode.git 5147
[2022-06-13 18:34:25.334] [exthost] [warning] [Decorations] CAPPING events from decorations provider vscode.git 5147
[2022-06-13 18:34:30.450] [exthost] [warning] [Decorations] CAPPING events from decorations provider vscode.git 5147
[2022-06-13 18:34:35.608] [exthost] [warning] [Decorations] CAPPING events from decorations provider vscode.git 5147
[2022-06-13 18:34:40.739] [exthost] [warning] [Decorations] CAPPING events from decorations provider vscode.git 5147
[2022-06-13 18:34:45.867] [exthost] [warning] [Decorations] CAPPING events from decorations provider vscode.git 5147
[2022-06-13 18:34:50.982] [exthost] [warning] [Decorations] CAPPING events from decorations provider vscode.git 5147
[2022-06-13 18:34:56.091] [exthost] [warning] [Decorations] CAPPING events from decorations provider vscode.git 5147
[2022-06-13 18:35:01.202] [exthost] [warning] [Decorations] CAPPING events from decorations provider vscode.git 5147
[2022-06-13 18:35:06.363] [exthost] [warning] [Decorations] CAPPING events from decorations provider vscode.git 5147
[2022-06-13 18:35:11.491] [exthost] [warning] [Decorations] CAPPING events from decorations provider vscode.git 5147
[2022-06-13 18:35:16.600] [exthost] [warning] [Decorations] CAPPING events from decorations provider vscode.git 5147
[2022-06-13 18:35:21.708] [exthost] [warning] [Decorations] CAPPING events from decorations provider vscode.git 5147
[2022-06-13 18:35:23.167] [exthost] [info] ExtensionService#_doActivateExtension vscode.configuration-editing, startup: false, activationEvent: 'onLanguage:json'
[2022-06-13 18:35:23.171] [exthost] [info] ExtensionService#_doActivateExtension vscode.extension-editing, startup: false, activationEvent: 'onLanguage:json'
[2022-06-13 18:35:23.180] [exthost] [info] ExtensionService#_doActivateExtension vscode.json-language-features, startup: false, activationEvent: 'onLanguage:json'
[2022-06-13 18:35:23.225] [exthost] [info] ExtensionService#_doActivateExtension vscode.npm, startup: false, activationEvent: 'onLanguage:json'
[2022-06-13 18:35:23.478] [exthost] [info] Extension host terminating: received terminate message from renderer
[2022-06-13 18:35:23.478] [exthost] [info] Lock '/home/lrb96/.vscode-server/data/User/workspaceStorage/93c512e10e69edefd402d09288ea8c63/vscode.lock': Marking the lockfile as scheduled to be released in 6000 ms.
[2022-06-13 18:35:23.495] [exthost] [info] Extension host with pid 507 exiting with code 0
