[2022-04-21T20:47:04.857Z] Validating found git in: git
[2022-04-21T20:47:04.881Z] Using git 2.25.1 from git
[2022-04-21T20:47:04.914Z] > git rev-parse --git-dir [1ms]
[2022-04-21T20:47:04.918Z] Open repository: /home/lrb96
[2022-04-21T20:47:04.962Z] > git symbolic-ref --short HEAD [14ms]
[2022-04-21T20:47:04.981Z] > git for-each-ref --format=%(refname)%00%(upstream:short)%00%(objectname)%00%(upstream:track) refs/heads/master refs/remotes/master [17ms]
[2022-04-21T20:47:04.986Z] > git remote --verbose [1ms]
[2022-04-21T20:47:04.987Z] > git for-each-ref --sort -committerdate --format %(refname) %(objectname) %(*objectname) [3ms]
[2022-04-21T20:47:04.993Z] > git config --get commit.template [1ms]
[2022-04-21T20:47:29.388Z] > git symbolic-ref --short HEAD [1ms]
[2022-04-21T20:47:29.391Z] > git for-each-ref --format=%(refname)%00%(upstream:short)%00%(objectname)%00%(upstream:track) refs/heads/master refs/remotes/master [1ms]
[2022-04-21T20:47:29.395Z] > git remote --verbose [1ms]
[2022-04-21T20:47:29.395Z] > git for-each-ref --sort -committerdate --format %(refname) %(objectname) %(*objectname) [2ms]
[2022-04-21T20:47:29.399Z] > git config --get commit.template [0ms]
[2022-04-21T20:47:31.317Z] > git fetch [1954ms]
[2022-04-21T20:47:31.339Z] > git symbolic-ref --short HEAD [0ms]
[2022-04-21T20:47:31.342Z] > git for-each-ref --format=%(refname)%00%(upstream:short)%00%(objectname)%00%(upstream:track) refs/heads/master refs/remotes/master [1ms]
[2022-04-21T20:47:31.345Z] > git remote --verbose [0ms]
[2022-04-21T20:47:31.346Z] > git for-each-ref --sort -committerdate --format %(refname) %(objectname) %(*objectname) [3ms]
[2022-04-21T20:47:31.349Z] > git config --get commit.template [0ms]
[2022-04-21T20:54:43.160Z] > git symbolic-ref --short HEAD [0ms]
[2022-04-21T20:54:43.163Z] > git for-each-ref --format=%(refname)%00%(upstream:short)%00%(objectname)%00%(upstream:track) refs/heads/master refs/remotes/master [1ms]
[2022-04-21T20:54:43.166Z] > git remote --verbose [1ms]
[2022-04-21T20:54:43.166Z] > git for-each-ref --sort -committerdate --format %(refname) %(objectname) %(*objectname) [2ms]
[2022-04-21T20:54:43.179Z] > git config --get commit.template [0ms]
[2022-04-21T20:54:44.873Z] > git fetch [1737ms]
[2022-04-21T20:54:44.896Z] > git symbolic-ref --short HEAD [1ms]
[2022-04-21T20:54:44.898Z] > git for-each-ref --format=%(refname)%00%(upstream:short)%00%(objectname)%00%(upstream:track) refs/heads/master refs/remotes/master [0ms]
[2022-04-21T20:54:44.902Z] > git for-each-ref --sort -committerdate --format %(refname) %(objectname) %(*objectname) [2ms]
[2022-04-21T20:54:44.902Z] > git remote --verbose [0ms]
[2022-04-21T20:54:44.915Z] > git config --get commit.template [1ms]
