[2022-06-13T22:01:17.914Z] Nivel de registro: Info
[2022-06-13T22:01:17.915Z] [info] La validación encontró Git en: git
[2022-06-13T22:01:17.940Z] [info] Usando GIT 2.25.1 desde git
[2022-06-13T22:01:17.983Z] > git rev-parse --show-toplevel [33ms]
[2022-06-13T22:01:18.006Z] > git rev-parse --git-dir --git-common-dir [17ms]
[2022-06-13T22:01:18.011Z] [info] Open repository: /home/lrb96
[2022-06-13T22:01:18.219Z] > git status -z -uall [200ms]
[2022-06-13T22:01:18.222Z] > git symbolic-ref --short HEAD [1ms]
[2022-06-13T22:01:18.226Z] > git for-each-ref --format=%(refname)%00%(upstream:short)%00%(objectname)%00%(upstream:track)%00%(upstream:remotename)%00%(upstream:remoteref) refs/heads/master refs/remotes/master [1ms]
[2022-06-13T22:01:18.231Z] > git remote --verbose [1ms]
[2022-06-13T22:01:18.231Z] > git for-each-ref --sort -committerdate --format %(refname) %(objectname) %(*objectname) [3ms]
[2022-06-13T22:01:18.254Z] > git config --get commit.template [1ms]
[2022-06-13T22:01:18.575Z] > git check-ignore -v -z --stdin [4ms]
[2022-06-13T22:01:19.326Z] > git fetch [1311ms]
[2022-06-13T22:01:19.357Z] > git status -z -uall [29ms]
[2022-06-13T22:01:19.360Z] > git symbolic-ref --short HEAD [0ms]
[2022-06-13T22:01:19.363Z] > git for-each-ref --format=%(refname)%00%(upstream:short)%00%(objectname)%00%(upstream:track)%00%(upstream:remotename)%00%(upstream:remoteref) refs/heads/master refs/remotes/master [1ms]
[2022-06-13T22:01:19.367Z] > git remote --verbose [1ms]
[2022-06-13T22:01:19.367Z] > git for-each-ref --sort -committerdate --format %(refname) %(objectname) %(*objectname) [2ms]
[2022-06-13T22:01:19.380Z] > git config --get commit.template [0ms]
[2022-06-13T22:01:20.892Z] > git status -z -uall [31ms]
[2022-06-13T22:01:20.894Z] > git symbolic-ref --short HEAD [0ms]
[2022-06-13T22:01:20.897Z] > git for-each-ref --format=%(refname)%00%(upstream:short)%00%(objectname)%00%(upstream:track)%00%(upstream:remotename)%00%(upstream:remoteref) refs/heads/master refs/remotes/master [1ms]
[2022-06-13T22:01:20.901Z] > git remote --verbose [1ms]
[2022-06-13T22:01:20.901Z] > git for-each-ref --sort -committerdate --format %(refname) %(objectname) %(*objectname) [2ms]
[2022-06-13T22:01:20.914Z] > git config --get commit.template [0ms]
[2022-06-13T22:01:23.395Z] > git show --textconv :fastapi_python/main.py [313ms]
[2022-06-13T22:01:23.395Z] > git ls-files --stage -- /home/lrb96/fastapi_python/main.py [310ms]
[2022-06-13T22:01:25.949Z] > git status -z -uall [30ms]
[2022-06-13T22:01:25.956Z] > git symbolic-ref --short HEAD [0ms]
[2022-06-13T22:01:25.960Z] > git for-each-ref --format=%(refname)%00%(upstream:short)%00%(objectname)%00%(upstream:track)%00%(upstream:remotename)%00%(upstream:remoteref) refs/heads/master refs/remotes/master [0ms]
[2022-06-13T22:01:25.969Z] > git remote --verbose [1ms]
[2022-06-13T22:01:25.969Z] > git for-each-ref --sort -committerdate --format %(refname) %(objectname) %(*objectname) [5ms]
[2022-06-13T22:01:25.990Z] > git config --get commit.template [1ms]
[2022-06-13T22:01:31.025Z] > git status -z -uall [29ms]
[2022-06-13T22:01:31.030Z] > git symbolic-ref --short HEAD [0ms]
[2022-06-13T22:01:31.035Z] > git for-each-ref --format=%(refname)%00%(upstream:short)%00%(objectname)%00%(upstream:track)%00%(upstream:remotename)%00%(upstream:remoteref) refs/heads/master refs/remotes/master [1ms]
[2022-06-13T22:01:31.043Z] > git remote --verbose [1ms]
[2022-06-13T22:01:31.043Z] > git for-each-ref --sort -committerdate --format %(refname) %(objectname) %(*objectname) [4ms]
[2022-06-13T22:01:31.061Z] > git config --get commit.template [1ms]
[2022-06-13T22:01:36.097Z] > git status -z -uall [30ms]
[2022-06-13T22:01:36.102Z] > git symbolic-ref --short HEAD [1ms]
[2022-06-13T22:01:36.107Z] > git for-each-ref --format=%(refname)%00%(upstream:short)%00%(objectname)%00%(upstream:track)%00%(upstream:remotename)%00%(upstream:remoteref) refs/heads/master refs/remotes/master [1ms]
[2022-06-13T22:01:36.115Z] > git remote --verbose [1ms]
[2022-06-13T22:01:36.115Z] > git for-each-ref --sort -committerdate --format %(refname) %(objectname) %(*objectname) [4ms]
[2022-06-13T22:01:36.129Z] > git config --get commit.template [0ms]
[2022-06-13T22:01:41.165Z] > git status -z -uall [31ms]
[2022-06-13T22:01:41.170Z] > git symbolic-ref --short HEAD [1ms]
[2022-06-13T22:01:41.175Z] > git for-each-ref --format=%(refname)%00%(upstream:short)%00%(objectname)%00%(upstream:track)%00%(upstream:remotename)%00%(upstream:remoteref) refs/heads/master refs/remotes/master [0ms]
[2022-06-13T22:01:41.184Z] > git for-each-ref --sort -committerdate --format %(refname) %(objectname) %(*objectname) [5ms]
[2022-06-13T22:01:41.184Z] > git remote --verbose [0ms]
[2022-06-13T22:01:41.202Z] > git config --get commit.template [1ms]
[2022-06-13T22:01:46.237Z] > git status -z -uall [30ms]
[2022-06-13T22:01:46.242Z] > git symbolic-ref --short HEAD [1ms]
[2022-06-13T22:01:46.247Z] > git for-each-ref --format=%(refname)%00%(upstream:short)%00%(objectname)%00%(upstream:track)%00%(upstream:remotename)%00%(upstream:remoteref) refs/heads/master refs/remotes/master [1ms]
[2022-06-13T22:01:46.256Z] > git for-each-ref --sort -committerdate --format %(refname) %(objectname) %(*objectname) [5ms]
[2022-06-13T22:01:46.256Z] > git remote --verbose [1ms]
[2022-06-13T22:01:46.271Z] > git config --get commit.template [2ms]
[2022-06-13T22:02:25.045Z] > git status -z -uall [36ms]
[2022-06-13T22:02:25.051Z] > git symbolic-ref --short HEAD [0ms]
[2022-06-13T22:02:25.058Z] > git for-each-ref --format=%(refname)%00%(upstream:short)%00%(objectname)%00%(upstream:track)%00%(upstream:remotename)%00%(upstream:remoteref) refs/heads/master refs/remotes/master [1ms]
[2022-06-13T22:02:25.069Z] > git remote --verbose [0ms]
[2022-06-13T22:02:25.070Z] > git for-each-ref --sort -committerdate --format %(refname) %(objectname) %(*objectname) [6ms]
[2022-06-13T22:02:25.087Z] > git config --get commit.template [1ms]
[2022-06-13T22:02:30.530Z] > git status -z -uall [35ms]
[2022-06-13T22:02:30.536Z] > git symbolic-ref --short HEAD [1ms]
[2022-06-13T22:02:30.541Z] > git for-each-ref --format=%(refname)%00%(upstream:short)%00%(objectname)%00%(upstream:track)%00%(upstream:remotename)%00%(upstream:remoteref) refs/heads/master refs/remotes/master [1ms]
[2022-06-13T22:02:30.551Z] > git remote --verbose [1ms]
[2022-06-13T22:02:30.551Z] > git for-each-ref --sort -committerdate --format %(refname) %(objectname) %(*objectname) [6ms]
[2022-06-13T22:02:30.568Z] > git config --get commit.template [2ms]
[2022-06-13T22:02:36.795Z] > git status -z -uall [35ms]
[2022-06-13T22:02:36.801Z] > git symbolic-ref --short HEAD [1ms]
[2022-06-13T22:02:36.806Z] > git for-each-ref --format=%(refname)%00%(upstream:short)%00%(objectname)%00%(upstream:track)%00%(upstream:remotename)%00%(upstream:remoteref) refs/heads/master refs/remotes/master [1ms]
[2022-06-13T22:02:36.815Z] > git remote --verbose [1ms]
[2022-06-13T22:02:36.815Z] > git for-each-ref --sort -committerdate --format %(refname) %(objectname) %(*objectname) [5ms]
[2022-06-13T22:02:36.831Z] > git config --get commit.template [0ms]
[2022-06-13T22:02:41.866Z] > git status -z -uall [29ms]
[2022-06-13T22:02:41.871Z] > git symbolic-ref --short HEAD [1ms]
[2022-06-13T22:02:41.875Z] > git for-each-ref --format=%(refname)%00%(upstream:short)%00%(objectname)%00%(upstream:track)%00%(upstream:remotename)%00%(upstream:remoteref) refs/heads/master refs/remotes/master [1ms]
[2022-06-13T22:02:41.881Z] > git for-each-ref --sort -committerdate --format %(refname) %(objectname) %(*objectname) [3ms]
[2022-06-13T22:02:41.882Z] > git remote --verbose [1ms]
[2022-06-13T22:02:41.895Z] > git config --get commit.template [0ms]
[2022-06-13T22:02:47.015Z] > git status -z -uall [34ms]
[2022-06-13T22:02:47.018Z] > git symbolic-ref --short HEAD [0ms]
[2022-06-13T22:02:47.022Z] > git for-each-ref --format=%(refname)%00%(upstream:short)%00%(objectname)%00%(upstream:track)%00%(upstream:remotename)%00%(upstream:remoteref) refs/heads/master refs/remotes/master [1ms]
[2022-06-13T22:02:47.027Z] > git for-each-ref --sort -committerdate --format %(refname) %(objectname) %(*objectname) [3ms]
[2022-06-13T22:02:47.027Z] > git remote --verbose [0ms]
[2022-06-13T22:02:47.038Z] > git config --get commit.template [0ms]
[2022-06-13T22:02:52.076Z] > git status -z -uall [33ms]
[2022-06-13T22:02:52.080Z] > git symbolic-ref --short HEAD [1ms]
[2022-06-13T22:02:52.084Z] > git for-each-ref --format=%(refname)%00%(upstream:short)%00%(objectname)%00%(upstream:track)%00%(upstream:remotename)%00%(upstream:remoteref) refs/heads/master refs/remotes/master [1ms]
[2022-06-13T22:02:52.089Z] > git for-each-ref --sort -committerdate --format %(refname) %(objectname) %(*objectname) [2ms]
[2022-06-13T22:02:52.090Z] > git remote --verbose [1ms]
[2022-06-13T22:02:52.104Z] > git config --get commit.template [2ms]
[2022-06-13T22:02:57.139Z] > git status -z -uall [30ms]
[2022-06-13T22:02:57.142Z] > git symbolic-ref --short HEAD [0ms]
[2022-06-13T22:02:57.146Z] > git for-each-ref --format=%(refname)%00%(upstream:short)%00%(objectname)%00%(upstream:track)%00%(upstream:remotename)%00%(upstream:remoteref) refs/heads/master refs/remotes/master [1ms]
[2022-06-13T22:02:57.151Z] > git for-each-ref --sort -committerdate --format %(refname) %(objectname) %(*objectname) [3ms]
[2022-06-13T22:02:57.151Z] > git remote --verbose [0ms]
[2022-06-13T22:02:57.161Z] > git config --get commit.template [0ms]
[2022-06-13T22:03:02.196Z] > git status -z -uall [30ms]
[2022-06-13T22:03:02.201Z] > git symbolic-ref --short HEAD [1ms]
[2022-06-13T22:03:02.205Z] > git for-each-ref --format=%(refname)%00%(upstream:short)%00%(objectname)%00%(upstream:track)%00%(upstream:remotename)%00%(upstream:remoteref) refs/heads/master refs/remotes/master [2ms]
[2022-06-13T22:03:02.212Z] > git remote --verbose [0ms]
[2022-06-13T22:03:02.212Z] > git for-each-ref --sort -committerdate --format %(refname) %(objectname) %(*objectname) [4ms]
[2022-06-13T22:03:02.223Z] > git config --get commit.template [0ms]
[2022-06-13T22:03:13.744Z] > git status -z -uall [34ms]
[2022-06-13T22:03:13.748Z] > git symbolic-ref --short HEAD [0ms]
[2022-06-13T22:03:13.752Z] > git for-each-ref --format=%(refname)%00%(upstream:short)%00%(objectname)%00%(upstream:track)%00%(upstream:remotename)%00%(upstream:remoteref) refs/heads/master refs/remotes/master [1ms]
[2022-06-13T22:03:13.758Z] > git for-each-ref --sort -committerdate --format %(refname) %(objectname) %(*objectname) [3ms]
[2022-06-13T22:03:13.758Z] > git remote --verbose [0ms]
[2022-06-13T22:03:13.769Z] > git config --get commit.template [0ms]
[2022-06-13T22:06:19.040Z] > git status -z -uall [35ms]
[2022-06-13T22:06:19.044Z] > git symbolic-ref --short HEAD [1ms]
[2022-06-13T22:06:19.047Z] > git for-each-ref --format=%(refname)%00%(upstream:short)%00%(objectname)%00%(upstream:track)%00%(upstream:remotename)%00%(upstream:remoteref) refs/heads/master refs/remotes/master [1ms]
[2022-06-13T22:06:19.053Z] > git remote --verbose [1ms]
[2022-06-13T22:06:19.053Z] > git for-each-ref --sort -committerdate --format %(refname) %(objectname) %(*objectname) [3ms]
[2022-06-13T22:06:19.068Z] > git config --get commit.template [1ms]
[2022-06-13T22:06:20.242Z] > git fetch [1246ms]
[2022-06-13T22:06:20.275Z] > git status -z -uall [30ms]
[2022-06-13T22:06:20.280Z] > git symbolic-ref --short HEAD [1ms]
[2022-06-13T22:06:20.284Z] > git for-each-ref --format=%(refname)%00%(upstream:short)%00%(objectname)%00%(upstream:track)%00%(upstream:remotename)%00%(upstream:remoteref) refs/heads/master refs/remotes/master [1ms]
[2022-06-13T22:06:20.290Z] > git remote --verbose [1ms]
[2022-06-13T22:06:20.290Z] > git for-each-ref --sort -committerdate --format %(refname) %(objectname) %(*objectname) [3ms]
[2022-06-13T22:06:20.304Z] > git config --get commit.template [1ms]
[2022-06-13T22:10:19.589Z] > git ls-files --stage -- /home/lrb96/fastapi_python/main.py [3ms]
[2022-06-13T22:10:19.601Z] > git show --textconv :fastapi_python/main.py [3ms]
[2022-06-13T22:10:19.610Z] > git status -z -uall [37ms]
[2022-06-13T22:10:19.614Z] > git symbolic-ref --short HEAD [1ms]
[2022-06-13T22:10:19.617Z] > git for-each-ref --format=%(refname)%00%(upstream:short)%00%(objectname)%00%(upstream:track)%00%(upstream:remotename)%00%(upstream:remoteref) refs/heads/master refs/remotes/master [1ms]
[2022-06-13T22:10:19.623Z] > git remote --verbose [1ms]
[2022-06-13T22:10:19.623Z] > git for-each-ref --sort -committerdate --format %(refname) %(objectname) %(*objectname) [4ms]
[2022-06-13T22:10:19.637Z] > git config --get commit.template [0ms]
[2022-06-13T22:10:20.803Z] > git ls-files --stage -- /home/lrb96/fastapi_python/main.py [2ms]
[2022-06-13T22:10:20.813Z] > git show --textconv :fastapi_python/main.py [2ms]
[2022-06-13T22:10:20.950Z] > git fetch [1381ms]
[2022-06-13T22:10:20.984Z] > git status -z -uall [30ms]
[2022-06-13T22:10:20.988Z] > git symbolic-ref --short HEAD [1ms]
[2022-06-13T22:10:20.990Z] > git for-each-ref --format=%(refname)%00%(upstream:short)%00%(objectname)%00%(upstream:track)%00%(upstream:remotename)%00%(upstream:remoteref) refs/heads/master refs/remotes/master [0ms]
[2022-06-13T22:10:20.995Z] > git remote --verbose [0ms]
[2022-06-13T22:10:20.995Z] > git for-each-ref --sort -committerdate --format %(refname) %(objectname) %(*objectname) [2ms]
[2022-06-13T22:10:21.007Z] > git config --get commit.template [0ms]
[2022-06-13T22:10:22.021Z] > git ls-files --stage -- /home/lrb96/fastapi_python/main.py [2ms]
[2022-06-13T22:10:22.033Z] > git show --textconv :fastapi_python/main.py [3ms]
[2022-06-13T22:10:24.672Z] > git status -z -uall [31ms]
[2022-06-13T22:10:24.676Z] > git symbolic-ref --short HEAD [1ms]
[2022-06-13T22:10:24.679Z] > git for-each-ref --format=%(refname)%00%(upstream:short)%00%(objectname)%00%(upstream:track)%00%(upstream:remotename)%00%(upstream:remoteref) refs/heads/master refs/remotes/master [1ms]
[2022-06-13T22:10:24.684Z] > git remote --verbose [1ms]
[2022-06-13T22:10:24.684Z] > git for-each-ref --sort -committerdate --format %(refname) %(objectname) %(*objectname) [3ms]
[2022-06-13T22:10:24.699Z] > git config --get commit.template [0ms]
[2022-06-13T22:10:29.736Z] > git status -z -uall [31ms]
[2022-06-13T22:10:29.740Z] > git symbolic-ref --short HEAD [1ms]
[2022-06-13T22:10:29.743Z] > git for-each-ref --format=%(refname)%00%(upstream:short)%00%(objectname)%00%(upstream:track)%00%(upstream:remotename)%00%(upstream:remoteref) refs/heads/master refs/remotes/master [0ms]
[2022-06-13T22:10:29.749Z] > git remote --verbose [1ms]
[2022-06-13T22:10:29.749Z] > git for-each-ref --sort -committerdate --format %(refname) %(objectname) %(*objectname) [3ms]
[2022-06-13T22:10:29.760Z] > git config --get commit.template [1ms]
[2022-06-13T22:10:34.794Z] > git status -z -uall [29ms]
[2022-06-13T22:10:34.798Z] > git symbolic-ref --short HEAD [0ms]
[2022-06-13T22:10:34.802Z] > git for-each-ref --format=%(refname)%00%(upstream:short)%00%(objectname)%00%(upstream:track)%00%(upstream:remotename)%00%(upstream:remoteref) refs/heads/master refs/remotes/master [1ms]
[2022-06-13T22:10:34.807Z] > git remote --verbose [0ms]
[2022-06-13T22:10:34.807Z] > git for-each-ref --sort -committerdate --format %(refname) %(objectname) %(*objectname) [3ms]
[2022-06-13T22:10:34.820Z] > git config --get commit.template [0ms]
[2022-06-13T22:10:40.076Z] > git status -z -uall [34ms]
[2022-06-13T22:10:40.080Z] > git symbolic-ref --short HEAD [1ms]
[2022-06-13T22:10:40.084Z] > git for-each-ref --format=%(refname)%00%(upstream:short)%00%(objectname)%00%(upstream:track)%00%(upstream:remotename)%00%(upstream:remoteref) refs/heads/master refs/remotes/master [1ms]
[2022-06-13T22:10:40.090Z] > git for-each-ref --sort -committerdate --format %(refname) %(objectname) %(*objectname) [3ms]
[2022-06-13T22:10:40.090Z] > git remote --verbose [0ms]
[2022-06-13T22:10:40.101Z] > git config --get commit.template [1ms]
[2022-06-13T22:10:45.135Z] > git status -z -uall [30ms]
[2022-06-13T22:10:45.139Z] > git symbolic-ref --short HEAD [1ms]
[2022-06-13T22:10:45.142Z] > git for-each-ref --format=%(refname)%00%(upstream:short)%00%(objectname)%00%(upstream:track)%00%(upstream:remotename)%00%(upstream:remoteref) refs/heads/master refs/remotes/master [0ms]
[2022-06-13T22:10:45.148Z] > git for-each-ref --sort -committerdate --format %(refname) %(objectname) %(*objectname) [3ms]
[2022-06-13T22:10:45.148Z] > git remote --verbose [0ms]
[2022-06-13T22:10:45.161Z] > git config --get commit.template [1ms]
[2022-06-13T22:10:50.197Z] > git status -z -uall [31ms]
[2022-06-13T22:10:50.201Z] > git symbolic-ref --short HEAD [0ms]
[2022-06-13T22:10:50.205Z] > git for-each-ref --format=%(refname)%00%(upstream:short)%00%(objectname)%00%(upstream:track)%00%(upstream:remotename)%00%(upstream:remoteref) refs/heads/master refs/remotes/master [1ms]
[2022-06-13T22:10:50.210Z] > git for-each-ref --sort -committerdate --format %(refname) %(objectname) %(*objectname) [3ms]
[2022-06-13T22:10:50.210Z] > git remote --verbose [0ms]
[2022-06-13T22:10:50.224Z] > git config --get commit.template [3ms]
[2022-06-13T22:10:55.258Z] > git status -z -uall [29ms]
[2022-06-13T22:10:55.263Z] > git symbolic-ref --short HEAD [1ms]
[2022-06-13T22:10:55.266Z] > git for-each-ref --format=%(refname)%00%(upstream:short)%00%(objectname)%00%(upstream:track)%00%(upstream:remotename)%00%(upstream:remoteref) refs/heads/master refs/remotes/master [1ms]
[2022-06-13T22:10:55.272Z] > git for-each-ref --sort -committerdate --format %(refname) %(objectname) %(*objectname) [3ms]
[2022-06-13T22:10:55.272Z] > git remote --verbose [0ms]
[2022-06-13T22:10:55.282Z] > git config --get commit.template [0ms]
[2022-06-13T22:11:00.319Z] > git status -z -uall [31ms]
[2022-06-13T22:11:00.323Z] > git symbolic-ref --short HEAD [1ms]
[2022-06-13T22:11:00.326Z] > git for-each-ref --format=%(refname)%00%(upstream:short)%00%(objectname)%00%(upstream:track)%00%(upstream:remotename)%00%(upstream:remoteref) refs/heads/master refs/remotes/master [1ms]
[2022-06-13T22:11:00.332Z] > git for-each-ref --sort -committerdate --format %(refname) %(objectname) %(*objectname) [3ms]
[2022-06-13T22:11:00.332Z] > git remote --verbose [1ms]
[2022-06-13T22:11:00.343Z] > git config --get commit.template [0ms]
[2022-06-13T22:11:12.852Z] > git status -z -uall [34ms]
[2022-06-13T22:11:12.856Z] > git symbolic-ref --short HEAD [0ms]
[2022-06-13T22:11:12.860Z] > git for-each-ref --format=%(refname)%00%(upstream:short)%00%(objectname)%00%(upstream:track)%00%(upstream:remotename)%00%(upstream:remoteref) refs/heads/master refs/remotes/master [1ms]
[2022-06-13T22:11:12.867Z] > git for-each-ref --sort -committerdate --format %(refname) %(objectname) %(*objectname) [3ms]
[2022-06-13T22:11:12.867Z] > git remote --verbose [0ms]
[2022-06-13T22:11:12.879Z] > git config --get commit.template [1ms]
[2022-06-13T22:11:30.356Z] > git status -z -uall [40ms]
[2022-06-13T22:11:30.360Z] > git symbolic-ref --short HEAD [1ms]
[2022-06-13T22:11:30.364Z] > git for-each-ref --format=%(refname)%00%(upstream:short)%00%(objectname)%00%(upstream:track)%00%(upstream:remotename)%00%(upstream:remoteref) refs/heads/master refs/remotes/master [1ms]
[2022-06-13T22:11:30.370Z] > git for-each-ref --sort -committerdate --format %(refname) %(objectname) %(*objectname) [4ms]
[2022-06-13T22:11:30.370Z] > git remote --verbose [1ms]
[2022-06-13T22:11:30.381Z] > git config --get commit.template [0ms]
[2022-06-13T22:11:50.941Z] > git status -z -uall [35ms]
[2022-06-13T22:11:50.946Z] > git symbolic-ref --short HEAD [1ms]
[2022-06-13T22:11:50.950Z] > git for-each-ref --format=%(refname)%00%(upstream:short)%00%(objectname)%00%(upstream:track)%00%(upstream:remotename)%00%(upstream:remoteref) refs/heads/master refs/remotes/master [1ms]
[2022-06-13T22:11:50.957Z] > git for-each-ref --sort -committerdate --format %(refname) %(objectname) %(*objectname) [3ms]
[2022-06-13T22:11:50.957Z] > git remote --verbose [1ms]
[2022-06-13T22:11:50.969Z] > git config --get commit.template [0ms]
[2022-06-13T22:14:45.170Z] > git status -z -uall [34ms]
[2022-06-13T22:14:45.173Z] > git symbolic-ref --short HEAD [0ms]
[2022-06-13T22:14:45.177Z] > git for-each-ref --format=%(refname)%00%(upstream:short)%00%(objectname)%00%(upstream:track)%00%(upstream:remotename)%00%(upstream:remoteref) refs/heads/master refs/remotes/master [1ms]
[2022-06-13T22:14:45.183Z] > git for-each-ref --sort -committerdate --format %(refname) %(objectname) %(*objectname) [3ms]
[2022-06-13T22:14:45.183Z] > git remote --verbose [1ms]
[2022-06-13T22:14:45.199Z] > git config --get commit.template [1ms]
[2022-06-13T22:14:46.347Z] > git fetch [1216ms]
[2022-06-13T22:14:46.380Z] > git status -z -uall [30ms]
[2022-06-13T22:14:46.383Z] > git symbolic-ref --short HEAD [0ms]
[2022-06-13T22:14:46.388Z] > git for-each-ref --format=%(refname)%00%(upstream:short)%00%(objectname)%00%(upstream:track)%00%(upstream:remotename)%00%(upstream:remoteref) refs/heads/master refs/remotes/master [2ms]
[2022-06-13T22:14:46.394Z] > git for-each-ref --sort -committerdate --format %(refname) %(objectname) %(*objectname) [3ms]
[2022-06-13T22:14:46.394Z] > git remote --verbose [1ms]
[2022-06-13T22:14:46.406Z] > git config --get commit.template [1ms]
[2022-06-13T22:14:47.417Z] > git ls-files --stage -- /home/lrb96/fastapi_python/main.py [2ms]
[2022-06-13T22:14:47.427Z] > git show --textconv :fastapi_python/main.py [2ms]
[2022-06-13T22:14:50.232Z] > git status -z -uall [30ms]
[2022-06-13T22:14:50.236Z] > git symbolic-ref --short HEAD [1ms]
[2022-06-13T22:14:50.239Z] > git for-each-ref --format=%(refname)%00%(upstream:short)%00%(objectname)%00%(upstream:track)%00%(upstream:remotename)%00%(upstream:remoteref) refs/heads/master refs/remotes/master [1ms]
[2022-06-13T22:14:50.244Z] > git remote --verbose [1ms]
[2022-06-13T22:14:50.244Z] > git for-each-ref --sort -committerdate --format %(refname) %(objectname) %(*objectname) [3ms]
[2022-06-13T22:14:50.254Z] > git config --get commit.template [0ms]
[2022-06-13T22:15:06.090Z] > git status -z -uall [36ms]
[2022-06-13T22:15:06.094Z] > git symbolic-ref --short HEAD [1ms]
[2022-06-13T22:15:06.097Z] > git for-each-ref --format=%(refname)%00%(upstream:short)%00%(objectname)%00%(upstream:track)%00%(upstream:remotename)%00%(upstream:remoteref) refs/heads/master refs/remotes/master [0ms]
[2022-06-13T22:15:06.103Z] > git remote --verbose [1ms]
[2022-06-13T22:15:06.103Z] > git for-each-ref --sort -committerdate --format %(refname) %(objectname) %(*objectname) [3ms]
[2022-06-13T22:15:06.117Z] > git config --get commit.template [1ms]
[2022-06-13T22:18:52.450Z] > git ls-files --stage -- /home/lrb96/fastapi_python/main.py [3ms]
[2022-06-13T22:18:52.455Z] > git cat-file -s 0e4962ff6826a2fd6654b557efcb3748bd456955 [1ms]
[2022-06-13T22:18:52.467Z] > git show --textconv :fastapi_python/main.py [3ms]
[2022-06-13T22:18:52.469Z] > git status -z -uall [37ms]
[2022-06-13T22:18:52.472Z] > git symbolic-ref --short HEAD [0ms]
[2022-06-13T22:18:52.475Z] > git for-each-ref --format=%(refname)%00%(upstream:short)%00%(objectname)%00%(upstream:track)%00%(upstream:remotename)%00%(upstream:remoteref) refs/heads/master refs/remotes/master [0ms]
[2022-06-13T22:18:52.480Z] > git remote --verbose [0ms]
[2022-06-13T22:18:52.481Z] > git for-each-ref --sort -committerdate --format %(refname) %(objectname) %(*objectname) [3ms]
[2022-06-13T22:18:52.489Z] > git config --get commit.template [1ms]
[2022-06-13T22:18:53.668Z] > git fetch [1240ms]
[2022-06-13T22:18:53.699Z] > git status -z -uall [29ms]
[2022-06-13T22:18:53.703Z] > git symbolic-ref --short HEAD [0ms]
[2022-06-13T22:18:53.706Z] > git for-each-ref --format=%(refname)%00%(upstream:short)%00%(objectname)%00%(upstream:track)%00%(upstream:remotename)%00%(upstream:remoteref) refs/heads/master refs/remotes/master [1ms]
[2022-06-13T22:18:53.711Z] > git for-each-ref --sort -committerdate --format %(refname) %(objectname) %(*objectname) [3ms]
[2022-06-13T22:18:53.711Z] > git remote --verbose [1ms]
[2022-06-13T22:18:53.715Z] > git config --get commit.template [0ms]
[2022-06-13T22:19:06.837Z] > git check-ignore -v -z --stdin [3ms]
[2022-06-13T22:19:23.161Z] > git ls-files --stage -- /home/lrb96/fastapi_python/main.py [3ms]
[2022-06-13T22:19:23.166Z] > git cat-file -s 0e4962ff6826a2fd6654b557efcb3748bd456955 [1ms]
[2022-06-13T22:19:23.177Z] > git show --textconv :fastapi_python/main.py [3ms]
[2022-06-13T22:19:23.179Z] > git status -z -uall [37ms]
[2022-06-13T22:19:23.183Z] > git symbolic-ref --short HEAD [1ms]
[2022-06-13T22:19:23.186Z] > git for-each-ref --format=%(refname)%00%(upstream:short)%00%(objectname)%00%(upstream:track)%00%(upstream:remotename)%00%(upstream:remoteref) refs/heads/master refs/remotes/master [1ms]
[2022-06-13T22:19:23.191Z] > git remote --verbose [0ms]
[2022-06-13T22:19:23.192Z] > git for-each-ref --sort -committerdate --format %(refname) %(objectname) %(*objectname) [4ms]
[2022-06-13T22:19:23.196Z] > git config --get commit.template [0ms]
[2022-06-13T22:21:40.315Z] > git status -z -uall [37ms]
[2022-06-13T22:21:40.319Z] > git symbolic-ref --short HEAD [1ms]
[2022-06-13T22:21:40.322Z] > git for-each-ref --format=%(refname)%00%(upstream:short)%00%(objectname)%00%(upstream:track)%00%(upstream:remotename)%00%(upstream:remoteref) refs/heads/master refs/remotes/master [0ms]
[2022-06-13T22:21:40.328Z] > git for-each-ref --sort -committerdate --format %(refname) %(objectname) %(*objectname) [3ms]
[2022-06-13T22:21:40.328Z] > git remote --verbose [1ms]
[2022-06-13T22:21:40.333Z] > git config --get commit.template [2ms]
[2022-06-13T22:23:36.824Z] > git status -z -uall [41ms]
[2022-06-13T22:23:36.828Z] > git symbolic-ref --short HEAD [0ms]
[2022-06-13T22:23:36.832Z] > git for-each-ref --format=%(refname)%00%(upstream:short)%00%(objectname)%00%(upstream:track)%00%(upstream:remotename)%00%(upstream:remoteref) refs/heads/master refs/remotes/master [1ms]
[2022-06-13T22:23:36.839Z] > git remote --verbose [2ms]
[2022-06-13T22:23:36.839Z] > git for-each-ref --sort -committerdate --format %(refname) %(objectname) %(*objectname) [5ms]
[2022-06-13T22:23:36.842Z] > git config --get commit.template [0ms]
[2022-06-13T22:23:38.006Z] > git fetch [1228ms]
[2022-06-13T22:23:38.038Z] > git status -z -uall [29ms]
[2022-06-13T22:23:38.041Z] > git symbolic-ref --short HEAD [0ms]
[2022-06-13T22:23:38.045Z] > git for-each-ref --format=%(refname)%00%(upstream:short)%00%(objectname)%00%(upstream:track)%00%(upstream:remotename)%00%(upstream:remoteref) refs/heads/master refs/remotes/master [0ms]
[2022-06-13T22:23:38.050Z] > git for-each-ref --sort -committerdate --format %(refname) %(objectname) %(*objectname) [2ms]
[2022-06-13T22:23:38.051Z] > git remote --verbose [1ms]
[2022-06-13T22:23:38.054Z] > git config --get commit.template [0ms]
[2022-06-13T22:23:39.072Z] > git ls-files --stage -- /home/lrb96/fastapi_python/main.py [2ms]
[2022-06-13T22:23:39.076Z] > git cat-file -s 0e4962ff6826a2fd6654b557efcb3748bd456955 [1ms]
[2022-06-13T22:23:39.085Z] > git show --textconv :fastapi_python/main.py [2ms]
[2022-06-13T22:23:41.877Z] > git status -z -uall [30ms]
[2022-06-13T22:23:41.881Z] > git symbolic-ref --short HEAD [1ms]
[2022-06-13T22:23:41.885Z] > git for-each-ref --format=%(refname)%00%(upstream:short)%00%(objectname)%00%(upstream:track)%00%(upstream:remotename)%00%(upstream:remoteref) refs/heads/master refs/remotes/master [1ms]
[2022-06-13T22:23:41.893Z] > git remote --verbose [1ms]
[2022-06-13T22:23:41.893Z] > git for-each-ref --sort -committerdate --format %(refname) %(objectname) %(*objectname) [5ms]
[2022-06-13T22:23:41.898Z] > git config --get commit.template [1ms]
[2022-06-13T22:23:46.934Z] > git status -z -uall [31ms]
[2022-06-13T22:23:46.938Z] > git symbolic-ref --short HEAD [1ms]
[2022-06-13T22:23:46.941Z] > git for-each-ref --format=%(refname)%00%(upstream:short)%00%(objectname)%00%(upstream:track)%00%(upstream:remotename)%00%(upstream:remoteref) refs/heads/master refs/remotes/master [1ms]
[2022-06-13T22:23:46.946Z] > git for-each-ref --sort -committerdate --format %(refname) %(objectname) %(*objectname) [3ms]
[2022-06-13T22:23:46.946Z] > git remote --verbose [1ms]
[2022-06-13T22:23:46.951Z] > git config --get commit.template [1ms]
[2022-06-13T22:23:57.523Z] > git status -z -uall [36ms]
[2022-06-13T22:23:57.526Z] > git symbolic-ref --short HEAD [0ms]
[2022-06-13T22:23:57.530Z] > git for-each-ref --format=%(refname)%00%(upstream:short)%00%(objectname)%00%(upstream:track)%00%(upstream:remotename)%00%(upstream:remoteref) refs/heads/master refs/remotes/master [1ms]
[2022-06-13T22:23:57.534Z] > git for-each-ref --sort -committerdate --format %(refname) %(objectname) %(*objectname) [2ms]
[2022-06-13T22:23:57.535Z] > git remote --verbose [1ms]
[2022-06-13T22:23:57.539Z] > git config --get commit.template [0ms]
[2022-06-13T22:24:02.572Z] > git status -z -uall [30ms]
[2022-06-13T22:24:02.576Z] > git symbolic-ref --short HEAD [1ms]
[2022-06-13T22:24:02.579Z] > git for-each-ref --format=%(refname)%00%(upstream:short)%00%(objectname)%00%(upstream:track)%00%(upstream:remotename)%00%(upstream:remoteref) refs/heads/master refs/remotes/master [1ms]
[2022-06-13T22:24:02.584Z] > git for-each-ref --sort -committerdate --format %(refname) %(objectname) %(*objectname) [3ms]
[2022-06-13T22:24:02.584Z] > git remote --verbose [0ms]
[2022-06-13T22:24:02.589Z] > git config --get commit.template [0ms]
[2022-06-13T22:26:23.850Z] > git ls-files --stage -- /home/lrb96/fastapi_python/main.py [3ms]
[2022-06-13T22:26:23.854Z] > git cat-file -s 0e4962ff6826a2fd6654b557efcb3748bd456955 [1ms]
[2022-06-13T22:26:23.864Z] > git status -z -uall [35ms]
[2022-06-13T22:26:23.868Z] > git show --textconv :fastapi_python/main.py [6ms]
[2022-06-13T22:26:23.868Z] > git symbolic-ref --short HEAD [1ms]
[2022-06-13T22:26:23.871Z] > git for-each-ref --format=%(refname)%00%(upstream:short)%00%(objectname)%00%(upstream:track)%00%(upstream:remotename)%00%(upstream:remoteref) refs/heads/master refs/remotes/master [1ms]
[2022-06-13T22:26:23.876Z] > git for-each-ref --sort -committerdate --format %(refname) %(objectname) %(*objectname) [2ms]
[2022-06-13T22:26:23.876Z] > git remote --verbose [0ms]
[2022-06-13T22:26:23.881Z] > git config --get commit.template [1ms]
[2022-06-13T22:26:28.915Z] > git status -z -uall [30ms]
[2022-06-13T22:26:28.919Z] > git symbolic-ref --short HEAD [1ms]
[2022-06-13T22:26:28.922Z] > git for-each-ref --format=%(refname)%00%(upstream:short)%00%(objectname)%00%(upstream:track)%00%(upstream:remotename)%00%(upstream:remoteref) refs/heads/master refs/remotes/master [1ms]
[2022-06-13T22:26:28.928Z] > git remote --verbose [1ms]
[2022-06-13T22:26:28.928Z] > git for-each-ref --sort -committerdate --format %(refname) %(objectname) %(*objectname) [3ms]
[2022-06-13T22:26:28.932Z] > git config --get commit.template [1ms]
