[2022-04-23T22:45:10.921Z] Validating found git in: git
[2022-04-23T22:45:10.954Z] Using git 2.25.1 from git
[2022-04-23T22:45:10.992Z] > git rev-parse --git-dir [2ms]
[2022-04-23T22:45:10.996Z] Open repository: /home/lrb96
[2022-04-23T22:45:11.162Z] > git symbolic-ref --short HEAD [1ms]
[2022-04-23T22:45:11.166Z] > git for-each-ref --format=%(refname)%00%(upstream:short)%00%(objectname)%00%(upstream:track) refs/heads/master refs/remotes/master [1ms]
[2022-04-23T22:45:11.171Z] > git remote --verbose [1ms]
[2022-04-23T22:45:11.172Z] > git for-each-ref --sort -committerdate --format %(refname) %(objectname) %(*objectname) [3ms]
[2022-04-23T22:45:11.178Z] > git config --get commit.template [1ms]
[2022-04-23T22:45:36.917Z] > git fetch [4397ms]
[2022-04-23T22:45:36.951Z] > git symbolic-ref --short HEAD [0ms]
[2022-04-23T22:45:36.954Z] > git for-each-ref --format=%(refname)%00%(upstream:short)%00%(objectname)%00%(upstream:track) refs/heads/master refs/remotes/master [1ms]
[2022-04-23T22:45:36.957Z] > git remote --verbose [0ms]
[2022-04-23T22:45:36.958Z] > git for-each-ref --sort -committerdate --format %(refname) %(objectname) %(*objectname) [3ms]
[2022-04-23T22:45:36.962Z] > git config --get commit.template [0ms]
[2022-04-23T22:45:39.259Z] > git ls-files --stage -- /home/lrb96/curso_python_intermedio/filtrando_datos.py [394ms]
[2022-04-23T22:45:39.274Z] > git cat-file -s 24c17c37aae5880eb021abc5ad3a8ebcadddfc40 [11ms]
[2022-04-23T22:49:21.755Z] > git ls-files --stage -- /home/lrb96/curso_python_intermedio/filtrando_datos.py [2ms]
[2022-04-23T22:49:21.759Z] > git cat-file -s 24c17c37aae5880eb021abc5ad3a8ebcadddfc40 [1ms]
[2022-04-23T22:49:24.948Z] > git fetch [4387ms]
[2022-04-23T22:49:24.982Z] > git symbolic-ref --short HEAD [1ms]
[2022-04-23T22:49:24.985Z] > git for-each-ref --format=%(refname)%00%(upstream:short)%00%(objectname)%00%(upstream:track) refs/heads/master refs/remotes/master [0ms]
[2022-04-23T22:49:24.993Z] > git remote --verbose [1ms]
[2022-04-23T22:49:24.994Z] > git for-each-ref --sort -committerdate --format %(refname) %(objectname) %(*objectname) [5ms]
[2022-04-23T22:49:25.002Z] > git config --get commit.template [1ms]
[2022-04-23T22:49:25.408Z] > git ls-files --stage -- /home/lrb96/curso_python_intermedio/filtrando_datos.py [3ms]
[2022-04-23T22:49:25.414Z] > git cat-file -s 24c17c37aae5880eb021abc5ad3a8ebcadddfc40 [2ms]
[2022-04-23T22:54:36.291Z] > git ls-files --stage -- /home/lrb96/curso_python_intermedio/filtrando_datos.py [3ms]
[2022-04-23T22:54:36.296Z] > git cat-file -s 24c17c37aae5880eb021abc5ad3a8ebcadddfc40 [1ms]
[2022-04-23T22:54:39.063Z] > git fetch [3946ms]
[2022-04-23T22:54:39.097Z] > git symbolic-ref --short HEAD [0ms]
[2022-04-23T22:54:39.101Z] > git for-each-ref --format=%(refname)%00%(upstream:short)%00%(objectname)%00%(upstream:track) refs/heads/master refs/remotes/master [1ms]
[2022-04-23T22:54:39.107Z] > git remote --verbose [1ms]
[2022-04-23T22:54:39.107Z] > git for-each-ref --sort -committerdate --format %(refname) %(objectname) %(*objectname) [3ms]
[2022-04-23T22:54:39.112Z] > git config --get commit.template [1ms]
[2022-04-23T22:54:40.010Z] > git ls-files --stage -- /home/lrb96/curso_python_intermedio/filtrando_datos.py [2ms]
[2022-04-23T22:54:40.015Z] > git cat-file -s 24c17c37aae5880eb021abc5ad3a8ebcadddfc40 [1ms]
[2022-04-23T22:59:16.730Z] > git ls-files --stage -- /home/lrb96/curso_python_intermedio/filtrando_datos.py [3ms]
[2022-04-23T22:59:16.736Z] > git cat-file -s 24c17c37aae5880eb021abc5ad3a8ebcadddfc40 [1ms]
[2022-04-23T22:59:22.037Z] > git fetch [6480ms]
[2022-04-23T22:59:22.089Z] > git symbolic-ref --short HEAD [2ms]
[2022-04-23T22:59:22.093Z] > git for-each-ref --format=%(refname)%00%(upstream:short)%00%(objectname)%00%(upstream:track) refs/heads/master refs/remotes/master [1ms]
[2022-04-23T22:59:22.098Z] > git remote --verbose [1ms]
[2022-04-23T22:59:22.098Z] > git for-each-ref --sort -committerdate --format %(refname) %(objectname) %(*objectname) [3ms]
[2022-04-23T22:59:22.103Z] > git config --get commit.template [1ms]
[2022-04-23T22:59:27.074Z] > git ls-files --stage -- /home/lrb96/curso_python_intermedio/filtrando_datos.py [3ms]
[2022-04-23T22:59:27.077Z] > git cat-file -s 24c17c37aae5880eb021abc5ad3a8ebcadddfc40 [1ms]
[2022-04-23T23:03:29.737Z] > git ls-files --stage -- /home/lrb96/curso_python_intermedio/filtrando_datos.py [4ms]
[2022-04-23T23:03:29.742Z] > git cat-file -s 24c17c37aae5880eb021abc5ad3a8ebcadddfc40 [1ms]
[2022-04-23T23:03:31.573Z] > git fetch [3012ms]
[2022-04-23T23:03:31.607Z] > git symbolic-ref --short HEAD [0ms]
[2022-04-23T23:03:31.611Z] > git for-each-ref --format=%(refname)%00%(upstream:short)%00%(objectname)%00%(upstream:track) refs/heads/master refs/remotes/master [1ms]
[2022-04-23T23:03:31.616Z] > git for-each-ref --sort -committerdate --format %(refname) %(objectname) %(*objectname) [3ms]
[2022-04-23T23:03:31.616Z] > git remote --verbose [1ms]
[2022-04-23T23:03:31.621Z] > git config --get commit.template [0ms]
[2022-04-23T23:03:32.500Z] > git ls-files --stage -- /home/lrb96/curso_python_intermedio/filtrando_datos.py [3ms]
[2022-04-23T23:03:32.504Z] > git cat-file -s 24c17c37aae5880eb021abc5ad3a8ebcadddfc40 [0ms]
[2022-04-23T23:12:14.175Z] > git fetch [4828ms]
[2022-04-23T23:12:14.230Z] > git symbolic-ref --short HEAD [1ms]
[2022-04-23T23:12:14.246Z] > git for-each-ref --format=%(refname)%00%(upstream:short)%00%(objectname)%00%(upstream:track) refs/heads/master refs/remotes/master [0ms]
[2022-04-23T23:12:14.267Z] > git for-each-ref --sort -committerdate --format %(refname) %(objectname) %(*objectname) [13ms]
[2022-04-23T23:12:14.267Z] > git remote --verbose [0ms]
[2022-04-23T23:12:14.275Z] > git config --get commit.template [1ms]
