[2022-05-06 18:45:44.045] [exthost] [info] Extension host with pid 1092 started
[2022-05-06 18:45:44.074] [exthost] [info] Lock '/home/lrb96/.vscode-server/data/User/workspaceStorage/9d781c065241cc6485d8434a545572eb/vscode.lock': Lock acquired.
[2022-05-06 18:45:44.199] [exthost] [info] ExtensionService#_doActivateExtension ms-python.python, startup: false, activationEvent: 'onLanguage:python'
[2022-05-06 18:45:44.387] [exthost] [info] ExtensionService#_doActivateExtension ms-toolsai.jupyter, startup: false, activationEvent: 'onLanguage:python'
[2022-05-06 18:45:44.714] [exthost] [info] ExtensionService#_doActivateExtension vscode.debug-auto-launch, startup: true, activationEvent: '*'
[2022-05-06 18:45:44.716] [exthost] [info] ExtensionService#_doActivateExtension vscode.git-base, startup: true, activationEvent: '*', root cause: vscode.git
[2022-05-06 18:45:44.719] [exthost] [info] ExtensionService#_doActivateExtension vscode.ipynb, startup: true, activationEvent: '*'
[2022-05-06 18:45:44.814] [exthost] [info] ExtensionService#_doActivateExtension vscode.git, startup: true, activationEvent: '*'
[2022-05-06 18:45:44.864] [exthost] [info] ExtensionService#_doActivateExtension vscode.github, startup: true, activationEvent: '*'
[2022-05-06 18:45:45.038] [exthost] [info] ExtensionService#_doActivateExtension vscode.emmet, startup: false, activationEvent: 'onStartupFinished'
[2022-05-06 18:45:45.050] [exthost] [info] ExtensionService#_doActivateExtension vscode.merge-conflict, startup: false, activationEvent: 'onStartupFinished'
[2022-05-06 18:45:45.053] [exthost] [info] Eager extensions activated
[2022-05-06 18:45:45.082] [exthost] [info] ExtensionService#_doActivateExtension ms-python.vscode-pylance, startup: false, activationEvent: 'onLanguage:python'
[2022-05-06 18:45:45.455] [exthost] [warning] [Decorations] CAPPING events from decorations provider vscode.git 3557
[2022-05-06 18:45:46.082] [exthost] [info] ExtensionService#_doActivateExtension vscode.configuration-editing, startup: false, activationEvent: 'onLanguage:jsonc'
[2022-05-06 18:45:46.086] [exthost] [info] ExtensionService#_doActivateExtension vscode.json-language-features, startup: false, activationEvent: 'onLanguage:jsonc'
[2022-05-06 18:45:46.141] [exthost] [info] ExtensionService#_doActivateExtension vscode.typescript-language-features, startup: false, activationEvent: 'onLanguage:jsonc'
[2022-05-06 18:48:36.722] [exthost] [warning] [Decorations] CAPPING events from decorations provider vscode.git 6444
[2022-05-06 18:48:38.347] [exthost] [warning] [Decorations] CAPPING events from decorations provider vscode.git 6443
[2022-05-06 18:48:41.917] [exthost] [warning] [Decorations] CAPPING events from decorations provider vscode.git 6443
[2022-05-06 18:48:47.037] [exthost] [warning] [Decorations] CAPPING events from decorations provider vscode.git 6443
[2022-05-06 18:48:52.955] [exthost] [warning] [Decorations] CAPPING events from decorations provider vscode.git 6443
[2022-05-06 18:49:57.024] [exthost] [warning] [Decorations] CAPPING events from decorations provider vscode.git 6443
[2022-05-06 18:50:02.148] [exthost] [warning] [Decorations] CAPPING events from decorations provider vscode.git 6443
[2022-05-06 18:50:07.334] [exthost] [warning] [Decorations] CAPPING events from decorations provider vscode.git 6443
[2022-05-06 18:50:12.458] [exthost] [warning] [Decorations] CAPPING events from decorations provider vscode.git 6443
[2022-05-06 18:50:17.634] [exthost] [warning] [Decorations] CAPPING events from decorations provider vscode.git 6443
[2022-05-06 18:50:22.770] [exthost] [warning] [Decorations] CAPPING events from decorations provider vscode.git 6443
[2022-05-06 18:50:27.884] [exthost] [warning] [Decorations] CAPPING events from decorations provider vscode.git 6443
[2022-05-06 18:50:33.071] [exthost] [warning] [Decorations] CAPPING events from decorations provider vscode.git 6443
[2022-05-06 18:50:38.201] [exthost] [warning] [Decorations] CAPPING events from decorations provider vscode.git 6443
[2022-05-06 18:50:43.318] [exthost] [warning] [Decorations] CAPPING events from decorations provider vscode.git 6443
[2022-05-06 18:50:48.436] [exthost] [warning] [Decorations] CAPPING events from decorations provider vscode.git 6444
[2022-05-06 18:50:53.553] [exthost] [warning] [Decorations] CAPPING events from decorations provider vscode.git 6444
[2022-05-06 19:06:17.304] [exthost] [warning] [Decorations] CAPPING events from decorations provider vscode.git 6444
[2022-05-06 19:06:19.320] [exthost] [warning] [Decorations] CAPPING events from decorations provider vscode.git 6444
[2022-05-06 19:06:22.423] [exthost] [warning] [Decorations] CAPPING events from decorations provider vscode.git 6444
[2022-05-06 19:06:27.538] [exthost] [warning] [Decorations] CAPPING events from decorations provider vscode.git 6444
[2022-05-06 19:06:32.655] [exthost] [warning] [Decorations] CAPPING events from decorations provider vscode.git 6444
[2022-05-06 19:06:37.763] [exthost] [warning] [Decorations] CAPPING events from decorations provider vscode.git 6444
[2022-05-06 19:06:42.879] [exthost] [warning] [Decorations] CAPPING events from decorations provider vscode.git 6444
[2022-05-06 19:06:48.057] [exthost] [warning] [Decorations] CAPPING events from decorations provider vscode.git 6445
[2022-05-06 19:06:53.174] [exthost] [warning] [Decorations] CAPPING events from decorations provider vscode.git 6445
[2022-05-06 19:06:58.293] [exthost] [warning] [Decorations] CAPPING events from decorations provider vscode.git 6445
[2022-05-06 19:07:03.471] [exthost] [warning] [Decorations] CAPPING events from decorations provider vscode.git 6446
[2022-05-06 19:07:08.598] [exthost] [warning] [Decorations] CAPPING events from decorations provider vscode.git 6446
[2022-05-06 19:07:13.770] [exthost] [warning] [Decorations] CAPPING events from decorations provider vscode.git 6446
[2022-05-06 19:07:18.909] [exthost] [warning] [Decorations] CAPPING events from decorations provider vscode.git 6446
[2022-05-06 19:07:24.079] [exthost] [warning] [Decorations] CAPPING events from decorations provider vscode.git 6446
[2022-05-06 19:07:29.969] [exthost] [warning] [Decorations] CAPPING events from decorations provider vscode.git 6446
[2022-05-06 19:07:35.090] [exthost] [warning] [Decorations] CAPPING events from decorations provider vscode.git 6446
[2022-05-06 19:07:40.214] [exthost] [warning] [Decorations] CAPPING events from decorations provider vscode.git 6446
[2022-05-06 19:07:45.335] [exthost] [warning] [Decorations] CAPPING events from decorations provider vscode.git 6446
[2022-05-06 19:07:50.459] [exthost] [warning] [Decorations] CAPPING events from decorations provider vscode.git 6446
[2022-05-06 19:07:55.573] [exthost] [warning] [Decorations] CAPPING events from decorations provider vscode.git 6446
[2022-05-06 19:08:00.686] [exthost] [warning] [Decorations] CAPPING events from decorations provider vscode.git 6447
[2022-05-06 19:08:05.805] [exthost] [warning] [Decorations] CAPPING events from decorations provider vscode.git 6447
[2022-05-06 19:08:10.919] [exthost] [warning] [Decorations] CAPPING events from decorations provider vscode.git 6447
[2022-05-06 19:08:16.038] [exthost] [warning] [Decorations] CAPPING events from decorations provider vscode.git 6447
[2022-05-06 19:08:21.149] [exthost] [warning] [Decorations] CAPPING events from decorations provider vscode.git 6447
[2022-05-06 19:08:26.263] [exthost] [warning] [Decorations] CAPPING events from decorations provider vscode.git 6447
[2022-05-06 19:08:31.454] [exthost] [warning] [Decorations] CAPPING events from decorations provider vscode.git 6447
[2022-05-06 19:08:36.569] [exthost] [warning] [Decorations] CAPPING events from decorations provider vscode.git 6447
[2022-05-06 19:08:41.763] [exthost] [warning] [Decorations] CAPPING events from decorations provider vscode.git 6447
[2022-05-06 19:08:46.886] [exthost] [warning] [Decorations] CAPPING events from decorations provider vscode.git 6447
[2022-05-06 19:08:52.068] [exthost] [warning] [Decorations] CAPPING events from decorations provider vscode.git 6447
[2022-05-06 19:08:57.193] [exthost] [warning] [Decorations] CAPPING events from decorations provider vscode.git 6447
[2022-05-06 19:09:02.374] [exthost] [warning] [Decorations] CAPPING events from decorations provider vscode.git 6447
[2022-05-06 19:09:29.172] [exthost] [warning] [Decorations] CAPPING events from decorations provider vscode.git 6447
[2022-05-06 19:09:31.067] [exthost] [warning] [Decorations] CAPPING events from decorations provider vscode.git 6447
[2022-05-06 19:09:34.297] [exthost] [warning] [Decorations] CAPPING events from decorations provider vscode.git 6447
[2022-05-06 19:09:39.414] [exthost] [warning] [Decorations] CAPPING events from decorations provider vscode.git 6447
[2022-05-06 19:09:44.588] [exthost] [warning] [Decorations] CAPPING events from decorations provider vscode.git 6447
[2022-05-06 19:09:49.720] [exthost] [warning] [Decorations] CAPPING events from decorations provider vscode.git 6447
[2022-05-06 19:09:54.843] [exthost] [warning] [Decorations] CAPPING events from decorations provider vscode.git 6447
[2022-05-06 19:09:59.957] [exthost] [warning] [Decorations] CAPPING events from decorations provider vscode.git 6447
[2022-05-06 19:10:05.133] [exthost] [warning] [Decorations] CAPPING events from decorations provider vscode.git 6447
[2022-05-06 19:10:10.260] [exthost] [warning] [Decorations] CAPPING events from decorations provider vscode.git 6447
[2022-05-06 19:10:15.376] [exthost] [warning] [Decorations] CAPPING events from decorations provider vscode.git 6447
[2022-05-06 19:10:20.502] [exthost] [warning] [Decorations] CAPPING events from decorations provider vscode.git 6447
[2022-05-06 19:10:25.623] [exthost] [warning] [Decorations] CAPPING events from decorations provider vscode.git 6447
[2022-05-06 19:10:30.739] [exthost] [warning] [Decorations] CAPPING events from decorations provider vscode.git 6447
[2022-05-06 19:10:35.854] [exthost] [warning] [Decorations] CAPPING events from decorations provider vscode.git 6447
[2022-05-06 19:10:41.010] [exthost] [warning] [Decorations] CAPPING events from decorations provider vscode.git 6447
[2022-05-06 19:10:46.889] [exthost] [warning] [Decorations] CAPPING events from decorations provider vscode.git 6447
[2022-05-06 19:10:52.009] [exthost] [warning] [Decorations] CAPPING events from decorations provider vscode.git 6447
[2022-05-06 19:10:57.189] [exthost] [warning] [Decorations] CAPPING events from decorations provider vscode.git 6447
[2022-05-06 19:11:02.323] [exthost] [warning] [Decorations] CAPPING events from decorations provider vscode.git 6447
[2022-05-06 19:11:07.499] [exthost] [warning] [Decorations] CAPPING events from decorations provider vscode.git 6447
[2022-05-06 19:11:12.629] [exthost] [warning] [Decorations] CAPPING events from decorations provider vscode.git 6447
[2022-05-06 19:11:17.809] [exthost] [warning] [Decorations] CAPPING events from decorations provider vscode.git 6447
[2022-05-06 19:11:22.945] [exthost] [warning] [Decorations] CAPPING events from decorations provider vscode.git 6447
[2022-05-06 19:11:28.064] [exthost] [warning] [Decorations] CAPPING events from decorations provider vscode.git 6447
[2022-05-06 19:11:33.177] [exthost] [warning] [Decorations] CAPPING events from decorations provider vscode.git 6447
[2022-05-06 19:11:38.288] [exthost] [warning] [Decorations] CAPPING events from decorations provider vscode.git 6447
[2022-05-06 19:11:43.405] [exthost] [warning] [Decorations] CAPPING events from decorations provider vscode.git 6447
[2022-05-06 19:11:48.575] [exthost] [warning] [Decorations] CAPPING events from decorations provider vscode.git 6447
[2022-05-06 19:11:53.710] [exthost] [warning] [Decorations] CAPPING events from decorations provider vscode.git 6448
[2022-05-06 19:11:58.885] [exthost] [warning] [Decorations] CAPPING events from decorations provider vscode.git 6448
[2022-05-06 19:12:04.016] [exthost] [warning] [Decorations] CAPPING events from decorations provider vscode.git 6448
[2022-05-06 19:12:09.132] [exthost] [warning] [Decorations] CAPPING events from decorations provider vscode.git 6448
[2022-05-06 19:12:14.251] [exthost] [warning] [Decorations] CAPPING events from decorations provider vscode.git 6449
[2022-05-06 19:12:19.378] [exthost] [warning] [Decorations] CAPPING events from decorations provider vscode.git 6449
[2022-05-06 19:12:25.016] [exthost] [warning] [Decorations] CAPPING events from decorations provider vscode.git 6449
[2022-05-06 19:12:30.133] [exthost] [warning] [Decorations] CAPPING events from decorations provider vscode.git 6449
[2022-05-06 19:12:33.177] [exthost] [warning] [Decorations] CAPPING events from decorations provider vscode.git 6449
[2022-05-06 19:12:35.250] [exthost] [warning] [Decorations] CAPPING events from decorations provider vscode.git 6449
[2022-05-06 19:12:40.365] [exthost] [warning] [Decorations] CAPPING events from decorations provider vscode.git 6449
[2022-05-06 19:12:46.290] [exthost] [warning] [Decorations] CAPPING events from decorations provider vscode.git 6449
[2022-05-06 19:12:51.406] [exthost] [warning] [Decorations] CAPPING events from decorations provider vscode.git 6449
[2022-05-06 19:12:56.584] [exthost] [warning] [Decorations] CAPPING events from decorations provider vscode.git 6450
[2022-05-06 19:13:01.711] [exthost] [warning] [Decorations] CAPPING events from decorations provider vscode.git 6450
[2022-05-06 19:13:06.889] [exthost] [warning] [Decorations] CAPPING events from decorations provider vscode.git 6450
[2022-05-06 19:13:12.025] [exthost] [warning] [Decorations] CAPPING events from decorations provider vscode.git 6450
[2022-05-06 19:13:17.205] [exthost] [warning] [Decorations] CAPPING events from decorations provider vscode.git 6450
[2022-05-06 19:13:22.344] [exthost] [warning] [Decorations] CAPPING events from decorations provider vscode.git 6450
[2022-05-06 19:13:27.491] [exthost] [warning] [Decorations] CAPPING events from decorations provider vscode.git 6450
[2022-05-06 19:13:32.623] [exthost] [warning] [Decorations] CAPPING events from decorations provider vscode.git 6450
[2022-05-06 19:13:37.803] [exthost] [warning] [Decorations] CAPPING events from decorations provider vscode.git 6450
[2022-05-06 19:13:42.932] [exthost] [warning] [Decorations] CAPPING events from decorations provider vscode.git 6450
[2022-05-06 19:13:48.105] [exthost] [warning] [Decorations] CAPPING events from decorations provider vscode.git 6450
[2022-05-06 19:13:53.243] [exthost] [warning] [Decorations] CAPPING events from decorations provider vscode.git 6450
[2022-05-06 19:13:58.433] [exthost] [warning] [Decorations] CAPPING events from decorations provider vscode.git 6450
[2022-05-06 19:14:03.554] [exthost] [warning] [Decorations] CAPPING events from decorations provider vscode.git 6450
[2022-05-06 19:14:08.730] [exthost] [warning] [Decorations] CAPPING events from decorations provider vscode.git 6451
[2022-05-06 19:14:13.870] [exthost] [warning] [Decorations] CAPPING events from decorations provider vscode.git 6451
[2022-05-06 19:14:19.064] [exthost] [warning] [Decorations] CAPPING events from decorations provider vscode.git 6451
[2022-05-06 19:14:24.181] [exthost] [warning] [Decorations] CAPPING events from decorations provider vscode.git 6451
[2022-05-06 19:14:29.326] [exthost] [warning] [Decorations] CAPPING events from decorations provider vscode.git 6451
[2022-05-06 19:14:34.453] [exthost] [warning] [Decorations] CAPPING events from decorations provider vscode.git 6451
[2022-05-06 19:14:39.633] [exthost] [warning] [Decorations] CAPPING events from decorations provider vscode.git 6451
[2022-05-06 19:14:45.524] [exthost] [warning] [Decorations] CAPPING events from decorations provider vscode.git 6451
[2022-05-06 19:14:50.640] [exthost] [warning] [Decorations] CAPPING events from decorations provider vscode.git 6452
[2022-05-06 19:14:55.755] [exthost] [warning] [Decorations] CAPPING events from decorations provider vscode.git 6452
[2022-05-06 19:15:00.876] [exthost] [warning] [Decorations] CAPPING events from decorations provider vscode.git 6453
[2022-05-06 19:15:06.003] [exthost] [warning] [Decorations] CAPPING events from decorations provider vscode.git 6453
[2022-05-06 19:15:11.119] [exthost] [warning] [Decorations] CAPPING events from decorations provider vscode.git 6453
[2022-05-06 19:15:16.247] [exthost] [warning] [Decorations] CAPPING events from decorations provider vscode.git 6453
[2022-05-06 19:15:21.373] [exthost] [warning] [Decorations] CAPPING events from decorations provider vscode.git 6453
[2022-05-06 19:15:26.495] [exthost] [warning] [Decorations] CAPPING events from decorations provider vscode.git 6453
[2022-05-06 19:15:31.615] [exthost] [warning] [Decorations] CAPPING events from decorations provider vscode.git 6453
[2022-05-06 19:15:34.670] [exthost] [warning] [Decorations] CAPPING events from decorations provider vscode.git 6453
[2022-05-06 19:15:36.816] [exthost] [warning] [Decorations] CAPPING events from decorations provider vscode.git 6453
[2022-05-06 19:15:42.034] [exthost] [warning] [Decorations] CAPPING events from decorations provider vscode.git 6453
[2022-05-06 19:15:48.847] [exthost] [warning] [Decorations] CAPPING events from decorations provider vscode.git 6453
[2022-05-06 19:15:53.964] [exthost] [warning] [Decorations] CAPPING events from decorations provider vscode.git 6453
[2022-05-06 19:15:59.088] [exthost] [warning] [Decorations] CAPPING events from decorations provider vscode.git 6453
[2022-05-06 19:16:04.206] [exthost] [warning] [Decorations] CAPPING events from decorations provider vscode.git 6453
[2022-05-06 19:16:09.330] [exthost] [warning] [Decorations] CAPPING events from decorations provider vscode.git 6453
[2022-05-06 19:16:14.538] [exthost] [warning] [Decorations] CAPPING events from decorations provider vscode.git 6453
[2022-05-06 19:16:19.659] [exthost] [warning] [Decorations] CAPPING events from decorations provider vscode.git 6453
[2022-05-06 19:16:45.759] [exthost] [warning] [Decorations] CAPPING events from decorations provider vscode.git 6454
[2022-05-06 19:16:50.878] [exthost] [warning] [Decorations] CAPPING events from decorations provider vscode.git 6454
[2022-05-06 19:16:55.999] [exthost] [warning] [Decorations] CAPPING events from decorations provider vscode.git 6454
[2022-05-06 19:22:49.849] [exthost] [warning] [Decorations] CAPPING events from decorations provider vscode.git 6454
[2022-05-06 19:22:51.769] [exthost] [warning] [Decorations] CAPPING events from decorations provider vscode.git 6454
[2022-05-06 19:22:54.966] [exthost] [warning] [Decorations] CAPPING events from decorations provider vscode.git 6454
[2022-05-06 19:23:00.145] [exthost] [warning] [Decorations] CAPPING events from decorations provider vscode.git 6454
[2022-05-06 19:23:05.275] [exthost] [warning] [Decorations] CAPPING events from decorations provider vscode.git 6457
[2022-05-06 19:23:10.391] [exthost] [warning] [Decorations] CAPPING events from decorations provider vscode.git 6457
[2022-05-06 19:23:15.508] [exthost] [warning] [Decorations] CAPPING events from decorations provider vscode.git 6457
[2022-05-06 19:23:20.685] [exthost] [warning] [Decorations] CAPPING events from decorations provider vscode.git 6457
[2022-05-06 19:23:25.820] [exthost] [warning] [Decorations] CAPPING events from decorations provider vscode.git 6457
[2022-05-06 19:23:31.009] [exthost] [warning] [Decorations] CAPPING events from decorations provider vscode.git 6457
[2022-05-06 19:23:36.128] [exthost] [warning] [Decorations] CAPPING events from decorations provider vscode.git 6457
[2022-05-06 19:23:41.310] [exthost] [warning] [Decorations] CAPPING events from decorations provider vscode.git 6457
[2022-05-06 19:23:46.436] [exthost] [warning] [Decorations] CAPPING events from decorations provider vscode.git 6457
[2022-05-06 19:23:51.625] [exthost] [warning] [Decorations] CAPPING events from decorations provider vscode.git 6457
[2022-05-06 19:23:56.743] [exthost] [warning] [Decorations] CAPPING events from decorations provider vscode.git 6457
[2022-05-06 19:24:01.929] [exthost] [warning] [Decorations] CAPPING events from decorations provider vscode.git 6457
[2022-05-06 19:24:07.046] [exthost] [warning] [Decorations] CAPPING events from decorations provider vscode.git 6457
[2022-05-06 19:24:12.223] [exthost] [warning] [Decorations] CAPPING events from decorations provider vscode.git 6457
[2022-05-06 19:24:17.356] [exthost] [warning] [Decorations] CAPPING events from decorations provider vscode.git 6457
[2022-05-06 19:24:22.480] [exthost] [warning] [Decorations] CAPPING events from decorations provider vscode.git 6457
[2022-05-06 19:24:27.657] [exthost] [warning] [Decorations] CAPPING events from decorations provider vscode.git 6457
[2022-05-06 19:24:32.790] [exthost] [warning] [Decorations] CAPPING events from decorations provider vscode.git 6457
[2022-05-06 19:24:37.972] [exthost] [warning] [Decorations] CAPPING events from decorations provider vscode.git 6457
[2022-05-06 19:24:43.831] [exthost] [warning] [Decorations] CAPPING events from decorations provider vscode.git 6458
[2022-05-06 19:24:49.011] [exthost] [warning] [Decorations] CAPPING events from decorations provider vscode.git 6458
[2022-05-06 19:24:54.151] [exthost] [warning] [Decorations] CAPPING events from decorations provider vscode.git 6458
[2022-05-06 19:24:59.325] [exthost] [warning] [Decorations] CAPPING events from decorations provider vscode.git 6458
[2022-05-06 19:25:04.464] [exthost] [warning] [Decorations] CAPPING events from decorations provider vscode.git 6458
[2022-05-06 19:25:09.636] [exthost] [warning] [Decorations] CAPPING events from decorations provider vscode.git 6458
[2022-05-06 19:25:14.775] [exthost] [warning] [Decorations] CAPPING events from decorations provider vscode.git 6458
[2022-05-06 19:25:19.953] [exthost] [warning] [Decorations] CAPPING events from decorations provider vscode.git 6458
[2022-05-06 19:25:25.090] [exthost] [warning] [Decorations] CAPPING events from decorations provider vscode.git 6458
[2022-05-06 19:25:30.261] [exthost] [warning] [Decorations] CAPPING events from decorations provider vscode.git 6458
[2022-05-06 19:25:37.045] [exthost] [warning] [Decorations] CAPPING events from decorations provider vscode.git 6458
[2022-05-06 19:25:42.214] [exthost] [warning] [Decorations] CAPPING events from decorations provider vscode.git 6458
[2022-05-06 19:25:47.352] [exthost] [warning] [Decorations] CAPPING events from decorations provider vscode.git 6458
[2022-05-06 19:25:53.085] [exthost] [warning] [Decorations] CAPPING events from decorations provider vscode.git 6458
[2022-05-06 19:25:54.962] [exthost] [warning] [Decorations] CAPPING events from decorations provider vscode.git 6458
[2022-05-06 19:26:00.832] [exthost] [warning] [Decorations] CAPPING events from decorations provider vscode.git 6458
[2022-05-06 19:26:06.005] [exthost] [warning] [Decorations] CAPPING events from decorations provider vscode.git 6458
[2022-05-06 19:26:11.131] [exthost] [warning] [Decorations] CAPPING events from decorations provider vscode.git 6458
[2022-05-06 19:26:16.322] [exthost] [warning] [Decorations] CAPPING events from decorations provider vscode.git 6458
[2022-05-06 19:26:21.445] [exthost] [warning] [Decorations] CAPPING events from decorations provider vscode.git 6458
[2022-05-06 19:26:26.563] [exthost] [warning] [Decorations] CAPPING events from decorations provider vscode.git 6458
[2022-05-06 19:26:31.734] [exthost] [warning] [Decorations] CAPPING events from decorations provider vscode.git 6458
[2022-05-06 19:26:38.516] [exthost] [warning] [Decorations] CAPPING events from decorations provider vscode.git 6458
[2022-05-06 19:26:43.690] [exthost] [warning] [Decorations] CAPPING events from decorations provider vscode.git 6458
[2022-05-06 19:26:48.826] [exthost] [warning] [Decorations] CAPPING events from decorations provider vscode.git 6458
[2022-05-06 19:26:54.002] [exthost] [warning] [Decorations] CAPPING events from decorations provider vscode.git 6458
[2022-05-06 19:26:59.129] [exthost] [warning] [Decorations] CAPPING events from decorations provider vscode.git 6458
[2022-05-06 19:27:04.245] [exthost] [warning] [Decorations] CAPPING events from decorations provider vscode.git 6458
[2022-05-06 19:27:09.361] [exthost] [warning] [Decorations] CAPPING events from decorations provider vscode.git 6458
[2022-05-06 19:27:14.536] [exthost] [warning] [Decorations] CAPPING events from decorations provider vscode.git 6458
[2022-05-06 19:27:19.661] [exthost] [warning] [Decorations] CAPPING events from decorations provider vscode.git 6458
[2022-05-06 19:27:24.838] [exthost] [warning] [Decorations] CAPPING events from decorations provider vscode.git 6458
[2022-05-06 19:27:29.969] [exthost] [warning] [Decorations] CAPPING events from decorations provider vscode.git 6458
[2022-05-06 19:27:35.146] [exthost] [warning] [Decorations] CAPPING events from decorations provider vscode.git 6458
[2022-05-06 19:27:40.275] [exthost] [warning] [Decorations] CAPPING events from decorations provider vscode.git 6458
[2022-05-06 19:27:45.452] [exthost] [warning] [Decorations] CAPPING events from decorations provider vscode.git 6458
[2022-05-06 19:27:50.589] [exthost] [warning] [Decorations] CAPPING events from decorations provider vscode.git 6458
[2022-05-06 19:27:55.775] [exthost] [warning] [Decorations] CAPPING events from decorations provider vscode.git 6458
[2022-05-06 19:28:00.911] [exthost] [warning] [Decorations] CAPPING events from decorations provider vscode.git 6458
[2022-05-06 19:28:06.026] [exthost] [warning] [Decorations] CAPPING events from decorations provider vscode.git 6458
[2022-05-06 19:28:11.143] [exthost] [warning] [Decorations] CAPPING events from decorations provider vscode.git 6458
[2022-05-06 19:28:16.260] [exthost] [warning] [Decorations] CAPPING events from decorations provider vscode.git 6458
[2022-05-06 19:28:21.379] [exthost] [warning] [Decorations] CAPPING events from decorations provider vscode.git 6458
[2022-05-06 19:28:26.492] [exthost] [warning] [Decorations] CAPPING events from decorations provider vscode.git 6458
[2022-05-06 19:28:31.612] [exthost] [warning] [Decorations] CAPPING events from decorations provider vscode.git 6458
[2022-05-06 19:28:36.787] [exthost] [warning] [Decorations] CAPPING events from decorations provider vscode.git 6458
[2022-05-06 19:28:41.918] [exthost] [warning] [Decorations] CAPPING events from decorations provider vscode.git 6458
[2022-05-06 19:28:47.044] [exthost] [warning] [Decorations] CAPPING events from decorations provider vscode.git 6458
[2022-05-06 19:28:52.165] [exthost] [warning] [Decorations] CAPPING events from decorations provider vscode.git 6458
[2022-05-06 19:28:55.184] [exthost] [warning] [Decorations] CAPPING events from decorations provider vscode.git 6458
[2022-05-06 19:28:57.288] [exthost] [warning] [Decorations] CAPPING events from decorations provider vscode.git 6458
[2022-05-06 19:29:02.407] [exthost] [warning] [Decorations] CAPPING events from decorations provider vscode.git 6458
[2022-05-06 19:29:07.523] [exthost] [warning] [Decorations] CAPPING events from decorations provider vscode.git 6458
[2022-05-06 19:29:12.645] [exthost] [warning] [Decorations] CAPPING events from decorations provider vscode.git 6458
[2022-05-06 19:29:17.764] [exthost] [warning] [Decorations] CAPPING events from decorations provider vscode.git 6459
[2022-05-06 19:29:22.881] [exthost] [warning] [Decorations] CAPPING events from decorations provider vscode.git 6459
[2022-05-06 19:29:28.002] [exthost] [warning] [Decorations] CAPPING events from decorations provider vscode.git 6459
[2022-05-06 19:29:33.120] [exthost] [warning] [Decorations] CAPPING events from decorations provider vscode.git 6459
[2022-05-06 19:29:38.308] [exthost] [warning] [Decorations] CAPPING events from decorations provider vscode.git 6459
[2022-05-06 19:29:43.426] [exthost] [warning] [Decorations] CAPPING events from decorations provider vscode.git 6459
[2022-05-06 19:29:48.542] [exthost] [warning] [Decorations] CAPPING events from decorations provider vscode.git 6459
[2022-05-06 19:29:53.727] [exthost] [warning] [Decorations] CAPPING events from decorations provider vscode.git 6459
[2022-05-06 19:29:59.563] [exthost] [warning] [Decorations] CAPPING events from decorations provider vscode.git 6459
[2022-05-06 19:30:04.739] [exthost] [warning] [Decorations] CAPPING events from decorations provider vscode.git 6459
[2022-05-06 19:30:09.878] [exthost] [warning] [Decorations] CAPPING events from decorations provider vscode.git 6459
[2022-05-06 19:30:15.058] [exthost] [warning] [Decorations] CAPPING events from decorations provider vscode.git 6459
[2022-05-06 19:30:20.186] [exthost] [warning] [Decorations] CAPPING events from decorations provider vscode.git 6459
[2022-05-06 19:30:25.305] [exthost] [warning] [Decorations] CAPPING events from decorations provider vscode.git 6460
[2022-05-06 19:30:30.427] [exthost] [warning] [Decorations] CAPPING events from decorations provider vscode.git 6460
[2022-05-06 19:30:35.598] [exthost] [warning] [Decorations] CAPPING events from decorations provider vscode.git 6460
[2022-05-06 19:30:40.723] [exthost] [warning] [Decorations] CAPPING events from decorations provider vscode.git 6460
[2022-05-06 19:30:45.899] [exthost] [warning] [Decorations] CAPPING events from decorations provider vscode.git 6460
[2022-05-06 19:30:51.028] [exthost] [warning] [Decorations] CAPPING events from decorations provider vscode.git 6460
[2022-05-06 19:30:56.206] [exthost] [warning] [Decorations] CAPPING events from decorations provider vscode.git 6460
[2022-05-06 19:31:01.339] [exthost] [warning] [Decorations] CAPPING events from decorations provider vscode.git 6460
[2022-05-06 19:31:06.518] [exthost] [warning] [Decorations] CAPPING events from decorations provider vscode.git 6460
[2022-05-06 19:31:11.653] [exthost] [warning] [Decorations] CAPPING events from decorations provider vscode.git 6460
[2022-05-06 19:31:16.832] [exthost] [warning] [Decorations] CAPPING events from decorations provider vscode.git 6460
[2022-05-06 19:31:21.965] [exthost] [warning] [Decorations] CAPPING events from decorations provider vscode.git 6460
[2022-05-06 19:31:27.147] [exthost] [warning] [Decorations] CAPPING events from decorations provider vscode.git 6460
[2022-05-06 19:31:32.281] [exthost] [warning] [Decorations] CAPPING events from decorations provider vscode.git 6460
[2022-05-06 19:31:37.453] [exthost] [warning] [Decorations] CAPPING events from decorations provider vscode.git 6460
[2022-05-06 19:31:42.583] [exthost] [warning] [Decorations] CAPPING events from decorations provider vscode.git 6460
[2022-05-06 19:31:47.754] [exthost] [warning] [Decorations] CAPPING events from decorations provider vscode.git 6460
[2022-05-06 19:31:52.887] [exthost] [warning] [Decorations] CAPPING events from decorations provider vscode.git 6460
[2022-05-06 19:31:56.538] [exthost] [warning] [Decorations] CAPPING events from decorations provider vscode.git 6460
[2022-05-06 19:31:58.406] [exthost] [warning] [Decorations] CAPPING events from decorations provider vscode.git 6460
[2022-05-06 19:32:03.548] [exthost] [warning] [Decorations] CAPPING events from decorations provider vscode.git 6460
[2022-05-06 19:32:08.671] [exthost] [warning] [Decorations] CAPPING events from decorations provider vscode.git 6461
[2022-05-06 19:32:13.852] [exthost] [warning] [Decorations] CAPPING events from decorations provider vscode.git 6461
[2022-05-06 19:32:20.639] [exthost] [warning] [Decorations] CAPPING events from decorations provider vscode.git 6461
[2022-05-06 19:32:25.757] [exthost] [warning] [Decorations] CAPPING events from decorations provider vscode.git 6461
[2022-05-06 19:32:30.874] [exthost] [warning] [Decorations] CAPPING events from decorations provider vscode.git 6461
[2022-05-06 19:32:36.047] [exthost] [warning] [Decorations] CAPPING events from decorations provider vscode.git 6461
[2022-05-06 19:32:41.185] [exthost] [warning] [Decorations] CAPPING events from decorations provider vscode.git 6461
[2022-05-06 19:32:46.358] [exthost] [warning] [Decorations] CAPPING events from decorations provider vscode.git 6461
[2022-05-06 19:32:52.214] [exthost] [warning] [Decorations] CAPPING events from decorations provider vscode.git 6461
[2022-05-06 19:32:57.384] [exthost] [warning] [Decorations] CAPPING events from decorations provider vscode.git 6461
[2022-05-06 19:33:02.517] [exthost] [warning] [Decorations] CAPPING events from decorations provider vscode.git 6461
[2022-05-06 19:33:07.688] [exthost] [warning] [Decorations] CAPPING events from decorations provider vscode.git 6461
[2022-05-06 19:33:12.810] [exthost] [warning] [Decorations] CAPPING events from decorations provider vscode.git 6461
[2022-05-06 19:33:17.930] [exthost] [warning] [Decorations] CAPPING events from decorations provider vscode.git 6461
[2022-05-06 19:33:23.052] [exthost] [warning] [Decorations] CAPPING events from decorations provider vscode.git 6461
[2022-05-06 19:33:28.225] [exthost] [warning] [Decorations] CAPPING events from decorations provider vscode.git 6461
[2022-05-06 19:33:33.356] [exthost] [warning] [Decorations] CAPPING events from decorations provider vscode.git 6461
[2022-05-06 19:33:38.473] [exthost] [warning] [Decorations] CAPPING events from decorations provider vscode.git 6461
[2022-05-06 19:33:43.587] [exthost] [warning] [Decorations] CAPPING events from decorations provider vscode.git 6461
[2022-05-06 19:33:48.760] [exthost] [warning] [Decorations] CAPPING events from decorations provider vscode.git 6461
[2022-05-06 19:33:53.888] [exthost] [warning] [Decorations] CAPPING events from decorations provider vscode.git 6461
[2022-05-06 19:33:59.064] [exthost] [warning] [Decorations] CAPPING events from decorations provider vscode.git 6461
[2022-05-06 19:34:04.213] [exthost] [warning] [Decorations] CAPPING events from decorations provider vscode.git 6461
[2022-05-06 19:34:09.332] [exthost] [warning] [Decorations] CAPPING events from decorations provider vscode.git 6462
[2022-05-06 19:34:14.508] [exthost] [warning] [Decorations] CAPPING events from decorations provider vscode.git 6462
[2022-05-06 19:34:20.344] [exthost] [warning] [Decorations] CAPPING events from decorations provider vscode.git 6462
[2022-05-06 19:34:25.467] [exthost] [warning] [Decorations] CAPPING events from decorations provider vscode.git 6462
[2022-05-06 19:34:30.645] [exthost] [warning] [Decorations] CAPPING events from decorations provider vscode.git 6462
[2022-05-06 19:34:35.780] [exthost] [warning] [Decorations] CAPPING events from decorations provider vscode.git 6462
[2022-05-06 19:34:40.942] [exthost] [warning] [Decorations] CAPPING events from decorations provider vscode.git 6462
[2022-05-06 19:34:46.808] [exthost] [warning] [Decorations] CAPPING events from decorations provider vscode.git 6462
[2022-05-06 19:34:51.929] [exthost] [warning] [Decorations] CAPPING events from decorations provider vscode.git 6462
[2022-05-06 19:34:57.840] [exthost] [warning] [Decorations] CAPPING events from decorations provider vscode.git 6462
[2022-05-06 19:34:59.600] [exthost] [warning] [Decorations] CAPPING events from decorations provider vscode.git 6462
[2022-05-06 19:35:04.732] [exthost] [warning] [Decorations] CAPPING events from decorations provider vscode.git 6462
[2022-05-06 19:35:09.854] [exthost] [warning] [Decorations] CAPPING events from decorations provider vscode.git 6463
[2022-05-06 19:35:14.978] [exthost] [warning] [Decorations] CAPPING events from decorations provider vscode.git 6463
[2022-05-06 19:35:20.108] [exthost] [warning] [Decorations] CAPPING events from decorations provider vscode.git 6463
[2022-05-06 19:35:25.320] [exthost] [warning] [Decorations] CAPPING events from decorations provider vscode.git 6463
[2022-05-06 19:35:32.167] [exthost] [warning] [Decorations] CAPPING events from decorations provider vscode.git 6463
[2022-05-06 19:35:37.293] [exthost] [warning] [Decorations] CAPPING events from decorations provider vscode.git 6463
[2022-05-06 19:35:42.416] [exthost] [warning] [Decorations] CAPPING events from decorations provider vscode.git 6463
[2022-05-06 19:35:47.534] [exthost] [warning] [Decorations] CAPPING events from decorations provider vscode.git 6464
[2022-05-06 19:35:52.650] [exthost] [warning] [Decorations] CAPPING events from decorations provider vscode.git 6464
[2022-05-06 19:35:57.775] [exthost] [warning] [Decorations] CAPPING events from decorations provider vscode.git 6464
[2022-05-06 19:36:02.896] [exthost] [warning] [Decorations] CAPPING events from decorations provider vscode.git 6464
[2022-05-06 19:36:08.012] [exthost] [warning] [Decorations] CAPPING events from decorations provider vscode.git 6464
[2022-05-06 19:36:13.186] [exthost] [warning] [Decorations] CAPPING events from decorations provider vscode.git 6464
[2022-05-06 19:36:18.324] [exthost] [warning] [Decorations] CAPPING events from decorations provider vscode.git 6464
[2022-05-06 19:36:23.448] [exthost] [warning] [Decorations] CAPPING events from decorations provider vscode.git 6464
[2022-05-06 19:36:28.571] [exthost] [warning] [Decorations] CAPPING events from decorations provider vscode.git 6464
[2022-05-06 19:36:33.744] [exthost] [warning] [Decorations] CAPPING events from decorations provider vscode.git 6464
[2022-05-06 19:36:38.881] [exthost] [warning] [Decorations] CAPPING events from decorations provider vscode.git 6465
[2022-05-06 19:36:44.053] [exthost] [warning] [Decorations] CAPPING events from decorations provider vscode.git 6465
[2022-05-06 19:36:49.185] [exthost] [warning] [Decorations] CAPPING events from decorations provider vscode.git 6465
[2022-05-06 19:36:54.302] [exthost] [warning] [Decorations] CAPPING events from decorations provider vscode.git 6465
[2022-05-06 19:36:59.420] [exthost] [warning] [Decorations] CAPPING events from decorations provider vscode.git 6465
[2022-05-06 19:37:04.541] [exthost] [warning] [Decorations] CAPPING events from decorations provider vscode.git 6465
[2022-05-06 19:37:09.662] [exthost] [warning] [Decorations] CAPPING events from decorations provider vscode.git 6465
[2022-05-06 19:37:14.848] [exthost] [warning] [Decorations] CAPPING events from decorations provider vscode.git 6465
[2022-05-06 19:37:19.977] [exthost] [warning] [Decorations] CAPPING events from decorations provider vscode.git 6465
[2022-05-06 19:37:25.096] [exthost] [warning] [Decorations] CAPPING events from decorations provider vscode.git 6465
[2022-05-06 19:37:30.213] [exthost] [warning] [Decorations] CAPPING events from decorations provider vscode.git 6465
[2022-05-06 19:37:35.387] [exthost] [warning] [Decorations] CAPPING events from decorations provider vscode.git 6465
[2022-05-06 19:37:40.526] [exthost] [warning] [Decorations] CAPPING events from decorations provider vscode.git 6465
[2022-05-06 19:37:45.701] [exthost] [warning] [Decorations] CAPPING events from decorations provider vscode.git 6465
[2022-05-06 19:37:50.836] [exthost] [warning] [Decorations] CAPPING events from decorations provider vscode.git 6465
[2022-05-06 19:37:55.953] [exthost] [warning] [Decorations] CAPPING events from decorations provider vscode.git 6465
[2022-05-06 19:37:59.138] [exthost] [warning] [Decorations] CAPPING events from decorations provider vscode.git 6465
[2022-05-06 19:38:01.079] [exthost] [warning] [Decorations] CAPPING events from decorations provider vscode.git 6465
[2022-05-06 19:38:06.197] [exthost] [warning] [Decorations] CAPPING events from decorations provider vscode.git 6465
[2022-05-06 19:38:11.313] [exthost] [warning] [Decorations] CAPPING events from decorations provider vscode.git 6466
[2022-05-06 19:38:16.436] [exthost] [warning] [Decorations] CAPPING events from decorations provider vscode.git 6466
[2022-05-06 19:38:21.555] [exthost] [warning] [Decorations] CAPPING events from decorations provider vscode.git 6466
[2022-05-06 19:38:26.676] [exthost] [warning] [Decorations] CAPPING events from decorations provider vscode.git 6466
[2022-05-06 19:38:31.852] [exthost] [warning] [Decorations] CAPPING events from decorations provider vscode.git 6466
[2022-05-06 19:38:36.979] [exthost] [warning] [Decorations] CAPPING events from decorations provider vscode.git 6466
[2022-05-06 19:38:42.100] [exthost] [warning] [Decorations] CAPPING events from decorations provider vscode.git 6466
[2022-05-06 19:38:47.217] [exthost] [warning] [Decorations] CAPPING events from decorations provider vscode.git 6467
[2022-05-06 19:38:52.394] [exthost] [warning] [Decorations] CAPPING events from decorations provider vscode.git 6467
[2022-05-06 19:38:57.525] [exthost] [warning] [Decorations] CAPPING events from decorations provider vscode.git 6467
[2022-05-06 19:39:02.643] [exthost] [warning] [Decorations] CAPPING events from decorations provider vscode.git 6467
[2022-05-06 19:39:07.760] [exthost] [warning] [Decorations] CAPPING events from decorations provider vscode.git 6467
[2022-05-06 19:39:12.935] [exthost] [warning] [Decorations] CAPPING events from decorations provider vscode.git 6467
[2022-05-06 19:39:18.075] [exthost] [warning] [Decorations] CAPPING events from decorations provider vscode.git 6467
[2022-05-06 19:39:23.189] [exthost] [warning] [Decorations] CAPPING events from decorations provider vscode.git 6467
[2022-05-06 19:39:28.318] [exthost] [warning] [Decorations] CAPPING events from decorations provider vscode.git 6467
[2022-05-06 19:39:33.433] [exthost] [warning] [Decorations] CAPPING events from decorations provider vscode.git 6467
[2022-05-06 19:39:38.555] [exthost] [warning] [Decorations] CAPPING events from decorations provider vscode.git 6467
[2022-05-06 19:39:43.680] [exthost] [warning] [Decorations] CAPPING events from decorations provider vscode.git 6467
[2022-05-06 19:39:48.799] [exthost] [warning] [Decorations] CAPPING events from decorations provider vscode.git 6468
[2022-05-06 19:39:53.923] [exthost] [warning] [Decorations] CAPPING events from decorations provider vscode.git 6468
[2022-05-06 19:39:59.043] [exthost] [warning] [Decorations] CAPPING events from decorations provider vscode.git 6468
[2022-05-06 19:40:04.161] [exthost] [warning] [Decorations] CAPPING events from decorations provider vscode.git 6468
[2022-05-06 19:40:09.285] [exthost] [warning] [Decorations] CAPPING events from decorations provider vscode.git 6468
[2022-05-06 19:40:14.403] [exthost] [warning] [Decorations] CAPPING events from decorations provider vscode.git 6468
[2022-05-06 19:40:19.520] [exthost] [warning] [Decorations] CAPPING events from decorations provider vscode.git 6468
[2022-05-06 19:40:24.706] [exthost] [warning] [Decorations] CAPPING events from decorations provider vscode.git 6468
[2022-05-06 19:40:29.835] [exthost] [warning] [Decorations] CAPPING events from decorations provider vscode.git 6468
[2022-05-06 19:40:35.020] [exthost] [warning] [Decorations] CAPPING events from decorations provider vscode.git 6468
[2022-05-06 19:40:40.147] [exthost] [warning] [Decorations] CAPPING events from decorations provider vscode.git 6468
[2022-05-06 19:40:45.327] [exthost] [warning] [Decorations] CAPPING events from decorations provider vscode.git 6468
[2022-05-06 19:40:52.125] [exthost] [warning] [Decorations] CAPPING events from decorations provider vscode.git 6468
[2022-05-06 19:40:57.310] [exthost] [warning] [Decorations] CAPPING events from decorations provider vscode.git 6468
[2022-05-06 19:41:00.436] [exthost] [warning] [Decorations] CAPPING events from decorations provider vscode.git 6468
[2022-05-06 19:41:02.495] [exthost] [warning] [Decorations] CAPPING events from decorations provider vscode.git 6468
[2022-05-06 19:41:09.298] [exthost] [warning] [Decorations] CAPPING events from decorations provider vscode.git 6468
[2022-05-06 19:41:14.476] [exthost] [warning] [Decorations] CAPPING events from decorations provider vscode.git 6468
[2022-05-06 19:41:21.345] [exthost] [warning] [Decorations] CAPPING events from decorations provider vscode.git 6468
[2022-05-06 19:41:26.537] [exthost] [warning] [Decorations] CAPPING events from decorations provider vscode.git 6468
[2022-05-06 19:41:31.681] [exthost] [warning] [Decorations] CAPPING events from decorations provider vscode.git 6468
[2022-05-06 19:41:36.835] [exthost] [warning] [Decorations] CAPPING events from decorations provider vscode.git 6468
[2022-05-06 19:41:41.971] [exthost] [warning] [Decorations] CAPPING events from decorations provider vscode.git 6468
[2022-05-06 19:41:47.146] [exthost] [warning] [Decorations] CAPPING events from decorations provider vscode.git 6468
[2022-05-06 19:41:53.940] [exthost] [warning] [Decorations] CAPPING events from decorations provider vscode.git 6468
[2022-05-06 19:41:59.114] [exthost] [warning] [Decorations] CAPPING events from decorations provider vscode.git 6468
[2022-05-06 19:42:05.913] [exthost] [warning] [Decorations] CAPPING events from decorations provider vscode.git 6468
[2022-05-06 19:42:11.039] [exthost] [warning] [Decorations] CAPPING events from decorations provider vscode.git 6468
[2022-05-06 19:42:16.158] [exthost] [warning] [Decorations] CAPPING events from decorations provider vscode.git 6468
[2022-05-06 19:42:21.347] [exthost] [warning] [Decorations] CAPPING events from decorations provider vscode.git 6468
[2022-05-06 19:42:26.477] [exthost] [warning] [Decorations] CAPPING events from decorations provider vscode.git 6468
[2022-05-06 19:42:31.593] [exthost] [warning] [Decorations] CAPPING events from decorations provider vscode.git 6468
[2022-05-06 19:42:36.712] [exthost] [warning] [Decorations] CAPPING events from decorations provider vscode.git 6468
[2022-05-06 19:42:41.899] [exthost] [warning] [Decorations] CAPPING events from decorations provider vscode.git 6468
[2022-05-06 19:42:47.039] [exthost] [warning] [Decorations] CAPPING events from decorations provider vscode.git 6468
[2022-05-06 19:42:52.200] [exthost] [warning] [Decorations] CAPPING events from decorations provider vscode.git 6468
[2022-05-06 19:42:58.069] [exthost] [warning] [Decorations] CAPPING events from decorations provider vscode.git 6468
[2022-05-06 19:43:03.192] [exthost] [warning] [Decorations] CAPPING events from decorations provider vscode.git 6468
[2022-05-06 19:43:08.313] [exthost] [warning] [Decorations] CAPPING events from decorations provider vscode.git 6468
[2022-05-06 19:43:13.430] [exthost] [warning] [Decorations] CAPPING events from decorations provider vscode.git 6468
[2022-05-06 19:43:18.554] [exthost] [warning] [Decorations] CAPPING events from decorations provider vscode.git 6468
[2022-05-06 19:43:23.737] [exthost] [warning] [Decorations] CAPPING events from decorations provider vscode.git 6468
[2022-05-06 19:43:30.606] [exthost] [warning] [Decorations] CAPPING events from decorations provider vscode.git 6468
[2022-05-06 19:43:35.793] [exthost] [warning] [Decorations] CAPPING events from decorations provider vscode.git 6468
[2022-05-06 19:43:40.932] [exthost] [warning] [Decorations] CAPPING events from decorations provider vscode.git 6468
[2022-05-06 19:43:46.118] [exthost] [warning] [Decorations] CAPPING events from decorations provider vscode.git 6468
[2022-05-06 19:43:51.257] [exthost] [warning] [Decorations] CAPPING events from decorations provider vscode.git 6468
[2022-05-06 19:43:56.377] [exthost] [warning] [Decorations] CAPPING events from decorations provider vscode.git 6468
[2022-05-06 19:44:01.744] [exthost] [warning] [Decorations] CAPPING events from decorations provider vscode.git 6468
[2022-05-06 19:44:03.507] [exthost] [warning] [Decorations] CAPPING events from decorations provider vscode.git 6468
[2022-05-06 19:44:08.643] [exthost] [warning] [Decorations] CAPPING events from decorations provider vscode.git 6468
[2022-05-06 19:44:13.764] [exthost] [warning] [Decorations] CAPPING events from decorations provider vscode.git 6468
[2022-05-06 19:44:18.887] [exthost] [warning] [Decorations] CAPPING events from decorations provider vscode.git 6468
[2022-05-06 19:44:24.011] [exthost] [warning] [Decorations] CAPPING events from decorations provider vscode.git 6468
[2022-05-06 19:44:29.136] [exthost] [warning] [Decorations] CAPPING events from decorations provider vscode.git 6468
[2022-05-06 19:44:34.259] [exthost] [warning] [Decorations] CAPPING events from decorations provider vscode.git 6469
[2022-05-06 19:44:39.378] [exthost] [warning] [Decorations] CAPPING events from decorations provider vscode.git 6469
[2022-05-06 19:44:44.497] [exthost] [warning] [Decorations] CAPPING events from decorations provider vscode.git 6469
[2022-05-06 19:44:49.618] [exthost] [warning] [Decorations] CAPPING events from decorations provider vscode.git 6469
[2022-05-06 19:44:54.794] [exthost] [warning] [Decorations] CAPPING events from decorations provider vscode.git 6469
[2022-05-06 19:45:00.657] [exthost] [warning] [Decorations] CAPPING events from decorations provider vscode.git 6469
[2022-05-06 19:45:05.846] [exthost] [warning] [Decorations] CAPPING events from decorations provider vscode.git 6469
[2022-05-06 19:45:10.982] [exthost] [warning] [Decorations] CAPPING events from decorations provider vscode.git 6469
[2022-05-06 19:45:16.103] [exthost] [warning] [Decorations] CAPPING events from decorations provider vscode.git 6469
[2022-05-06 19:45:21.226] [exthost] [warning] [Decorations] CAPPING events from decorations provider vscode.git 6469
[2022-05-06 19:45:26.342] [exthost] [warning] [Decorations] CAPPING events from decorations provider vscode.git 6469
[2022-05-06 19:45:31.465] [exthost] [warning] [Decorations] CAPPING events from decorations provider vscode.git 6469
[2022-05-06 19:45:36.578] [exthost] [warning] [Decorations] CAPPING events from decorations provider vscode.git 6469
[2022-05-06 19:45:41.696] [exthost] [warning] [Decorations] CAPPING events from decorations provider vscode.git 6469
[2022-05-06 19:45:46.820] [exthost] [warning] [Decorations] CAPPING events from decorations provider vscode.git 6469
[2022-05-06 19:45:52.019] [exthost] [warning] [Decorations] CAPPING events from decorations provider vscode.git 6469
[2022-05-06 19:45:57.142] [exthost] [warning] [Decorations] CAPPING events from decorations provider vscode.git 6470
[2022-05-06 19:46:02.262] [exthost] [warning] [Decorations] CAPPING events from decorations provider vscode.git 6470
[2022-05-06 19:46:07.440] [exthost] [warning] [Decorations] CAPPING events from decorations provider vscode.git 6470
[2022-05-06 19:46:12.582] [exthost] [warning] [Decorations] CAPPING events from decorations provider vscode.git 6470
[2022-05-06 19:46:17.767] [exthost] [warning] [Decorations] CAPPING events from decorations provider vscode.git 6470
[2022-05-06 19:46:24.634] [exthost] [warning] [Decorations] CAPPING events from decorations provider vscode.git 6470
[2022-05-06 19:46:29.756] [exthost] [warning] [Decorations] CAPPING events from decorations provider vscode.git 6470
[2022-05-06 19:46:34.875] [exthost] [warning] [Decorations] CAPPING events from decorations provider vscode.git 6470
[2022-05-06 19:46:39.998] [exthost] [warning] [Decorations] CAPPING events from decorations provider vscode.git 6470
[2022-05-06 19:46:45.177] [exthost] [warning] [Decorations] CAPPING events from decorations provider vscode.git 6470
[2022-05-06 19:46:51.995] [exthost] [warning] [Decorations] CAPPING events from decorations provider vscode.git 6470
[2022-05-06 19:46:57.121] [exthost] [warning] [Decorations] CAPPING events from decorations provider vscode.git 6470
[2022-05-06 19:47:03.064] [exthost] [warning] [Decorations] CAPPING events from decorations provider vscode.git 6471
[2022-05-06 19:47:04.973] [exthost] [warning] [Decorations] CAPPING events from decorations provider vscode.git 6471
[2022-05-06 19:47:10.128] [exthost] [warning] [Decorations] CAPPING events from decorations provider vscode.git 6471
[2022-05-06 19:47:15.255] [exthost] [warning] [Decorations] CAPPING events from decorations provider vscode.git 6471
[2022-05-06 19:47:20.390] [exthost] [warning] [Decorations] CAPPING events from decorations provider vscode.git 6471
[2022-05-06 19:47:25.528] [exthost] [warning] [Decorations] CAPPING events from decorations provider vscode.git 6471
[2022-05-06 19:47:30.663] [exthost] [warning] [Decorations] CAPPING events from decorations provider vscode.git 6471
[2022-05-06 19:47:36.592] [exthost] [warning] [Decorations] CAPPING events from decorations provider vscode.git 6471
[2022-05-06 19:47:41.719] [exthost] [warning] [Decorations] CAPPING events from decorations provider vscode.git 6471
[2022-05-06 19:47:46.862] [exthost] [warning] [Decorations] CAPPING events from decorations provider vscode.git 6471
[2022-05-06 19:47:51.994] [exthost] [warning] [Decorations] CAPPING events from decorations provider vscode.git 6471
[2022-05-06 19:47:57.989] [exthost] [warning] [Decorations] CAPPING events from decorations provider vscode.git 6472
[2022-05-06 19:48:03.160] [exthost] [warning] [Decorations] CAPPING events from decorations provider vscode.git 6472
[2022-05-06 19:48:08.358] [exthost] [warning] [Decorations] CAPPING events from decorations provider vscode.git 6472
[2022-05-06 19:48:15.203] [exthost] [warning] [Decorations] CAPPING events from decorations provider vscode.git 6472
[2022-05-06 19:48:20.328] [exthost] [warning] [Decorations] CAPPING events from decorations provider vscode.git 6472
[2022-05-06 19:48:25.461] [exthost] [warning] [Decorations] CAPPING events from decorations provider vscode.git 6472
[2022-05-06 19:48:30.602] [exthost] [warning] [Decorations] CAPPING events from decorations provider vscode.git 6472
[2022-05-06 19:48:35.729] [exthost] [warning] [Decorations] CAPPING events from decorations provider vscode.git 6472
[2022-05-06 19:48:40.866] [exthost] [warning] [Decorations] CAPPING events from decorations provider vscode.git 6472
[2022-05-06 19:48:45.987] [exthost] [warning] [Decorations] CAPPING events from decorations provider vscode.git 6472
[2022-05-06 19:48:51.886] [exthost] [warning] [Decorations] CAPPING events from decorations provider vscode.git 6472
[2022-05-06 19:48:57.029] [exthost] [warning] [Decorations] CAPPING events from decorations provider vscode.git 6472
[2022-05-06 19:49:02.155] [exthost] [warning] [Decorations] CAPPING events from decorations provider vscode.git 6472
[2022-05-06 19:49:07.288] [exthost] [warning] [Decorations] CAPPING events from decorations provider vscode.git 6472
[2022-05-06 19:49:12.418] [exthost] [warning] [Decorations] CAPPING events from decorations provider vscode.git 6472
[2022-05-06 19:49:17.543] [exthost] [warning] [Decorations] CAPPING events from decorations provider vscode.git 6473
[2022-05-06 19:49:22.738] [exthost] [warning] [Decorations] CAPPING events from decorations provider vscode.git 6473
[2022-05-06 19:49:29.603] [exthost] [warning] [Decorations] CAPPING events from decorations provider vscode.git 6473
[2022-05-06 19:49:34.734] [exthost] [warning] [Decorations] CAPPING events from decorations provider vscode.git 6473
[2022-05-06 19:50:03.116] [exthost] [warning] [Decorations] CAPPING events from decorations provider vscode.git 6474
[2022-05-06 19:50:05.085] [exthost] [warning] [Decorations] CAPPING events from decorations provider vscode.git 6474
[2022-05-06 19:50:08.253] [exthost] [warning] [Decorations] CAPPING events from decorations provider vscode.git 6474
[2022-05-06 19:50:13.384] [exthost] [warning] [Decorations] CAPPING events from decorations provider vscode.git 6474
[2022-05-06 19:50:18.506] [exthost] [warning] [Decorations] CAPPING events from decorations provider vscode.git 6474
[2022-05-06 19:50:23.631] [exthost] [warning] [Decorations] CAPPING events from decorations provider vscode.git 6474
[2022-05-06 19:50:28.752] [exthost] [warning] [Decorations] CAPPING events from decorations provider vscode.git 6474
[2022-05-06 19:50:33.874] [exthost] [warning] [Decorations] CAPPING events from decorations provider vscode.git 6474
[2022-05-06 19:50:38.994] [exthost] [warning] [Decorations] CAPPING events from decorations provider vscode.git 6474
[2022-05-06 19:50:44.117] [exthost] [warning] [Decorations] CAPPING events from decorations provider vscode.git 6474
[2022-05-06 19:50:49.246] [exthost] [warning] [Decorations] CAPPING events from decorations provider vscode.git 6474
[2022-05-06 19:50:54.365] [exthost] [warning] [Decorations] CAPPING events from decorations provider vscode.git 6474
[2022-05-06 19:50:59.485] [exthost] [warning] [Decorations] CAPPING events from decorations provider vscode.git 6474
[2022-05-06 19:51:04.605] [exthost] [warning] [Decorations] CAPPING events from decorations provider vscode.git 6474
[2022-05-06 19:51:09.727] [exthost] [warning] [Decorations] CAPPING events from decorations provider vscode.git 6474
[2022-05-06 19:51:14.849] [exthost] [warning] [Decorations] CAPPING events from decorations provider vscode.git 6475
[2022-05-06 19:51:20.756] [exthost] [warning] [Decorations] CAPPING events from decorations provider vscode.git 6475
[2022-05-06 19:51:25.878] [exthost] [warning] [Decorations] CAPPING events from decorations provider vscode.git 6476
[2022-05-06 19:51:30.999] [exthost] [warning] [Decorations] CAPPING events from decorations provider vscode.git 6476
[2022-05-06 19:51:36.125] [exthost] [warning] [Decorations] CAPPING events from decorations provider vscode.git 6476
[2022-05-06 19:51:41.253] [exthost] [warning] [Decorations] CAPPING events from decorations provider vscode.git 6476
[2022-05-06 19:51:46.372] [exthost] [warning] [Decorations] CAPPING events from decorations provider vscode.git 6476
[2022-05-06 19:51:51.495] [exthost] [warning] [Decorations] CAPPING events from decorations provider vscode.git 6476
[2022-05-06 19:51:56.619] [exthost] [warning] [Decorations] CAPPING events from decorations provider vscode.git 6477
[2022-05-06 19:52:02.592] [exthost] [warning] [Decorations] CAPPING events from decorations provider vscode.git 6477
[2022-05-06 19:52:07.714] [exthost] [warning] [Decorations] CAPPING events from decorations provider vscode.git 6477
[2022-05-06 19:52:16.370] [exthost] [warning] [Decorations] CAPPING events from decorations provider vscode.git 6477
[2022-05-06 19:52:28.358] [exthost] [warning] [Decorations] CAPPING events from decorations provider vscode.git 6477
[2022-05-06 19:52:33.566] [exthost] [warning] [Decorations] CAPPING events from decorations provider vscode.git 6477
[2022-05-06 19:52:38.693] [exthost] [warning] [Decorations] CAPPING events from decorations provider vscode.git 6477
[2022-05-06 19:52:43.822] [exthost] [warning] [Decorations] CAPPING events from decorations provider vscode.git 6477
[2022-05-06 19:52:48.948] [exthost] [warning] [Decorations] CAPPING events from decorations provider vscode.git 6477
[2022-05-06 19:52:54.137] [exthost] [warning] [Decorations] CAPPING events from decorations provider vscode.git 6477
[2022-05-06 19:52:59.276] [exthost] [warning] [Decorations] CAPPING events from decorations provider vscode.git 6477
[2022-05-06 19:53:04.469] [exthost] [warning] [Decorations] CAPPING events from decorations provider vscode.git 6477
[2022-05-06 19:53:07.492] [exthost] [warning] [Decorations] CAPPING events from decorations provider vscode.git 6477
[2022-05-06 19:53:09.662] [exthost] [warning] [Decorations] CAPPING events from decorations provider vscode.git 6477
