[2022-06-10 14:32:58.120] [exthost] [info] Extension host with pid 144 started
[2022-06-10 14:32:58.151] [exthost] [info] Lock '/home/lrb96/.vscode-server/data/User/workspaceStorage/84b1dcf39b1c1efa2da27761829bdaf5/vscode.lock': Lock acquired.
[2022-06-10 14:32:58.181] [exthost] [info] ExtensionService#_doActivateExtension ms-python.python, startup: false, activationEvent: 'onLanguage:python'
[2022-06-10 14:32:58.500] [exthost] [info] ExtensionService#_doActivateExtension ms-toolsai.jupyter, startup: false, activationEvent: 'onLanguage:python'
[2022-06-10 14:32:58.841] [exthost] [info] ExtensionService#_doActivateExtension vscode.debug-auto-launch, startup: true, activationEvent: '*'
[2022-06-10 14:32:58.847] [exthost] [info] ExtensionService#_doActivateExtension vscode.git-base, startup: true, activationEvent: '*', root cause: vscode.git
[2022-06-10 14:32:58.853] [exthost] [info] ExtensionService#_doActivateExtension vscode.ipynb, startup: true, activationEvent: '*'
[2022-06-10 14:32:59.072] [exthost] [info] ExtensionService#_doActivateExtension vscode.git, startup: true, activationEvent: '*'
[2022-06-10 14:32:59.186] [exthost] [info] ExtensionService#_doActivateExtension vscode.github, startup: true, activationEvent: '*'
[2022-06-10 14:32:59.464] [exthost] [info] ExtensionService#_doActivateExtension ms-toolsai.jupyter-renderers, startup: false, activationEvent: 'api', root cause: ms-toolsai.jupyter
[2022-06-10 14:32:59.485] [exthost] [info] ExtensionService#_doActivateExtension ms-python.vscode-pylance, startup: false, activationEvent: 'onLanguage:python'
[2022-06-10 14:32:59.685] [exthost] [info] ExtensionService#_doActivateExtension vscode.emmet, startup: false, activationEvent: 'onStartupFinished'
[2022-06-10 14:32:59.700] [exthost] [info] ExtensionService#_doActivateExtension vscode.merge-conflict, startup: false, activationEvent: 'onStartupFinished'
[2022-06-10 14:32:59.704] [exthost] [info] Eager extensions activated
[2022-06-10 14:33:00.112] [exthost] [warning] [Decorations] CAPPING events from decorations provider vscode.git 404
[2022-06-10 14:33:00.380] [exthost] [info] ExtensionService#_doActivateExtension vscode.configuration-editing, startup: false, activationEvent: 'onLanguage:jsonc'
[2022-06-10 14:33:00.387] [exthost] [info] ExtensionService#_doActivateExtension vscode.json-language-features, startup: false, activationEvent: 'onLanguage:jsonc'
[2022-06-10 14:33:00.441] [exthost] [info] ExtensionService#_doActivateExtension vscode.typescript-language-features, startup: false, activationEvent: 'onLanguage:jsonc'
[2022-06-10 14:33:01.296] [exthost] [warning] [Decorations] CAPPING events from decorations provider vscode.git 409
[2022-06-10 14:33:10.421] [exthost] [warning] [Decorations] CAPPING events from decorations provider vscode.git 576
[2022-06-10 14:33:15.495] [exthost] [warning] [Decorations] CAPPING events from decorations provider vscode.git 575
[2022-06-10 14:33:20.566] [exthost] [warning] [Decorations] CAPPING events from decorations provider vscode.git 575
[2022-06-10 14:33:25.633] [exthost] [warning] [Decorations] CAPPING events from decorations provider vscode.git 575
[2022-06-10 14:33:30.704] [exthost] [warning] [Decorations] CAPPING events from decorations provider vscode.git 575
[2022-06-10 14:36:01.242] [exthost] [warning] [Decorations] CAPPING events from decorations provider vscode.git 575
[2022-06-10 14:36:02.594] [exthost] [warning] [Decorations] CAPPING events from decorations provider vscode.git 575
[2022-06-10 14:41:00.347] [exthost] [warning] [Decorations] CAPPING events from decorations provider vscode.git 575
[2022-06-10 14:41:01.583] [exthost] [warning] [Decorations] CAPPING events from decorations provider vscode.git 575
[2022-06-10 14:41:05.412] [exthost] [warning] [Decorations] CAPPING events from decorations provider vscode.git 575
[2022-06-10 14:41:10.472] [exthost] [warning] [Decorations] CAPPING events from decorations provider vscode.git 575
[2022-06-10 14:41:15.539] [exthost] [warning] [Decorations] CAPPING events from decorations provider vscode.git 575
[2022-06-10 14:41:20.603] [exthost] [warning] [Decorations] CAPPING events from decorations provider vscode.git 575
[2022-06-10 14:41:25.663] [exthost] [warning] [Decorations] CAPPING events from decorations provider vscode.git 575
[2022-06-10 14:41:30.727] [exthost] [warning] [Decorations] CAPPING events from decorations provider vscode.git 575
[2022-06-10 14:41:35.793] [exthost] [warning] [Decorations] CAPPING events from decorations provider vscode.git 575
[2022-06-10 14:41:40.858] [exthost] [warning] [Decorations] CAPPING events from decorations provider vscode.git 575
[2022-06-10 14:41:47.222] [exthost] [warning] [Decorations] CAPPING events from decorations provider vscode.git 575
[2022-06-10 14:41:52.283] [exthost] [warning] [Decorations] CAPPING events from decorations provider vscode.git 575
[2022-06-10 14:41:57.343] [exthost] [warning] [Decorations] CAPPING events from decorations provider vscode.git 575
[2022-06-10 14:42:02.849] [exthost] [warning] [Decorations] CAPPING events from decorations provider vscode.git 575
[2022-06-10 14:42:07.921] [exthost] [warning] [Decorations] CAPPING events from decorations provider vscode.git 575
[2022-06-10 14:42:13.289] [exthost] [warning] [Decorations] CAPPING events from decorations provider vscode.git 575
[2022-06-10 14:42:18.352] [exthost] [warning] [Decorations] CAPPING events from decorations provider vscode.git 575
[2022-06-10 14:42:23.414] [exthost] [warning] [Decorations] CAPPING events from decorations provider vscode.git 575
[2022-06-10 14:42:28.479] [exthost] [warning] [Decorations] CAPPING events from decorations provider vscode.git 575
[2022-06-10 14:42:33.547] [exthost] [warning] [Decorations] CAPPING events from decorations provider vscode.git 575
[2022-06-10 14:42:38.815] [exthost] [warning] [Decorations] CAPPING events from decorations provider vscode.git 578
[2022-06-10 14:42:43.874] [exthost] [warning] [Decorations] CAPPING events from decorations provider vscode.git 578
[2022-06-10 14:42:48.940] [exthost] [warning] [Decorations] CAPPING events from decorations provider vscode.git 578
[2022-06-10 14:42:53.999] [exthost] [warning] [Decorations] CAPPING events from decorations provider vscode.git 578
[2022-06-10 14:42:59.059] [exthost] [warning] [Decorations] CAPPING events from decorations provider vscode.git 578
[2022-06-10 14:43:04.127] [exthost] [warning] [Decorations] CAPPING events from decorations provider vscode.git 578
[2022-06-10 14:43:10.487] [exthost] [warning] [Decorations] CAPPING events from decorations provider vscode.git 578
[2022-06-10 14:43:15.559] [exthost] [warning] [Decorations] CAPPING events from decorations provider vscode.git 578
[2022-06-10 14:43:20.628] [exthost] [warning] [Decorations] CAPPING events from decorations provider vscode.git 578
[2022-06-10 14:43:26.502] [exthost] [warning] [Decorations] CAPPING events from decorations provider vscode.git 579
[2022-06-10 14:43:31.565] [exthost] [warning] [Decorations] CAPPING events from decorations provider vscode.git 579
[2022-06-10 14:43:36.625] [exthost] [warning] [Decorations] CAPPING events from decorations provider vscode.git 579
[2022-06-10 14:43:41.689] [exthost] [warning] [Decorations] CAPPING events from decorations provider vscode.git 579
[2022-06-10 14:43:46.759] [exthost] [warning] [Decorations] CAPPING events from decorations provider vscode.git 579
[2022-06-10 14:43:51.818] [exthost] [warning] [Decorations] CAPPING events from decorations provider vscode.git 579
[2022-06-10 14:43:56.878] [exthost] [warning] [Decorations] CAPPING events from decorations provider vscode.git 579
[2022-06-10 14:44:02.070] [exthost] [warning] [Decorations] CAPPING events from decorations provider vscode.git 579
[2022-06-10 14:44:03.302] [exthost] [warning] [Decorations] CAPPING events from decorations provider vscode.git 579
[2022-06-10 14:44:07.134] [exthost] [warning] [Decorations] CAPPING events from decorations provider vscode.git 579
[2022-06-10 14:44:12.202] [exthost] [warning] [Decorations] CAPPING events from decorations provider vscode.git 580
[2022-06-10 14:44:17.264] [exthost] [warning] [Decorations] CAPPING events from decorations provider vscode.git 580
[2022-06-10 14:44:22.325] [exthost] [warning] [Decorations] CAPPING events from decorations provider vscode.git 580
[2022-06-10 14:44:33.377] [exthost] [warning] [Decorations] CAPPING events from decorations provider vscode.git 580
[2022-06-10 14:44:38.440] [exthost] [warning] [Decorations] CAPPING events from decorations provider vscode.git 580
[2022-06-10 14:44:43.506] [exthost] [warning] [Decorations] CAPPING events from decorations provider vscode.git 580
[2022-06-10 14:44:48.570] [exthost] [warning] [Decorations] CAPPING events from decorations provider vscode.git 580
[2022-06-10 14:44:53.642] [exthost] [warning] [Decorations] CAPPING events from decorations provider vscode.git 580
[2022-06-10 14:44:58.704] [exthost] [warning] [Decorations] CAPPING events from decorations provider vscode.git 580
[2022-06-10 14:45:03.772] [exthost] [warning] [Decorations] CAPPING events from decorations provider vscode.git 581
[2022-06-10 14:45:14.271] [exthost] [warning] [Decorations] CAPPING events from decorations provider vscode.git 581
[2022-06-10 14:45:19.338] [exthost] [warning] [Decorations] CAPPING events from decorations provider vscode.git 581
[2022-06-10 14:45:24.401] [exthost] [warning] [Decorations] CAPPING events from decorations provider vscode.git 581
[2022-06-10 14:45:30.888] [exthost] [warning] [Decorations] CAPPING events from decorations provider vscode.git 581
[2022-06-10 14:45:35.953] [exthost] [warning] [Decorations] CAPPING events from decorations provider vscode.git 581
[2022-06-10 14:45:42.035] [exthost] [warning] [Decorations] CAPPING events from decorations provider vscode.git 582
[2022-06-10 14:45:49.712] [exthost] [warning] [Decorations] CAPPING events from decorations provider vscode.git 582
[2022-06-10 14:45:54.774] [exthost] [warning] [Decorations] CAPPING events from decorations provider vscode.git 582
[2022-06-10 14:46:19.494] [exthost] [warning] [Decorations] CAPPING events from decorations provider vscode.git 582
[2022-06-10 14:46:24.553] [exthost] [warning] [Decorations] CAPPING events from decorations provider vscode.git 582
[2022-06-10 14:46:30.433] [exthost] [warning] [Decorations] CAPPING events from decorations provider vscode.git 583
[2022-06-10 14:46:35.498] [exthost] [warning] [Decorations] CAPPING events from decorations provider vscode.git 583
[2022-06-10 14:46:40.555] [exthost] [warning] [Decorations] CAPPING events from decorations provider vscode.git 583
[2022-06-10 14:46:48.340] [exthost] [warning] [Decorations] CAPPING events from decorations provider vscode.git 583
[2022-06-10 14:47:07.210] [exthost] [warning] [Decorations] CAPPING events from decorations provider vscode.git 583
[2022-06-10 14:47:08.449] [exthost] [warning] [Decorations] CAPPING events from decorations provider vscode.git 583
[2022-06-10 14:47:12.272] [exthost] [warning] [Decorations] CAPPING events from decorations provider vscode.git 583
[2022-06-10 14:47:17.332] [exthost] [warning] [Decorations] CAPPING events from decorations provider vscode.git 583
[2022-06-10 14:47:28.608] [exthost] [warning] [Decorations] CAPPING events from decorations provider vscode.git 584
[2022-06-10 14:47:33.724] [exthost] [warning] [Decorations] CAPPING events from decorations provider vscode.git 584
[2022-06-10 14:47:51.603] [exthost] [warning] [Decorations] CAPPING events from decorations provider vscode.git 584
[2022-06-10 14:47:56.665] [exthost] [warning] [Decorations] CAPPING events from decorations provider vscode.git 584
[2022-06-10 14:48:01.725] [exthost] [warning] [Decorations] CAPPING events from decorations provider vscode.git 584
[2022-06-10 14:48:10.332] [exthost] [warning] [Decorations] CAPPING events from decorations provider vscode.git 585
[2022-06-10 14:48:15.395] [exthost] [warning] [Decorations] CAPPING events from decorations provider vscode.git 585
[2022-06-10 14:48:20.608] [exthost] [warning] [Decorations] CAPPING events from decorations provider vscode.git 585
[2022-06-10 14:48:25.672] [exthost] [warning] [Decorations] CAPPING events from decorations provider vscode.git 585
[2022-06-10 14:48:30.734] [exthost] [warning] [Decorations] CAPPING events from decorations provider vscode.git 585
[2022-06-10 14:48:37.325] [exthost] [warning] [Decorations] CAPPING events from decorations provider vscode.git 586
[2022-06-10 14:48:44.684] [exthost] [warning] [Decorations] CAPPING events from decorations provider vscode.git 586
[2022-06-10 14:48:50.225] [exthost] [warning] [Decorations] CAPPING events from decorations provider vscode.git 586
[2022-06-10 14:48:55.286] [exthost] [warning] [Decorations] CAPPING events from decorations provider vscode.git 586
[2022-06-10 14:49:00.350] [exthost] [warning] [Decorations] CAPPING events from decorations provider vscode.git 586
[2022-06-10 14:49:05.411] [exthost] [warning] [Decorations] CAPPING events from decorations provider vscode.git 586
[2022-06-10 14:49:10.477] [exthost] [warning] [Decorations] CAPPING events from decorations provider vscode.git 586
[2022-06-10 14:49:15.539] [exthost] [warning] [Decorations] CAPPING events from decorations provider vscode.git 586
[2022-06-10 14:49:21.249] [exthost] [warning] [Decorations] CAPPING events from decorations provider vscode.git 586
[2022-06-10 14:49:56.918] [exthost] [warning] [Decorations] CAPPING events from decorations provider vscode.git 586
[2022-06-10 14:50:01.985] [exthost] [warning] [Decorations] CAPPING events from decorations provider vscode.git 586
[2022-06-10 14:50:09.016] [exthost] [warning] [Decorations] CAPPING events from decorations provider vscode.git 586
[2022-06-10 14:50:10.229] [exthost] [warning] [Decorations] CAPPING events from decorations provider vscode.git 586
[2022-06-10 14:50:14.433] [exthost] [warning] [Decorations] CAPPING events from decorations provider vscode.git 586
[2022-06-10 14:50:19.495] [exthost] [warning] [Decorations] CAPPING events from decorations provider vscode.git 586
[2022-06-10 14:50:24.553] [exthost] [warning] [Decorations] CAPPING events from decorations provider vscode.git 586
[2022-06-10 14:50:30.472] [exthost] [warning] [Decorations] CAPPING events from decorations provider vscode.git 586
[2022-06-10 14:50:35.536] [exthost] [warning] [Decorations] CAPPING events from decorations provider vscode.git 586
[2022-06-10 14:50:40.604] [exthost] [warning] [Decorations] CAPPING events from decorations provider vscode.git 586
[2022-06-10 14:50:58.723] [exthost] [warning] [Decorations] CAPPING events from decorations provider vscode.git 587
[2022-06-10 14:51:03.782] [exthost] [warning] [Decorations] CAPPING events from decorations provider vscode.git 587
[2022-06-10 14:51:08.844] [exthost] [warning] [Decorations] CAPPING events from decorations provider vscode.git 587
[2022-06-10 14:51:16.657] [exthost] [warning] [Decorations] CAPPING events from decorations provider vscode.git 588
[2022-06-10 14:51:25.580] [exthost] [warning] [Decorations] CAPPING events from decorations provider vscode.git 588
[2022-06-10 14:51:30.645] [exthost] [warning] [Decorations] CAPPING events from decorations provider vscode.git 588
[2022-06-10 14:51:35.709] [exthost] [warning] [Decorations] CAPPING events from decorations provider vscode.git 588
[2022-06-10 14:51:41.340] [exthost] [warning] [Decorations] CAPPING events from decorations provider vscode.git 589
[2022-06-10 14:51:46.403] [exthost] [warning] [Decorations] CAPPING events from decorations provider vscode.git 589
[2022-06-10 14:52:34.445] [exthost] [warning] [Decorations] CAPPING events from decorations provider vscode.git 589
[2022-06-10 14:52:39.507] [exthost] [warning] [Decorations] CAPPING events from decorations provider vscode.git 589
[2022-06-10 14:52:44.571] [exthost] [warning] [Decorations] CAPPING events from decorations provider vscode.git 589
[2022-06-10 14:52:56.944] [exthost] [warning] [Decorations] CAPPING events from decorations provider vscode.git 589
[2022-06-10 14:53:02.005] [exthost] [warning] [Decorations] CAPPING events from decorations provider vscode.git 589
[2022-06-10 14:53:10.288] [exthost] [warning] [Decorations] CAPPING events from decorations provider vscode.git 590
[2022-06-10 14:53:11.583] [exthost] [warning] [Decorations] CAPPING events from decorations provider vscode.git 590
[2022-06-10 14:53:16.225] [exthost] [warning] [Decorations] CAPPING events from decorations provider vscode.git 590
[2022-06-10 14:53:22.467] [exthost] [warning] [Decorations] CAPPING events from decorations provider vscode.git 590
[2022-06-10 14:53:27.529] [exthost] [warning] [Decorations] CAPPING events from decorations provider vscode.git 590
[2022-06-10 14:53:32.592] [exthost] [warning] [Decorations] CAPPING events from decorations provider vscode.git 590
[2022-06-10 14:53:37.656] [exthost] [warning] [Decorations] CAPPING events from decorations provider vscode.git 591
[2022-06-10 14:53:42.718] [exthost] [warning] [Decorations] CAPPING events from decorations provider vscode.git 591
[2022-06-10 14:53:47.778] [exthost] [warning] [Decorations] CAPPING events from decorations provider vscode.git 591
[2022-06-10 14:54:03.869] [exthost] [warning] [Decorations] CAPPING events from decorations provider vscode.git 592
[2022-06-10 14:54:08.942] [exthost] [warning] [Decorations] CAPPING events from decorations provider vscode.git 592
[2022-06-10 14:54:14.005] [exthost] [warning] [Decorations] CAPPING events from decorations provider vscode.git 592
[2022-06-10 14:54:19.070] [exthost] [warning] [Decorations] CAPPING events from decorations provider vscode.git 592
[2022-06-10 14:54:24.143] [exthost] [warning] [Decorations] CAPPING events from decorations provider vscode.git 592
[2022-06-10 14:54:29.204] [exthost] [warning] [Decorations] CAPPING events from decorations provider vscode.git 592
[2022-06-10 14:54:34.271] [exthost] [warning] [Decorations] CAPPING events from decorations provider vscode.git 592
[2022-06-10 14:54:39.339] [exthost] [warning] [Decorations] CAPPING events from decorations provider vscode.git 592
[2022-06-10 14:54:44.405] [exthost] [warning] [Decorations] CAPPING events from decorations provider vscode.git 592
[2022-06-10 14:54:53.983] [exthost] [warning] [Decorations] CAPPING events from decorations provider vscode.git 593
[2022-06-10 14:54:59.047] [exthost] [warning] [Decorations] CAPPING events from decorations provider vscode.git 593
[2022-06-10 14:57:48.060] [exthost] [warning] [Decorations] CAPPING events from decorations provider vscode.git 593
[2022-06-10 14:57:49.276] [exthost] [warning] [Decorations] CAPPING events from decorations provider vscode.git 593
[2022-06-10 14:57:53.124] [exthost] [warning] [Decorations] CAPPING events from decorations provider vscode.git 593
[2022-06-10 14:57:58.190] [exthost] [warning] [Decorations] CAPPING events from decorations provider vscode.git 593
[2022-06-10 14:58:03.250] [exthost] [warning] [Decorations] CAPPING events from decorations provider vscode.git 593
[2022-06-10 14:58:08.316] [exthost] [warning] [Decorations] CAPPING events from decorations provider vscode.git 593
[2022-06-10 14:58:13.381] [exthost] [warning] [Decorations] CAPPING events from decorations provider vscode.git 593
[2022-06-10 14:58:18.445] [exthost] [warning] [Decorations] CAPPING events from decorations provider vscode.git 593
[2022-06-10 14:58:23.509] [exthost] [warning] [Decorations] CAPPING events from decorations provider vscode.git 593
[2022-06-10 14:58:28.577] [exthost] [warning] [Decorations] CAPPING events from decorations provider vscode.git 593
[2022-06-10 14:58:33.945] [exthost] [warning] [Decorations] CAPPING events from decorations provider vscode.git 593
[2022-06-10 14:58:39.010] [exthost] [warning] [Decorations] CAPPING events from decorations provider vscode.git 594
[2022-06-10 14:58:44.075] [exthost] [warning] [Decorations] CAPPING events from decorations provider vscode.git 594
[2022-06-10 14:58:49.139] [exthost] [warning] [Decorations] CAPPING events from decorations provider vscode.git 594
[2022-06-10 14:58:59.059] [exthost] [warning] [Decorations] CAPPING events from decorations provider vscode.git 595
[2022-06-10 14:59:09.268] [exthost] [warning] [Decorations] CAPPING events from decorations provider vscode.git 596
[2022-06-10 14:59:14.336] [exthost] [warning] [Decorations] CAPPING events from decorations provider vscode.git 596
[2022-06-10 14:59:19.403] [exthost] [warning] [Decorations] CAPPING events from decorations provider vscode.git 596
[2022-06-10 14:59:24.470] [exthost] [warning] [Decorations] CAPPING events from decorations provider vscode.git 596
[2022-06-10 14:59:29.741] [exthost] [warning] [Decorations] CAPPING events from decorations provider vscode.git 598
[2022-06-10 14:59:35.776] [exthost] [warning] [Decorations] CAPPING events from decorations provider vscode.git 600
[2022-06-10 14:59:40.835] [exthost] [warning] [Decorations] CAPPING events from decorations provider vscode.git 600
[2022-06-10 14:59:54.776] [exthost] [warning] [Decorations] CAPPING events from decorations provider vscode.git 602
[2022-06-10 15:02:23.204] [exthost] [warning] [Decorations] CAPPING events from decorations provider vscode.git 602
[2022-06-10 15:02:24.687] [exthost] [warning] [Decorations] CAPPING events from decorations provider vscode.git 602
[2022-06-10 15:05:03.446] [exthost] [warning] [Decorations] CAPPING events from decorations provider vscode.git 602
[2022-06-10 15:05:49.387] [exthost] [warning] [Decorations] CAPPING events from decorations provider vscode.git 602
[2022-06-10 15:05:50.614] [exthost] [warning] [Decorations] CAPPING events from decorations provider vscode.git 602
[2022-06-10 15:05:54.454] [exthost] [warning] [Decorations] CAPPING events from decorations provider vscode.git 602
[2022-06-10 15:05:59.518] [exthost] [warning] [Decorations] CAPPING events from decorations provider vscode.git 602
[2022-06-10 15:06:04.579] [exthost] [warning] [Decorations] CAPPING events from decorations provider vscode.git 602
[2022-06-10 15:06:09.640] [exthost] [warning] [Decorations] CAPPING events from decorations provider vscode.git 602
[2022-06-10 15:06:27.363] [exthost] [warning] [Decorations] CAPPING events from decorations provider vscode.git 604
[2022-06-10 15:06:48.966] [exthost] [warning] [Decorations] CAPPING events from decorations provider vscode.git 604
[2022-06-10 15:07:45.703] [exthost] [warning] [Decorations] CAPPING events from decorations provider vscode.git 604
[2022-06-10 19:07:32.971] [exthost] [info] Extension host terminating: received terminate message from renderer
[2022-06-10 19:07:32.971] [exthost] [info] Lock '/home/lrb96/.vscode-server/data/User/workspaceStorage/84b1dcf39b1c1efa2da27761829bdaf5/vscode.lock': Marking the lockfile as scheduled to be released in 6000 ms.
[2022-06-10 19:07:33.017] [exthost] [info] Extension host with pid 144 exiting with code 0
