[2022-05-06 21:55:22.081] [exthost] [info] Extension host with pid 129 started
[2022-05-06 21:55:22.110] [exthost] [info] Lock '/home/lrb96/.vscode-server/data/User/workspaceStorage/9d781c065241cc6485d8434a545572eb/vscode.lock': Lock acquired.
[2022-05-06 21:55:22.145] [exthost] [info] ExtensionService#_doActivateExtension ms-python.python, startup: false, activationEvent: 'onLanguage:python'
[2022-05-06 21:55:22.477] [exthost] [info] ExtensionService#_doActivateExtension ms-toolsai.jupyter, startup: false, activationEvent: 'onLanguage:python'
[2022-05-06 21:55:22.879] [exthost] [info] ExtensionService#_doActivateExtension vscode.debug-auto-launch, startup: true, activationEvent: '*'
[2022-05-06 21:55:22.884] [exthost] [info] ExtensionService#_doActivateExtension vscode.git-base, startup: true, activationEvent: '*', root cause: vscode.git
[2022-05-06 21:55:22.889] [exthost] [info] ExtensionService#_doActivateExtension vscode.ipynb, startup: true, activationEvent: '*'
[2022-05-06 21:55:23.076] [exthost] [info] ExtensionService#_doActivateExtension vscode.git, startup: true, activationEvent: '*'
[2022-05-06 21:55:23.130] [exthost] [info] ExtensionService#_doActivateExtension vscode.github, startup: true, activationEvent: '*'
[2022-05-06 21:55:23.535] [exthost] [info] ExtensionService#_doActivateExtension ms-toolsai.jupyter-renderers, startup: false, activationEvent: 'api', root cause: ms-toolsai.jupyter
[2022-05-06 21:55:23.590] [exthost] [info] ExtensionService#_doActivateExtension ms-python.vscode-pylance, startup: false, activationEvent: 'onLanguage:python'
[2022-05-06 21:55:23.831] [exthost] [info] ExtensionService#_doActivateExtension vscode.emmet, startup: false, activationEvent: 'onStartupFinished'
[2022-05-06 21:55:23.848] [exthost] [info] ExtensionService#_doActivateExtension vscode.merge-conflict, startup: false, activationEvent: 'onStartupFinished'
[2022-05-06 21:55:23.854] [exthost] [info] Eager extensions activated
[2022-05-06 21:55:24.093] [exthost] [info] ExtensionService#_doActivateExtension vscode.configuration-editing, startup: false, activationEvent: 'onLanguage:jsonc'
[2022-05-06 21:55:24.101] [exthost] [info] ExtensionService#_doActivateExtension vscode.json-language-features, startup: false, activationEvent: 'onLanguage:jsonc'
[2022-05-06 21:55:24.164] [exthost] [info] ExtensionService#_doActivateExtension vscode.typescript-language-features, startup: false, activationEvent: 'onLanguage:jsonc'
[2022-05-06 21:55:24.329] [exthost] [warning] [Decorations] CAPPING events from decorations provider vscode.git 2740
[2022-05-06 21:55:25.374] [exthost] [warning] [Decorations] CAPPING events from decorations provider vscode.git 2743
[2022-05-06 21:55:30.427] [exthost] [warning] [Decorations] CAPPING events from decorations provider vscode.git 2743
[2022-05-06 21:55:35.521] [exthost] [warning] [Decorations] CAPPING events from decorations provider vscode.git 2747
[2022-05-06 21:55:40.612] [exthost] [warning] [Decorations] CAPPING events from decorations provider vscode.git 2750
[2022-05-06 21:55:45.703] [exthost] [warning] [Decorations] CAPPING events from decorations provider vscode.git 2753
[2022-05-06 21:55:50.799] [exthost] [warning] [Decorations] CAPPING events from decorations provider vscode.git 2753
[2022-05-06 21:56:00.704] [exthost] [warning] [Decorations] CAPPING events from decorations provider vscode.git 2753
[2022-05-06 21:56:05.801] [exthost] [warning] [Decorations] CAPPING events from decorations provider vscode.git 2753
[2022-05-06 21:56:10.897] [exthost] [warning] [Decorations] CAPPING events from decorations provider vscode.git 2753
[2022-05-06 21:56:17.802] [exthost] [warning] [Decorations] CAPPING events from decorations provider vscode.git 2753
[2022-05-06 21:56:22.898] [exthost] [warning] [Decorations] CAPPING events from decorations provider vscode.git 2753
[2022-05-06 21:56:27.995] [exthost] [warning] [Decorations] CAPPING events from decorations provider vscode.git 2753
[2022-05-06 21:56:33.097] [exthost] [warning] [Decorations] CAPPING events from decorations provider vscode.git 2753
[2022-05-06 21:56:38.203] [exthost] [warning] [Decorations] CAPPING events from decorations provider vscode.git 2754
[2022-05-06 21:56:43.308] [exthost] [warning] [Decorations] CAPPING events from decorations provider vscode.git 2754
[2022-05-06 21:56:48.418] [exthost] [warning] [Decorations] CAPPING events from decorations provider vscode.git 2754
[2022-05-06 21:57:37.353] [exthost] [warning] [Decorations] CAPPING events from decorations provider vscode.git 2754
[2022-05-06 21:57:42.438] [exthost] [warning] [Decorations] CAPPING events from decorations provider vscode.git 2754
[2022-05-06 21:57:47.526] [exthost] [warning] [Decorations] CAPPING events from decorations provider vscode.git 2754
[2022-05-06 21:57:52.615] [exthost] [warning] [Decorations] CAPPING events from decorations provider vscode.git 2754
[2022-05-06 21:58:04.161] [exthost] [warning] [Decorations] CAPPING events from decorations provider vscode.git 2754
[2022-05-06 21:58:09.262] [exthost] [warning] [Decorations] CAPPING events from decorations provider vscode.git 2754
[2022-05-06 21:58:14.358] [exthost] [warning] [Decorations] CAPPING events from decorations provider vscode.git 2754
[2022-05-06 21:58:19.461] [exthost] [warning] [Decorations] CAPPING events from decorations provider vscode.git 2754
[2022-05-06 21:58:24.553] [exthost] [warning] [Decorations] CAPPING events from decorations provider vscode.git 2754
[2022-05-06 21:58:26.698] [exthost] [warning] [Decorations] CAPPING events from decorations provider vscode.git 2755
[2022-05-06 21:58:29.639] [exthost] [warning] [Decorations] CAPPING events from decorations provider vscode.git 2755
[2022-05-06 21:58:34.725] [exthost] [warning] [Decorations] CAPPING events from decorations provider vscode.git 2755
[2022-05-06 21:58:39.808] [exthost] [warning] [Decorations] CAPPING events from decorations provider vscode.git 2755
[2022-05-06 21:58:44.895] [exthost] [warning] [Decorations] CAPPING events from decorations provider vscode.git 2755
[2022-05-06 21:58:49.975] [exthost] [warning] [Decorations] CAPPING events from decorations provider vscode.git 2755
[2022-05-06 21:58:55.062] [exthost] [warning] [Decorations] CAPPING events from decorations provider vscode.git 2755
[2022-05-06 21:59:00.147] [exthost] [warning] [Decorations] CAPPING events from decorations provider vscode.git 2755
[2022-05-06 21:59:05.251] [exthost] [warning] [Decorations] CAPPING events from decorations provider vscode.git 2755
[2022-05-06 21:59:10.352] [exthost] [warning] [Decorations] CAPPING events from decorations provider vscode.git 2755
[2022-05-06 21:59:15.440] [exthost] [warning] [Decorations] CAPPING events from decorations provider vscode.git 2755
[2022-05-06 21:59:20.522] [exthost] [warning] [Decorations] CAPPING events from decorations provider vscode.git 2755
[2022-05-06 21:59:25.607] [exthost] [warning] [Decorations] CAPPING events from decorations provider vscode.git 2755
[2022-05-06 21:59:30.692] [exthost] [warning] [Decorations] CAPPING events from decorations provider vscode.git 2755
[2022-05-06 21:59:36.575] [exthost] [warning] [Decorations] CAPPING events from decorations provider vscode.git 2755
[2022-05-06 21:59:41.661] [exthost] [warning] [Decorations] CAPPING events from decorations provider vscode.git 2755
[2022-05-06 21:59:46.745] [exthost] [warning] [Decorations] CAPPING events from decorations provider vscode.git 2755
[2022-05-06 21:59:51.833] [exthost] [warning] [Decorations] CAPPING events from decorations provider vscode.git 2755
[2022-05-06 21:59:56.919] [exthost] [warning] [Decorations] CAPPING events from decorations provider vscode.git 2755
[2022-05-06 22:00:06.814] [exthost] [warning] [Decorations] CAPPING events from decorations provider vscode.git 2755
[2022-05-06 22:00:11.897] [exthost] [warning] [Decorations] CAPPING events from decorations provider vscode.git 2755
[2022-05-06 22:00:16.982] [exthost] [warning] [Decorations] CAPPING events from decorations provider vscode.git 2755
[2022-05-06 22:00:22.068] [exthost] [warning] [Decorations] CAPPING events from decorations provider vscode.git 2755
[2022-05-06 22:00:27.160] [exthost] [warning] [Decorations] CAPPING events from decorations provider vscode.git 2755
[2022-05-06 22:00:32.249] [exthost] [warning] [Decorations] CAPPING events from decorations provider vscode.git 2755
[2022-05-06 22:00:37.336] [exthost] [warning] [Decorations] CAPPING events from decorations provider vscode.git 2755
[2022-05-06 22:00:42.422] [exthost] [warning] [Decorations] CAPPING events from decorations provider vscode.git 2756
[2022-05-06 22:00:49.222] [exthost] [warning] [Decorations] CAPPING events from decorations provider vscode.git 2756
[2022-05-06 22:00:54.323] [exthost] [warning] [Decorations] CAPPING events from decorations provider vscode.git 2756
[2022-05-06 22:00:59.412] [exthost] [warning] [Decorations] CAPPING events from decorations provider vscode.git 2757
[2022-05-06 22:01:04.499] [exthost] [warning] [Decorations] CAPPING events from decorations provider vscode.git 2757
[2022-05-06 22:01:09.586] [exthost] [warning] [Decorations] CAPPING events from decorations provider vscode.git 2757
[2022-05-06 22:01:15.472] [exthost] [warning] [Decorations] CAPPING events from decorations provider vscode.git 2757
[2022-05-06 22:01:22.466] [exthost] [warning] [Decorations] CAPPING events from decorations provider vscode.git 2757
[2022-05-06 22:01:27.975] [exthost] [warning] [Decorations] CAPPING events from decorations provider vscode.git 2757
[2022-05-06 22:01:28.059] [exthost] [warning] [Decorations] CAPPING events from decorations provider vscode.git 2757
[2022-05-06 22:01:33.145] [exthost] [warning] [Decorations] CAPPING events from decorations provider vscode.git 2757
[2022-05-06 22:01:38.231] [exthost] [warning] [Decorations] CAPPING events from decorations provider vscode.git 2757
[2022-05-06 22:01:43.318] [exthost] [warning] [Decorations] CAPPING events from decorations provider vscode.git 2758
[2022-05-06 22:01:49.217] [exthost] [warning] [Decorations] CAPPING events from decorations provider vscode.git 2758
[2022-05-06 22:01:54.316] [exthost] [warning] [Decorations] CAPPING events from decorations provider vscode.git 2758
[2022-05-06 22:01:59.401] [exthost] [warning] [Decorations] CAPPING events from decorations provider vscode.git 2758
[2022-05-06 22:02:04.485] [exthost] [warning] [Decorations] CAPPING events from decorations provider vscode.git 2758
[2022-05-06 22:02:09.571] [exthost] [warning] [Decorations] CAPPING events from decorations provider vscode.git 2758
[2022-05-06 22:02:14.668] [exthost] [warning] [Decorations] CAPPING events from decorations provider vscode.git 2758
[2022-05-06 22:02:19.754] [exthost] [warning] [Decorations] CAPPING events from decorations provider vscode.git 2758
[2022-05-06 22:02:24.843] [exthost] [warning] [Decorations] CAPPING events from decorations provider vscode.git 2758
[2022-05-06 22:02:30.716] [exthost] [warning] [Decorations] CAPPING events from decorations provider vscode.git 2758
[2022-05-06 22:02:35.801] [exthost] [warning] [Decorations] CAPPING events from decorations provider vscode.git 2759
[2022-05-06 22:02:40.888] [exthost] [warning] [Decorations] CAPPING events from decorations provider vscode.git 2759
[2022-05-06 22:02:45.974] [exthost] [warning] [Decorations] CAPPING events from decorations provider vscode.git 2759
[2022-05-06 22:02:51.059] [exthost] [warning] [Decorations] CAPPING events from decorations provider vscode.git 2759
[2022-05-06 22:02:56.160] [exthost] [warning] [Decorations] CAPPING events from decorations provider vscode.git 2759
[2022-05-06 22:03:01.254] [exthost] [warning] [Decorations] CAPPING events from decorations provider vscode.git 2759
[2022-05-06 22:03:06.344] [exthost] [warning] [Decorations] CAPPING events from decorations provider vscode.git 2759
[2022-05-06 22:03:11.429] [exthost] [warning] [Decorations] CAPPING events from decorations provider vscode.git 2759
[2022-05-06 22:03:16.516] [exthost] [warning] [Decorations] CAPPING events from decorations provider vscode.git 2759
[2022-05-06 22:03:21.601] [exthost] [warning] [Decorations] CAPPING events from decorations provider vscode.git 2759
[2022-05-06 22:03:26.688] [exthost] [warning] [Decorations] CAPPING events from decorations provider vscode.git 2759
[2022-05-06 22:03:31.776] [exthost] [warning] [Decorations] CAPPING events from decorations provider vscode.git 2759
[2022-05-06 22:03:36.864] [exthost] [warning] [Decorations] CAPPING events from decorations provider vscode.git 2759
[2022-05-06 22:03:41.951] [exthost] [warning] [Decorations] CAPPING events from decorations provider vscode.git 2759
[2022-05-06 22:03:47.039] [exthost] [warning] [Decorations] CAPPING events from decorations provider vscode.git 2760
[2022-05-06 22:03:52.125] [exthost] [warning] [Decorations] CAPPING events from decorations provider vscode.git 2760
[2022-05-06 22:03:57.211] [exthost] [warning] [Decorations] CAPPING events from decorations provider vscode.git 2760
[2022-05-06 22:04:02.314] [exthost] [warning] [Decorations] CAPPING events from decorations provider vscode.git 2760
[2022-05-06 22:04:07.409] [exthost] [warning] [Decorations] CAPPING events from decorations provider vscode.git 2761
[2022-05-06 22:04:12.493] [exthost] [warning] [Decorations] CAPPING events from decorations provider vscode.git 2761
[2022-05-06 22:04:17.578] [exthost] [warning] [Decorations] CAPPING events from decorations provider vscode.git 2761
[2022-05-06 22:04:22.665] [exthost] [warning] [Decorations] CAPPING events from decorations provider vscode.git 2761
[2022-05-06 22:04:27.755] [exthost] [warning] [Decorations] CAPPING events from decorations provider vscode.git 2761
[2022-05-06 22:04:29.879] [exthost] [warning] [Decorations] CAPPING events from decorations provider vscode.git 2761
[2022-05-06 22:04:32.838] [exthost] [warning] [Decorations] CAPPING events from decorations provider vscode.git 2761
[2022-05-06 22:04:37.924] [exthost] [warning] [Decorations] CAPPING events from decorations provider vscode.git 2761
[2022-05-06 22:04:43.005] [exthost] [warning] [Decorations] CAPPING events from decorations provider vscode.git 2761
[2022-05-06 22:04:48.877] [exthost] [warning] [Decorations] CAPPING events from decorations provider vscode.git 2761
[2022-05-06 22:04:53.962] [exthost] [warning] [Decorations] CAPPING events from decorations provider vscode.git 2761
[2022-05-06 22:04:59.048] [exthost] [warning] [Decorations] CAPPING events from decorations provider vscode.git 2761
[2022-05-06 22:05:04.139] [exthost] [warning] [Decorations] CAPPING events from decorations provider vscode.git 2761
[2022-05-06 22:05:09.224] [exthost] [warning] [Decorations] CAPPING events from decorations provider vscode.git 2762
[2022-05-06 22:05:14.312] [exthost] [warning] [Decorations] CAPPING events from decorations provider vscode.git 2762
[2022-05-06 22:05:19.397] [exthost] [warning] [Decorations] CAPPING events from decorations provider vscode.git 2762
[2022-05-06 22:05:24.481] [exthost] [warning] [Decorations] CAPPING events from decorations provider vscode.git 2762
[2022-05-06 22:05:29.596] [exthost] [warning] [Decorations] CAPPING events from decorations provider vscode.git 2762
[2022-05-06 22:05:34.695] [exthost] [warning] [Decorations] CAPPING events from decorations provider vscode.git 2762
[2022-05-06 22:05:39.783] [exthost] [warning] [Decorations] CAPPING events from decorations provider vscode.git 2762
[2022-05-06 22:05:44.872] [exthost] [warning] [Decorations] CAPPING events from decorations provider vscode.git 2762
[2022-05-06 22:05:49.962] [exthost] [warning] [Decorations] CAPPING events from decorations provider vscode.git 2762
[2022-05-06 22:05:55.051] [exthost] [warning] [Decorations] CAPPING events from decorations provider vscode.git 2762
[2022-05-06 22:06:00.138] [exthost] [warning] [Decorations] CAPPING events from decorations provider vscode.git 2763
[2022-05-06 22:06:06.024] [exthost] [warning] [Decorations] CAPPING events from decorations provider vscode.git 2763
[2022-05-06 22:06:11.111] [exthost] [warning] [Decorations] CAPPING events from decorations provider vscode.git 2763
[2022-05-06 22:06:16.197] [exthost] [warning] [Decorations] CAPPING events from decorations provider vscode.git 2763
[2022-05-06 22:06:22.077] [exthost] [warning] [Decorations] CAPPING events from decorations provider vscode.git 2763
[2022-05-06 22:06:27.167] [exthost] [warning] [Decorations] CAPPING events from decorations provider vscode.git 2763
[2022-05-06 22:06:32.255] [exthost] [warning] [Decorations] CAPPING events from decorations provider vscode.git 2763
[2022-05-06 22:06:37.340] [exthost] [warning] [Decorations] CAPPING events from decorations provider vscode.git 2763
[2022-05-06 22:06:42.434] [exthost] [warning] [Decorations] CAPPING events from decorations provider vscode.git 2763
[2022-05-06 22:06:47.520] [exthost] [warning] [Decorations] CAPPING events from decorations provider vscode.git 2763
[2022-05-06 22:06:52.610] [exthost] [warning] [Decorations] CAPPING events from decorations provider vscode.git 2763
[2022-05-06 22:06:57.694] [exthost] [warning] [Decorations] CAPPING events from decorations provider vscode.git 2763
[2022-05-06 22:07:02.780] [exthost] [warning] [Decorations] CAPPING events from decorations provider vscode.git 2763
[2022-05-06 22:07:07.863] [exthost] [warning] [Decorations] CAPPING events from decorations provider vscode.git 2763
[2022-05-06 22:07:12.950] [exthost] [warning] [Decorations] CAPPING events from decorations provider vscode.git 2763
[2022-05-06 22:07:18.032] [exthost] [warning] [Decorations] CAPPING events from decorations provider vscode.git 2763
[2022-05-06 22:07:23.118] [exthost] [warning] [Decorations] CAPPING events from decorations provider vscode.git 2763
[2022-05-06 22:07:28.199] [exthost] [warning] [Decorations] CAPPING events from decorations provider vscode.git 2763
[2022-05-06 22:07:31.264] [exthost] [warning] [Decorations] CAPPING events from decorations provider vscode.git 2763
[2022-05-06 22:07:33.284] [exthost] [warning] [Decorations] CAPPING events from decorations provider vscode.git 2763
[2022-05-06 22:07:38.385] [exthost] [warning] [Decorations] CAPPING events from decorations provider vscode.git 2764
[2022-05-06 22:07:43.510] [exthost] [warning] [Decorations] CAPPING events from decorations provider vscode.git 2764
[2022-05-06 22:07:48.596] [exthost] [warning] [Decorations] CAPPING events from decorations provider vscode.git 2764
[2022-05-06 22:07:53.682] [exthost] [warning] [Decorations] CAPPING events from decorations provider vscode.git 2764
[2022-05-06 22:07:58.768] [exthost] [warning] [Decorations] CAPPING events from decorations provider vscode.git 2764
[2022-05-06 22:08:03.855] [exthost] [warning] [Decorations] CAPPING events from decorations provider vscode.git 2764
[2022-05-06 22:08:08.944] [exthost] [warning] [Decorations] CAPPING events from decorations provider vscode.git 2764
[2022-05-06 22:08:14.026] [exthost] [warning] [Decorations] CAPPING events from decorations provider vscode.git 2764
[2022-05-06 22:08:19.131] [exthost] [warning] [Decorations] CAPPING events from decorations provider vscode.git 2764
[2022-05-06 22:08:24.238] [exthost] [warning] [Decorations] CAPPING events from decorations provider vscode.git 2764
[2022-05-06 22:08:29.325] [exthost] [warning] [Decorations] CAPPING events from decorations provider vscode.git 2764
[2022-05-06 22:08:34.419] [exthost] [warning] [Decorations] CAPPING events from decorations provider vscode.git 2764
[2022-05-06 22:08:39.508] [exthost] [warning] [Decorations] CAPPING events from decorations provider vscode.git 2764
[2022-05-06 22:08:44.596] [exthost] [warning] [Decorations] CAPPING events from decorations provider vscode.git 2764
[2022-05-06 22:08:49.683] [exthost] [warning] [Decorations] CAPPING events from decorations provider vscode.git 2764
[2022-05-06 22:08:54.768] [exthost] [warning] [Decorations] CAPPING events from decorations provider vscode.git 2764
[2022-05-06 22:08:59.854] [exthost] [warning] [Decorations] CAPPING events from decorations provider vscode.git 2764
[2022-05-06 22:09:04.947] [exthost] [warning] [Decorations] CAPPING events from decorations provider vscode.git 2764
[2022-05-06 22:09:10.036] [exthost] [warning] [Decorations] CAPPING events from decorations provider vscode.git 2764
[2022-05-06 22:09:15.122] [exthost] [warning] [Decorations] CAPPING events from decorations provider vscode.git 2764
[2022-05-06 22:09:20.210] [exthost] [warning] [Decorations] CAPPING events from decorations provider vscode.git 2764
[2022-05-06 22:09:26.090] [exthost] [warning] [Decorations] CAPPING events from decorations provider vscode.git 2764
[2022-05-06 22:09:31.180] [exthost] [warning] [Decorations] CAPPING events from decorations provider vscode.git 2764
[2022-05-06 22:09:36.266] [exthost] [warning] [Decorations] CAPPING events from decorations provider vscode.git 2764
[2022-05-06 22:09:41.357] [exthost] [warning] [Decorations] CAPPING events from decorations provider vscode.git 2764
[2022-05-06 22:09:46.442] [exthost] [warning] [Decorations] CAPPING events from decorations provider vscode.git 2765
[2022-05-06 22:09:51.525] [exthost] [warning] [Decorations] CAPPING events from decorations provider vscode.git 2765
[2022-05-06 22:09:56.613] [exthost] [warning] [Decorations] CAPPING events from decorations provider vscode.git 2765
[2022-05-06 22:10:01.706] [exthost] [warning] [Decorations] CAPPING events from decorations provider vscode.git 2765
[2022-05-06 22:10:06.824] [exthost] [warning] [Decorations] CAPPING events from decorations provider vscode.git 2766
[2022-05-06 22:10:11.936] [exthost] [warning] [Decorations] CAPPING events from decorations provider vscode.git 2766
[2022-05-06 22:10:17.030] [exthost] [warning] [Decorations] CAPPING events from decorations provider vscode.git 2766
[2022-05-06 22:10:22.120] [exthost] [warning] [Decorations] CAPPING events from decorations provider vscode.git 2767
[2022-05-06 22:10:27.210] [exthost] [warning] [Decorations] CAPPING events from decorations provider vscode.git 2767
[2022-05-06 22:10:32.534] [exthost] [warning] [Decorations] CAPPING events from decorations provider vscode.git 2767
[2022-05-06 22:10:32.616] [exthost] [warning] [Decorations] CAPPING events from decorations provider vscode.git 2767
[2022-05-06 22:10:37.701] [exthost] [warning] [Decorations] CAPPING events from decorations provider vscode.git 2767
[2022-05-06 22:10:42.783] [exthost] [warning] [Decorations] CAPPING events from decorations provider vscode.git 2767
[2022-05-06 22:10:47.867] [exthost] [warning] [Decorations] CAPPING events from decorations provider vscode.git 2767
[2022-05-06 22:10:53.761] [exthost] [warning] [Decorations] CAPPING events from decorations provider vscode.git 2767
[2022-05-06 22:10:58.845] [exthost] [warning] [Decorations] CAPPING events from decorations provider vscode.git 2767
[2022-05-06 22:11:03.935] [exthost] [warning] [Decorations] CAPPING events from decorations provider vscode.git 2767
[2022-05-06 22:11:09.019] [exthost] [warning] [Decorations] CAPPING events from decorations provider vscode.git 2767
[2022-05-06 22:11:14.104] [exthost] [warning] [Decorations] CAPPING events from decorations provider vscode.git 2767
[2022-05-06 22:11:19.192] [exthost] [warning] [Decorations] CAPPING events from decorations provider vscode.git 2767
[2022-05-06 22:11:24.279] [exthost] [warning] [Decorations] CAPPING events from decorations provider vscode.git 2767
[2022-05-06 22:11:29.372] [exthost] [warning] [Decorations] CAPPING events from decorations provider vscode.git 2767
[2022-05-06 22:11:34.468] [exthost] [warning] [Decorations] CAPPING events from decorations provider vscode.git 2767
[2022-05-06 22:11:39.563] [exthost] [warning] [Decorations] CAPPING events from decorations provider vscode.git 2768
[2022-05-06 22:11:44.651] [exthost] [warning] [Decorations] CAPPING events from decorations provider vscode.git 2768
[2022-05-06 22:11:49.740] [exthost] [warning] [Decorations] CAPPING events from decorations provider vscode.git 2768
[2022-05-06 22:12:05.011] [exthost] [warning] [Decorations] CAPPING events from decorations provider vscode.git 2769
[2022-05-06 22:12:10.132] [exthost] [warning] [Decorations] CAPPING events from decorations provider vscode.git 2769
[2022-05-06 22:12:15.978] [exthost] [warning] [Decorations] CAPPING events from decorations provider vscode.git 2770
[2022-05-06 22:12:21.061] [exthost] [warning] [Decorations] CAPPING events from decorations provider vscode.git 2770
[2022-05-06 22:12:26.149] [exthost] [warning] [Decorations] CAPPING events from decorations provider vscode.git 2770
[2022-05-06 22:12:31.235] [exthost] [warning] [Decorations] CAPPING events from decorations provider vscode.git 2770
[2022-05-06 22:12:36.320] [exthost] [warning] [Decorations] CAPPING events from decorations provider vscode.git 2770
[2022-05-06 22:12:41.403] [exthost] [warning] [Decorations] CAPPING events from decorations provider vscode.git 2770
[2022-05-06 22:12:46.494] [exthost] [warning] [Decorations] CAPPING events from decorations provider vscode.git 2770
[2022-05-06 22:12:51.579] [exthost] [warning] [Decorations] CAPPING events from decorations provider vscode.git 2770
[2022-05-06 22:12:56.668] [exthost] [warning] [Decorations] CAPPING events from decorations provider vscode.git 2770
[2022-05-06 22:13:01.748] [exthost] [warning] [Decorations] CAPPING events from decorations provider vscode.git 2770
[2022-05-06 22:13:07.614] [exthost] [warning] [Decorations] CAPPING events from decorations provider vscode.git 2770
[2022-05-06 22:13:12.702] [exthost] [warning] [Decorations] CAPPING events from decorations provider vscode.git 2770
[2022-05-06 22:13:17.795] [exthost] [warning] [Decorations] CAPPING events from decorations provider vscode.git 2770
[2022-05-06 22:13:22.885] [exthost] [warning] [Decorations] CAPPING events from decorations provider vscode.git 2770
[2022-05-06 22:13:27.971] [exthost] [warning] [Decorations] CAPPING events from decorations provider vscode.git 2770
[2022-05-06 22:13:34.110] [exthost] [warning] [Decorations] CAPPING events from decorations provider vscode.git 2770
[2022-05-06 22:13:34.194] [exthost] [warning] [Decorations] CAPPING events from decorations provider vscode.git 2770
[2022-05-06 22:13:39.284] [exthost] [warning] [Decorations] CAPPING events from decorations provider vscode.git 2770
[2022-05-06 22:13:44.371] [exthost] [warning] [Decorations] CAPPING events from decorations provider vscode.git 2771
[2022-05-06 22:13:49.455] [exthost] [warning] [Decorations] CAPPING events from decorations provider vscode.git 2771
[2022-05-06 22:13:54.540] [exthost] [warning] [Decorations] CAPPING events from decorations provider vscode.git 2771
[2022-05-06 22:13:59.622] [exthost] [warning] [Decorations] CAPPING events from decorations provider vscode.git 2771
[2022-05-06 22:14:04.703] [exthost] [warning] [Decorations] CAPPING events from decorations provider vscode.git 2771
[2022-05-06 22:14:09.791] [exthost] [warning] [Decorations] CAPPING events from decorations provider vscode.git 2771
[2022-05-06 22:14:14.886] [exthost] [warning] [Decorations] CAPPING events from decorations provider vscode.git 2772
[2022-05-06 22:14:19.977] [exthost] [warning] [Decorations] CAPPING events from decorations provider vscode.git 2772
[2022-05-06 22:14:25.062] [exthost] [warning] [Decorations] CAPPING events from decorations provider vscode.git 2772
[2022-05-06 22:14:30.149] [exthost] [warning] [Decorations] CAPPING events from decorations provider vscode.git 2772
[2022-05-06 22:14:35.242] [exthost] [warning] [Decorations] CAPPING events from decorations provider vscode.git 2772
[2022-05-06 22:14:40.331] [exthost] [warning] [Decorations] CAPPING events from decorations provider vscode.git 2772
[2022-05-06 22:14:45.415] [exthost] [warning] [Decorations] CAPPING events from decorations provider vscode.git 2772
[2022-05-06 22:14:50.501] [exthost] [warning] [Decorations] CAPPING events from decorations provider vscode.git 2772
[2022-05-06 22:14:55.587] [exthost] [warning] [Decorations] CAPPING events from decorations provider vscode.git 2772
[2022-05-06 22:15:00.677] [exthost] [warning] [Decorations] CAPPING events from decorations provider vscode.git 2772
[2022-05-06 22:15:07.573] [exthost] [warning] [Decorations] CAPPING events from decorations provider vscode.git 2772
[2022-05-06 22:15:12.657] [exthost] [warning] [Decorations] CAPPING events from decorations provider vscode.git 2772
[2022-05-06 22:15:17.737] [exthost] [warning] [Decorations] CAPPING events from decorations provider vscode.git 2772
[2022-05-06 22:16:34.403] [exthost] [warning] [Decorations] CAPPING events from decorations provider vscode.git 2773
[2022-05-06 22:16:35.856] [exthost] [warning] [Decorations] CAPPING events from decorations provider vscode.git 2773
[2022-05-06 22:16:39.496] [exthost] [warning] [Decorations] CAPPING events from decorations provider vscode.git 2773
[2022-05-06 22:16:44.586] [exthost] [warning] [Decorations] CAPPING events from decorations provider vscode.git 2773
[2022-05-06 22:16:49.709] [exthost] [warning] [Decorations] CAPPING events from decorations provider vscode.git 2773
[2022-05-06 22:16:54.812] [exthost] [warning] [Decorations] CAPPING events from decorations provider vscode.git 2773
[2022-05-06 22:16:59.896] [exthost] [warning] [Decorations] CAPPING events from decorations provider vscode.git 2773
[2022-05-06 22:17:04.982] [exthost] [warning] [Decorations] CAPPING events from decorations provider vscode.git 2773
[2022-05-06 22:17:10.070] [exthost] [warning] [Decorations] CAPPING events from decorations provider vscode.git 2773
[2022-05-06 22:17:15.174] [exthost] [warning] [Decorations] CAPPING events from decorations provider vscode.git 2774
[2022-05-06 22:17:20.275] [exthost] [warning] [Decorations] CAPPING events from decorations provider vscode.git 2774
[2022-05-06 22:17:25.360] [exthost] [warning] [Decorations] CAPPING events from decorations provider vscode.git 2774
[2022-05-06 22:17:30.446] [exthost] [warning] [Decorations] CAPPING events from decorations provider vscode.git 2774
[2022-05-06 22:17:38.358] [exthost] [warning] [Decorations] CAPPING events from decorations provider vscode.git 2774
[2022-05-06 22:17:43.445] [exthost] [warning] [Decorations] CAPPING events from decorations provider vscode.git 2775
[2022-05-06 22:18:16.287] [exthost] [warning] [Decorations] CAPPING events from decorations provider vscode.git 2775
[2022-05-06 22:18:21.386] [exthost] [warning] [Decorations] CAPPING events from decorations provider vscode.git 2775
[2022-05-06 22:18:26.473] [exthost] [warning] [Decorations] CAPPING events from decorations provider vscode.git 2775
[2022-05-06 22:18:31.562] [exthost] [warning] [Decorations] CAPPING events from decorations provider vscode.git 2775
[2022-05-06 22:18:36.646] [exthost] [warning] [Decorations] CAPPING events from decorations provider vscode.git 2775
[2022-05-06 22:18:41.730] [exthost] [warning] [Decorations] CAPPING events from decorations provider vscode.git 2775
[2022-05-06 22:22:23.456] [exthost] [warning] [Decorations] CAPPING events from decorations provider vscode.git 2776
[2022-05-06 22:22:24.629] [exthost] [warning] [Decorations] CAPPING events from decorations provider vscode.git 2776
[2022-05-06 22:22:28.543] [exthost] [warning] [Decorations] CAPPING events from decorations provider vscode.git 2776
[2022-05-06 22:22:33.632] [exthost] [warning] [Decorations] CAPPING events from decorations provider vscode.git 2776
[2022-05-06 22:22:38.719] [exthost] [warning] [Decorations] CAPPING events from decorations provider vscode.git 2777
[2022-05-06 22:22:43.802] [exthost] [warning] [Decorations] CAPPING events from decorations provider vscode.git 2777
[2022-05-06 22:22:48.891] [exthost] [warning] [Decorations] CAPPING events from decorations provider vscode.git 2777
[2022-05-06 22:22:53.978] [exthost] [warning] [Decorations] CAPPING events from decorations provider vscode.git 2777
[2022-05-06 22:22:59.089] [exthost] [warning] [Decorations] CAPPING events from decorations provider vscode.git 2777
[2022-05-06 22:23:04.212] [exthost] [warning] [Decorations] CAPPING events from decorations provider vscode.git 2777
[2022-05-06 22:23:09.300] [exthost] [warning] [Decorations] CAPPING events from decorations provider vscode.git 2777
[2022-05-06 22:23:15.193] [exthost] [warning] [Decorations] CAPPING events from decorations provider vscode.git 2777
[2022-05-06 22:23:20.280] [exthost] [warning] [Decorations] CAPPING events from decorations provider vscode.git 2777
[2022-05-06 22:23:25.368] [exthost] [warning] [Decorations] CAPPING events from decorations provider vscode.git 2777
[2022-05-06 22:23:30.456] [exthost] [warning] [Decorations] CAPPING events from decorations provider vscode.git 2777
[2022-05-06 22:23:36.350] [exthost] [warning] [Decorations] CAPPING events from decorations provider vscode.git 2778
[2022-05-06 22:23:41.442] [exthost] [warning] [Decorations] CAPPING events from decorations provider vscode.git 2778
[2022-05-06 22:23:46.539] [exthost] [warning] [Decorations] CAPPING events from decorations provider vscode.git 2778
[2022-05-06 22:23:52.427] [exthost] [warning] [Decorations] CAPPING events from decorations provider vscode.git 2778
[2022-05-06 22:23:57.512] [exthost] [warning] [Decorations] CAPPING events from decorations provider vscode.git 2778
[2022-05-06 22:24:02.600] [exthost] [warning] [Decorations] CAPPING events from decorations provider vscode.git 2778
[2022-05-06 22:24:07.686] [exthost] [warning] [Decorations] CAPPING events from decorations provider vscode.git 2778
[2022-05-06 22:24:13.632] [exthost] [warning] [Decorations] CAPPING events from decorations provider vscode.git 2778
[2022-05-06 22:24:18.718] [exthost] [warning] [Decorations] CAPPING events from decorations provider vscode.git 2778
[2022-05-06 22:24:23.806] [exthost] [warning] [Decorations] CAPPING events from decorations provider vscode.git 2778
[2022-05-06 22:24:28.932] [exthost] [warning] [Decorations] CAPPING events from decorations provider vscode.git 2778
[2022-05-06 22:24:34.821] [exthost] [warning] [Decorations] CAPPING events from decorations provider vscode.git 2779
[2022-05-06 22:24:39.906] [exthost] [warning] [Decorations] CAPPING events from decorations provider vscode.git 2779
[2022-05-06 22:24:45.002] [exthost] [warning] [Decorations] CAPPING events from decorations provider vscode.git 2779
[2022-05-06 22:24:50.093] [exthost] [warning] [Decorations] CAPPING events from decorations provider vscode.git 2779
[2022-05-06 22:24:55.180] [exthost] [warning] [Decorations] CAPPING events from decorations provider vscode.git 2779
[2022-05-06 22:25:00.269] [exthost] [warning] [Decorations] CAPPING events from decorations provider vscode.git 2779
[2022-05-06 22:25:05.350] [exthost] [warning] [Decorations] CAPPING events from decorations provider vscode.git 2779
[2022-05-06 22:25:10.465] [exthost] [warning] [Decorations] CAPPING events from decorations provider vscode.git 2780
[2022-05-06 22:25:15.569] [exthost] [warning] [Decorations] CAPPING events from decorations provider vscode.git 2780
[2022-05-06 22:25:20.649] [exthost] [warning] [Decorations] CAPPING events from decorations provider vscode.git 2780
[2022-05-06 22:25:25.896] [exthost] [warning] [Decorations] CAPPING events from decorations provider vscode.git 2780
[2022-05-06 22:25:25.976] [exthost] [warning] [Decorations] CAPPING events from decorations provider vscode.git 2780
[2022-05-06 22:25:31.089] [exthost] [warning] [Decorations] CAPPING events from decorations provider vscode.git 2780
[2022-05-06 22:25:36.192] [exthost] [warning] [Decorations] CAPPING events from decorations provider vscode.git 2780
[2022-05-06 22:25:41.274] [exthost] [warning] [Decorations] CAPPING events from decorations provider vscode.git 2780
[2022-05-06 22:25:47.158] [exthost] [warning] [Decorations] CAPPING events from decorations provider vscode.git 2781
[2022-05-06 22:25:52.247] [exthost] [warning] [Decorations] CAPPING events from decorations provider vscode.git 2781
[2022-05-06 22:25:57.364] [exthost] [warning] [Decorations] CAPPING events from decorations provider vscode.git 2781
[2022-05-06 22:26:02.466] [exthost] [warning] [Decorations] CAPPING events from decorations provider vscode.git 2781
[2022-05-06 22:26:07.554] [exthost] [warning] [Decorations] CAPPING events from decorations provider vscode.git 2781
[2022-05-06 22:26:12.643] [exthost] [warning] [Decorations] CAPPING events from decorations provider vscode.git 2781
[2022-05-06 22:26:17.762] [exthost] [warning] [Decorations] CAPPING events from decorations provider vscode.git 2781
[2022-05-06 22:26:22.877] [exthost] [warning] [Decorations] CAPPING events from decorations provider vscode.git 2781
[2022-05-06 22:26:27.963] [exthost] [warning] [Decorations] CAPPING events from decorations provider vscode.git 2782
[2022-05-06 22:26:33.052] [exthost] [warning] [Decorations] CAPPING events from decorations provider vscode.git 2782
[2022-05-06 22:26:38.177] [exthost] [warning] [Decorations] CAPPING events from decorations provider vscode.git 2782
[2022-05-06 22:26:43.271] [exthost] [warning] [Decorations] CAPPING events from decorations provider vscode.git 2782
[2022-05-06 22:26:48.359] [exthost] [warning] [Decorations] CAPPING events from decorations provider vscode.git 2782
[2022-05-06 22:26:53.450] [exthost] [warning] [Decorations] CAPPING events from decorations provider vscode.git 2782
[2022-05-06 22:26:58.540] [exthost] [warning] [Decorations] CAPPING events from decorations provider vscode.git 2782
[2022-05-06 22:27:03.624] [exthost] [warning] [Decorations] CAPPING events from decorations provider vscode.git 2782
[2022-05-06 22:27:08.715] [exthost] [warning] [Decorations] CAPPING events from decorations provider vscode.git 2782
[2022-05-06 22:27:13.807] [exthost] [warning] [Decorations] CAPPING events from decorations provider vscode.git 2782
[2022-05-06 22:27:18.892] [exthost] [warning] [Decorations] CAPPING events from decorations provider vscode.git 2782
[2022-05-06 22:27:24.778] [exthost] [warning] [Decorations] CAPPING events from decorations provider vscode.git 2783
[2022-05-06 22:27:29.864] [exthost] [warning] [Decorations] CAPPING events from decorations provider vscode.git 2783
[2022-05-06 22:27:34.957] [exthost] [warning] [Decorations] CAPPING events from decorations provider vscode.git 2783
[2022-05-06 22:27:40.047] [exthost] [warning] [Decorations] CAPPING events from decorations provider vscode.git 2783
[2022-05-06 22:27:45.133] [exthost] [warning] [Decorations] CAPPING events from decorations provider vscode.git 2783
[2022-05-06 22:27:50.220] [exthost] [warning] [Decorations] CAPPING events from decorations provider vscode.git 2783
[2022-05-06 22:27:55.310] [exthost] [warning] [Decorations] CAPPING events from decorations provider vscode.git 2784
[2022-05-06 22:28:00.422] [exthost] [warning] [Decorations] CAPPING events from decorations provider vscode.git 2784
[2022-05-06 22:28:05.534] [exthost] [warning] [Decorations] CAPPING events from decorations provider vscode.git 2784
[2022-05-06 22:28:10.618] [exthost] [warning] [Decorations] CAPPING events from decorations provider vscode.git 2784
[2022-05-06 22:28:15.705] [exthost] [warning] [Decorations] CAPPING events from decorations provider vscode.git 2784
[2022-05-06 22:28:54.324] [exthost] [warning] [Decorations] CAPPING events from decorations provider vscode.git 2785
[2022-05-06 22:28:55.504] [exthost] [warning] [Decorations] CAPPING events from decorations provider vscode.git 2785
[2022-05-06 22:28:59.438] [exthost] [warning] [Decorations] CAPPING events from decorations provider vscode.git 2785
[2022-05-06 22:29:04.556] [exthost] [warning] [Decorations] CAPPING events from decorations provider vscode.git 2785
[2022-05-06 22:29:09.645] [exthost] [warning] [Decorations] CAPPING events from decorations provider vscode.git 2785
[2022-05-06 22:29:15.527] [exthost] [warning] [Decorations] CAPPING events from decorations provider vscode.git 2786
[2022-05-06 22:29:20.615] [exthost] [warning] [Decorations] CAPPING events from decorations provider vscode.git 2786
[2022-05-06 22:29:25.701] [exthost] [warning] [Decorations] CAPPING events from decorations provider vscode.git 2787
[2022-05-06 22:29:30.786] [exthost] [warning] [Decorations] CAPPING events from decorations provider vscode.git 2787
[2022-05-06 22:29:35.879] [exthost] [warning] [Decorations] CAPPING events from decorations provider vscode.git 2787
[2022-05-06 22:29:40.964] [exthost] [warning] [Decorations] CAPPING events from decorations provider vscode.git 2787
[2022-05-06 22:29:46.096] [exthost] [warning] [Decorations] CAPPING events from decorations provider vscode.git 2787
[2022-05-06 22:29:51.225] [exthost] [warning] [Decorations] CAPPING events from decorations provider vscode.git 2787
[2022-05-06 22:29:56.359] [exthost] [warning] [Decorations] CAPPING events from decorations provider vscode.git 2787
[2022-05-06 22:30:01.471] [exthost] [warning] [Decorations] CAPPING events from decorations provider vscode.git 2787
[2022-05-06 22:30:06.555] [exthost] [warning] [Decorations] CAPPING events from decorations provider vscode.git 2787
[2022-05-06 22:30:11.644] [exthost] [warning] [Decorations] CAPPING events from decorations provider vscode.git 2787
[2022-05-06 22:30:16.763] [exthost] [warning] [Decorations] CAPPING events from decorations provider vscode.git 2787
[2022-05-06 22:30:21.869] [exthost] [warning] [Decorations] CAPPING events from decorations provider vscode.git 2787
[2022-05-06 22:30:26.953] [exthost] [warning] [Decorations] CAPPING events from decorations provider vscode.git 2787
[2022-05-06 22:30:32.044] [exthost] [warning] [Decorations] CAPPING events from decorations provider vscode.git 2787
[2022-05-06 22:30:42.140] [exthost] [warning] [Decorations] CAPPING events from decorations provider vscode.git 2787
[2022-05-06 22:30:47.225] [exthost] [warning] [Decorations] CAPPING events from decorations provider vscode.git 2787
[2022-05-06 22:30:52.344] [exthost] [warning] [Decorations] CAPPING events from decorations provider vscode.git 2787
[2022-05-06 22:31:00.804] [exthost] [warning] [Decorations] CAPPING events from decorations provider vscode.git 2787
[2022-05-06 22:31:05.896] [exthost] [warning] [Decorations] CAPPING events from decorations provider vscode.git 2787
[2022-05-06 22:31:10.986] [exthost] [warning] [Decorations] CAPPING events from decorations provider vscode.git 2787
[2022-05-06 22:31:16.071] [exthost] [warning] [Decorations] CAPPING events from decorations provider vscode.git 2787
[2022-05-06 22:31:21.187] [exthost] [warning] [Decorations] CAPPING events from decorations provider vscode.git 2787
[2022-05-06 22:31:26.294] [exthost] [warning] [Decorations] CAPPING events from decorations provider vscode.git 2787
[2022-05-06 22:31:31.378] [exthost] [warning] [Decorations] CAPPING events from decorations provider vscode.git 2787
[2022-05-06 22:31:36.466] [exthost] [warning] [Decorations] CAPPING events from decorations provider vscode.git 2787
[2022-05-06 22:31:41.553] [exthost] [warning] [Decorations] CAPPING events from decorations provider vscode.git 2787
[2022-05-06 22:31:46.638] [exthost] [warning] [Decorations] CAPPING events from decorations provider vscode.git 2787
[2022-05-06 22:31:51.719] [exthost] [warning] [Decorations] CAPPING events from decorations provider vscode.git 2788
[2022-05-06 22:31:57.882] [exthost] [warning] [Decorations] CAPPING events from decorations provider vscode.git 2789
[2022-05-06 22:31:57.962] [exthost] [warning] [Decorations] CAPPING events from decorations provider vscode.git 2789
[2022-05-06 22:32:03.053] [exthost] [warning] [Decorations] CAPPING events from decorations provider vscode.git 2789
[2022-05-06 22:32:08.140] [exthost] [warning] [Decorations] CAPPING events from decorations provider vscode.git 2789
[2022-05-06 22:32:13.228] [exthost] [warning] [Decorations] CAPPING events from decorations provider vscode.git 2789
[2022-05-06 22:32:18.311] [exthost] [warning] [Decorations] CAPPING events from decorations provider vscode.git 2789
[2022-05-06 22:32:23.625] [exthost] [warning] [Decorations] CAPPING events from decorations provider vscode.git 2790
[2022-05-06 22:41:50.049] [exthost] [warning] [Decorations] CAPPING events from decorations provider vscode.git 2790
[2022-05-06 22:41:51.211] [exthost] [warning] [Decorations] CAPPING events from decorations provider vscode.git 2790
[2022-05-06 22:41:55.164] [exthost] [warning] [Decorations] CAPPING events from decorations provider vscode.git 2790
[2022-05-06 22:42:00.264] [exthost] [warning] [Decorations] CAPPING events from decorations provider vscode.git 2790
[2022-05-06 22:42:05.350] [exthost] [warning] [Decorations] CAPPING events from decorations provider vscode.git 2790
[2022-05-06 22:42:10.439] [exthost] [warning] [Decorations] CAPPING events from decorations provider vscode.git 2790
[2022-05-06 22:42:15.524] [exthost] [warning] [Decorations] CAPPING events from decorations provider vscode.git 2791
[2022-05-06 22:42:20.614] [exthost] [warning] [Decorations] CAPPING events from decorations provider vscode.git 2791
[2022-05-06 22:42:25.702] [exthost] [warning] [Decorations] CAPPING events from decorations provider vscode.git 2791
[2022-05-06 22:42:30.792] [exthost] [warning] [Decorations] CAPPING events from decorations provider vscode.git 2791
[2022-05-06 22:42:35.898] [exthost] [warning] [Decorations] CAPPING events from decorations provider vscode.git 2791
[2022-05-06 22:42:42.776] [exthost] [warning] [Decorations] CAPPING events from decorations provider vscode.git 2791
[2022-05-06 22:42:47.862] [exthost] [warning] [Decorations] CAPPING events from decorations provider vscode.git 2792
[2022-05-06 22:42:52.947] [exthost] [warning] [Decorations] CAPPING events from decorations provider vscode.git 2792
[2022-05-06 22:43:00.830] [exthost] [warning] [Decorations] CAPPING events from decorations provider vscode.git 2792
[2022-05-06 22:43:05.932] [exthost] [warning] [Decorations] CAPPING events from decorations provider vscode.git 2792
[2022-05-06 22:43:11.022] [exthost] [warning] [Decorations] CAPPING events from decorations provider vscode.git 2792
[2022-05-06 22:43:16.113] [exthost] [warning] [Decorations] CAPPING events from decorations provider vscode.git 2792
[2022-05-06 22:43:21.205] [exthost] [warning] [Decorations] CAPPING events from decorations provider vscode.git 2792
[2022-05-06 22:43:26.328] [exthost] [warning] [Decorations] CAPPING events from decorations provider vscode.git 2792
[2022-05-06 22:43:31.464] [exthost] [warning] [Decorations] CAPPING events from decorations provider vscode.git 2792
