[2022-06-09 14:32:15.476] [exthost] [info] Extension host with pid 145 started
[2022-06-09 14:32:15.495] [exthost] [info] Lock '/home/lrb96/.vscode-server/data/User/workspaceStorage/84b1dcf39b1c1efa2da27761829bdaf5/vscode.lock': Lock acquired.
[2022-06-09 14:32:15.596] [exthost] [info] ExtensionService#_doActivateExtension vscode.debug-auto-launch, startup: true, activationEvent: '*'
[2022-06-09 14:32:15.605] [exthost] [info] ExtensionService#_doActivateExtension vscode.git-base, startup: true, activationEvent: '*', root cause: vscode.git
[2022-06-09 14:32:15.611] [exthost] [info] ExtensionService#_doActivateExtension vscode.ipynb, startup: true, activationEvent: '*'
[2022-06-09 14:32:15.658] [exthost] [info] ExtensionService#_doActivateExtension vscode.git, startup: true, activationEvent: '*'
[2022-06-09 14:32:15.725] [exthost] [info] ExtensionService#_doActivateExtension vscode.github, startup: true, activationEvent: '*'
[2022-06-09 14:32:15.830] [exthost] [info] ExtensionService#_doActivateExtension vscode.emmet, startup: false, activationEvent: 'onStartupFinished'
[2022-06-09 14:32:15.851] [exthost] [info] ExtensionService#_doActivateExtension vscode.merge-conflict, startup: false, activationEvent: 'onStartupFinished'
[2022-06-09 14:32:15.858] [exthost] [info] Eager extensions activated
[2022-06-09 14:32:16.209] [exthost] [warning] [Decorations] CAPPING events from decorations provider vscode.git 4092
[2022-06-09 14:32:17.040] [exthost] [info] ExtensionService#_doActivateExtension vscode.configuration-editing, startup: false, activationEvent: 'onLanguage:jsonc'
[2022-06-09 14:32:17.046] [exthost] [info] ExtensionService#_doActivateExtension vscode.json-language-features, startup: false, activationEvent: 'onLanguage:jsonc'
[2022-06-09 14:32:17.095] [exthost] [info] ExtensionService#_doActivateExtension vscode.typescript-language-features, startup: false, activationEvent: 'onLanguage:jsonc'
[2022-06-09 14:32:17.351] [exthost] [warning] [Decorations] CAPPING events from decorations provider vscode.git 4094
[2022-06-09 14:32:22.885] [exthost] [warning] [Decorations] CAPPING events from decorations provider vscode.git 5775
[2022-06-09 14:32:28.004] [exthost] [warning] [Decorations] CAPPING events from decorations provider vscode.git 8316
[2022-06-09 14:32:29.503] [exthost] [info] ExtensionService#_doActivateExtension ms-python.python, startup: false, activationEvent: 'onLanguage:python'
[2022-06-09 14:32:29.742] [exthost] [info] ExtensionService#_doActivateExtension ms-toolsai.jupyter, startup: false, activationEvent: 'onLanguage:python'
[2022-06-09 14:32:30.457] [exthost] [info] ExtensionService#_doActivateExtension ms-toolsai.jupyter-renderers, startup: false, activationEvent: 'api', root cause: ms-toolsai.jupyter
[2022-06-09 14:32:30.535] [exthost] [info] ExtensionService#_doActivateExtension ms-python.vscode-pylance, startup: false, activationEvent: 'onLanguage:python'
[2022-06-09 14:37:31.493] [exthost] [warning] [Decorations] CAPPING events from decorations provider vscode.git 6639
[2022-06-09 14:37:33.526] [exthost] [warning] [Decorations] CAPPING events from decorations provider vscode.git 6639
[2022-06-09 14:37:36.618] [exthost] [warning] [Decorations] CAPPING events from decorations provider vscode.git 6639
[2022-06-09 14:37:42.320] [exthost] [warning] [Decorations] CAPPING events from decorations provider vscode.git 6639
[2022-06-09 14:37:47.447] [exthost] [warning] [Decorations] CAPPING events from decorations provider vscode.git 6639
[2022-06-09 14:39:36.934] [exthost] [warning] [Decorations] CAPPING events from decorations provider vscode.git 6639
[2022-06-09 14:55:16.309] [exthost] [warning] [Decorations] CAPPING events from decorations provider vscode.git 6639
[2022-06-09 14:55:18.203] [exthost] [warning] [Decorations] CAPPING events from decorations provider vscode.git 6639
[2022-06-09 14:55:21.426] [exthost] [warning] [Decorations] CAPPING events from decorations provider vscode.git 6639
[2022-06-09 14:55:26.549] [exthost] [warning] [Decorations] CAPPING events from decorations provider vscode.git 6639
[2022-06-09 14:55:32.074] [exthost] [warning] [Decorations] CAPPING events from decorations provider vscode.git 6639
[2022-06-09 14:55:37.200] [exthost] [warning] [Decorations] CAPPING events from decorations provider vscode.git 6639
[2022-06-09 14:55:42.386] [exthost] [warning] [Decorations] CAPPING events from decorations provider vscode.git 6639
[2022-06-09 14:55:47.517] [exthost] [warning] [Decorations] CAPPING events from decorations provider vscode.git 6639
[2022-06-09 14:55:52.643] [exthost] [warning] [Decorations] CAPPING events from decorations provider vscode.git 6639
[2022-06-09 14:55:57.763] [exthost] [warning] [Decorations] CAPPING events from decorations provider vscode.git 6639
[2022-06-09 14:56:02.961] [exthost] [warning] [Decorations] CAPPING events from decorations provider vscode.git 6639
[2022-06-09 14:56:08.085] [exthost] [warning] [Decorations] CAPPING events from decorations provider vscode.git 6639
[2022-06-09 14:56:13.957] [exthost] [warning] [Decorations] CAPPING events from decorations provider vscode.git 6639
[2022-06-09 14:56:19.080] [exthost] [warning] [Decorations] CAPPING events from decorations provider vscode.git 6639
[2022-06-09 14:56:24.229] [exthost] [warning] [Decorations] CAPPING events from decorations provider vscode.git 6639
[2022-06-09 14:56:29.356] [exthost] [warning] [Decorations] CAPPING events from decorations provider vscode.git 6639
[2022-06-09 14:56:34.486] [exthost] [warning] [Decorations] CAPPING events from decorations provider vscode.git 6639
[2022-06-09 14:56:36.187] [exthost] [error] [ms-python.python] provider FAILED
[2022-06-09 14:56:36.188] [exthost] [error] Error: name must not be falsy
	at Function.validate (/home/lrb96/.vscode-server/bin/c3511e6c69bb39013c4a4b7b9566ec1ca73fc4d5/out/vs/workbench/api/node/extensionHostProcess.js:76:127818)
	at new s (/home/lrb96/.vscode-server/bin/c3511e6c69bb39013c4a4b7b9566ec1ca73fc4d5/out/vs/workbench/api/node/extensionHostProcess.js:76:127767)
	at new s (/home/lrb96/.vscode-server/bin/c3511e6c69bb39013c4a4b7b9566ec1ca73fc4d5/out/vs/workbench/api/node/extensionHostProcess.js:76:114127)
	at G (/home/lrb96/.vscode-server/extensions/ms-python.python-2022.6.3/out/client/extension.js:2:2278776)
	at c (/home/lrb96/.vscode-server/extensions/ms-python.python-2022.6.3/out/client/extension.js:2:2315961)
	at Object.t.map (/home/lrb96/.vscode-server/extensions/ms-python.python-2022.6.3/out/client/extension.js:2:2316047)
	at Object.asDocumentSymbols (/home/lrb96/.vscode-server/extensions/ms-python.python-2022.6.3/out/client/extension.js:2:2286594)
	at /home/lrb96/.vscode-server/extensions/ms-python.python-2022.6.3/out/client/extension.js:2:2225136
	at async r.provideDocumentSymbols (/home/lrb96/.vscode-server/bin/c3511e6c69bb39013c4a4b7b9566ec1ca73fc4d5/out/vs/workbench/api/node/extensionHostProcess.js:83:97721)
[2022-06-09 14:56:39.673] [exthost] [warning] [Decorations] CAPPING events from decorations provider vscode.git 6639
[2022-06-09 14:56:41.370] [exthost] [error] [ms-python.python] provider FAILED
[2022-06-09 14:56:41.371] [exthost] [error] Error: name must not be falsy
	at Function.validate (/home/lrb96/.vscode-server/bin/c3511e6c69bb39013c4a4b7b9566ec1ca73fc4d5/out/vs/workbench/api/node/extensionHostProcess.js:76:127818)
	at new s (/home/lrb96/.vscode-server/bin/c3511e6c69bb39013c4a4b7b9566ec1ca73fc4d5/out/vs/workbench/api/node/extensionHostProcess.js:76:127767)
	at new s (/home/lrb96/.vscode-server/bin/c3511e6c69bb39013c4a4b7b9566ec1ca73fc4d5/out/vs/workbench/api/node/extensionHostProcess.js:76:114127)
	at G (/home/lrb96/.vscode-server/extensions/ms-python.python-2022.6.3/out/client/extension.js:2:2278776)
	at c (/home/lrb96/.vscode-server/extensions/ms-python.python-2022.6.3/out/client/extension.js:2:2315961)
	at Object.t.map (/home/lrb96/.vscode-server/extensions/ms-python.python-2022.6.3/out/client/extension.js:2:2316047)
	at Object.asDocumentSymbols (/home/lrb96/.vscode-server/extensions/ms-python.python-2022.6.3/out/client/extension.js:2:2286594)
	at /home/lrb96/.vscode-server/extensions/ms-python.python-2022.6.3/out/client/extension.js:2:2225136
	at async r.provideDocumentSymbols (/home/lrb96/.vscode-server/bin/c3511e6c69bb39013c4a4b7b9566ec1ca73fc4d5/out/vs/workbench/api/node/extensionHostProcess.js:83:97721)
[2022-06-09 14:56:41.601] [exthost] [error] [ms-python.python] provider FAILED
[2022-06-09 14:56:41.601] [exthost] [error] Error: name must not be falsy
	at Function.validate (/home/lrb96/.vscode-server/bin/c3511e6c69bb39013c4a4b7b9566ec1ca73fc4d5/out/vs/workbench/api/node/extensionHostProcess.js:76:127818)
	at new s (/home/lrb96/.vscode-server/bin/c3511e6c69bb39013c4a4b7b9566ec1ca73fc4d5/out/vs/workbench/api/node/extensionHostProcess.js:76:127767)
	at new s (/home/lrb96/.vscode-server/bin/c3511e6c69bb39013c4a4b7b9566ec1ca73fc4d5/out/vs/workbench/api/node/extensionHostProcess.js:76:114127)
	at G (/home/lrb96/.vscode-server/extensions/ms-python.python-2022.6.3/out/client/extension.js:2:2278776)
	at c (/home/lrb96/.vscode-server/extensions/ms-python.python-2022.6.3/out/client/extension.js:2:2315961)
	at Object.t.map (/home/lrb96/.vscode-server/extensions/ms-python.python-2022.6.3/out/client/extension.js:2:2316047)
	at Object.asDocumentSymbols (/home/lrb96/.vscode-server/extensions/ms-python.python-2022.6.3/out/client/extension.js:2:2286594)
	at /home/lrb96/.vscode-server/extensions/ms-python.python-2022.6.3/out/client/extension.js:2:2225136
	at async r.provideDocumentSymbols (/home/lrb96/.vscode-server/bin/c3511e6c69bb39013c4a4b7b9566ec1ca73fc4d5/out/vs/workbench/api/node/extensionHostProcess.js:83:97721)
[2022-06-09 14:56:43.401] [exthost] [error] [ms-python.python] provider FAILED
[2022-06-09 14:56:43.401] [exthost] [error] Error: name must not be falsy
	at Function.validate (/home/lrb96/.vscode-server/bin/c3511e6c69bb39013c4a4b7b9566ec1ca73fc4d5/out/vs/workbench/api/node/extensionHostProcess.js:76:127818)
	at new s (/home/lrb96/.vscode-server/bin/c3511e6c69bb39013c4a4b7b9566ec1ca73fc4d5/out/vs/workbench/api/node/extensionHostProcess.js:76:127767)
	at new s (/home/lrb96/.vscode-server/bin/c3511e6c69bb39013c4a4b7b9566ec1ca73fc4d5/out/vs/workbench/api/node/extensionHostProcess.js:76:114127)
	at G (/home/lrb96/.vscode-server/extensions/ms-python.python-2022.6.3/out/client/extension.js:2:2278776)
	at c (/home/lrb96/.vscode-server/extensions/ms-python.python-2022.6.3/out/client/extension.js:2:2315961)
	at Object.t.map (/home/lrb96/.vscode-server/extensions/ms-python.python-2022.6.3/out/client/extension.js:2:2316047)
	at Object.asDocumentSymbols (/home/lrb96/.vscode-server/extensions/ms-python.python-2022.6.3/out/client/extension.js:2:2286594)
	at /home/lrb96/.vscode-server/extensions/ms-python.python-2022.6.3/out/client/extension.js:2:2225136
	at async r.provideDocumentSymbols (/home/lrb96/.vscode-server/bin/c3511e6c69bb39013c4a4b7b9566ec1ca73fc4d5/out/vs/workbench/api/node/extensionHostProcess.js:83:97721)
[2022-06-09 14:56:44.813] [exthost] [warning] [Decorations] CAPPING events from decorations provider vscode.git 6639
[2022-06-09 14:56:46.537] [exthost] [error] [ms-python.python] provider FAILED
[2022-06-09 14:56:46.538] [exthost] [error] Error: name must not be falsy
	at Function.validate (/home/lrb96/.vscode-server/bin/c3511e6c69bb39013c4a4b7b9566ec1ca73fc4d5/out/vs/workbench/api/node/extensionHostProcess.js:76:127818)
	at new s (/home/lrb96/.vscode-server/bin/c3511e6c69bb39013c4a4b7b9566ec1ca73fc4d5/out/vs/workbench/api/node/extensionHostProcess.js:76:127767)
	at new s (/home/lrb96/.vscode-server/bin/c3511e6c69bb39013c4a4b7b9566ec1ca73fc4d5/out/vs/workbench/api/node/extensionHostProcess.js:76:114127)
	at G (/home/lrb96/.vscode-server/extensions/ms-python.python-2022.6.3/out/client/extension.js:2:2278776)
	at c (/home/lrb96/.vscode-server/extensions/ms-python.python-2022.6.3/out/client/extension.js:2:2315961)
	at Object.t.map (/home/lrb96/.vscode-server/extensions/ms-python.python-2022.6.3/out/client/extension.js:2:2316047)
	at Object.asDocumentSymbols (/home/lrb96/.vscode-server/extensions/ms-python.python-2022.6.3/out/client/extension.js:2:2286594)
	at /home/lrb96/.vscode-server/extensions/ms-python.python-2022.6.3/out/client/extension.js:2:2225136
	at async r.provideDocumentSymbols (/home/lrb96/.vscode-server/bin/c3511e6c69bb39013c4a4b7b9566ec1ca73fc4d5/out/vs/workbench/api/node/extensionHostProcess.js:83:97721)
[2022-06-09 14:56:49.996] [exthost] [warning] [Decorations] CAPPING events from decorations provider vscode.git 6639
[2022-06-09 14:56:55.141] [exthost] [warning] [Decorations] CAPPING events from decorations provider vscode.git 6639
[2022-06-09 14:57:00.254] [exthost] [warning] [Decorations] CAPPING events from decorations provider vscode.git 6639
[2022-06-09 14:57:05.457] [exthost] [warning] [Decorations] CAPPING events from decorations provider vscode.git 6639
[2022-06-09 14:57:10.579] [exthost] [warning] [Decorations] CAPPING events from decorations provider vscode.git 6639
[2022-06-09 14:57:15.766] [exthost] [warning] [Decorations] CAPPING events from decorations provider vscode.git 6639
[2022-06-09 14:57:20.896] [exthost] [warning] [Decorations] CAPPING events from decorations provider vscode.git 6639
[2022-06-09 14:57:26.020] [exthost] [warning] [Decorations] CAPPING events from decorations provider vscode.git 6639
[2022-06-09 14:57:31.140] [exthost] [warning] [Decorations] CAPPING events from decorations provider vscode.git 6639
[2022-06-09 14:57:36.261] [exthost] [warning] [Decorations] CAPPING events from decorations provider vscode.git 6639
[2022-06-09 14:57:41.384] [exthost] [warning] [Decorations] CAPPING events from decorations provider vscode.git 6639
[2022-06-09 14:57:46.578] [exthost] [warning] [Decorations] CAPPING events from decorations provider vscode.git 6639
[2022-06-09 14:57:53.439] [exthost] [warning] [Decorations] CAPPING events from decorations provider vscode.git 6639
[2022-06-09 14:57:58.640] [exthost] [warning] [Decorations] CAPPING events from decorations provider vscode.git 6639
[2022-06-09 14:58:03.764] [exthost] [warning] [Decorations] CAPPING events from decorations provider vscode.git 6639
[2022-06-09 14:58:08.957] [exthost] [warning] [Decorations] CAPPING events from decorations provider vscode.git 6639
[2022-06-09 14:58:14.072] [exthost] [warning] [Decorations] CAPPING events from decorations provider vscode.git 6639
[2022-06-09 14:58:19.589] [exthost] [warning] [Decorations] CAPPING events from decorations provider vscode.git 6639
[2022-06-09 14:58:21.460] [exthost] [warning] [Decorations] CAPPING events from decorations provider vscode.git 6639
[2022-06-09 14:58:27.306] [exthost] [warning] [Decorations] CAPPING events from decorations provider vscode.git 6639
[2022-06-09 14:58:32.432] [exthost] [warning] [Decorations] CAPPING events from decorations provider vscode.git 6639
[2022-06-09 14:58:37.628] [exthost] [warning] [Decorations] CAPPING events from decorations provider vscode.git 6639
[2022-06-09 14:58:42.751] [exthost] [warning] [Decorations] CAPPING events from decorations provider vscode.git 6639
[2022-06-09 14:58:47.866] [exthost] [warning] [Decorations] CAPPING events from decorations provider vscode.git 6639
[2022-06-09 14:58:52.980] [exthost] [warning] [Decorations] CAPPING events from decorations provider vscode.git 6639
[2022-06-09 14:58:58.099] [exthost] [warning] [Decorations] CAPPING events from decorations provider vscode.git 6639
[2022-06-09 14:59:03.234] [exthost] [warning] [Decorations] CAPPING events from decorations provider vscode.git 6639
[2022-06-09 14:59:08.403] [exthost] [warning] [Decorations] CAPPING events from decorations provider vscode.git 6639
[2022-06-09 14:59:13.524] [exthost] [warning] [Decorations] CAPPING events from decorations provider vscode.git 6639
[2022-06-09 14:59:18.649] [exthost] [warning] [Decorations] CAPPING events from decorations provider vscode.git 6639
[2022-06-09 14:59:23.777] [exthost] [warning] [Decorations] CAPPING events from decorations provider vscode.git 6639
[2022-06-09 14:59:28.984] [exthost] [warning] [Decorations] CAPPING events from decorations provider vscode.git 6639
[2022-06-09 14:59:34.116] [exthost] [warning] [Decorations] CAPPING events from decorations provider vscode.git 6639
[2022-06-09 14:59:39.240] [exthost] [warning] [Decorations] CAPPING events from decorations provider vscode.git 6642
[2022-06-09 14:59:44.359] [exthost] [warning] [Decorations] CAPPING events from decorations provider vscode.git 6642
[2022-06-09 14:59:49.484] [exthost] [warning] [Decorations] CAPPING events from decorations provider vscode.git 6642
[2022-06-09 14:59:54.606] [exthost] [warning] [Decorations] CAPPING events from decorations provider vscode.git 6642
[2022-06-09 14:59:59.801] [exthost] [warning] [Decorations] CAPPING events from decorations provider vscode.git 6642
[2022-06-09 15:00:05.420] [exthost] [warning] [Decorations] CAPPING events from decorations provider vscode.git 6642
[2022-06-09 15:00:10.615] [exthost] [warning] [Decorations] CAPPING events from decorations provider vscode.git 6642
[2022-06-09 15:00:16.456] [exthost] [warning] [Decorations] CAPPING events from decorations provider vscode.git 6642
[2022-06-09 15:00:21.645] [exthost] [warning] [Decorations] CAPPING events from decorations provider vscode.git 6642
[2022-06-09 15:00:26.766] [exthost] [warning] [Decorations] CAPPING events from decorations provider vscode.git 6642
[2022-06-09 15:00:31.973] [exthost] [warning] [Decorations] CAPPING events from decorations provider vscode.git 6642
[2022-06-09 15:00:37.091] [exthost] [warning] [Decorations] CAPPING events from decorations provider vscode.git 6642
[2022-06-09 15:00:42.278] [exthost] [warning] [Decorations] CAPPING events from decorations provider vscode.git 6642
[2022-06-09 15:00:47.401] [exthost] [warning] [Decorations] CAPPING events from decorations provider vscode.git 6642
[2022-06-09 15:00:52.597] [exthost] [warning] [Decorations] CAPPING events from decorations provider vscode.git 6642
[2022-06-09 15:00:57.724] [exthost] [warning] [Decorations] CAPPING events from decorations provider vscode.git 6642
[2022-06-09 15:01:02.919] [exthost] [warning] [Decorations] CAPPING events from decorations provider vscode.git 6642
[2022-06-09 15:01:08.746] [exthost] [warning] [Decorations] CAPPING events from decorations provider vscode.git 6642
[2022-06-09 15:01:13.872] [exthost] [warning] [Decorations] CAPPING events from decorations provider vscode.git 6642
[2022-06-09 15:01:30.218] [exthost] [warning] [Decorations] CAPPING events from decorations provider vscode.git 6643
[2022-06-09 15:01:32.190] [exthost] [warning] [Decorations] CAPPING events from decorations provider vscode.git 6643
[2022-06-09 15:01:35.351] [exthost] [warning] [Decorations] CAPPING events from decorations provider vscode.git 6643
[2022-06-09 15:01:40.472] [exthost] [warning] [Decorations] CAPPING events from decorations provider vscode.git 6643
[2022-06-09 15:01:46.031] [exthost] [warning] [Decorations] CAPPING events from decorations provider vscode.git 6643
[2022-06-09 15:01:55.441] [exthost] [warning] [Decorations] CAPPING events from decorations provider vscode.git 6643
[2022-06-09 15:02:00.556] [exthost] [warning] [Decorations] CAPPING events from decorations provider vscode.git 6643
[2022-06-09 15:02:05.684] [exthost] [warning] [Decorations] CAPPING events from decorations provider vscode.git 6643
[2022-06-09 15:02:10.797] [exthost] [warning] [Decorations] CAPPING events from decorations provider vscode.git 6643
[2022-06-09 15:02:17.651] [exthost] [warning] [Decorations] CAPPING events from decorations provider vscode.git 6644
[2022-06-09 15:02:22.772] [exthost] [warning] [Decorations] CAPPING events from decorations provider vscode.git 6644
[2022-06-09 15:02:27.960] [exthost] [warning] [Decorations] CAPPING events from decorations provider vscode.git 6644
[2022-06-09 15:02:33.086] [exthost] [warning] [Decorations] CAPPING events from decorations provider vscode.git 6644
[2022-06-09 15:02:38.282] [exthost] [warning] [Decorations] CAPPING events from decorations provider vscode.git 6644
[2022-06-09 15:02:43.401] [exthost] [warning] [Decorations] CAPPING events from decorations provider vscode.git 6644
[2022-06-09 15:02:48.592] [exthost] [warning] [Decorations] CAPPING events from decorations provider vscode.git 6644
[2022-06-09 15:02:54.261] [exthost] [warning] [Decorations] CAPPING events from decorations provider vscode.git 6645
[2022-06-09 15:02:59.457] [exthost] [warning] [Decorations] CAPPING events from decorations provider vscode.git 6645
[2022-06-09 15:03:04.578] [exthost] [warning] [Decorations] CAPPING events from decorations provider vscode.git 6645
[2022-06-09 15:03:09.771] [exthost] [warning] [Decorations] CAPPING events from decorations provider vscode.git 6645
[2022-06-09 15:03:14.897] [exthost] [warning] [Decorations] CAPPING events from decorations provider vscode.git 6646
[2022-06-09 15:03:20.091] [exthost] [warning] [Decorations] CAPPING events from decorations provider vscode.git 6646
[2022-06-09 15:03:25.208] [exthost] [warning] [Decorations] CAPPING events from decorations provider vscode.git 6646
[2022-06-09 15:03:30.364] [exthost] [warning] [Decorations] CAPPING events from decorations provider vscode.git 6646
[2022-06-09 15:03:36.234] [exthost] [warning] [Decorations] CAPPING events from decorations provider vscode.git 6646
[2022-06-09 15:03:41.855] [exthost] [warning] [Decorations] CAPPING events from decorations provider vscode.git 6646
[2022-06-09 15:03:46.974] [exthost] [warning] [Decorations] CAPPING events from decorations provider vscode.git 6646
[2022-06-09 15:03:52.168] [exthost] [warning] [Decorations] CAPPING events from decorations provider vscode.git 6646
[2022-06-09 15:03:58.253] [exthost] [warning] [Decorations] CAPPING events from decorations provider vscode.git 6646
[2022-06-09 15:04:03.448] [exthost] [warning] [Decorations] CAPPING events from decorations provider vscode.git 6646
[2022-06-09 15:04:08.571] [exthost] [warning] [Decorations] CAPPING events from decorations provider vscode.git 6646
[2022-06-09 15:04:13.694] [exthost] [warning] [Decorations] CAPPING events from decorations provider vscode.git 6646
[2022-06-09 15:04:18.814] [exthost] [warning] [Decorations] CAPPING events from decorations provider vscode.git 6646
[2022-06-09 15:04:24.012] [exthost] [warning] [Decorations] CAPPING events from decorations provider vscode.git 6646
[2022-06-09 15:04:29.134] [exthost] [warning] [Decorations] CAPPING events from decorations provider vscode.git 6646
[2022-06-09 15:04:33.619] [exthost] [warning] [Decorations] CAPPING events from decorations provider vscode.git 6646
[2022-06-09 15:04:35.500] [exthost] [warning] [Decorations] CAPPING events from decorations provider vscode.git 6646
[2022-06-09 15:04:40.640] [exthost] [warning] [Decorations] CAPPING events from decorations provider vscode.git 6646
[2022-06-09 15:04:45.759] [exthost] [warning] [Decorations] CAPPING events from decorations provider vscode.git 6646
[2022-06-09 15:04:50.887] [exthost] [warning] [Decorations] CAPPING events from decorations provider vscode.git 6646
[2022-06-09 15:04:56.006] [exthost] [warning] [Decorations] CAPPING events from decorations provider vscode.git 6646
[2022-06-09 15:05:01.205] [exthost] [warning] [Decorations] CAPPING events from decorations provider vscode.git 6646
[2022-06-09 15:05:06.325] [exthost] [warning] [Decorations] CAPPING events from decorations provider vscode.git 6646
[2022-06-09 15:05:11.519] [exthost] [warning] [Decorations] CAPPING events from decorations provider vscode.git 6646
[2022-06-09 15:05:16.643] [exthost] [warning] [Decorations] CAPPING events from decorations provider vscode.git 6647
[2022-06-09 15:05:21.758] [exthost] [warning] [Decorations] CAPPING events from decorations provider vscode.git 6647
[2022-06-09 15:05:32.330] [exthost] [warning] [Decorations] CAPPING events from decorations provider vscode.git 6648
[2022-06-09 15:05:37.454] [exthost] [warning] [Decorations] CAPPING events from decorations provider vscode.git 6648
[2022-06-09 15:05:42.572] [exthost] [warning] [Decorations] CAPPING events from decorations provider vscode.git 6648
[2022-06-09 15:05:47.717] [exthost] [warning] [Decorations] CAPPING events from decorations provider vscode.git 6649
[2022-06-09 15:05:52.847] [exthost] [warning] [Decorations] CAPPING events from decorations provider vscode.git 6649
[2022-06-09 15:05:58.023] [exthost] [warning] [Decorations] CAPPING events from decorations provider vscode.git 6649
[2022-06-09 15:06:03.154] [exthost] [warning] [Decorations] CAPPING events from decorations provider vscode.git 6649
[2022-06-09 15:06:08.273] [exthost] [warning] [Decorations] CAPPING events from decorations provider vscode.git 6649
[2022-06-09 15:06:13.395] [exthost] [warning] [Decorations] CAPPING events from decorations provider vscode.git 6649
[2022-06-09 15:06:18.517] [exthost] [warning] [Decorations] CAPPING events from decorations provider vscode.git 6649
[2022-06-09 15:06:23.633] [exthost] [warning] [Decorations] CAPPING events from decorations provider vscode.git 6649
[2022-06-09 15:06:31.061] [exthost] [warning] [Decorations] CAPPING events from decorations provider vscode.git 6650
[2022-06-09 15:06:36.188] [exthost] [warning] [Decorations] CAPPING events from decorations provider vscode.git 6650
[2022-06-09 15:06:41.313] [exthost] [warning] [Decorations] CAPPING events from decorations provider vscode.git 6650
[2022-06-09 15:06:46.433] [exthost] [warning] [Decorations] CAPPING events from decorations provider vscode.git 6650
[2022-06-09 15:06:51.552] [exthost] [warning] [Decorations] CAPPING events from decorations provider vscode.git 6650
[2022-06-09 15:06:56.673] [exthost] [warning] [Decorations] CAPPING events from decorations provider vscode.git 6650
[2022-06-09 15:07:01.862] [exthost] [warning] [Decorations] CAPPING events from decorations provider vscode.git 6650
[2022-06-09 15:07:06.981] [exthost] [warning] [Decorations] CAPPING events from decorations provider vscode.git 6650
[2022-06-09 15:07:12.110] [exthost] [warning] [Decorations] CAPPING events from decorations provider vscode.git 6651
[2022-06-09 15:07:17.416] [exthost] [warning] [Decorations] CAPPING events from decorations provider vscode.git 6651
[2022-06-09 15:07:22.607] [exthost] [warning] [Decorations] CAPPING events from decorations provider vscode.git 6651
[2022-06-09 15:07:27.727] [exthost] [warning] [Decorations] CAPPING events from decorations provider vscode.git 6651
[2022-06-09 15:07:32.852] [exthost] [warning] [Decorations] CAPPING events from decorations provider vscode.git 6651
[2022-06-09 15:07:35.903] [exthost] [warning] [Decorations] CAPPING events from decorations provider vscode.git 6651
[2022-06-09 15:07:37.975] [exthost] [warning] [Decorations] CAPPING events from decorations provider vscode.git 6651
[2022-06-09 15:07:43.093] [exthost] [warning] [Decorations] CAPPING events from decorations provider vscode.git 6651
[2022-06-09 15:07:48.218] [exthost] [warning] [Decorations] CAPPING events from decorations provider vscode.git 6651
[2022-06-09 15:07:53.340] [exthost] [warning] [Decorations] CAPPING events from decorations provider vscode.git 6651
[2022-06-09 15:07:58.538] [exthost] [warning] [Decorations] CAPPING events from decorations provider vscode.git 6652
[2022-06-09 15:08:05.278] [exthost] [warning] [Decorations] CAPPING events from decorations provider vscode.git 6652
[2022-06-09 15:08:10.478] [exthost] [warning] [Decorations] CAPPING events from decorations provider vscode.git 6652
[2022-06-09 15:08:18.312] [exthost] [warning] [Decorations] CAPPING events from decorations provider vscode.git 6652
[2022-06-09 15:08:23.437] [exthost] [warning] [Decorations] CAPPING events from decorations provider vscode.git 6652
[2022-06-09 15:08:28.571] [exthost] [warning] [Decorations] CAPPING events from decorations provider vscode.git 6652
[2022-06-09 15:08:33.729] [exthost] [warning] [Decorations] CAPPING events from decorations provider vscode.git 6653
[2022-06-09 15:08:38.855] [exthost] [warning] [Decorations] CAPPING events from decorations provider vscode.git 6653
[2022-06-09 15:08:44.054] [exthost] [warning] [Decorations] CAPPING events from decorations provider vscode.git 6653
[2022-06-09 15:08:49.176] [exthost] [warning] [Decorations] CAPPING events from decorations provider vscode.git 6653
[2022-06-09 15:08:54.300] [exthost] [warning] [Decorations] CAPPING events from decorations provider vscode.git 6653
[2022-06-09 15:08:59.892] [exthost] [warning] [Decorations] CAPPING events from decorations provider vscode.git 6654
[2022-06-09 15:09:05.018] [exthost] [warning] [Decorations] CAPPING events from decorations provider vscode.git 6654
[2022-06-09 15:09:10.142] [exthost] [warning] [Decorations] CAPPING events from decorations provider vscode.git 6654
[2022-06-09 15:09:15.263] [exthost] [warning] [Decorations] CAPPING events from decorations provider vscode.git 6654
[2022-06-09 15:09:20.457] [exthost] [warning] [Decorations] CAPPING events from decorations provider vscode.git 6654
[2022-06-09 15:09:25.576] [exthost] [warning] [Decorations] CAPPING events from decorations provider vscode.git 6654
[2022-06-09 15:09:30.757] [exthost] [warning] [Decorations] CAPPING events from decorations provider vscode.git 6654
[2022-06-09 15:09:35.886] [exthost] [warning] [Decorations] CAPPING events from decorations provider vscode.git 6654
[2022-06-09 15:09:41.006] [exthost] [warning] [Decorations] CAPPING events from decorations provider vscode.git 6654
[2022-06-09 15:09:46.123] [exthost] [warning] [Decorations] CAPPING events from decorations provider vscode.git 6654
[2022-06-09 15:09:51.244] [exthost] [warning] [Decorations] CAPPING events from decorations provider vscode.git 6654
[2022-06-09 15:09:56.434] [exthost] [warning] [Decorations] CAPPING events from decorations provider vscode.git 6654
[2022-06-09 15:10:02.994] [exthost] [warning] [Decorations] CAPPING events from decorations provider vscode.git 6655
[2022-06-09 15:10:08.200] [exthost] [warning] [Decorations] CAPPING events from decorations provider vscode.git 6655
[2022-06-09 15:10:13.322] [exthost] [warning] [Decorations] CAPPING events from decorations provider vscode.git 6655
[2022-06-09 15:10:18.449] [exthost] [warning] [Decorations] CAPPING events from decorations provider vscode.git 6655
[2022-06-09 15:10:23.638] [exthost] [warning] [Decorations] CAPPING events from decorations provider vscode.git 6656
[2022-06-09 15:10:28.776] [exthost] [warning] [Decorations] CAPPING events from decorations provider vscode.git 6656
[2022-06-09 15:10:33.899] [exthost] [warning] [Decorations] CAPPING events from decorations provider vscode.git 6656
[2022-06-09 15:10:37.246] [exthost] [warning] [Decorations] CAPPING events from decorations provider vscode.git 6656
[2022-06-09 15:10:39.141] [exthost] [warning] [Decorations] CAPPING events from decorations provider vscode.git 6656
[2022-06-09 15:10:44.282] [exthost] [warning] [Decorations] CAPPING events from decorations provider vscode.git 6657
[2022-06-09 15:10:49.404] [exthost] [warning] [Decorations] CAPPING events from decorations provider vscode.git 6657
[2022-06-09 15:10:54.523] [exthost] [warning] [Decorations] CAPPING events from decorations provider vscode.git 6657
[2022-06-09 15:10:59.644] [exthost] [warning] [Decorations] CAPPING events from decorations provider vscode.git 6657
[2022-06-09 15:11:05.883] [exthost] [warning] [Decorations] CAPPING events from decorations provider vscode.git 6658
[2022-06-09 15:11:11.073] [exthost] [warning] [Decorations] CAPPING events from decorations provider vscode.git 6658
[2022-06-09 15:11:16.195] [exthost] [warning] [Decorations] CAPPING events from decorations provider vscode.git 6659
[2022-06-09 15:11:22.950] [exthost] [warning] [Decorations] CAPPING events from decorations provider vscode.git 6659
[2022-06-09 15:11:28.091] [exthost] [warning] [Decorations] CAPPING events from decorations provider vscode.git 6659
[2022-06-09 15:11:38.252] [exthost] [warning] [Decorations] CAPPING events from decorations provider vscode.git 6659
[2022-06-09 15:11:43.371] [exthost] [warning] [Decorations] CAPPING events from decorations provider vscode.git 6659
[2022-06-09 15:11:48.493] [exthost] [warning] [Decorations] CAPPING events from decorations provider vscode.git 6659
[2022-06-09 15:11:53.620] [exthost] [warning] [Decorations] CAPPING events from decorations provider vscode.git 6660
[2022-06-09 15:11:58.740] [exthost] [warning] [Decorations] CAPPING events from decorations provider vscode.git 6660
[2022-06-09 15:12:03.860] [exthost] [warning] [Decorations] CAPPING events from decorations provider vscode.git 6660
[2022-06-09 15:12:08.978] [exthost] [warning] [Decorations] CAPPING events from decorations provider vscode.git 6661
[2022-06-09 15:12:14.109] [exthost] [warning] [Decorations] CAPPING events from decorations provider vscode.git 6661
[2022-06-09 15:12:19.231] [exthost] [warning] [Decorations] CAPPING events from decorations provider vscode.git 6661
[2022-06-09 15:12:24.427] [exthost] [warning] [Decorations] CAPPING events from decorations provider vscode.git 6661
[2022-06-09 15:12:29.550] [exthost] [warning] [Decorations] CAPPING events from decorations provider vscode.git 6661
[2022-06-09 15:12:34.673] [exthost] [warning] [Decorations] CAPPING events from decorations provider vscode.git 6661
[2022-06-09 15:12:39.793] [exthost] [warning] [Decorations] CAPPING events from decorations provider vscode.git 6661
[2022-06-09 15:12:44.975] [exthost] [warning] [Decorations] CAPPING events from decorations provider vscode.git 6661
[2022-06-09 15:12:50.112] [exthost] [warning] [Decorations] CAPPING events from decorations provider vscode.git 6661
[2022-06-09 15:12:55.233] [exthost] [warning] [Decorations] CAPPING events from decorations provider vscode.git 6661
[2022-06-09 15:13:00.356] [exthost] [warning] [Decorations] CAPPING events from decorations provider vscode.git 6661
[2022-06-09 15:13:05.476] [exthost] [warning] [Decorations] CAPPING events from decorations provider vscode.git 6661
[2022-06-09 15:13:10.853] [exthost] [warning] [Decorations] CAPPING events from decorations provider vscode.git 6661
[2022-06-09 15:13:16.048] [exthost] [warning] [Decorations] CAPPING events from decorations provider vscode.git 6661
[2022-06-09 15:13:22.740] [exthost] [warning] [Decorations] CAPPING events from decorations provider vscode.git 6662
[2022-06-09 15:13:28.668] [exthost] [warning] [Decorations] CAPPING events from decorations provider vscode.git 6662
[2022-06-09 15:13:33.793] [exthost] [warning] [Decorations] CAPPING events from decorations provider vscode.git 6662
[2022-06-09 15:13:38.605] [exthost] [warning] [Decorations] CAPPING events from decorations provider vscode.git 6662
[2022-06-09 15:13:54.945] [exthost] [warning] [Decorations] CAPPING events from decorations provider vscode.git 6662
[2022-06-09 15:15:06.487] [exthost] [warning] [Decorations] CAPPING events from decorations provider vscode.git 6662
[2022-06-09 15:16:32.926] [exthost] [warning] [Decorations] CAPPING events from decorations provider vscode.git 6662
[2022-06-09 15:18:25.485] [exthost] [warning] [Decorations] CAPPING events from decorations provider vscode.git 6662
[2022-06-09 15:18:27.447] [exthost] [warning] [Decorations] CAPPING events from decorations provider vscode.git 6662
[2022-06-09 15:18:53.880] [exthost] [warning] [Decorations] CAPPING events from decorations provider vscode.git 6662
[2022-06-09 16:06:12.798] [exthost] [warning] [Decorations] CAPPING events from decorations provider vscode.git 6662
[2022-06-09 16:06:14.737] [exthost] [warning] [Decorations] CAPPING events from decorations provider vscode.git 6662
[2022-06-09 16:17:28.667] [exthost] [warning] [Decorations] CAPPING events from decorations provider vscode.git 6663
[2022-06-09 16:17:30.664] [exthost] [warning] [Decorations] CAPPING events from decorations provider vscode.git 6663
[2022-06-09 16:17:33.799] [exthost] [warning] [Decorations] CAPPING events from decorations provider vscode.git 6663
[2022-06-09 16:17:38.987] [exthost] [warning] [Decorations] CAPPING events from decorations provider vscode.git 6663
[2022-06-09 16:17:45.893] [exthost] [warning] [Decorations] CAPPING events from decorations provider vscode.git 6663
[2022-06-09 16:17:51.077] [exthost] [warning] [Decorations] CAPPING events from decorations provider vscode.git 6663
[2022-06-09 16:29:23.048] [exthost] [warning] [Decorations] CAPPING events from decorations provider vscode.git 6663
[2022-06-09 16:29:25.037] [exthost] [warning] [Decorations] CAPPING events from decorations provider vscode.git 6663
[2022-06-09 16:33:57.747] [exthost] [warning] [Decorations] CAPPING events from decorations provider vscode.git 6663
[2022-06-09 16:33:59.691] [exthost] [warning] [Decorations] CAPPING events from decorations provider vscode.git 6663
[2022-06-09 16:34:01.436] [exthost] [info] Extension host terminating: received terminate message from renderer
[2022-06-09 16:34:01.436] [exthost] [info] Lock '/home/lrb96/.vscode-server/data/User/workspaceStorage/84b1dcf39b1c1efa2da27761829bdaf5/vscode.lock': Marking the lockfile as scheduled to be released in 6000 ms.
[2022-06-09 16:34:01.453] [exthost] [info] Extension host with pid 145 exiting with code 0
