[2022-05-06T23:23:45.263Z] Validating found git in: git
[2022-05-06T23:23:45.291Z] Using git 2.25.1 from git
[2022-05-06T23:23:45.327Z] > git rev-parse --git-dir [4ms]
[2022-05-06T23:23:45.332Z] Open repository: /home/lrb96
[2022-05-06T23:23:45.532Z] > git symbolic-ref --short HEAD [1ms]
[2022-05-06T23:23:45.537Z] > git for-each-ref --format=%(refname)%00%(upstream:short)%00%(objectname)%00%(upstream:track) refs/heads/master refs/remotes/master [2ms]
[2022-05-06T23:23:45.543Z] > git remote --verbose [0ms]
[2022-05-06T23:23:45.544Z] > git for-each-ref --sort -committerdate --format %(refname) %(objectname) %(*objectname) [4ms]
[2022-05-06T23:23:45.552Z] > git config --get commit.template [1ms]
[2022-05-06T23:24:53.584Z] > git fetch [1244ms]
[2022-05-06T23:24:53.617Z] > git symbolic-ref --short HEAD [1ms]
[2022-05-06T23:24:53.619Z] > git for-each-ref --format=%(refname)%00%(upstream:short)%00%(objectname)%00%(upstream:track) refs/heads/master refs/remotes/master [1ms]
[2022-05-06T23:24:53.623Z] > git for-each-ref --sort -committerdate --format %(refname) %(objectname) %(*objectname) [2ms]
[2022-05-06T23:24:53.623Z] > git remote --verbose [1ms]
[2022-05-06T23:24:53.628Z] > git config --get commit.template [1ms]
[2022-05-06T23:25:54.089Z] > git ls-files --stage -- /home/lrb96/portafolio_python/aleatorio.py [190ms]
[2022-05-06T23:25:54.299Z] > git cat-file -s d70df8622525f07362a30054fbf8437dfecf09f4 [207ms]
[2022-05-06T23:29:14.117Z] > git fetch [1176ms]
[2022-05-06T23:29:14.153Z] > git symbolic-ref --short HEAD [1ms]
[2022-05-06T23:29:14.156Z] > git for-each-ref --format=%(refname)%00%(upstream:short)%00%(objectname)%00%(upstream:track) refs/heads/master refs/remotes/master [1ms]
[2022-05-06T23:29:14.161Z] > git remote --verbose [1ms]
[2022-05-06T23:29:14.162Z] > git for-each-ref --sort -committerdate --format %(refname) %(objectname) %(*objectname) [4ms]
[2022-05-06T23:29:14.169Z] > git config --get commit.template [1ms]
[2022-05-06T23:29:15.136Z] > git ls-files --stage -- /home/lrb96/portafolio_python/condicionales.py [2ms]
[2022-05-06T23:29:15.140Z] > git cat-file -s 4d0258e417ccf2717322ef0f8b5e2c3b7cc7a30a [1ms]
[2022-05-06T23:29:15.192Z] > git ls-files --stage -- /home/lrb96/portafolio_python/condicionales.py [3ms]
[2022-05-06T23:29:15.195Z] > git cat-file -s 4d0258e417ccf2717322ef0f8b5e2c3b7cc7a30a [1ms]
[2022-05-06T23:29:19.490Z] > git ls-files --stage -- /home/lrb96/portafolio_python/conversor.py [3ms]
[2022-05-06T23:29:19.494Z] > git cat-file -s dc1b6c6f96e13fd35d76eccedd735061aa105c1d [1ms]
[2022-05-06T23:29:22.558Z] > git ls-files --stage -- /home/lrb96/portafolio_python/condicionales.py [2ms]
[2022-05-06T23:29:22.562Z] > git cat-file -s 4d0258e417ccf2717322ef0f8b5e2c3b7cc7a30a [1ms]
[2022-05-06T23:29:51.866Z] > git ls-files --stage -- /home/lrb96/portafolio_python/fibonacci.py [3ms]
[2022-05-06T23:29:51.869Z] > git cat-file -s e2546e2899e08e6ae7dbf1fe1be8630c269bb7ab [1ms]
[2022-05-06T23:29:53.381Z] > git ls-files --stage -- /home/lrb96/portafolio_python/condicionales.py [3ms]
[2022-05-06T23:29:53.386Z] > git cat-file -s 4d0258e417ccf2717322ef0f8b5e2c3b7cc7a30a [1ms]
[2022-05-06T23:29:56.197Z] > git ls-files --stage -- /home/lrb96/portafolio_python/conversor2.py [2ms]
[2022-05-06T23:29:56.201Z] > git cat-file -s 2a013ad850c0140333cd6ad48721d6ac16c58e6e [1ms]
[2022-05-06T23:30:01.268Z] > git ls-files --stage -- /home/lrb96/portafolio_python/condicionales.py [3ms]
[2022-05-06T23:30:01.271Z] > git cat-file -s 4d0258e417ccf2717322ef0f8b5e2c3b7cc7a30a [1ms]
[2022-05-06T23:30:02.100Z] > git ls-files --stage -- /home/lrb96/portafolio_python/aleatorio.py [3ms]
[2022-05-06T23:30:02.103Z] > git cat-file -s d70df8622525f07362a30054fbf8437dfecf09f4 [1ms]
[2022-05-06T23:30:33.792Z] > git ls-files --stage -- /home/lrb96/portafolio_python/conversor.py [2ms]
[2022-05-06T23:30:33.795Z] > git cat-file -s dc1b6c6f96e13fd35d76eccedd735061aa105c1d [1ms]
[2022-05-06T23:30:36.037Z] > git ls-files --stage -- /home/lrb96/portafolio_python/conversor2.py [2ms]
[2022-05-06T23:30:36.040Z] > git cat-file -s 2a013ad850c0140333cd6ad48721d6ac16c58e6e [1ms]
[2022-05-06T23:30:42.452Z] > git ls-files --stage -- /home/lrb96/portafolio_python/palindromo.py [3ms]
[2022-05-06T23:30:42.456Z] > git cat-file -s 372f55f6a584332c2301bc94e9ab8c8bafdc6964 [1ms]
[2022-05-06T23:30:44.915Z] > git ls-files --stage -- /home/lrb96/portafolio_python/palindromo2.py [2ms]
[2022-05-06T23:30:44.918Z] > git cat-file -s e94b90500dedd9d206906b4a9626aca077ba8662 [1ms]
[2022-05-06T23:30:46.409Z] > git ls-files --stage -- /home/lrb96/portafolio_python/palindromo3.py [2ms]
[2022-05-06T23:30:46.413Z] > git cat-file -s e94b90500dedd9d206906b4a9626aca077ba8662 [1ms]
[2022-05-06T23:30:52.348Z] > git ls-files --stage -- /home/lrb96/portafolio_python/conversor.py [2ms]
[2022-05-06T23:30:52.352Z] > git cat-file -s dc1b6c6f96e13fd35d76eccedd735061aa105c1d [1ms]
[2022-05-06T23:30:54.413Z] > git ls-files --stage -- /home/lrb96/portafolio_python/conversor2.py [3ms]
[2022-05-06T23:30:54.417Z] > git cat-file -s 2a013ad850c0140333cd6ad48721d6ac16c58e6e [1ms]
[2022-05-06T23:30:56.129Z] > git ls-files --stage -- /home/lrb96/portafolio_python/conversor.py [2ms]
[2022-05-06T23:30:56.132Z] > git cat-file -s dc1b6c6f96e13fd35d76eccedd735061aa105c1d [1ms]
[2022-05-06T23:31:00.727Z] > git ls-files --stage -- /home/lrb96/portafolio_python/conversor2.py [2ms]
[2022-05-06T23:31:00.731Z] > git cat-file -s 2a013ad850c0140333cd6ad48721d6ac16c58e6e [1ms]
[2022-05-06T23:32:15.381Z] > git fetch [1207ms]
[2022-05-06T23:32:15.422Z] > git symbolic-ref --short HEAD [1ms]
[2022-05-06T23:32:15.425Z] > git for-each-ref --format=%(refname)%00%(upstream:short)%00%(objectname)%00%(upstream:track) refs/heads/master refs/remotes/master [1ms]
[2022-05-06T23:32:15.429Z] > git remote --verbose [0ms]
[2022-05-06T23:32:15.430Z] > git for-each-ref --sort -committerdate --format %(refname) %(objectname) %(*objectname) [3ms]
[2022-05-06T23:32:15.435Z] > git config --get commit.template [0ms]
[2022-05-06T23:32:16.415Z] > git ls-files --stage -- /home/lrb96/portafolio_python/conversor2.py [3ms]
[2022-05-06T23:32:16.420Z] > git cat-file -s 2a013ad850c0140333cd6ad48721d6ac16c58e6e [1ms]
[2022-05-06T23:35:16.597Z] > git fetch [1158ms]
[2022-05-06T23:35:16.636Z] > git symbolic-ref --short HEAD [0ms]
[2022-05-06T23:35:16.641Z] > git for-each-ref --format=%(refname)%00%(upstream:short)%00%(objectname)%00%(upstream:track) refs/heads/master refs/remotes/master [2ms]
[2022-05-06T23:35:16.647Z] > git for-each-ref --sort -committerdate --format %(refname) %(objectname) %(*objectname) [3ms]
[2022-05-06T23:35:16.647Z] > git remote --verbose [1ms]
[2022-05-06T23:35:16.654Z] > git config --get commit.template [1ms]
[2022-05-06T23:35:17.672Z] > git ls-files --stage -- /home/lrb96/portafolio_python/conversor2.py [2ms]
[2022-05-06T23:35:17.677Z] > git cat-file -s 2a013ad850c0140333cd6ad48721d6ac16c58e6e [1ms]
[2022-05-06T23:39:47.305Z] > git ls-files --stage -- /home/lrb96/portafolio_python/conversor2.py [12ms]
[2022-05-06T23:39:47.317Z] > git fetch [1222ms]
[2022-05-06T23:39:47.328Z] > git cat-file -s 2a013ad850c0140333cd6ad48721d6ac16c58e6e [11ms]
[2022-05-06T23:39:47.439Z] > git symbolic-ref --short HEAD [0ms]
[2022-05-06T23:39:47.444Z] > git for-each-ref --format=%(refname)%00%(upstream:short)%00%(objectname)%00%(upstream:track) refs/heads/master refs/remotes/master [1ms]
[2022-05-06T23:39:47.453Z] > git remote --verbose [1ms]
[2022-05-06T23:39:47.454Z] > git for-each-ref --sort -committerdate --format %(refname) %(objectname) %(*objectname) [8ms]
[2022-05-06T23:39:47.474Z] > git config --get commit.template [1ms]
[2022-05-06T23:39:48.400Z] > git ls-files --stage -- /home/lrb96/portafolio_python/conversor2.py [4ms]
[2022-05-06T23:39:48.404Z] > git cat-file -s 2a013ad850c0140333cd6ad48721d6ac16c58e6e [0ms]
[2022-05-06T23:40:19.830Z] > git ls-files --stage -- /home/lrb96/portafolio_python/herencia.py [3ms]
[2022-05-06T23:40:19.835Z] > git cat-file -s 8999c2b1f85c2d0da2816c0e62057ab5e05215d0 [1ms]
[2022-05-06T23:40:22.479Z] > git ls-files --stage -- /home/lrb96/portafolio_python/funcion_myor.py [4ms]
[2022-05-06T23:40:22.484Z] > git cat-file -s 70838950316ecc64182081443193272581fd27a3 [0ms]
[2022-05-06T23:40:37.199Z] > git ls-files --stage -- /home/lrb96/portafolio_python/conversor.py [7ms]
[2022-05-06T23:40:37.202Z] > git cat-file -s dc1b6c6f96e13fd35d76eccedd735061aa105c1d [1ms]
[2022-05-06T23:40:37.463Z] > git ls-files --stage -- /home/lrb96/portafolio_python/palindromo3.py [3ms]
[2022-05-06T23:40:37.466Z] > git cat-file -s e94b90500dedd9d206906b4a9626aca077ba8662 [1ms]
[2022-05-06T23:40:37.851Z] > git ls-files --stage -- /home/lrb96/portafolio_python/palindromo2.py [3ms]
[2022-05-06T23:40:37.854Z] > git cat-file -s e94b90500dedd9d206906b4a9626aca077ba8662 [1ms]
[2022-05-06T23:40:38.350Z] > git ls-files --stage -- /home/lrb96/portafolio_python/palindromo.py [2ms]
[2022-05-06T23:40:38.354Z] > git cat-file -s 372f55f6a584332c2301bc94e9ab8c8bafdc6964 [1ms]
[2022-05-06T23:40:38.617Z] > git ls-files --stage -- /home/lrb96/portafolio_python/aleatorio.py [2ms]
[2022-05-06T23:40:38.621Z] > git cat-file -s d70df8622525f07362a30054fbf8437dfecf09f4 [1ms]
[2022-05-06T23:40:39.251Z] > git ls-files --stage -- /home/lrb96/portafolio_python/condicionales.py [2ms]
[2022-05-06T23:40:39.254Z] > git cat-file -s 4d0258e417ccf2717322ef0f8b5e2c3b7cc7a30a [0ms]
[2022-05-06T23:40:53.203Z] > git symbolic-ref --short HEAD [1ms]
[2022-05-06T23:40:53.206Z] > git for-each-ref --format=%(refname)%00%(upstream:short)%00%(objectname)%00%(upstream:track) refs/heads/master refs/remotes/master [1ms]
[2022-05-06T23:40:53.215Z] > git remote --verbose [1ms]
[2022-05-06T23:40:53.215Z] > git for-each-ref --sort -committerdate --format %(refname) %(objectname) %(*objectname) [5ms]
[2022-05-06T23:40:53.229Z] > git config --get commit.template [1ms]
[2022-05-06T23:40:55.851Z] > git ls-files --stage -- /home/lrb96/portafolio_python/palindromo.py [7ms]
[2022-05-06T23:40:55.855Z] > git cat-file -s 372f55f6a584332c2301bc94e9ab8c8bafdc6964 [1ms]
[2022-05-06T23:40:57.180Z] > git ls-files --stage -- /home/lrb96/portafolio_python/palindromo2.py [2ms]
[2022-05-06T23:40:57.183Z] > git cat-file -s e94b90500dedd9d206906b4a9626aca077ba8662 [0ms]
[2022-05-06T23:40:58.144Z] > git ls-files --stage -- /home/lrb96/portafolio_python/palindromo3.py [3ms]
[2022-05-06T23:40:58.149Z] > git cat-file -s e94b90500dedd9d206906b4a9626aca077ba8662 [1ms]
[2022-05-06T23:40:59.344Z] > git ls-files --stage -- /home/lrb96/portafolio_python/palindromo2.py [3ms]
[2022-05-06T23:40:59.348Z] > git cat-file -s e94b90500dedd9d206906b4a9626aca077ba8662 [1ms]
[2022-05-06T23:40:59.819Z] > git ls-files --stage -- /home/lrb96/portafolio_python/palindromo.py [3ms]
[2022-05-06T23:40:59.823Z] > git cat-file -s 372f55f6a584332c2301bc94e9ab8c8bafdc6964 [1ms]
[2022-05-06T23:41:01.710Z] > git ls-files --stage -- /home/lrb96/portafolio_python/palindromo2.py [2ms]
[2022-05-06T23:41:01.713Z] > git cat-file -s e94b90500dedd9d206906b4a9626aca077ba8662 [1ms]
[2022-05-06T23:41:02.029Z] > git ls-files --stage -- /home/lrb96/portafolio_python/palindromo3.py [2ms]
[2022-05-06T23:41:02.033Z] > git cat-file -s e94b90500dedd9d206906b4a9626aca077ba8662 [0ms]
[2022-05-06T23:41:09.030Z] > git symbolic-ref --short HEAD [1ms]
[2022-05-06T23:41:09.033Z] > git for-each-ref --format=%(refname)%00%(upstream:short)%00%(objectname)%00%(upstream:track) refs/heads/master refs/remotes/master [0ms]
[2022-05-06T23:41:09.038Z] > git for-each-ref --sort -committerdate --format %(refname) %(objectname) %(*objectname) [3ms]
[2022-05-06T23:41:09.038Z] > git remote --verbose [0ms]
[2022-05-06T23:41:09.044Z] > git config --get commit.template [1ms]
[2022-05-06T23:41:13.748Z] > git ls-files --stage -- /home/lrb96/portafolio_python/square_nums.py [8ms]
[2022-05-06T23:41:13.752Z] > git cat-file -s 7dafde02da42fc0930bc3df0defdaa9471fb462f [0ms]
[2022-05-06T23:41:16.796Z] > git ls-files --stage -- /home/lrb96/portafolio_python/squares_nums.py [5ms]
[2022-05-06T23:41:16.799Z] > git cat-file -s c2f1d8df4df469bbea4cce519767cfd385ac3a84 [0ms]
[2022-05-06T23:41:21.693Z] > git ls-files --stage -- /home/lrb96/portafolio_python/square_nums.py [2ms]
[2022-05-06T23:41:21.697Z] > git cat-file -s 7dafde02da42fc0930bc3df0defdaa9471fb462f [1ms]
[2022-05-06T23:41:28.156Z] > git ls-files --stage -- /home/lrb96/portafolio_python/pong.py [2ms]
[2022-05-06T23:41:28.160Z] > git cat-file -s b9aca8a39fc04df2c790638eb1ae0c016020590c [1ms]
[2022-05-06T23:41:35.657Z] > git symbolic-ref --short HEAD [0ms]
[2022-05-06T23:41:35.661Z] > git for-each-ref --format=%(refname)%00%(upstream:short)%00%(objectname)%00%(upstream:track) refs/heads/master refs/remotes/master [1ms]
[2022-05-06T23:41:35.666Z] > git remote --verbose [1ms]
[2022-05-06T23:41:35.667Z] > git for-each-ref --sort -committerdate --format %(refname) %(objectname) %(*objectname) [4ms]
[2022-05-06T23:41:35.671Z] > git config --get commit.template [0ms]
[2022-05-06T23:41:45.787Z] > git ls-files --stage -- /home/lrb96/portafolio_python/password_generator.py [2ms]
[2022-05-06T23:41:45.792Z] > git cat-file -s d4c2384269ec3f18dca6c780371615c9d0131e5f [1ms]
[2022-05-06T23:41:52.618Z] > git ls-files --stage -- /home/lrb96/portafolio_python/pong.py [2ms]
[2022-05-06T23:41:52.622Z] > git cat-file -s b9aca8a39fc04df2c790638eb1ae0c016020590c [1ms]
[2022-05-06T23:41:53.289Z] > git ls-files --stage -- /home/lrb96/portafolio_python/password_generator.py [3ms]
[2022-05-06T23:41:53.293Z] > git cat-file -s d4c2384269ec3f18dca6c780371615c9d0131e5f [1ms]
[2022-05-06T23:41:53.810Z] > git ls-files --stage -- /home/lrb96/portafolio_python/square_nums.py [2ms]
[2022-05-06T23:41:53.813Z] > git cat-file -s 7dafde02da42fc0930bc3df0defdaa9471fb462f [1ms]
[2022-05-06T23:41:55.662Z] > git ls-files --stage -- /home/lrb96/portafolio_python/squares_nums.py [3ms]
[2022-05-06T23:41:55.666Z] > git cat-file -s c2f1d8df4df469bbea4cce519767cfd385ac3a84 [1ms]
[2022-05-06T23:42:00.192Z] > git ls-files --stage -- /home/lrb96/portafolio_python/square_nums.py [4ms]
[2022-05-06T23:42:00.196Z] > git cat-file -s 7dafde02da42fc0930bc3df0defdaa9471fb462f [1ms]
[2022-05-06T23:42:01.449Z] > git ls-files --stage -- /home/lrb96/portafolio_python/password_generator.py [8ms]
[2022-05-06T23:42:01.452Z] > git cat-file -s d4c2384269ec3f18dca6c780371615c9d0131e5f [0ms]
[2022-05-06T23:42:03.214Z] > git ls-files --stage -- /home/lrb96/portafolio_python/palindromo.py [2ms]
[2022-05-06T23:42:03.218Z] > git cat-file -s 372f55f6a584332c2301bc94e9ab8c8bafdc6964 [1ms]
[2022-05-06T23:42:04.139Z] > git ls-files --stage -- /home/lrb96/portafolio_python/madlibs.py [2ms]
[2022-05-06T23:42:04.142Z] > git cat-file -s b08d81eaf620b9d848f69100e6a01ca8163908e9 [0ms]
[2022-05-06T23:42:07.027Z] > git ls-files --stage -- /home/lrb96/portafolio_python/palindromo.py [2ms]
[2022-05-06T23:42:07.031Z] > git cat-file -s 372f55f6a584332c2301bc94e9ab8c8bafdc6964 [1ms]
[2022-05-06T23:42:12.294Z] > git ls-files --stage -- /home/lrb96/portafolio_python/aleatorio.py [2ms]
[2022-05-06T23:42:12.297Z] > git cat-file -s d70df8622525f07362a30054fbf8437dfecf09f4 [0ms]
[2022-05-06T23:42:13.431Z] > git ls-files --stage -- /home/lrb96/portafolio_python/ahorcado.py [4ms]
[2022-05-06T23:42:13.436Z] > git cat-file -s e69de29bb2d1d6434b8b29ae775ad8c2e48c5391 [0ms]
[2022-05-06T23:42:14.694Z] > git ls-files --stage -- /home/lrb96/portafolio_python/aleatorio.py [3ms]
[2022-05-06T23:42:14.698Z] > git cat-file -s d70df8622525f07362a30054fbf8437dfecf09f4 [1ms]
[2022-05-06T23:42:15.945Z] > git ls-files --stage -- /home/lrb96/portafolio_python/ahorcado.py [3ms]
[2022-05-06T23:42:15.948Z] > git cat-file -s e69de29bb2d1d6434b8b29ae775ad8c2e48c5391 [1ms]
[2022-05-06T23:42:18.182Z] > git ls-files --stage -- /home/lrb96/portafolio_python/aleatorio.py [2ms]
[2022-05-06T23:42:18.186Z] > git cat-file -s d70df8622525f07362a30054fbf8437dfecf09f4 [1ms]
[2022-05-06T23:42:22.568Z] > git symbolic-ref --short HEAD [0ms]
[2022-05-06T23:42:22.572Z] > git for-each-ref --format=%(refname)%00%(upstream:short)%00%(objectname)%00%(upstream:track) refs/heads/master refs/remotes/master [1ms]
[2022-05-06T23:42:22.577Z] > git remote --verbose [1ms]
[2022-05-06T23:42:22.577Z] > git for-each-ref --sort -committerdate --format %(refname) %(objectname) %(*objectname) [3ms]
[2022-05-06T23:42:22.583Z] > git config --get commit.template [1ms]
[2022-05-06T23:42:24.247Z] > git ls-files --stage -- /home/lrb96/portafolio_python/atari.py [3ms]
[2022-05-06T23:42:24.252Z] > git cat-file -s 71f08340fe0399b31686fdce6056a4ee5903c446 [0ms]
[2022-05-06T23:42:25.448Z] > git ls-files --stage -- /home/lrb96/portafolio_python/aleatorio.py [5ms]
[2022-05-06T23:42:25.451Z] > git cat-file -s d70df8622525f07362a30054fbf8437dfecf09f4 [1ms]
[2022-05-06T23:42:30.249Z] > git ls-files --stage -- /home/lrb96/portafolio_python/condicionales.py [2ms]
[2022-05-06T23:42:30.252Z] > git cat-file -s 4d0258e417ccf2717322ef0f8b5e2c3b7cc7a30a [0ms]
[2022-05-06T23:42:44.295Z] > git ls-files --stage -- /home/lrb96/portafolio_python/aleatorio.py [3ms]
[2022-05-06T23:42:44.299Z] > git cat-file -s d70df8622525f07362a30054fbf8437dfecf09f4 [1ms]
[2022-05-06T23:42:48.643Z] > git fetch [1162ms]
[2022-05-06T23:42:48.679Z] > git symbolic-ref --short HEAD [0ms]
[2022-05-06T23:42:48.682Z] > git for-each-ref --format=%(refname)%00%(upstream:short)%00%(objectname)%00%(upstream:track) refs/heads/master refs/remotes/master [0ms]
[2022-05-06T23:42:48.688Z] > git remote --verbose [0ms]
[2022-05-06T23:42:48.689Z] > git for-each-ref --sort -committerdate --format %(refname) %(objectname) %(*objectname) [4ms]
[2022-05-06T23:42:48.693Z] > git config --get commit.template [0ms]
[2022-05-06T23:42:49.734Z] > git ls-files --stage -- /home/lrb96/portafolio_python/palindromo.py [3ms]
[2022-05-06T23:42:49.737Z] > git cat-file -s 372f55f6a584332c2301bc94e9ab8c8bafdc6964 [0ms]
[2022-05-06T23:42:50.695Z] > git ls-files --stage -- /home/lrb96/portafolio_python/aleatorio.py [2ms]
[2022-05-06T23:42:50.698Z] > git cat-file -s d70df8622525f07362a30054fbf8437dfecf09f4 [1ms]
[2022-05-06T23:42:55.757Z] > git ls-files --stage -- /home/lrb96/portafolio_python/conversor2.py [2ms]
[2022-05-06T23:42:55.760Z] > git cat-file -s 2a013ad850c0140333cd6ad48721d6ac16c58e6e [0ms]
[2022-05-06T23:42:59.946Z] > git ls-files --stage -- /home/lrb96/portafolio_python/aleatorio.py [3ms]
[2022-05-06T23:42:59.951Z] > git cat-file -s d70df8622525f07362a30054fbf8437dfecf09f4 [1ms]
[2022-05-06T23:43:15.902Z] > git symbolic-ref --short HEAD [0ms]
[2022-05-06T23:43:15.906Z] > git for-each-ref --format=%(refname)%00%(upstream:short)%00%(objectname)%00%(upstream:track) refs/heads/master refs/remotes/master [0ms]
[2022-05-06T23:43:15.913Z] > git for-each-ref --sort -committerdate --format %(refname) %(objectname) %(*objectname) [4ms]
[2022-05-06T23:43:15.913Z] > git remote --verbose [1ms]
[2022-05-06T23:43:15.918Z] > git config --get commit.template [0ms]
[2022-05-06T23:43:27.385Z] > git ls-files --stage -- /home/lrb96/portafolio_python/conversor.py [2ms]
[2022-05-06T23:43:27.390Z] > git cat-file -s dc1b6c6f96e13fd35d76eccedd735061aa105c1d [1ms]
[2022-05-06T23:43:29.083Z] > git ls-files --stage -- /home/lrb96/portafolio_python/aleatorio.py [1ms]
[2022-05-06T23:43:29.087Z] > git cat-file -s d70df8622525f07362a30054fbf8437dfecf09f4 [1ms]
[2022-05-06T23:43:30.692Z] > git ls-files --stage -- /home/lrb96/portafolio_python/conversor.py [3ms]
[2022-05-06T23:43:30.695Z] > git cat-file -s dc1b6c6f96e13fd35d76eccedd735061aa105c1d [1ms]
[2022-05-06T23:43:31.205Z] > git ls-files --stage -- /home/lrb96/portafolio_python/palindromo.py [2ms]
[2022-05-06T23:43:31.209Z] > git cat-file -s 372f55f6a584332c2301bc94e9ab8c8bafdc6964 [1ms]
