[2022-04-30T21:43:33.806Z] Validating found git in: git
[2022-04-30T21:43:34.176Z] Using git 2.25.1 from git
[2022-04-30T21:43:34.277Z] > git rev-parse --git-dir [50ms]
[2022-04-30T21:43:34.280Z] Open repository: /home/lrb96
[2022-04-30T21:43:34.543Z] > git symbolic-ref --short HEAD [2ms]
[2022-04-30T21:43:34.555Z] > git for-each-ref --format=%(refname)%00%(upstream:short)%00%(objectname)%00%(upstream:track) refs/heads/master refs/remotes/master [8ms]
[2022-04-30T21:43:34.564Z] > git remote --verbose [2ms]
[2022-04-30T21:43:34.564Z] > git for-each-ref --sort -committerdate --format %(refname) %(objectname) %(*objectname) [5ms]
[2022-04-30T21:43:34.641Z] > git config --get commit.template [20ms]
[2022-04-30T21:43:35.601Z] > git fetch [1316ms]
[2022-04-30T21:43:35.653Z] > git symbolic-ref --short HEAD [0ms]
[2022-04-30T21:43:35.658Z] > git for-each-ref --format=%(refname)%00%(upstream:short)%00%(objectname)%00%(upstream:track) refs/heads/master refs/remotes/master [1ms]
[2022-04-30T21:43:35.670Z] > git for-each-ref --sort -committerdate --format %(refname) %(objectname) %(*objectname) [7ms]
[2022-04-30T21:43:35.670Z] > git remote --verbose [2ms]
[2022-04-30T21:43:35.716Z] > git config --get commit.template [1ms]
[2022-04-30T21:43:46.222Z] > git ls-files --stage -- /home/lrb96/curso_poo_algoritmos_python/fibonacci.py [3ms]
[2022-04-30T21:44:17.238Z] > git symbolic-ref --short HEAD [1ms]
[2022-04-30T21:44:17.243Z] > git for-each-ref --format=%(refname)%00%(upstream:short)%00%(objectname)%00%(upstream:track) refs/heads/master refs/remotes/master [1ms]
[2022-04-30T21:44:17.250Z] > git remote --verbose [1ms]
[2022-04-30T21:44:17.250Z] > git for-each-ref --sort -committerdate --format %(refname) %(objectname) %(*objectname) [4ms]
[2022-04-30T21:44:17.305Z] > git config --get commit.template [1ms]
[2022-04-30T21:44:45.058Z] > git symbolic-ref --short HEAD [1ms]
[2022-04-30T21:44:45.062Z] > git for-each-ref --format=%(refname)%00%(upstream:short)%00%(objectname)%00%(upstream:track) refs/heads/master refs/remotes/master [1ms]
[2022-04-30T21:44:45.068Z] > git remote --verbose [1ms]
[2022-04-30T21:44:45.068Z] > git for-each-ref --sort -committerdate --format %(refname) %(objectname) %(*objectname) [3ms]
[2022-04-30T21:44:45.128Z] > git config --get commit.template [4ms]
[2022-04-30T21:45:04.417Z] > git symbolic-ref --short HEAD [0ms]
[2022-04-30T21:45:04.421Z] > git for-each-ref --format=%(refname)%00%(upstream:short)%00%(objectname)%00%(upstream:track) refs/heads/master refs/remotes/master [1ms]
[2022-04-30T21:45:04.427Z] > git remote --verbose [1ms]
[2022-04-30T21:45:04.427Z] > git for-each-ref --sort -committerdate --format %(refname) %(objectname) %(*objectname) [3ms]
[2022-04-30T21:45:04.465Z] > git config --get commit.template [1ms]
[2022-04-30T21:45:21.084Z] > git symbolic-ref --short HEAD [1ms]
[2022-04-30T21:45:21.088Z] > git for-each-ref --format=%(refname)%00%(upstream:short)%00%(objectname)%00%(upstream:track) refs/heads/master refs/remotes/master [1ms]
[2022-04-30T21:45:21.094Z] > git remote --verbose [0ms]
[2022-04-30T21:45:21.095Z] > git for-each-ref --sort -committerdate --format %(refname) %(objectname) %(*objectname) [4ms]
[2022-04-30T21:45:21.132Z] > git config --get commit.template [1ms]
[2022-04-30T21:46:31.221Z] > git symbolic-ref --short HEAD [0ms]
[2022-04-30T21:46:31.226Z] > git for-each-ref --format=%(refname)%00%(upstream:short)%00%(objectname)%00%(upstream:track) refs/heads/master refs/remotes/master [1ms]
[2022-04-30T21:46:31.232Z] > git remote --verbose [1ms]
[2022-04-30T21:46:31.232Z] > git for-each-ref --sort -committerdate --format %(refname) %(objectname) %(*objectname) [4ms]
[2022-04-30T21:46:31.271Z] > git config --get commit.template [2ms]
[2022-04-30T21:46:36.901Z] > git ls-files --stage -- /home/lrb96/curso_poo_algoritmos_python/fibonacci.py [6ms]
[2022-04-30T21:46:36.941Z] > git fetch [1218ms]
[2022-04-30T21:46:36.984Z] > git symbolic-ref --short HEAD [0ms]
[2022-04-30T21:46:36.989Z] > git for-each-ref --format=%(refname)%00%(upstream:short)%00%(objectname)%00%(upstream:track) refs/heads/master refs/remotes/master [0ms]
[2022-04-30T21:46:36.996Z] > git for-each-ref --sort -committerdate --format %(refname) %(objectname) %(*objectname) [4ms]
[2022-04-30T21:46:36.996Z] > git remote --verbose [1ms]
[2022-04-30T21:46:37.032Z] > git config --get commit.template [4ms]
[2022-04-30T21:46:38.147Z] > git ls-files --stage -- /home/lrb96/curso_poo_algoritmos_python/fibonacci.py [3ms]
[2022-04-30T21:46:43.102Z] > git symbolic-ref --short HEAD [0ms]
[2022-04-30T21:46:43.107Z] > git for-each-ref --format=%(refname)%00%(upstream:short)%00%(objectname)%00%(upstream:track) refs/heads/master refs/remotes/master [1ms]
[2022-04-30T21:46:43.114Z] > git remote --verbose [1ms]
[2022-04-30T21:46:43.114Z] > git for-each-ref --sort -committerdate --format %(refname) %(objectname) %(*objectname) [4ms]
[2022-04-30T21:46:43.208Z] > git config --get commit.template [4ms]
[2022-04-30T21:48:10.704Z] > git symbolic-ref --short HEAD [0ms]
[2022-04-30T21:48:10.709Z] > git for-each-ref --format=%(refname)%00%(upstream:short)%00%(objectname)%00%(upstream:track) refs/heads/master refs/remotes/master [1ms]
[2022-04-30T21:48:10.715Z] > git for-each-ref --sort -committerdate --format %(refname) %(objectname) %(*objectname) [3ms]
[2022-04-30T21:48:10.716Z] > git remote --verbose [1ms]
[2022-04-30T21:48:10.754Z] > git config --get commit.template [0ms]
[2022-04-30T21:48:28.140Z] > git symbolic-ref --short HEAD [0ms]
[2022-04-30T21:48:28.144Z] > git for-each-ref --format=%(refname)%00%(upstream:short)%00%(objectname)%00%(upstream:track) refs/heads/master refs/remotes/master [1ms]
[2022-04-30T21:48:28.150Z] > git remote --verbose [0ms]
[2022-04-30T21:48:28.150Z] > git for-each-ref --sort -committerdate --format %(refname) %(objectname) %(*objectname) [3ms]
[2022-04-30T21:48:28.195Z] > git config --get commit.template [1ms]
[2022-04-30T21:48:48.382Z] > git ls-files --stage -- /home/lrb96/curso_poo_algoritmos_python/herencia.py [3ms]
[2022-04-30T21:48:48.385Z] > git cat-file -s 8999c2b1f85c2d0da2816c0e62057ab5e05215d0 [0ms]
[2022-04-30T21:51:12.485Z] > git fetch [1215ms]
[2022-04-30T21:51:12.535Z] > git symbolic-ref --short HEAD [1ms]
[2022-04-30T21:51:12.539Z] > git for-each-ref --format=%(refname)%00%(upstream:short)%00%(objectname)%00%(upstream:track) refs/heads/master refs/remotes/master [1ms]
[2022-04-30T21:51:12.545Z] > git remote --verbose [1ms]
[2022-04-30T21:51:12.545Z] > git for-each-ref --sort -committerdate --format %(refname) %(objectname) %(*objectname) [3ms]
[2022-04-30T21:51:12.589Z] > git config --get commit.template [1ms]
