[2022-04-28 16:16:17.003] [exthost] [info] Extension host with pid 380 started
[2022-04-28 16:16:17.009] [exthost] [info] Lock '/home/lrb96/.vscode-server/data/User/workspaceStorage/5eaca3fc1290ca990f1f00d265494b70/vscode.lock': Lock acquired.
[2022-04-28 16:16:17.040] [exthost] [info] ExtensionService#_doActivateExtension vscode.debug-auto-launch, startup: true, activationEvent: '*'
[2022-04-28 16:16:17.046] [exthost] [info] ExtensionService#_doActivateExtension vscode.git-base, startup: true, activationEvent: '*', root cause: vscode.git
[2022-04-28 16:16:17.051] [exthost] [info] ExtensionService#_doActivateExtension vscode.ipynb, startup: true, activationEvent: '*'
[2022-04-28 16:16:17.076] [exthost] [info] ExtensionService#_doActivateExtension vscode.git, startup: true, activationEvent: '*'
[2022-04-28 16:16:17.134] [exthost] [info] ExtensionService#_doActivateExtension vscode.github, startup: true, activationEvent: '*'
[2022-04-28 16:16:17.181] [exthost] [info] ExtensionService#_doActivateExtension vscode.emmet, startup: false, activationEvent: 'onStartupFinished'
[2022-04-28 16:16:17.196] [exthost] [info] ExtensionService#_doActivateExtension vscode.merge-conflict, startup: false, activationEvent: 'onStartupFinished'
[2022-04-28 16:16:17.199] [exthost] [info] Eager extensions activated
[2022-04-28 16:16:18.580] [exthost] [info] ExtensionService#_doActivateExtension vscode.configuration-editing, startup: false, activationEvent: 'onLanguage:jsonc'
[2022-04-28 16:16:18.586] [exthost] [info] ExtensionService#_doActivateExtension vscode.json-language-features, startup: false, activationEvent: 'onLanguage:jsonc'
[2022-04-28 16:16:18.635] [exthost] [info] ExtensionService#_doActivateExtension vscode.typescript-language-features, startup: false, activationEvent: 'onLanguage:jsonc'
[2022-04-28 16:16:35.712] [exthost] [info] ExtensionService#_doActivateExtension ms-python.python, startup: false, activationEvent: 'onLanguage:python'
[2022-04-28 16:16:35.864] [exthost] [info] ExtensionService#_doActivateExtension ms-toolsai.jupyter, startup: false, activationEvent: 'onLanguage:python'
[2022-04-28 16:16:36.392] [exthost] [info] ExtensionService#_doActivateExtension ms-toolsai.jupyter-renderers, startup: false, activationEvent: 'api', root cause: ms-toolsai.jupyter
[2022-04-28 16:16:36.416] [exthost] [info] ExtensionService#_doActivateExtension ms-python.vscode-pylance, startup: false, activationEvent: 'onLanguage:python'
[2022-04-28 16:16:36.836] [exthost] [warning] [Decorations] CAPPING events from decorations provider vscode.git 4083
[2022-04-28 16:20:09.522] [exthost] [warning] [Decorations] CAPPING events from decorations provider vscode.git 4084
[2022-04-28 16:20:11.764] [exthost] [error] [ms-python.python] provider FAILED
[2022-04-28 16:20:11.764] [exthost] [error] Error: name must not be falsy
	at Function.validate (/home/lrb96/.vscode-server/bin/dfd34e8260c270da74b5c2d86d61aee4b6d56977/out/vs/workbench/api/node/extensionHostProcess.js:76:131201)
	at new i (/home/lrb96/.vscode-server/bin/dfd34e8260c270da74b5c2d86d61aee4b6d56977/out/vs/workbench/api/node/extensionHostProcess.js:76:131150)
	at new i (/home/lrb96/.vscode-server/bin/dfd34e8260c270da74b5c2d86d61aee4b6d56977/out/vs/workbench/api/node/extensionHostProcess.js:76:117579)
	at V (/home/lrb96/.vscode-server/extensions/ms-python.python-2022.4.1/out/client/extension.js:47:215881)
	at Array.map (<anonymous>)
	at Object.asDocumentSymbols (/home/lrb96/.vscode-server/extensions/ms-python.python-2022.4.1/out/client/extension.js:47:221219)
	at /home/lrb96/.vscode-server/extensions/ms-python.python-2022.4.1/out/client/extension.js:24:125724
	at async _.provideDocumentSymbols (/home/lrb96/.vscode-server/bin/dfd34e8260c270da74b5c2d86d61aee4b6d56977/out/vs/workbench/api/node/extensionHostProcess.js:85:95522)
[2022-04-28 16:21:06.940] [exthost] [warning] [Decorations] CAPPING events from decorations provider vscode.git 4085
[2022-04-28 16:21:24.803] [exthost] [warning] [Decorations] CAPPING events from decorations provider vscode.git 4086
[2022-04-28 16:22:06.283] [exthost] [warning] [Decorations] CAPPING events from decorations provider vscode.git 4087
[2022-04-28 16:22:37.124] [exthost] [warning] [Decorations] CAPPING events from decorations provider vscode.git 4088
[2022-04-28 16:23:08.398] [exthost] [warning] [Decorations] CAPPING events from decorations provider vscode.git 4089
[2022-04-28 16:23:12.359] [exthost] [warning] [Decorations] CAPPING events from decorations provider vscode.git 4089
[2022-04-28 16:23:27.327] [exthost] [warning] [Decorations] CAPPING events from decorations provider vscode.git 4090
[2022-04-28 16:25:33.910] [exthost] [warning] [Decorations] CAPPING events from decorations provider vscode.git 4091
[2022-04-28 16:26:15.221] [exthost] [warning] [Decorations] CAPPING events from decorations provider vscode.git 4091
[2022-04-28 16:26:43.667] [exthost] [warning] [Decorations] CAPPING events from decorations provider vscode.git 4092
[2022-04-28 16:27:20.088] [exthost] [warning] [Decorations] CAPPING events from decorations provider vscode.git 4093
[2022-04-28 16:27:53.589] [exthost] [warning] [Decorations] CAPPING events from decorations provider vscode.git 4094
[2022-04-28 16:29:28.221] [exthost] [warning] [Decorations] CAPPING events from decorations provider vscode.git 4094
[2022-04-28 16:30:55.292] [exthost] [warning] [Decorations] CAPPING events from decorations provider vscode.git 4095
[2022-04-28 17:28:22.349] [exthost] [warning] [Decorations] CAPPING events from decorations provider vscode.git 4096
[2022-04-28 17:28:27.089] [exthost] [warning] [Decorations] CAPPING events from decorations provider vscode.git 4096
[2022-04-28 18:02:33.392] [exthost] [warning] [Decorations] CAPPING events from decorations provider vscode.git 4096
[2022-04-28 18:55:54.791] [exthost] [warning] [Decorations] CAPPING events from decorations provider vscode.git 4096
[2022-04-28 18:56:17.685] [exthost] [warning] [Decorations] CAPPING events from decorations provider vscode.git 4097
[2022-04-28 18:57:43.302] [exthost] [error] [ms-python.python] provider FAILED
[2022-04-28 18:57:43.302] [exthost] [error] Error: name must not be falsy
	at Function.validate (/home/lrb96/.vscode-server/bin/dfd34e8260c270da74b5c2d86d61aee4b6d56977/out/vs/workbench/api/node/extensionHostProcess.js:76:131201)
	at new i (/home/lrb96/.vscode-server/bin/dfd34e8260c270da74b5c2d86d61aee4b6d56977/out/vs/workbench/api/node/extensionHostProcess.js:76:131150)
	at new i (/home/lrb96/.vscode-server/bin/dfd34e8260c270da74b5c2d86d61aee4b6d56977/out/vs/workbench/api/node/extensionHostProcess.js:76:117579)
	at V (/home/lrb96/.vscode-server/extensions/ms-python.python-2022.4.1/out/client/extension.js:47:215881)
	at Array.map (<anonymous>)
	at Object.asDocumentSymbols (/home/lrb96/.vscode-server/extensions/ms-python.python-2022.4.1/out/client/extension.js:47:221219)
	at /home/lrb96/.vscode-server/extensions/ms-python.python-2022.4.1/out/client/extension.js:24:125724
	at async _.provideDocumentSymbols (/home/lrb96/.vscode-server/bin/dfd34e8260c270da74b5c2d86d61aee4b6d56977/out/vs/workbench/api/node/extensionHostProcess.js:85:95522)
[2022-04-28 18:57:43.992] [exthost] [error] [ms-python.python] provider FAILED
[2022-04-28 18:57:43.992] [exthost] [error] Error: name must not be falsy
	at Function.validate (/home/lrb96/.vscode-server/bin/dfd34e8260c270da74b5c2d86d61aee4b6d56977/out/vs/workbench/api/node/extensionHostProcess.js:76:131201)
	at new i (/home/lrb96/.vscode-server/bin/dfd34e8260c270da74b5c2d86d61aee4b6d56977/out/vs/workbench/api/node/extensionHostProcess.js:76:131150)
	at new i (/home/lrb96/.vscode-server/bin/dfd34e8260c270da74b5c2d86d61aee4b6d56977/out/vs/workbench/api/node/extensionHostProcess.js:76:117579)
	at V (/home/lrb96/.vscode-server/extensions/ms-python.python-2022.4.1/out/client/extension.js:47:215881)
	at Array.map (<anonymous>)
	at Object.asDocumentSymbols (/home/lrb96/.vscode-server/extensions/ms-python.python-2022.4.1/out/client/extension.js:47:221219)
	at /home/lrb96/.vscode-server/extensions/ms-python.python-2022.4.1/out/client/extension.js:24:125724
	at async _.provideDocumentSymbols (/home/lrb96/.vscode-server/bin/dfd34e8260c270da74b5c2d86d61aee4b6d56977/out/vs/workbench/api/node/extensionHostProcess.js:85:95522)
[2022-04-28 18:57:46.216] [exthost] [warning] [Decorations] CAPPING events from decorations provider vscode.git 4098
[2022-04-28 18:58:39.307] [exthost] [warning] [Decorations] CAPPING events from decorations provider vscode.git 4099
[2022-04-28 18:58:55.682] [exthost] [warning] [Decorations] CAPPING events from decorations provider vscode.git 4100
[2022-04-28 18:58:58.108] [exthost] [warning] [Decorations] CAPPING events from decorations provider vscode.git 4100
[2022-04-28 18:59:31.779] [exthost] [warning] [Decorations] CAPPING events from decorations provider vscode.git 4101
[2022-04-28 18:59:35.855] [exthost] [error] [ms-python.python] provider FAILED
[2022-04-28 18:59:35.855] [exthost] [error] Error: name must not be falsy
	at Function.validate (/home/lrb96/.vscode-server/bin/dfd34e8260c270da74b5c2d86d61aee4b6d56977/out/vs/workbench/api/node/extensionHostProcess.js:76:131201)
	at new i (/home/lrb96/.vscode-server/bin/dfd34e8260c270da74b5c2d86d61aee4b6d56977/out/vs/workbench/api/node/extensionHostProcess.js:76:131150)
	at new i (/home/lrb96/.vscode-server/bin/dfd34e8260c270da74b5c2d86d61aee4b6d56977/out/vs/workbench/api/node/extensionHostProcess.js:76:117579)
	at V (/home/lrb96/.vscode-server/extensions/ms-python.python-2022.4.1/out/client/extension.js:47:215881)
	at Array.map (<anonymous>)
	at Object.asDocumentSymbols (/home/lrb96/.vscode-server/extensions/ms-python.python-2022.4.1/out/client/extension.js:47:221219)
	at /home/lrb96/.vscode-server/extensions/ms-python.python-2022.4.1/out/client/extension.js:24:125724
	at async _.provideDocumentSymbols (/home/lrb96/.vscode-server/bin/dfd34e8260c270da74b5c2d86d61aee4b6d56977/out/vs/workbench/api/node/extensionHostProcess.js:85:95522)
[2022-04-28 19:00:12.934] [exthost] [warning] [Decorations] CAPPING events from decorations provider vscode.git 4102
[2022-04-28 19:01:07.732] [exthost] [warning] [Decorations] CAPPING events from decorations provider vscode.git 4103
[2022-04-28 19:02:00.308] [exthost] [warning] [Decorations] CAPPING events from decorations provider vscode.git 4104
[2022-04-28 19:02:16.416] [exthost] [warning] [Decorations] CAPPING events from decorations provider vscode.git 4105
[2022-04-28 19:03:15.587] [exthost] [warning] [Decorations] CAPPING events from decorations provider vscode.git 4106
[2022-04-28 19:03:33.829] [exthost] [warning] [Decorations] CAPPING events from decorations provider vscode.git 4107
[2022-04-28 19:04:03.107] [exthost] [warning] [Decorations] CAPPING events from decorations provider vscode.git 4108
[2022-04-28 19:05:04.437] [exthost] [warning] [Decorations] CAPPING events from decorations provider vscode.git 4109
[2022-04-28 19:05:44.243] [exthost] [warning] [Decorations] CAPPING events from decorations provider vscode.git 4110
[2022-04-28 19:06:49.042] [exthost] [warning] [Decorations] CAPPING events from decorations provider vscode.git 4111
[2022-04-28 19:06:57.812] [exthost] [warning] [Decorations] CAPPING events from decorations provider vscode.git 4111
[2022-04-28 19:07:11.961] [exthost] [warning] [Decorations] CAPPING events from decorations provider vscode.git 4112
[2022-04-28 19:08:08.443] [exthost] [warning] [Decorations] CAPPING events from decorations provider vscode.git 4112
[2022-04-28 19:08:24.321] [exthost] [warning] [Decorations] CAPPING events from decorations provider vscode.git 4113
[2022-04-28 19:08:46.396] [exthost] [warning] [Decorations] CAPPING events from decorations provider vscode.git 4114
[2022-04-28 19:09:05.522] [exthost] [warning] [Decorations] CAPPING events from decorations provider vscode.git 4115
[2022-04-28 19:10:03.841] [exthost] [warning] [Decorations] CAPPING events from decorations provider vscode.git 4116
[2022-04-28 19:10:32.799] [exthost] [warning] [Decorations] CAPPING events from decorations provider vscode.git 4117
[2022-04-28 19:10:51.063] [exthost] [warning] [Decorations] CAPPING events from decorations provider vscode.git 4118
[2022-04-28 19:28:41.588] [exthost] [warning] [Decorations] CAPPING events from decorations provider vscode.git 4118
[2022-04-28 19:28:47.487] [exthost] [warning] [Decorations] CAPPING events from decorations provider vscode.git 4119
[2022-04-28 19:29:00.515] [exthost] [warning] [Decorations] CAPPING events from decorations provider vscode.git 4119
[2022-04-28 19:29:25.392] [exthost] [warning] [Decorations] CAPPING events from decorations provider vscode.git 4120
[2022-04-28 19:39:59.763] [exthost] [warning] [Decorations] CAPPING events from decorations provider vscode.git 4120
[2022-04-28 20:15:48.500] [exthost] [warning] [Decorations] CAPPING events from decorations provider vscode.git 4120
[2022-04-28 20:17:15.891] [exthost] [warning] [Decorations] CAPPING events from decorations provider vscode.git 4120
[2022-04-28 20:17:20.228] [exthost] [warning] [Decorations] CAPPING events from decorations provider vscode.git 4120
[2022-04-28 20:17:30.030] [exthost] [info] extension host terminating: received terminate message from renderer
[2022-04-28 20:17:30.031] [exthost] [info] Lock '/home/lrb96/.vscode-server/data/User/workspaceStorage/5eaca3fc1290ca990f1f00d265494b70/vscode.lock': Marking the lockfile as scheduled to be released in 6000 ms.
[2022-04-28 20:17:30.066] [exthost] [info] Extension host with pid 380 exiting with code 0
