[2022-06-14T19:34:01.959Z] Nivel de registro: Info
[2022-06-14T19:34:01.961Z] [info] La validación encontró Git en: git
[2022-06-14T19:34:01.987Z] [info] Usando GIT 2.25.1 desde git
[2022-06-14T19:34:02.027Z] > git rev-parse --show-toplevel [31ms]
[2022-06-14T19:34:02.033Z] > git rev-parse --git-dir --git-common-dir [1ms]
[2022-06-14T19:34:02.041Z] [info] Open repository: /home/lrb96
[2022-06-14T19:34:02.308Z] > git status -z -uall [262ms]
[2022-06-14T19:34:02.311Z] > git symbolic-ref --short HEAD [0ms]
[2022-06-14T19:34:02.315Z] > git for-each-ref --format=%(refname)%00%(upstream:short)%00%(objectname)%00%(upstream:track)%00%(upstream:remotename)%00%(upstream:remoteref) refs/heads/master refs/remotes/master [2ms]
[2022-06-14T19:34:02.320Z] > git remote --verbose [1ms]
[2022-06-14T19:34:02.320Z] > git for-each-ref --sort -committerdate --format %(refname) %(objectname) %(*objectname) [3ms]
[2022-06-14T19:34:02.388Z] > git config --get commit.template [4ms]
[2022-06-14T19:34:03.465Z] > git check-ignore -v -z --stdin [6ms]
[2022-06-14T19:34:04.740Z] > git fetch [1284ms]
[2022-06-14T19:34:04.804Z] > git status -z -uall [61ms]
[2022-06-14T19:34:04.807Z] > git symbolic-ref --short HEAD [0ms]
[2022-06-14T19:34:04.810Z] > git for-each-ref --format=%(refname)%00%(upstream:short)%00%(objectname)%00%(upstream:track)%00%(upstream:remotename)%00%(upstream:remoteref) refs/heads/master refs/remotes/master [1ms]
[2022-06-14T19:34:04.815Z] > git remote --verbose [0ms]
[2022-06-14T19:34:04.816Z] > git for-each-ref --sort -committerdate --format %(refname) %(objectname) %(*objectname) [3ms]
[2022-06-14T19:34:04.863Z] > git config --get commit.template [0ms]
[2022-06-14T19:34:04.923Z] > git status -z -uall [54ms]
[2022-06-14T19:34:06.459Z] > git symbolic-ref --short HEAD [1533ms]
[2022-06-14T19:34:06.464Z] > git for-each-ref --format=%(refname)%00%(upstream:short)%00%(objectname)%00%(upstream:track)%00%(upstream:remotename)%00%(upstream:remoteref) refs/heads/master refs/remotes/master [1ms]
[2022-06-14T19:34:06.473Z] > git remote --verbose [1ms]
[2022-06-14T19:34:06.473Z] > git for-each-ref --sort -committerdate --format %(refname) %(objectname) %(*objectname) [5ms]
[2022-06-14T19:34:06.525Z] > git config --get commit.template [4ms]
[2022-06-14T19:43:39.835Z] > git status -z -uall [56ms]
[2022-06-14T19:43:39.839Z] > git symbolic-ref --short HEAD [1ms]
[2022-06-14T19:43:39.842Z] > git for-each-ref --format=%(refname)%00%(upstream:short)%00%(objectname)%00%(upstream:track)%00%(upstream:remotename)%00%(upstream:remoteref) refs/heads/master refs/remotes/master [1ms]
[2022-06-14T19:43:39.847Z] > git for-each-ref --sort -committerdate --format %(refname) %(objectname) %(*objectname) [3ms]
[2022-06-14T19:43:39.847Z] > git remote --verbose [1ms]
[2022-06-14T19:43:39.898Z] > git config --get commit.template [1ms]
[2022-06-14T19:43:42.177Z] > git check-ignore -v -z --stdin [3ms]
[2022-06-14T19:43:43.708Z] > git show --textconv :premiosplatzi/premiosplatziapp/manage.py [358ms]
[2022-06-14T19:43:43.708Z] > git ls-files --stage -- /home/lrb96/premiosplatzi/premiosplatziapp/manage.py [355ms]
[2022-06-14T19:44:24.704Z] > git check-ignore -v -z --stdin [4ms]
[2022-06-14T19:45:52.077Z] > git fetch [132300ms]
[2022-06-14T19:45:52.077Z] ssh: connect to host github.com port 22: Connection timed out
fatal: Could not read from remote repository.

Please make sure you have the correct access rights
and the repository exists.
[2022-06-14T19:46:02.166Z] > git check-ignore -v -z --stdin [3ms]
[2022-06-14T20:21:36.164Z] > git check-ignore -v -z --stdin [2ms]
[2022-06-14T20:21:48.603Z] > git status -z -uall [60ms]
[2022-06-14T20:21:48.608Z] > git symbolic-ref --short HEAD [0ms]
[2022-06-14T20:21:48.611Z] > git for-each-ref --format=%(refname)%00%(upstream:short)%00%(objectname)%00%(upstream:track)%00%(upstream:remotename)%00%(upstream:remoteref) refs/heads/master refs/remotes/master [0ms]
[2022-06-14T20:21:48.618Z] > git remote --verbose [1ms]
[2022-06-14T20:21:48.618Z] > git for-each-ref --sort -committerdate --format %(refname) %(objectname) %(*objectname) [4ms]
[2022-06-14T20:21:48.699Z] > git config --get commit.template [4ms]
[2022-06-14T20:21:50.378Z] > git ls-files --stage -- /home/lrb96/premiosplatzi/premiosplatziapp/manage.py [2ms]
[2022-06-14T20:21:50.390Z] > git show --textconv :premiosplatzi/premiosplatziapp/manage.py [3ms]
[2022-06-14T20:21:50.772Z] > git check-ignore -v -z --stdin [4ms]
[2022-06-14T20:21:53.504Z] > git fetch [4966ms]
[2022-06-14T20:21:53.558Z] > git status -z -uall [50ms]
[2022-06-14T20:21:53.562Z] > git symbolic-ref --short HEAD [1ms]
[2022-06-14T20:21:53.566Z] > git for-each-ref --format=%(refname)%00%(upstream:short)%00%(objectname)%00%(upstream:track)%00%(upstream:remotename)%00%(upstream:remoteref) refs/heads/master refs/remotes/master [1ms]
[2022-06-14T20:21:53.572Z] > git for-each-ref --sort -committerdate --format %(refname) %(objectname) %(*objectname) [3ms]
[2022-06-14T20:21:53.573Z] > git remote --verbose [1ms]
[2022-06-14T20:21:53.611Z] > git config --get commit.template [0ms]
[2022-06-14T20:22:48.004Z] > git ls-files --stage -- /home/lrb96/premiosplatzi/premiosplatziapp/manage.py [2ms]
[2022-06-14T20:22:48.015Z] > git show --textconv :premiosplatzi/premiosplatziapp/manage.py [2ms]
[2022-06-14T20:22:48.053Z] > git status -z -uall [60ms]
[2022-06-14T20:22:48.057Z] > git symbolic-ref --short HEAD [1ms]
[2022-06-14T20:22:48.061Z] > git for-each-ref --format=%(refname)%00%(upstream:short)%00%(objectname)%00%(upstream:track)%00%(upstream:remotename)%00%(upstream:remoteref) refs/heads/master refs/remotes/master [1ms]
[2022-06-14T20:22:48.067Z] > git remote --verbose [1ms]
[2022-06-14T20:22:48.067Z] > git for-each-ref --sort -committerdate --format %(refname) %(objectname) %(*objectname) [3ms]
[2022-06-14T20:22:48.116Z] > git config --get commit.template [2ms]
[2022-06-14T20:22:51.692Z] > git check-ignore -v -z --stdin [3ms]
[2022-06-14T20:22:53.175Z] > git status -z -uall [55ms]
[2022-06-14T20:22:53.179Z] > git symbolic-ref --short HEAD [1ms]
[2022-06-14T20:22:53.183Z] > git for-each-ref --format=%(refname)%00%(upstream:short)%00%(objectname)%00%(upstream:track)%00%(upstream:remotename)%00%(upstream:remoteref) refs/heads/master refs/remotes/master [1ms]
[2022-06-14T20:22:53.189Z] > git for-each-ref --sort -committerdate --format %(refname) %(objectname) %(*objectname) [4ms]
[2022-06-14T20:22:53.189Z] > git remote --verbose [1ms]
[2022-06-14T20:22:53.294Z] > git config --get commit.template [16ms]
[2022-06-14T20:22:58.352Z] > git status -z -uall [53ms]
[2022-06-14T20:22:58.356Z] > git symbolic-ref --short HEAD [1ms]
[2022-06-14T20:22:58.360Z] > git for-each-ref --format=%(refname)%00%(upstream:short)%00%(objectname)%00%(upstream:track)%00%(upstream:remotename)%00%(upstream:remoteref) refs/heads/master refs/remotes/master [1ms]
[2022-06-14T20:22:58.366Z] > git remote --verbose [0ms]
[2022-06-14T20:22:58.367Z] > git for-each-ref --sort -committerdate --format %(refname) %(objectname) %(*objectname) [4ms]
[2022-06-14T20:22:58.406Z] > git config --get commit.template [0ms]
[2022-06-14T20:23:03.470Z] > git status -z -uall [56ms]
[2022-06-14T20:23:03.474Z] > git symbolic-ref --short HEAD [1ms]
[2022-06-14T20:23:03.478Z] > git for-each-ref --format=%(refname)%00%(upstream:short)%00%(objectname)%00%(upstream:track)%00%(upstream:remotename)%00%(upstream:remoteref) refs/heads/master refs/remotes/master [1ms]
[2022-06-14T20:23:03.485Z] > git remote --verbose [1ms]
[2022-06-14T20:23:03.485Z] > git for-each-ref --sort -committerdate --format %(refname) %(objectname) %(*objectname) [4ms]
[2022-06-14T20:23:03.583Z] > git config --get commit.template [7ms]
[2022-06-14T20:23:05.209Z] > git show --textconv :premiosplatzi/premiosplatziapp/db.sqlite3 [5ms]
[2022-06-14T20:23:05.210Z] > git ls-files --stage -- /home/lrb96/premiosplatzi/premiosplatziapp/db.sqlite3 [2ms]
[2022-06-14T20:23:08.639Z] > git status -z -uall [51ms]
[2022-06-14T20:23:08.644Z] > git symbolic-ref --short HEAD [1ms]
[2022-06-14T20:23:08.648Z] > git for-each-ref --format=%(refname)%00%(upstream:short)%00%(objectname)%00%(upstream:track)%00%(upstream:remotename)%00%(upstream:remoteref) refs/heads/master refs/remotes/master [0ms]
[2022-06-14T20:23:08.655Z] > git remote --verbose [1ms]
[2022-06-14T20:23:08.655Z] > git for-each-ref --sort -committerdate --format %(refname) %(objectname) %(*objectname) [4ms]
[2022-06-14T20:23:08.696Z] > git config --get commit.template [1ms]
[2022-06-14T20:23:11.252Z] > git show --textconv :premiosplatzi/premiosplatziapp/manage.py [5ms]
[2022-06-14T20:23:11.253Z] > git ls-files --stage -- /home/lrb96/premiosplatzi/premiosplatziapp/manage.py [2ms]
[2022-06-14T20:23:13.753Z] > git status -z -uall [52ms]
[2022-06-14T20:23:13.757Z] > git symbolic-ref --short HEAD [1ms]
[2022-06-14T20:23:13.761Z] > git for-each-ref --format=%(refname)%00%(upstream:short)%00%(objectname)%00%(upstream:track)%00%(upstream:remotename)%00%(upstream:remoteref) refs/heads/master refs/remotes/master [1ms]
[2022-06-14T20:23:13.767Z] > git for-each-ref --sort -committerdate --format %(refname) %(objectname) %(*objectname) [4ms]
[2022-06-14T20:23:13.767Z] > git remote --verbose [1ms]
[2022-06-14T20:23:13.807Z] > git config --get commit.template [1ms]
[2022-06-14T20:23:18.863Z] > git status -z -uall [52ms]
[2022-06-14T20:23:18.867Z] > git symbolic-ref --short HEAD [1ms]
[2022-06-14T20:23:18.870Z] > git for-each-ref --format=%(refname)%00%(upstream:short)%00%(objectname)%00%(upstream:track)%00%(upstream:remotename)%00%(upstream:remoteref) refs/heads/master refs/remotes/master [0ms]
[2022-06-14T20:23:18.876Z] > git for-each-ref --sort -committerdate --format %(refname) %(objectname) %(*objectname) [3ms]
[2022-06-14T20:23:18.877Z] > git remote --verbose [1ms]
[2022-06-14T20:23:18.915Z] > git config --get commit.template [0ms]
[2022-06-14T20:23:23.978Z] > git status -z -uall [56ms]
[2022-06-14T20:23:23.982Z] > git symbolic-ref --short HEAD [1ms]
[2022-06-14T20:23:23.986Z] > git for-each-ref --format=%(refname)%00%(upstream:short)%00%(objectname)%00%(upstream:track)%00%(upstream:remotename)%00%(upstream:remoteref) refs/heads/master refs/remotes/master [1ms]
[2022-06-14T20:23:23.992Z] > git for-each-ref --sort -committerdate --format %(refname) %(objectname) %(*objectname) [3ms]
[2022-06-14T20:23:23.992Z] > git remote --verbose [1ms]
[2022-06-14T20:23:24.044Z] > git config --get commit.template [8ms]
[2022-06-14T20:23:29.102Z] > git status -z -uall [51ms]
[2022-06-14T20:23:29.106Z] > git symbolic-ref --short HEAD [0ms]
[2022-06-14T20:23:29.110Z] > git for-each-ref --format=%(refname)%00%(upstream:short)%00%(objectname)%00%(upstream:track)%00%(upstream:remotename)%00%(upstream:remoteref) refs/heads/master refs/remotes/master [1ms]
[2022-06-14T20:23:29.116Z] > git remote --verbose [1ms]
[2022-06-14T20:23:29.116Z] > git for-each-ref --sort -committerdate --format %(refname) %(objectname) %(*objectname) [3ms]
[2022-06-14T20:23:29.154Z] > git config --get commit.template [1ms]
[2022-06-14T20:23:34.212Z] > git status -z -uall [53ms]
[2022-06-14T20:23:34.216Z] > git symbolic-ref --short HEAD [1ms]
[2022-06-14T20:23:34.219Z] > git for-each-ref --format=%(refname)%00%(upstream:short)%00%(objectname)%00%(upstream:track)%00%(upstream:remotename)%00%(upstream:remoteref) refs/heads/master refs/remotes/master [0ms]
[2022-06-14T20:23:34.226Z] > git for-each-ref --sort -committerdate --format %(refname) %(objectname) %(*objectname) [4ms]
[2022-06-14T20:23:34.227Z] > git remote --verbose [2ms]
[2022-06-14T20:23:34.329Z] > git config --get commit.template [14ms]
[2022-06-14T20:26:40.144Z] > git status -z -uall [59ms]
[2022-06-14T20:26:40.148Z] > git symbolic-ref --short HEAD [1ms]
[2022-06-14T20:26:40.152Z] > git for-each-ref --format=%(refname)%00%(upstream:short)%00%(objectname)%00%(upstream:track)%00%(upstream:remotename)%00%(upstream:remoteref) refs/heads/master refs/remotes/master [1ms]
[2022-06-14T20:26:40.157Z] > git remote --verbose [0ms]
[2022-06-14T20:26:40.157Z] > git for-each-ref --sort -committerdate --format %(refname) %(objectname) %(*objectname) [3ms]
[2022-06-14T20:26:40.202Z] > git config --get commit.template [1ms]
[2022-06-14T20:26:41.849Z] > git show --textconv :premiosplatzi/premiosplatziapp/polls/views.py [5ms]
[2022-06-14T20:26:41.851Z] > git ls-files --stage -- /home/lrb96/premiosplatzi/premiosplatziapp/polls/views.py [3ms]
[2022-06-14T20:26:47.656Z] > git fetch [7574ms]
[2022-06-14T20:26:47.712Z] > git status -z -uall [52ms]
[2022-06-14T20:26:47.716Z] > git symbolic-ref --short HEAD [1ms]
[2022-06-14T20:26:47.719Z] > git for-each-ref --format=%(refname)%00%(upstream:short)%00%(objectname)%00%(upstream:track)%00%(upstream:remotename)%00%(upstream:remoteref) refs/heads/master refs/remotes/master [0ms]
[2022-06-14T20:26:47.725Z] > git for-each-ref --sort -committerdate --format %(refname) %(objectname) %(*objectname) [3ms]
[2022-06-14T20:26:47.725Z] > git remote --verbose [0ms]
[2022-06-14T20:26:47.771Z] > git config --get commit.template [1ms]
[2022-06-14T20:26:49.913Z] > git ls-files --stage -- /home/lrb96/premiosplatzi/premiosplatziapp/polls/views.py [3ms]
[2022-06-14T20:26:49.923Z] > git show --textconv :premiosplatzi/premiosplatziapp/polls/views.py [2ms]
[2022-06-14T20:26:49.954Z] > git status -z -uall [62ms]
[2022-06-14T20:26:49.958Z] > git symbolic-ref --short HEAD [1ms]
[2022-06-14T20:26:49.963Z] > git for-each-ref --format=%(refname)%00%(upstream:short)%00%(objectname)%00%(upstream:track)%00%(upstream:remotename)%00%(upstream:remoteref) refs/heads/master refs/remotes/master [0ms]
[2022-06-14T20:26:49.970Z] > git remote --verbose [1ms]
[2022-06-14T20:26:49.970Z] > git for-each-ref --sort -committerdate --format %(refname) %(objectname) %(*objectname) [4ms]
[2022-06-14T20:26:50.009Z] > git config --get commit.template [1ms]
[2022-06-14T20:26:55.067Z] > git status -z -uall [54ms]
[2022-06-14T20:26:55.071Z] > git symbolic-ref --short HEAD [0ms]
[2022-06-14T20:26:55.075Z] > git for-each-ref --format=%(refname)%00%(upstream:short)%00%(objectname)%00%(upstream:track)%00%(upstream:remotename)%00%(upstream:remoteref) refs/heads/master refs/remotes/master [0ms]
[2022-06-14T20:26:55.082Z] > git remote --verbose [1ms]
[2022-06-14T20:26:55.082Z] > git for-each-ref --sort -committerdate --format %(refname) %(objectname) %(*objectname) [4ms]
[2022-06-14T20:26:55.123Z] > git config --get commit.template [0ms]
[2022-06-14T20:27:00.484Z] > git status -z -uall [56ms]
[2022-06-14T20:27:00.488Z] > git symbolic-ref --short HEAD [1ms]
[2022-06-14T20:27:00.492Z] > git for-each-ref --format=%(refname)%00%(upstream:short)%00%(objectname)%00%(upstream:track)%00%(upstream:remotename)%00%(upstream:remoteref) refs/heads/master refs/remotes/master [1ms]
[2022-06-14T20:27:00.498Z] > git for-each-ref --sort -committerdate --format %(refname) %(objectname) %(*objectname) [3ms]
[2022-06-14T20:27:00.499Z] > git remote --verbose [1ms]
[2022-06-14T20:27:00.537Z] > git config --get commit.template [0ms]
[2022-06-14T20:27:05.593Z] > git status -z -uall [52ms]
[2022-06-14T20:27:05.597Z] > git symbolic-ref --short HEAD [1ms]
[2022-06-14T20:27:05.601Z] > git for-each-ref --format=%(refname)%00%(upstream:short)%00%(objectname)%00%(upstream:track)%00%(upstream:remotename)%00%(upstream:remoteref) refs/heads/master refs/remotes/master [1ms]
[2022-06-14T20:27:05.606Z] > git for-each-ref --sort -committerdate --format %(refname) %(objectname) %(*objectname) [3ms]
[2022-06-14T20:27:05.607Z] > git remote --verbose [1ms]
[2022-06-14T20:27:05.646Z] > git config --get commit.template [1ms]
[2022-06-14T20:27:10.704Z] > git status -z -uall [53ms]
[2022-06-14T20:27:10.708Z] > git symbolic-ref --short HEAD [1ms]
[2022-06-14T20:27:10.712Z] > git for-each-ref --format=%(refname)%00%(upstream:short)%00%(objectname)%00%(upstream:track)%00%(upstream:remotename)%00%(upstream:remoteref) refs/heads/master refs/remotes/master [1ms]
[2022-06-14T20:27:10.718Z] > git for-each-ref --sort -committerdate --format %(refname) %(objectname) %(*objectname) [3ms]
[2022-06-14T20:27:10.718Z] > git remote --verbose [1ms]
[2022-06-14T20:27:10.758Z] > git config --get commit.template [1ms]
[2022-06-14T20:29:50.621Z] > git status -z -uall [64ms]
[2022-06-14T20:29:50.626Z] > git symbolic-ref --short HEAD [1ms]
[2022-06-14T20:29:50.630Z] > git for-each-ref --format=%(refname)%00%(upstream:short)%00%(objectname)%00%(upstream:track)%00%(upstream:remotename)%00%(upstream:remoteref) refs/heads/master refs/remotes/master [1ms]
[2022-06-14T20:29:50.635Z] > git remote --verbose [0ms]
[2022-06-14T20:29:50.636Z] > git for-each-ref --sort -committerdate --format %(refname) %(objectname) %(*objectname) [3ms]
[2022-06-14T20:29:50.678Z] > git config --get commit.template [1ms]
[2022-06-14T20:29:52.321Z] > git ls-files --stage -- /home/lrb96/premiosplatzi/premiosplatziapp/polls/views.py [2ms]
[2022-06-14T20:29:52.334Z] > git show --textconv :premiosplatzi/premiosplatziapp/polls/views.py [2ms]
[2022-06-14T20:29:55.675Z] > git fetch [5123ms]
[2022-06-14T20:29:55.729Z] > git status -z -uall [51ms]
[2022-06-14T20:29:55.733Z] > git symbolic-ref --short HEAD [0ms]
[2022-06-14T20:29:55.737Z] > git for-each-ref --format=%(refname)%00%(upstream:short)%00%(objectname)%00%(upstream:track)%00%(upstream:remotename)%00%(upstream:remoteref) refs/heads/master refs/remotes/master [1ms]
[2022-06-14T20:29:55.743Z] > git for-each-ref --sort -committerdate --format %(refname) %(objectname) %(*objectname) [3ms]
[2022-06-14T20:29:55.743Z] > git remote --verbose [1ms]
[2022-06-14T20:29:55.780Z] > git config --get commit.template [1ms]
[2022-06-14T20:29:55.840Z] > git status -z -uall [55ms]
[2022-06-14T20:29:55.844Z] > git symbolic-ref --short HEAD [1ms]
[2022-06-14T20:29:55.848Z] > git for-each-ref --format=%(refname)%00%(upstream:short)%00%(objectname)%00%(upstream:track)%00%(upstream:remotename)%00%(upstream:remoteref) refs/heads/master refs/remotes/master [0ms]
[2022-06-14T20:29:55.854Z] > git for-each-ref --sort -committerdate --format %(refname) %(objectname) %(*objectname) [3ms]
[2022-06-14T20:29:55.854Z] > git remote --verbose [1ms]
[2022-06-14T20:29:55.890Z] > git config --get commit.template [1ms]
[2022-06-14T20:29:57.488Z] > git ls-files --stage -- /home/lrb96/premiosplatzi/premiosplatziapp/polls/views.py [2ms]
[2022-06-14T20:29:57.499Z] > git show --textconv :premiosplatzi/premiosplatziapp/polls/views.py [2ms]
[2022-06-14T20:30:00.950Z] > git status -z -uall [53ms]
[2022-06-14T20:30:00.954Z] > git symbolic-ref --short HEAD [0ms]
[2022-06-14T20:30:00.958Z] > git for-each-ref --format=%(refname)%00%(upstream:short)%00%(objectname)%00%(upstream:track)%00%(upstream:remotename)%00%(upstream:remoteref) refs/heads/master refs/remotes/master [1ms]
[2022-06-14T20:30:00.964Z] > git for-each-ref --sort -committerdate --format %(refname) %(objectname) %(*objectname) [3ms]
[2022-06-14T20:30:00.964Z] > git remote --verbose [1ms]
[2022-06-14T20:30:01.001Z] > git config --get commit.template [1ms]
[2022-06-14T20:30:06.060Z] > git status -z -uall [53ms]
[2022-06-14T20:30:06.064Z] > git symbolic-ref --short HEAD [0ms]
[2022-06-14T20:30:06.068Z] > git for-each-ref --format=%(refname)%00%(upstream:short)%00%(objectname)%00%(upstream:track)%00%(upstream:remotename)%00%(upstream:remoteref) refs/heads/master refs/remotes/master [1ms]
[2022-06-14T20:30:06.075Z] > git remote --verbose [2ms]
[2022-06-14T20:30:06.075Z] > git for-each-ref --sort -committerdate --format %(refname) %(objectname) %(*objectname) [4ms]
[2022-06-14T20:30:06.116Z] > git config --get commit.template [1ms]
[2022-06-14T20:30:11.178Z] > git status -z -uall [55ms]
[2022-06-14T20:30:11.182Z] > git symbolic-ref --short HEAD [1ms]
[2022-06-14T20:30:11.186Z] > git for-each-ref --format=%(refname)%00%(upstream:short)%00%(objectname)%00%(upstream:track)%00%(upstream:remotename)%00%(upstream:remoteref) refs/heads/master refs/remotes/master [1ms]
[2022-06-14T20:30:11.193Z] > git remote --verbose [1ms]
[2022-06-14T20:30:11.193Z] > git for-each-ref --sort -committerdate --format %(refname) %(objectname) %(*objectname) [4ms]
[2022-06-14T20:30:11.230Z] > git config --get commit.template [1ms]
[2022-06-14T20:30:16.617Z] > git status -z -uall [59ms]
[2022-06-14T20:30:16.621Z] > git symbolic-ref --short HEAD [0ms]
[2022-06-14T20:30:16.626Z] > git for-each-ref --format=%(refname)%00%(upstream:short)%00%(objectname)%00%(upstream:track)%00%(upstream:remotename)%00%(upstream:remoteref) refs/heads/master refs/remotes/master [1ms]
[2022-06-14T20:30:16.634Z] > git for-each-ref --sort -committerdate --format %(refname) %(objectname) %(*objectname) [5ms]
[2022-06-14T20:30:16.634Z] > git remote --verbose [2ms]
[2022-06-14T20:30:16.729Z] > git config --get commit.template [2ms]
[2022-06-14T20:30:21.790Z] > git status -z -uall [52ms]
[2022-06-14T20:30:21.794Z] > git symbolic-ref --short HEAD [0ms]
[2022-06-14T20:30:21.798Z] > git for-each-ref --format=%(refname)%00%(upstream:short)%00%(objectname)%00%(upstream:track)%00%(upstream:remotename)%00%(upstream:remoteref) refs/heads/master refs/remotes/master [0ms]
[2022-06-14T20:30:21.806Z] > git for-each-ref --sort -committerdate --format %(refname) %(objectname) %(*objectname) [4ms]
[2022-06-14T20:30:21.806Z] > git remote --verbose [0ms]
[2022-06-14T20:30:21.851Z] > git config --get commit.template [6ms]
[2022-06-14T20:30:27.447Z] > git status -z -uall [51ms]
[2022-06-14T20:30:27.453Z] > git symbolic-ref --short HEAD [1ms]
[2022-06-14T20:30:27.457Z] > git for-each-ref --format=%(refname)%00%(upstream:short)%00%(objectname)%00%(upstream:track)%00%(upstream:remotename)%00%(upstream:remoteref) refs/heads/master refs/remotes/master [1ms]
[2022-06-14T20:30:27.464Z] > git remote --verbose [0ms]
[2022-06-14T20:30:27.464Z] > git for-each-ref --sort -committerdate --format %(refname) %(objectname) %(*objectname) [3ms]
[2022-06-14T20:30:27.503Z] > git config --get commit.template [0ms]
[2022-06-14T20:30:32.563Z] > git status -z -uall [54ms]
[2022-06-14T20:30:32.568Z] > git symbolic-ref --short HEAD [1ms]
[2022-06-14T20:30:32.572Z] > git for-each-ref --format=%(refname)%00%(upstream:short)%00%(objectname)%00%(upstream:track)%00%(upstream:remotename)%00%(upstream:remoteref) refs/heads/master refs/remotes/master [1ms]
[2022-06-14T20:30:32.578Z] > git for-each-ref --sort -committerdate --format %(refname) %(objectname) %(*objectname) [3ms]
[2022-06-14T20:30:32.578Z] > git remote --verbose [1ms]
[2022-06-14T20:30:32.616Z] > git config --get commit.template [0ms]
[2022-06-14T20:34:22.715Z] > git status -z -uall [60ms]
[2022-06-14T20:34:22.719Z] > git symbolic-ref --short HEAD [0ms]
[2022-06-14T20:34:22.722Z] > git for-each-ref --format=%(refname)%00%(upstream:short)%00%(objectname)%00%(upstream:track)%00%(upstream:remotename)%00%(upstream:remoteref) refs/heads/master refs/remotes/master [0ms]
[2022-06-14T20:34:22.731Z] > git remote --verbose [0ms]
[2022-06-14T20:34:22.731Z] > git for-each-ref --sort -committerdate --format %(refname) %(objectname) %(*objectname) [5ms]
[2022-06-14T20:34:22.775Z] > git config --get commit.template [1ms]
[2022-06-14T20:34:24.471Z] > git ls-files --stage -- /home/lrb96/premiosplatzi/premiosplatziapp/polls/views.py [3ms]
[2022-06-14T20:34:24.482Z] > git show --textconv :premiosplatzi/premiosplatziapp/polls/views.py [2ms]
[2022-06-14T20:34:27.029Z] > git fetch [4380ms]
[2022-06-14T20:34:27.086Z] > git status -z -uall [53ms]
[2022-06-14T20:34:27.090Z] > git symbolic-ref --short HEAD [0ms]
[2022-06-14T20:34:27.093Z] > git for-each-ref --format=%(refname)%00%(upstream:short)%00%(objectname)%00%(upstream:track)%00%(upstream:remotename)%00%(upstream:remoteref) refs/heads/master refs/remotes/master [0ms]
[2022-06-14T20:34:27.099Z] > git for-each-ref --sort -committerdate --format %(refname) %(objectname) %(*objectname) [3ms]
[2022-06-14T20:34:27.100Z] > git remote --verbose [1ms]
[2022-06-14T20:34:27.138Z] > git config --get commit.template [1ms]
[2022-06-14T20:34:28.747Z] > git status -z -uall [70ms]
[2022-06-14T20:34:28.754Z] > git symbolic-ref --short HEAD [1ms]
[2022-06-14T20:34:28.763Z] > git for-each-ref --format=%(refname)%00%(upstream:short)%00%(objectname)%00%(upstream:track)%00%(upstream:remotename)%00%(upstream:remoteref) refs/heads/master refs/remotes/master [2ms]
[2022-06-14T20:34:28.771Z] > git remote --verbose [1ms]
[2022-06-14T20:34:28.771Z] > git for-each-ref --sort -committerdate --format %(refname) %(objectname) %(*objectname) [5ms]
[2022-06-14T20:34:28.888Z] > git config --get commit.template [19ms]
[2022-06-14T20:34:30.478Z] > git show --textconv :premiosplatzi/premiosplatziapp/premiosplatziapp/urls.py [4ms]
[2022-06-14T20:34:30.480Z] > git ls-files --stage -- /home/lrb96/premiosplatzi/premiosplatziapp/premiosplatziapp/urls.py [2ms]
[2022-06-14T20:34:33.946Z] > git status -z -uall [53ms]
[2022-06-14T20:34:33.950Z] > git symbolic-ref --short HEAD [1ms]
[2022-06-14T20:34:33.954Z] > git for-each-ref --format=%(refname)%00%(upstream:short)%00%(objectname)%00%(upstream:track)%00%(upstream:remotename)%00%(upstream:remoteref) refs/heads/master refs/remotes/master [1ms]
[2022-06-14T20:34:33.960Z] > git for-each-ref --sort -committerdate --format %(refname) %(objectname) %(*objectname) [3ms]
[2022-06-14T20:34:33.960Z] > git remote --verbose [1ms]
[2022-06-14T20:34:33.998Z] > git config --get commit.template [1ms]
[2022-06-14T20:34:39.056Z] > git status -z -uall [53ms]
[2022-06-14T20:34:39.060Z] > git symbolic-ref --short HEAD [1ms]
[2022-06-14T20:34:39.064Z] > git for-each-ref --format=%(refname)%00%(upstream:short)%00%(objectname)%00%(upstream:track)%00%(upstream:remotename)%00%(upstream:remoteref) refs/heads/master refs/remotes/master [1ms]
[2022-06-14T20:34:39.070Z] > git remote --verbose [1ms]
[2022-06-14T20:34:39.070Z] > git for-each-ref --sort -committerdate --format %(refname) %(objectname) %(*objectname) [4ms]
[2022-06-14T20:34:39.108Z] > git config --get commit.template [0ms]
[2022-06-14T20:35:31.379Z] > git status -z -uall [62ms]
[2022-06-14T20:35:31.384Z] > git symbolic-ref --short HEAD [0ms]
[2022-06-14T20:35:31.388Z] > git for-each-ref --format=%(refname)%00%(upstream:short)%00%(objectname)%00%(upstream:track)%00%(upstream:remotename)%00%(upstream:remoteref) refs/heads/master refs/remotes/master [0ms]
[2022-06-14T20:35:31.394Z] > git for-each-ref --sort -committerdate --format %(refname) %(objectname) %(*objectname) [3ms]
[2022-06-14T20:35:31.394Z] > git remote --verbose [1ms]
[2022-06-14T20:35:31.436Z] > git config --get commit.template [1ms]
[2022-06-14T20:35:36.495Z] > git status -z -uall [54ms]
[2022-06-14T20:35:36.500Z] > git symbolic-ref --short HEAD [1ms]
[2022-06-14T20:35:36.503Z] > git for-each-ref --format=%(refname)%00%(upstream:short)%00%(objectname)%00%(upstream:track)%00%(upstream:remotename)%00%(upstream:remoteref) refs/heads/master refs/remotes/master [0ms]
[2022-06-14T20:35:36.509Z] > git for-each-ref --sort -committerdate --format %(refname) %(objectname) %(*objectname) [3ms]
[2022-06-14T20:35:36.509Z] > git remote --verbose [1ms]
[2022-06-14T20:35:36.549Z] > git config --get commit.template [1ms]
[2022-06-14T20:35:41.606Z] > git status -z -uall [52ms]
[2022-06-14T20:35:41.610Z] > git symbolic-ref --short HEAD [0ms]
[2022-06-14T20:35:41.614Z] > git for-each-ref --format=%(refname)%00%(upstream:short)%00%(objectname)%00%(upstream:track)%00%(upstream:remotename)%00%(upstream:remoteref) refs/heads/master refs/remotes/master [1ms]
[2022-06-14T20:35:41.620Z] > git for-each-ref --sort -committerdate --format %(refname) %(objectname) %(*objectname) [3ms]
[2022-06-14T20:35:41.620Z] > git remote --verbose [0ms]
[2022-06-14T20:35:41.657Z] > git config --get commit.template [1ms]
[2022-06-14T20:35:46.715Z] > git status -z -uall [53ms]
[2022-06-14T20:35:46.720Z] > git symbolic-ref --short HEAD [0ms]
[2022-06-14T20:35:46.724Z] > git for-each-ref --format=%(refname)%00%(upstream:short)%00%(objectname)%00%(upstream:track)%00%(upstream:remotename)%00%(upstream:remoteref) refs/heads/master refs/remotes/master [1ms]
[2022-06-14T20:35:46.731Z] > git for-each-ref --sort -committerdate --format %(refname) %(objectname) %(*objectname) [3ms]
[2022-06-14T20:35:46.732Z] > git remote --verbose [1ms]
[2022-06-14T20:35:46.770Z] > git config --get commit.template [1ms]
[2022-06-14T20:35:52.163Z] > git status -z -uall [57ms]
[2022-06-14T20:35:52.168Z] > git symbolic-ref --short HEAD [0ms]
[2022-06-14T20:35:52.175Z] > git for-each-ref --format=%(refname)%00%(upstream:short)%00%(objectname)%00%(upstream:track)%00%(upstream:remotename)%00%(upstream:remoteref) refs/heads/master refs/remotes/master [1ms]
[2022-06-14T20:35:52.184Z] > git for-each-ref --sort -committerdate --format %(refname) %(objectname) %(*objectname) [5ms]
[2022-06-14T20:35:52.184Z] > git remote --verbose [1ms]
[2022-06-14T20:35:52.222Z] > git config --get commit.template [1ms]
[2022-06-14T20:35:56.168Z] > git check-ignore -v -z --stdin [3ms]
[2022-06-14T20:36:03.698Z] > git status -z -uall [61ms]
[2022-06-14T20:36:03.703Z] > git symbolic-ref --short HEAD [0ms]
[2022-06-14T20:36:03.709Z] > git for-each-ref --format=%(refname)%00%(upstream:short)%00%(objectname)%00%(upstream:track)%00%(upstream:remotename)%00%(upstream:remoteref) refs/heads/master refs/remotes/master [0ms]
[2022-06-14T20:36:03.720Z] > git remote --verbose [2ms]
[2022-06-14T20:36:03.720Z] > git for-each-ref --sort -committerdate --format %(refname) %(objectname) %(*objectname) [6ms]
[2022-06-14T20:36:03.761Z] > git config --get commit.template [6ms]
[2022-06-14T20:36:08.820Z] > git status -z -uall [53ms]
[2022-06-14T20:36:08.825Z] > git symbolic-ref --short HEAD [0ms]
[2022-06-14T20:36:08.831Z] > git for-each-ref --format=%(refname)%00%(upstream:short)%00%(objectname)%00%(upstream:track)%00%(upstream:remotename)%00%(upstream:remoteref) refs/heads/master refs/remotes/master [1ms]
[2022-06-14T20:36:08.840Z] > git for-each-ref --sort -committerdate --format %(refname) %(objectname) %(*objectname) [4ms]
[2022-06-14T20:36:08.841Z] > git remote --verbose [1ms]
[2022-06-14T20:36:08.877Z] > git config --get commit.template [2ms]
[2022-06-14T20:36:13.939Z] > git status -z -uall [53ms]
[2022-06-14T20:36:13.945Z] > git symbolic-ref --short HEAD [0ms]
[2022-06-14T20:36:13.951Z] > git for-each-ref --format=%(refname)%00%(upstream:short)%00%(objectname)%00%(upstream:track)%00%(upstream:remotename)%00%(upstream:remoteref) refs/heads/master refs/remotes/master [0ms]
[2022-06-14T20:36:13.962Z] > git for-each-ref --sort -committerdate --format %(refname) %(objectname) %(*objectname) [6ms]
[2022-06-14T20:36:13.962Z] > git remote --verbose [1ms]
[2022-06-14T20:36:14.000Z] > git config --get commit.template [1ms]
[2022-06-14T20:36:15.934Z] > git show --textconv :premiosplatzi/premiosplatziapp/polls/urls.py [7ms]
[2022-06-14T20:36:15.936Z] > git ls-files --stage -- /home/lrb96/premiosplatzi/premiosplatziapp/polls/urls.py [2ms]
[2022-06-14T20:36:16.169Z] > git check-ignore -v -z --stdin [3ms]
[2022-06-14T20:36:19.058Z] > git status -z -uall [51ms]
[2022-06-14T20:36:19.066Z] > git symbolic-ref --short HEAD [1ms]
[2022-06-14T20:36:19.073Z] > git for-each-ref --format=%(refname)%00%(upstream:short)%00%(objectname)%00%(upstream:track)%00%(upstream:remotename)%00%(upstream:remoteref) refs/heads/master refs/remotes/master [1ms]
[2022-06-14T20:36:19.084Z] > git for-each-ref --sort -committerdate --format %(refname) %(objectname) %(*objectname) [6ms]
[2022-06-14T20:36:19.085Z] > git remote --verbose [1ms]
[2022-06-14T20:36:19.125Z] > git config --get commit.template [1ms]
[2022-06-14T20:36:24.512Z] > git status -z -uall [57ms]
[2022-06-14T20:36:24.520Z] > git symbolic-ref --short HEAD [1ms]
[2022-06-14T20:36:24.527Z] > git for-each-ref --format=%(refname)%00%(upstream:short)%00%(objectname)%00%(upstream:track)%00%(upstream:remotename)%00%(upstream:remoteref) refs/heads/master refs/remotes/master [0ms]
[2022-06-14T20:36:24.541Z] > git for-each-ref --sort -committerdate --format %(refname) %(objectname) %(*objectname) [7ms]
[2022-06-14T20:36:24.541Z] > git remote --verbose [1ms]
[2022-06-14T20:36:24.581Z] > git config --get commit.template [1ms]
[2022-06-14T20:36:29.640Z] > git status -z -uall [53ms]
[2022-06-14T20:36:29.645Z] > git symbolic-ref --short HEAD [1ms]
[2022-06-14T20:36:29.651Z] > git for-each-ref --format=%(refname)%00%(upstream:short)%00%(objectname)%00%(upstream:track)%00%(upstream:remotename)%00%(upstream:remoteref) refs/heads/master refs/remotes/master [1ms]
[2022-06-14T20:36:29.659Z] > git remote --verbose [0ms]
[2022-06-14T20:36:29.659Z] > git for-each-ref --sort -committerdate --format %(refname) %(objectname) %(*objectname) [4ms]
[2022-06-14T20:36:29.703Z] > git config --get commit.template [3ms]
[2022-06-14T20:36:34.761Z] > git status -z -uall [53ms]
[2022-06-14T20:36:34.766Z] > git symbolic-ref --short HEAD [1ms]
[2022-06-14T20:36:34.770Z] > git for-each-ref --format=%(refname)%00%(upstream:short)%00%(objectname)%00%(upstream:track)%00%(upstream:remotename)%00%(upstream:remoteref) refs/heads/master refs/remotes/master [1ms]
[2022-06-14T20:36:34.776Z] > git remote --verbose [1ms]
[2022-06-14T20:36:34.776Z] > git for-each-ref --sort -committerdate --format %(refname) %(objectname) %(*objectname) [3ms]
[2022-06-14T20:36:34.814Z] > git config --get commit.template [1ms]
[2022-06-14T20:36:39.870Z] > git status -z -uall [51ms]
[2022-06-14T20:36:39.874Z] > git symbolic-ref --short HEAD [0ms]
[2022-06-14T20:36:39.879Z] > git for-each-ref --format=%(refname)%00%(upstream:short)%00%(objectname)%00%(upstream:track)%00%(upstream:remotename)%00%(upstream:remoteref) refs/heads/master refs/remotes/master [0ms]
[2022-06-14T20:36:39.886Z] > git for-each-ref --sort -committerdate --format %(refname) %(objectname) %(*objectname) [3ms]
[2022-06-14T20:36:39.886Z] > git remote --verbose [0ms]
[2022-06-14T20:36:39.926Z] > git config --get commit.template [5ms]
[2022-06-14T20:41:22.846Z] > git status -z -uall [65ms]
[2022-06-14T20:41:22.850Z] > git symbolic-ref --short HEAD [1ms]
[2022-06-14T20:41:22.853Z] > git for-each-ref --format=%(refname)%00%(upstream:short)%00%(objectname)%00%(upstream:track)%00%(upstream:remotename)%00%(upstream:remoteref) refs/heads/master refs/remotes/master [1ms]
[2022-06-14T20:41:22.858Z] > git remote --verbose [1ms]
[2022-06-14T20:41:22.858Z] > git for-each-ref --sort -committerdate --format %(refname) %(objectname) %(*objectname) [3ms]
[2022-06-14T20:41:22.897Z] > git config --get commit.template [0ms]
[2022-06-14T20:41:24.778Z] > git show --textconv :premiosplatzi/premiosplatziapp/premiosplatziapp/urls.py [4ms]
[2022-06-14T20:41:24.779Z] > git ls-files --stage -- /home/lrb96/premiosplatzi/premiosplatziapp/premiosplatziapp/urls.py [2ms]
[2022-06-14T20:41:26.462Z] > git fetch [3688ms]
[2022-06-14T20:41:26.518Z] > git status -z -uall [52ms]
[2022-06-14T20:41:26.523Z] > git symbolic-ref --short HEAD [1ms]
[2022-06-14T20:41:26.526Z] > git for-each-ref --format=%(refname)%00%(upstream:short)%00%(objectname)%00%(upstream:track)%00%(upstream:remotename)%00%(upstream:remoteref) refs/heads/master refs/remotes/master [0ms]
[2022-06-14T20:41:26.532Z] > git for-each-ref --sort -committerdate --format %(refname) %(objectname) %(*objectname) [3ms]
[2022-06-14T20:41:26.532Z] > git remote --verbose [0ms]
[2022-06-14T20:41:26.572Z] > git config --get commit.template [1ms]
[2022-06-14T20:41:28.158Z] > git status -z -uall [60ms]
[2022-06-14T20:41:28.165Z] > git symbolic-ref --short HEAD [1ms]
[2022-06-14T20:41:28.174Z] > git for-each-ref --format=%(refname)%00%(upstream:short)%00%(objectname)%00%(upstream:track)%00%(upstream:remotename)%00%(upstream:remoteref) refs/heads/master refs/remotes/master [4ms]
[2022-06-14T20:41:28.195Z] > git remote --verbose [7ms]
[2022-06-14T20:41:28.195Z] > git for-each-ref --sort -committerdate --format %(refname) %(objectname) %(*objectname) [14ms]
[2022-06-14T20:41:28.296Z] > git ls-files --stage -- /home/lrb96/premiosplatzi/premiosplatziapp/premiosplatziapp/urls.py [101ms]
[2022-06-14T20:41:28.306Z] > git config --get commit.template [15ms]
[2022-06-14T20:41:28.315Z] > git show --textconv :premiosplatzi/premiosplatziapp/premiosplatziapp/urls.py [2ms]
[2022-06-14T20:41:29.901Z] > git show --textconv :premiosplatzi/premiosplatziapp/polls/urls.py [5ms]
[2022-06-14T20:41:29.902Z] > git ls-files --stage -- /home/lrb96/premiosplatzi/premiosplatziapp/polls/urls.py [2ms]
[2022-06-14T20:41:33.361Z] > git status -z -uall [51ms]
[2022-06-14T20:41:33.365Z] > git symbolic-ref --short HEAD [0ms]
[2022-06-14T20:41:33.369Z] > git for-each-ref --format=%(refname)%00%(upstream:short)%00%(objectname)%00%(upstream:track)%00%(upstream:remotename)%00%(upstream:remoteref) refs/heads/master refs/remotes/master [0ms]
[2022-06-14T20:41:33.376Z] > git for-each-ref --sort -committerdate --format %(refname) %(objectname) %(*objectname) [3ms]
[2022-06-14T20:41:33.376Z] > git remote --verbose [1ms]
[2022-06-14T20:41:33.415Z] > git config --get commit.template [0ms]
[2022-06-14T20:41:35.221Z] > git show --textconv :premiosplatzi/premiosplatziapp/premiosplatziapp/urls.py [5ms]
[2022-06-14T20:41:35.223Z] > git ls-files --stage -- /home/lrb96/premiosplatzi/premiosplatziapp/premiosplatziapp/urls.py [2ms]
[2022-06-14T20:41:38.397Z] > git show --textconv :premiosplatzi/premiosplatziapp/premiosplatziapp/urls.py [4ms]
[2022-06-14T20:41:38.399Z] > git ls-files --stage -- /home/lrb96/premiosplatzi/premiosplatziapp/premiosplatziapp/urls.py [2ms]
[2022-06-14T20:41:38.472Z] > git status -z -uall [53ms]
[2022-06-14T20:41:38.477Z] > git symbolic-ref --short HEAD [0ms]
[2022-06-14T20:41:38.481Z] > git for-each-ref --format=%(refname)%00%(upstream:short)%00%(objectname)%00%(upstream:track)%00%(upstream:remotename)%00%(upstream:remoteref) refs/heads/master refs/remotes/master [1ms]
[2022-06-14T20:41:38.487Z] > git remote --verbose [0ms]
[2022-06-14T20:41:38.487Z] > git for-each-ref --sort -committerdate --format %(refname) %(objectname) %(*objectname) [3ms]
[2022-06-14T20:41:38.526Z] > git config --get commit.template [0ms]
[2022-06-14T20:41:43.583Z] > git status -z -uall [53ms]
[2022-06-14T20:41:43.588Z] > git symbolic-ref --short HEAD [0ms]
[2022-06-14T20:41:43.591Z] > git for-each-ref --format=%(refname)%00%(upstream:short)%00%(objectname)%00%(upstream:track)%00%(upstream:remotename)%00%(upstream:remoteref) refs/heads/master refs/remotes/master [0ms]
[2022-06-14T20:41:43.598Z] > git for-each-ref --sort -committerdate --format %(refname) %(objectname) %(*objectname) [3ms]
[2022-06-14T20:41:43.598Z] > git remote --verbose [0ms]
[2022-06-14T20:41:43.639Z] > git config --get commit.template [0ms]
[2022-06-14T20:41:49.080Z] > git status -z -uall [58ms]
[2022-06-14T20:41:49.084Z] > git symbolic-ref --short HEAD [0ms]
[2022-06-14T20:41:49.088Z] > git for-each-ref --format=%(refname)%00%(upstream:short)%00%(objectname)%00%(upstream:track)%00%(upstream:remotename)%00%(upstream:remoteref) refs/heads/master refs/remotes/master [0ms]
[2022-06-14T20:41:49.096Z] > git remote --verbose [2ms]
[2022-06-14T20:41:49.096Z] > git for-each-ref --sort -committerdate --format %(refname) %(objectname) %(*objectname) [4ms]
[2022-06-14T20:41:49.195Z] > git config --get commit.template [10ms]
[2022-06-14T20:41:54.254Z] > git status -z -uall [53ms]
[2022-06-14T20:41:54.258Z] > git symbolic-ref --short HEAD [0ms]
[2022-06-14T20:41:54.262Z] > git for-each-ref --format=%(refname)%00%(upstream:short)%00%(objectname)%00%(upstream:track)%00%(upstream:remotename)%00%(upstream:remoteref) refs/heads/master refs/remotes/master [1ms]
[2022-06-14T20:41:54.268Z] > git for-each-ref --sort -committerdate --format %(refname) %(objectname) %(*objectname) [3ms]
[2022-06-14T20:41:54.268Z] > git remote --verbose [1ms]
[2022-06-14T20:41:54.308Z] > git config --get commit.template [0ms]
[2022-06-14T20:41:59.367Z] > git status -z -uall [54ms]
[2022-06-14T20:41:59.371Z] > git symbolic-ref --short HEAD [0ms]
[2022-06-14T20:41:59.375Z] > git for-each-ref --format=%(refname)%00%(upstream:short)%00%(objectname)%00%(upstream:track)%00%(upstream:remotename)%00%(upstream:remoteref) refs/heads/master refs/remotes/master [0ms]
[2022-06-14T20:41:59.382Z] > git for-each-ref --sort -committerdate --format %(refname) %(objectname) %(*objectname) [3ms]
[2022-06-14T20:41:59.382Z] > git remote --verbose [1ms]
[2022-06-14T20:41:59.485Z] > git config --get commit.template [13ms]
[2022-06-14T20:45:57.555Z] > git status -z -uall [69ms]
[2022-06-14T20:45:57.559Z] > git symbolic-ref --short HEAD [1ms]
[2022-06-14T20:45:57.562Z] > git for-each-ref --format=%(refname)%00%(upstream:short)%00%(objectname)%00%(upstream:track)%00%(upstream:remotename)%00%(upstream:remoteref) refs/heads/master refs/remotes/master [1ms]
[2022-06-14T20:45:57.567Z] > git for-each-ref --sort -committerdate --format %(refname) %(objectname) %(*objectname) [3ms]
[2022-06-14T20:45:57.567Z] > git remote --verbose [1ms]
[2022-06-14T20:45:57.608Z] > git config --get commit.template [1ms]
[2022-06-14T20:45:59.262Z] > git ls-files --stage -- /home/lrb96/premiosplatzi/premiosplatziapp/polls/urls.py [6ms]
[2022-06-14T20:45:59.264Z] > git ls-files --stage -- /home/lrb96/premiosplatzi/premiosplatziapp/premiosplatziapp/urls.py [3ms]
[2022-06-14T20:45:59.274Z] > git show --textconv :premiosplatzi/premiosplatziapp/polls/urls.py [5ms]
[2022-06-14T20:45:59.276Z] > git show --textconv :premiosplatzi/premiosplatziapp/premiosplatziapp/urls.py [3ms]
[2022-06-14T20:46:00.335Z] > git fetch [2855ms]
[2022-06-14T20:46:00.396Z] > git status -z -uall [57ms]
[2022-06-14T20:46:00.401Z] > git symbolic-ref --short HEAD [1ms]
[2022-06-14T20:46:00.405Z] > git for-each-ref --format=%(refname)%00%(upstream:short)%00%(objectname)%00%(upstream:track)%00%(upstream:remotename)%00%(upstream:remoteref) refs/heads/master refs/remotes/master [1ms]
[2022-06-14T20:46:00.411Z] > git for-each-ref --sort -committerdate --format %(refname) %(objectname) %(*objectname) [3ms]
[2022-06-14T20:46:00.412Z] > git remote --verbose [1ms]
[2022-06-14T20:46:00.514Z] > git config --get commit.template [8ms]
[2022-06-14T20:46:02.102Z] > git show --textconv :premiosplatzi/premiosplatziapp/polls/views.py [5ms]
[2022-06-14T20:46:02.103Z] > git ls-files --stage -- /home/lrb96/premiosplatzi/premiosplatziapp/polls/urls.py [10ms]
[2022-06-14T20:46:02.104Z] > git ls-files --stage -- /home/lrb96/premiosplatzi/premiosplatziapp/polls/views.py [3ms]
[2022-06-14T20:46:02.112Z] > git show --textconv :premiosplatzi/premiosplatziapp/polls/urls.py [2ms]
[2022-06-14T20:46:02.666Z] > git status -z -uall [53ms]
[2022-06-14T20:46:02.670Z] > git symbolic-ref --short HEAD [0ms]
[2022-06-14T20:46:02.674Z] > git for-each-ref --format=%(refname)%00%(upstream:short)%00%(objectname)%00%(upstream:track)%00%(upstream:remotename)%00%(upstream:remoteref) refs/heads/master refs/remotes/master [1ms]
[2022-06-14T20:46:02.681Z] > git remote --verbose [1ms]
[2022-06-14T20:46:02.681Z] > git for-each-ref --sort -committerdate --format %(refname) %(objectname) %(*objectname) [4ms]
[2022-06-14T20:46:02.721Z] > git config --get commit.template [1ms]
[2022-06-14T20:46:07.777Z] > git status -z -uall [51ms]
[2022-06-14T20:46:07.782Z] > git symbolic-ref --short HEAD [1ms]
[2022-06-14T20:46:07.786Z] > git for-each-ref --format=%(refname)%00%(upstream:short)%00%(objectname)%00%(upstream:track)%00%(upstream:remotename)%00%(upstream:remoteref) refs/heads/master refs/remotes/master [1ms]
[2022-06-14T20:46:07.792Z] > git for-each-ref --sort -committerdate --format %(refname) %(objectname) %(*objectname) [3ms]
[2022-06-14T20:46:07.792Z] > git remote --verbose [1ms]
[2022-06-14T20:46:07.831Z] > git config --get commit.template [1ms]
[2022-06-14T20:46:12.890Z] > git status -z -uall [53ms]
[2022-06-14T20:46:12.894Z] > git symbolic-ref --short HEAD [1ms]
[2022-06-14T20:46:12.897Z] > git for-each-ref --format=%(refname)%00%(upstream:short)%00%(objectname)%00%(upstream:track)%00%(upstream:remotename)%00%(upstream:remoteref) refs/heads/master refs/remotes/master [0ms]
[2022-06-14T20:46:12.904Z] > git for-each-ref --sort -committerdate --format %(refname) %(objectname) %(*objectname) [3ms]
[2022-06-14T20:46:12.904Z] > git remote --verbose [1ms]
[2022-06-14T20:46:12.943Z] > git config --get commit.template [1ms]
[2022-06-14T20:46:17.999Z] > git status -z -uall [51ms]
[2022-06-14T20:46:18.003Z] > git symbolic-ref --short HEAD [1ms]
[2022-06-14T20:46:18.007Z] > git for-each-ref --format=%(refname)%00%(upstream:short)%00%(objectname)%00%(upstream:track)%00%(upstream:remotename)%00%(upstream:remoteref) refs/heads/master refs/remotes/master [1ms]
[2022-06-14T20:46:18.013Z] > git for-each-ref --sort -committerdate --format %(refname) %(objectname) %(*objectname) [3ms]
[2022-06-14T20:46:18.013Z] > git remote --verbose [0ms]
[2022-06-14T20:46:18.052Z] > git config --get commit.template [0ms]
[2022-06-14T20:46:23.112Z] > git status -z -uall [54ms]
[2022-06-14T20:46:23.116Z] > git symbolic-ref --short HEAD [1ms]
[2022-06-14T20:46:23.121Z] > git for-each-ref --format=%(refname)%00%(upstream:short)%00%(objectname)%00%(upstream:track)%00%(upstream:remotename)%00%(upstream:remoteref) refs/heads/master refs/remotes/master [1ms]
[2022-06-14T20:46:23.129Z] > git remote --verbose [1ms]
[2022-06-14T20:46:23.129Z] > git for-each-ref --sort -committerdate --format %(refname) %(objectname) %(*objectname) [4ms]
[2022-06-14T20:46:23.171Z] > git config --get commit.template [1ms]
[2022-06-14T20:46:28.335Z] > git status -z -uall [61ms]
[2022-06-14T20:46:28.340Z] > git symbolic-ref --short HEAD [1ms]
[2022-06-14T20:46:28.344Z] > git for-each-ref --format=%(refname)%00%(upstream:short)%00%(objectname)%00%(upstream:track)%00%(upstream:remotename)%00%(upstream:remoteref) refs/heads/master refs/remotes/master [0ms]
[2022-06-14T20:46:28.350Z] > git remote --verbose [0ms]
[2022-06-14T20:46:28.351Z] > git for-each-ref --sort -committerdate --format %(refname) %(objectname) %(*objectname) [4ms]
[2022-06-14T20:46:28.391Z] > git config --get commit.template [0ms]
[2022-06-14T20:46:33.449Z] > git status -z -uall [53ms]
[2022-06-14T20:46:33.453Z] > git symbolic-ref --short HEAD [0ms]
[2022-06-14T20:46:33.457Z] > git for-each-ref --format=%(refname)%00%(upstream:short)%00%(objectname)%00%(upstream:track)%00%(upstream:remotename)%00%(upstream:remoteref) refs/heads/master refs/remotes/master [1ms]
[2022-06-14T20:46:33.464Z] > git for-each-ref --sort -committerdate --format %(refname) %(objectname) %(*objectname) [4ms]
[2022-06-14T20:46:33.464Z] > git remote --verbose [1ms]
[2022-06-14T20:46:33.504Z] > git config --get commit.template [1ms]
[2022-06-14T20:46:38.564Z] > git status -z -uall [55ms]
[2022-06-14T20:46:38.568Z] > git symbolic-ref --short HEAD [0ms]
[2022-06-14T20:46:38.573Z] > git for-each-ref --format=%(refname)%00%(upstream:short)%00%(objectname)%00%(upstream:track)%00%(upstream:remotename)%00%(upstream:remoteref) refs/heads/master refs/remotes/master [1ms]
[2022-06-14T20:46:38.582Z] > git for-each-ref --sort -committerdate --format %(refname) %(objectname) %(*objectname) [5ms]
[2022-06-14T20:46:38.583Z] > git remote --verbose [2ms]
[2022-06-14T20:46:38.623Z] > git config --get commit.template [1ms]
[2022-06-14T20:46:52.430Z] > git status -z -uall [59ms]
[2022-06-14T20:46:52.434Z] > git symbolic-ref --short HEAD [0ms]
[2022-06-14T20:46:52.438Z] > git for-each-ref --format=%(refname)%00%(upstream:short)%00%(objectname)%00%(upstream:track)%00%(upstream:remotename)%00%(upstream:remoteref) refs/heads/master refs/remotes/master [1ms]
[2022-06-14T20:46:52.444Z] > git for-each-ref --sort -committerdate --format %(refname) %(objectname) %(*objectname) [3ms]
[2022-06-14T20:46:52.444Z] > git remote --verbose [0ms]
[2022-06-14T20:46:52.483Z] > git config --get commit.template [1ms]
[2022-06-14T20:49:37.718Z] > git status -z -uall [71ms]
[2022-06-14T20:49:37.722Z] > git symbolic-ref --short HEAD [1ms]
[2022-06-14T20:49:37.725Z] > git for-each-ref --format=%(refname)%00%(upstream:short)%00%(objectname)%00%(upstream:track)%00%(upstream:remotename)%00%(upstream:remoteref) refs/heads/master refs/remotes/master [1ms]
[2022-06-14T20:49:37.731Z] > git remote --verbose [1ms]
[2022-06-14T20:49:37.731Z] > git for-each-ref --sort -committerdate --format %(refname) %(objectname) %(*objectname) [3ms]
[2022-06-14T20:49:37.772Z] > git config --get commit.template [2ms]
[2022-06-14T20:49:41.217Z] > git fetch [3578ms]
[2022-06-14T20:49:41.275Z] > git status -z -uall [54ms]
[2022-06-14T20:49:41.279Z] > git symbolic-ref --short HEAD [0ms]
[2022-06-14T20:49:41.283Z] > git for-each-ref --format=%(refname)%00%(upstream:short)%00%(objectname)%00%(upstream:track)%00%(upstream:remotename)%00%(upstream:remoteref) refs/heads/master refs/remotes/master [1ms]
[2022-06-14T20:49:41.289Z] > git for-each-ref --sort -committerdate --format %(refname) %(objectname) %(*objectname) [3ms]
[2022-06-14T20:49:41.289Z] > git remote --verbose [1ms]
[2022-06-14T20:49:41.328Z] > git config --get commit.template [0ms]
[2022-06-14T21:18:43.076Z] > git ls-files --stage -- /home/lrb96/premiosplatzi/premiosplatziapp/polls/urls.py [5ms]
[2022-06-14T21:18:43.077Z] > git ls-files --stage -- /home/lrb96/premiosplatzi/premiosplatziapp/polls/views.py [3ms]
[2022-06-14T21:18:43.093Z] > git show --textconv :premiosplatzi/premiosplatziapp/polls/urls.py [5ms]
[2022-06-14T21:18:43.095Z] > git show --textconv :premiosplatzi/premiosplatziapp/polls/views.py [3ms]
[2022-06-14T21:18:43.126Z] > git status -z -uall [66ms]
[2022-06-14T21:18:43.131Z] > git symbolic-ref --short HEAD [1ms]
[2022-06-14T21:18:43.135Z] > git for-each-ref --format=%(refname)%00%(upstream:short)%00%(objectname)%00%(upstream:track)%00%(upstream:remotename)%00%(upstream:remoteref) refs/heads/master refs/remotes/master [0ms]
[2022-06-14T21:18:43.145Z] > git for-each-ref --sort -committerdate --format %(refname) %(objectname) %(*objectname) [6ms]
[2022-06-14T21:18:43.145Z] > git remote --verbose [1ms]
[2022-06-14T21:18:43.191Z] > git config --get commit.template [2ms]
[2022-06-14T21:18:44.804Z] > git ls-files --stage -- /home/lrb96/premiosplatzi/premiosplatziapp/polls/urls.py [5ms]
[2022-06-14T21:18:44.806Z] > git ls-files --stage -- /home/lrb96/premiosplatzi/premiosplatziapp/polls/views.py [3ms]
[2022-06-14T21:18:44.816Z] > git show --textconv :premiosplatzi/premiosplatziapp/polls/urls.py [4ms]
[2022-06-14T21:18:44.818Z] > git show --textconv :premiosplatzi/premiosplatziapp/polls/views.py [2ms]
[2022-06-14T21:18:45.117Z] > git fetch [2061ms]
[2022-06-14T21:18:45.175Z] > git status -z -uall [54ms]
[2022-06-14T21:18:45.179Z] > git symbolic-ref --short HEAD [1ms]
[2022-06-14T21:18:45.183Z] > git for-each-ref --format=%(refname)%00%(upstream:short)%00%(objectname)%00%(upstream:track)%00%(upstream:remotename)%00%(upstream:remoteref) refs/heads/master refs/remotes/master [1ms]
[2022-06-14T21:18:45.192Z] > git remote --verbose [2ms]
[2022-06-14T21:18:45.192Z] > git for-each-ref --sort -committerdate --format %(refname) %(objectname) %(*objectname) [5ms]
[2022-06-14T21:18:45.301Z] > git config --get commit.template [14ms]
[2022-06-14T21:18:46.847Z] > git ls-files --stage -- /home/lrb96/premiosplatzi/premiosplatziapp/polls/urls.py [4ms]
[2022-06-14T21:18:46.849Z] > git ls-files --stage -- /home/lrb96/premiosplatzi/premiosplatziapp/polls/views.py [3ms]
[2022-06-14T21:18:46.859Z] > git show --textconv :premiosplatzi/premiosplatziapp/polls/urls.py [4ms]
[2022-06-14T21:18:46.861Z] > git show --textconv :premiosplatzi/premiosplatziapp/polls/views.py [2ms]
[2022-06-14T21:18:48.245Z] > git status -z -uall [50ms]
[2022-06-14T21:18:48.250Z] > git symbolic-ref --short HEAD [1ms]
[2022-06-14T21:18:48.253Z] > git for-each-ref --format=%(refname)%00%(upstream:short)%00%(objectname)%00%(upstream:track)%00%(upstream:remotename)%00%(upstream:remoteref) refs/heads/master refs/remotes/master [1ms]
[2022-06-14T21:18:48.259Z] > git remote --verbose [0ms]
[2022-06-14T21:18:48.259Z] > git for-each-ref --sort -committerdate --format %(refname) %(objectname) %(*objectname) [3ms]
[2022-06-14T21:18:48.298Z] > git config --get commit.template [2ms]
[2022-06-14T21:18:53.402Z] > git status -z -uall [58ms]
[2022-06-14T21:18:53.406Z] > git symbolic-ref --short HEAD [1ms]
[2022-06-14T21:18:53.410Z] > git for-each-ref --format=%(refname)%00%(upstream:short)%00%(objectname)%00%(upstream:track)%00%(upstream:remotename)%00%(upstream:remoteref) refs/heads/master refs/remotes/master [1ms]
[2022-06-14T21:18:53.416Z] > git remote --verbose [1ms]
[2022-06-14T21:18:53.416Z] > git for-each-ref --sort -committerdate --format %(refname) %(objectname) %(*objectname) [3ms]
[2022-06-14T21:18:53.455Z] > git config --get commit.template [0ms]
