[2022-06-08 15:19:27.958] [exthost] [info] Extension host with pid 154 started
[2022-06-08 15:19:27.970] [exthost] [info] Lock '/home/lrb96/.vscode-server/data/User/workspaceStorage/32df426cb7af36a347ed6120fb7ec54c/vscode.lock': Lock acquired.
[2022-06-08 15:19:27.986] [exthost] [info] ExtensionService#_doActivateExtension vscode.debug-auto-launch, startup: true, activationEvent: '*'
[2022-06-08 15:19:27.992] [exthost] [info] ExtensionService#_doActivateExtension vscode.git-base, startup: true, activationEvent: '*'
[2022-06-08 15:19:27.996] [exthost] [info] ExtensionService#_doActivateExtension vscode.ipynb, startup: true, activationEvent: '*'
[2022-06-08 15:19:28.071] [exthost] [info] ExtensionService#_doActivateExtension vscode.github, startup: true, activationEvent: '*'
[2022-06-08 15:19:28.136] [exthost] [info] ExtensionService#_doActivateExtension vscode.emmet, startup: false, activationEvent: 'onStartupFinished'
[2022-06-08 15:19:28.149] [exthost] [info] ExtensionService#_doActivateExtension vscode.merge-conflict, startup: false, activationEvent: 'onStartupFinished'
[2022-06-08 15:19:28.152] [exthost] [info] Eager extensions activated
[2022-06-08 15:19:28.894] [exthost] [info] ExtensionService#_doActivateExtension vscode.configuration-editing, startup: false, activationEvent: 'onLanguage:jsonc'
[2022-06-08 15:19:28.900] [exthost] [info] ExtensionService#_doActivateExtension vscode.json-language-features, startup: false, activationEvent: 'onLanguage:jsonc'
[2022-06-08 15:19:28.952] [exthost] [info] ExtensionService#_doActivateExtension vscode.typescript-language-features, startup: false, activationEvent: 'onLanguage:jsonc'
[2022-06-08 15:19:30.227] [exthost] [info] ExtensionService#_doActivateExtension vscode.git, startup: false, activationEvent: 'api', root cause: vscode.github
[2022-06-08 15:19:58.888] [exthost] [info] ExtensionService#_doActivateExtension ms-python.python, startup: false, activationEvent: 'onLanguage:python'
[2022-06-08 15:19:59.172] [exthost] [info] ExtensionService#_doActivateExtension ms-toolsai.jupyter, startup: false, activationEvent: 'onLanguage:python'
[2022-06-08 15:19:59.997] [exthost] [info] ExtensionService#_doActivateExtension ms-toolsai.jupyter-renderers, startup: false, activationEvent: 'api', root cause: ms-toolsai.jupyter
[2022-06-08 15:20:00.059] [exthost] [info] ExtensionService#_doActivateExtension ms-python.vscode-pylance, startup: false, activationEvent: 'onLanguage:python'
[2022-06-08 15:25:18.936] [exthost] [warning] [Decorations] CAPPING events from decorations provider vscode.git 10000
[2022-06-08 15:25:20.503] [exthost] [warning] [Decorations] CAPPING events from decorations provider vscode.git 10317
[2022-06-08 15:29:56.374] [exthost] [warning] [Decorations] CAPPING events from decorations provider vscode.git 10000
[2022-06-08 15:35:25.172] [exthost] [warning] [Decorations] CAPPING events from decorations provider vscode.git 10000
[2022-06-08 15:39:46.948] [exthost] [warning] [Decorations] CAPPING events from decorations provider vscode.git 10011
[2022-06-08 15:44:26.787] [exthost] [warning] [Decorations] CAPPING events from decorations provider vscode.git 10004
[2022-06-08 15:47:28.222] [exthost] [warning] [Decorations] CAPPING events from decorations provider vscode.git 10004
[2022-06-08 15:50:29.651] [exthost] [warning] [Decorations] CAPPING events from decorations provider vscode.git 10002
[2022-06-08 15:54:49.550] [exthost] [warning] [Decorations] CAPPING events from decorations provider vscode.git 10002
[2022-06-08 15:57:50.987] [exthost] [warning] [Decorations] CAPPING events from decorations provider vscode.git 10000
[2022-06-08 16:00:52.445] [exthost] [warning] [Decorations] CAPPING events from decorations provider vscode.git 10004
[2022-06-08 16:03:53.846] [exthost] [warning] [Decorations] CAPPING events from decorations provider vscode.git 10002
[2022-06-08 16:06:55.258] [exthost] [warning] [Decorations] CAPPING events from decorations provider vscode.git 10005
[2022-06-08 17:21:48.163] [exthost] [warning] [Decorations] CAPPING events from decorations provider vscode.git 10005
[2022-06-08 17:25:12.027] [exthost] [warning] [Decorations] CAPPING events from decorations provider vscode.git 10000
[2022-06-08 17:29:04.131] [exthost] [warning] [Decorations] CAPPING events from decorations provider vscode.git 10002
[2022-06-08 17:32:05.586] [exthost] [warning] [Decorations] CAPPING events from decorations provider vscode.git 10004
[2022-06-08 17:35:07.003] [exthost] [warning] [Decorations] CAPPING events from decorations provider vscode.git 10006
[2022-06-08 17:56:16.964] [exthost] [warning] [Decorations] CAPPING events from decorations provider vscode.git 10001
[2022-06-08 18:04:51.870] [exthost] [warning] [Decorations] CAPPING events from decorations provider vscode.git 10000
[2022-06-08 18:08:03.119] [exthost] [warning] [Decorations] CAPPING events from decorations provider vscode.git 10000
[2022-06-08 18:11:04.510] [exthost] [warning] [Decorations] CAPPING events from decorations provider vscode.git 10002
[2022-06-08 18:14:05.912] [exthost] [warning] [Decorations] CAPPING events from decorations provider vscode.git 10003
[2022-06-08 18:17:22.030] [exthost] [warning] [Decorations] CAPPING events from decorations provider vscode.git 10004
[2022-06-08 18:20:32.573] [exthost] [warning] [Decorations] CAPPING events from decorations provider vscode.git 10002
[2022-06-08 18:23:34.005] [exthost] [warning] [Decorations] CAPPING events from decorations provider vscode.git 10004
[2022-06-08 18:45:08.646] [exthost] [warning] [Decorations] CAPPING events from decorations provider vscode.git 10002
[2022-06-08 18:48:03.063] [exthost] [error] [ms-python.python] provider FAILED
[2022-06-08 18:48:03.063] [exthost] [error] Error: name must not be falsy
	at Function.validate (/home/lrb96/.vscode-server/bin/57fd6d0195bb9b9d1b49f6da5db789060795de47/out/vs/workbench/api/node/extensionHostProcess.js:76:127818)
	at new s (/home/lrb96/.vscode-server/bin/57fd6d0195bb9b9d1b49f6da5db789060795de47/out/vs/workbench/api/node/extensionHostProcess.js:76:127767)
	at new s (/home/lrb96/.vscode-server/bin/57fd6d0195bb9b9d1b49f6da5db789060795de47/out/vs/workbench/api/node/extensionHostProcess.js:76:114127)
	at G (/home/lrb96/.vscode-server/extensions/ms-python.python-2022.6.2/out/client/extension.js:2:2277418)
	at c (/home/lrb96/.vscode-server/extensions/ms-python.python-2022.6.2/out/client/extension.js:2:2314584)
	at Object.t.map (/home/lrb96/.vscode-server/extensions/ms-python.python-2022.6.2/out/client/extension.js:2:2314670)
	at Object.asDocumentSymbols (/home/lrb96/.vscode-server/extensions/ms-python.python-2022.6.2/out/client/extension.js:2:2285236)
	at /home/lrb96/.vscode-server/extensions/ms-python.python-2022.6.2/out/client/extension.js:2:2223778
	at async r.provideDocumentSymbols (/home/lrb96/.vscode-server/bin/57fd6d0195bb9b9d1b49f6da5db789060795de47/out/vs/workbench/api/node/extensionHostProcess.js:83:97721)
[2022-06-08 18:48:04.744] [exthost] [error] [ms-python.python] provider FAILED
[2022-06-08 18:48:04.745] [exthost] [error] Error: name must not be falsy
	at Function.validate (/home/lrb96/.vscode-server/bin/57fd6d0195bb9b9d1b49f6da5db789060795de47/out/vs/workbench/api/node/extensionHostProcess.js:76:127818)
	at new s (/home/lrb96/.vscode-server/bin/57fd6d0195bb9b9d1b49f6da5db789060795de47/out/vs/workbench/api/node/extensionHostProcess.js:76:127767)
	at new s (/home/lrb96/.vscode-server/bin/57fd6d0195bb9b9d1b49f6da5db789060795de47/out/vs/workbench/api/node/extensionHostProcess.js:76:114127)
	at G (/home/lrb96/.vscode-server/extensions/ms-python.python-2022.6.2/out/client/extension.js:2:2277418)
	at c (/home/lrb96/.vscode-server/extensions/ms-python.python-2022.6.2/out/client/extension.js:2:2314584)
	at Object.t.map (/home/lrb96/.vscode-server/extensions/ms-python.python-2022.6.2/out/client/extension.js:2:2314670)
	at Object.asDocumentSymbols (/home/lrb96/.vscode-server/extensions/ms-python.python-2022.6.2/out/client/extension.js:2:2285236)
	at /home/lrb96/.vscode-server/extensions/ms-python.python-2022.6.2/out/client/extension.js:2:2223778
	at async r.provideDocumentSymbols (/home/lrb96/.vscode-server/bin/57fd6d0195bb9b9d1b49f6da5db789060795de47/out/vs/workbench/api/node/extensionHostProcess.js:83:97721)
[2022-06-08 18:48:05.270] [exthost] [error] [ms-python.python] provider FAILED
[2022-06-08 18:48:05.271] [exthost] [error] Error: name must not be falsy
	at Function.validate (/home/lrb96/.vscode-server/bin/57fd6d0195bb9b9d1b49f6da5db789060795de47/out/vs/workbench/api/node/extensionHostProcess.js:76:127818)
	at new s (/home/lrb96/.vscode-server/bin/57fd6d0195bb9b9d1b49f6da5db789060795de47/out/vs/workbench/api/node/extensionHostProcess.js:76:127767)
	at new s (/home/lrb96/.vscode-server/bin/57fd6d0195bb9b9d1b49f6da5db789060795de47/out/vs/workbench/api/node/extensionHostProcess.js:76:114127)
	at G (/home/lrb96/.vscode-server/extensions/ms-python.python-2022.6.2/out/client/extension.js:2:2277418)
	at c (/home/lrb96/.vscode-server/extensions/ms-python.python-2022.6.2/out/client/extension.js:2:2314584)
	at Object.t.map (/home/lrb96/.vscode-server/extensions/ms-python.python-2022.6.2/out/client/extension.js:2:2314670)
	at Object.asDocumentSymbols (/home/lrb96/.vscode-server/extensions/ms-python.python-2022.6.2/out/client/extension.js:2:2285236)
	at /home/lrb96/.vscode-server/extensions/ms-python.python-2022.6.2/out/client/extension.js:2:2223778
	at async r.provideDocumentSymbols (/home/lrb96/.vscode-server/bin/57fd6d0195bb9b9d1b49f6da5db789060795de47/out/vs/workbench/api/node/extensionHostProcess.js:83:97721)
[2022-06-08 18:48:06.313] [exthost] [error] [ms-python.python] provider FAILED
[2022-06-08 18:48:06.313] [exthost] [error] Error: name must not be falsy
	at Function.validate (/home/lrb96/.vscode-server/bin/57fd6d0195bb9b9d1b49f6da5db789060795de47/out/vs/workbench/api/node/extensionHostProcess.js:76:127818)
	at new s (/home/lrb96/.vscode-server/bin/57fd6d0195bb9b9d1b49f6da5db789060795de47/out/vs/workbench/api/node/extensionHostProcess.js:76:127767)
	at new s (/home/lrb96/.vscode-server/bin/57fd6d0195bb9b9d1b49f6da5db789060795de47/out/vs/workbench/api/node/extensionHostProcess.js:76:114127)
	at G (/home/lrb96/.vscode-server/extensions/ms-python.python-2022.6.2/out/client/extension.js:2:2277418)
	at c (/home/lrb96/.vscode-server/extensions/ms-python.python-2022.6.2/out/client/extension.js:2:2314584)
	at Object.t.map (/home/lrb96/.vscode-server/extensions/ms-python.python-2022.6.2/out/client/extension.js:2:2314670)
	at Object.asDocumentSymbols (/home/lrb96/.vscode-server/extensions/ms-python.python-2022.6.2/out/client/extension.js:2:2285236)
	at /home/lrb96/.vscode-server/extensions/ms-python.python-2022.6.2/out/client/extension.js:2:2223778
	at async r.provideDocumentSymbols (/home/lrb96/.vscode-server/bin/57fd6d0195bb9b9d1b49f6da5db789060795de47/out/vs/workbench/api/node/extensionHostProcess.js:83:97721)
[2022-06-08 18:48:07.466] [exthost] [error] [ms-python.python] provider FAILED
[2022-06-08 18:48:07.466] [exthost] [error] Error: name must not be falsy
	at Function.validate (/home/lrb96/.vscode-server/bin/57fd6d0195bb9b9d1b49f6da5db789060795de47/out/vs/workbench/api/node/extensionHostProcess.js:76:127818)
	at new s (/home/lrb96/.vscode-server/bin/57fd6d0195bb9b9d1b49f6da5db789060795de47/out/vs/workbench/api/node/extensionHostProcess.js:76:127767)
	at new s (/home/lrb96/.vscode-server/bin/57fd6d0195bb9b9d1b49f6da5db789060795de47/out/vs/workbench/api/node/extensionHostProcess.js:76:114127)
	at G (/home/lrb96/.vscode-server/extensions/ms-python.python-2022.6.2/out/client/extension.js:2:2277418)
	at c (/home/lrb96/.vscode-server/extensions/ms-python.python-2022.6.2/out/client/extension.js:2:2314584)
	at Object.t.map (/home/lrb96/.vscode-server/extensions/ms-python.python-2022.6.2/out/client/extension.js:2:2314670)
	at Object.asDocumentSymbols (/home/lrb96/.vscode-server/extensions/ms-python.python-2022.6.2/out/client/extension.js:2:2285236)
	at /home/lrb96/.vscode-server/extensions/ms-python.python-2022.6.2/out/client/extension.js:2:2223778
	at async r.provideDocumentSymbols (/home/lrb96/.vscode-server/bin/57fd6d0195bb9b9d1b49f6da5db789060795de47/out/vs/workbench/api/node/extensionHostProcess.js:83:97721)
[2022-06-08 18:48:10.147] [exthost] [warning] [Decorations] CAPPING events from decorations provider vscode.git 10004
[2022-06-08 18:51:11.540] [exthost] [warning] [Decorations] CAPPING events from decorations provider vscode.git 10002
[2022-06-08 18:54:15.519] [exthost] [warning] [Decorations] CAPPING events from decorations provider vscode.git 10003
[2022-06-08 18:57:48.414] [exthost] [warning] [Decorations] CAPPING events from decorations provider vscode.git 10003
[2022-06-08 18:59:49.729] [exthost] [warning] [Decorations] CAPPING events from decorations provider vscode.git 10000
[2022-06-08 19:00:19.938] [exthost] [info] Extension host terminating: received terminate message from renderer
[2022-06-08 19:00:19.939] [exthost] [info] Lock '/home/lrb96/.vscode-server/data/User/workspaceStorage/32df426cb7af36a347ed6120fb7ec54c/vscode.lock': Marking the lockfile as scheduled to be released in 6000 ms.
[2022-06-08 19:00:19.975] [exthost] [info] Extension host with pid 154 exiting with code 0
