[2022-06-13T23:36:05.897Z] Nivel de registro: Info
[2022-06-13T23:36:05.898Z] [info] La validación encontró Git en: git
[2022-06-13T23:36:06.456Z] [info] Usando GIT 2.25.1 desde git
[2022-06-13T23:36:06.511Z] > git rev-parse --show-toplevel [41ms]
[2022-06-13T23:36:06.523Z] > git rev-parse --git-dir --git-common-dir [2ms]
[2022-06-13T23:36:06.528Z] [info] Open repository: /home/lrb96
[2022-06-13T23:36:06.637Z] > git status -z -uall [101ms]
[2022-06-13T23:36:06.652Z] > git symbolic-ref --short HEAD [11ms]
[2022-06-13T23:36:06.672Z] > git for-each-ref --format=%(refname)%00%(upstream:short)%00%(objectname)%00%(upstream:track)%00%(upstream:remotename)%00%(upstream:remoteref) refs/heads/master refs/remotes/master [16ms]
[2022-06-13T23:36:06.685Z] > git remote --verbose [4ms]
[2022-06-13T23:36:06.686Z] > git for-each-ref --sort -committerdate --format %(refname) %(objectname) %(*objectname) [10ms]
[2022-06-13T23:36:06.763Z] > git config --get commit.template [16ms]
[2022-06-13T23:36:07.642Z] > git check-ignore -v -z --stdin [5ms]
[2022-06-13T23:36:12.003Z] > git fetch [1219ms]
[2022-06-13T23:36:12.064Z] > git status -z -uall [56ms]
[2022-06-13T23:36:12.070Z] > git symbolic-ref --short HEAD [1ms]
[2022-06-13T23:36:12.075Z] > git for-each-ref --format=%(refname)%00%(upstream:short)%00%(objectname)%00%(upstream:track)%00%(upstream:remotename)%00%(upstream:remoteref) refs/heads/master refs/remotes/master [1ms]
[2022-06-13T23:36:12.083Z] > git remote --verbose [1ms]
[2022-06-13T23:36:12.083Z] > git for-each-ref --sort -committerdate --format %(refname) %(objectname) %(*objectname) [4ms]
[2022-06-13T23:36:12.130Z] > git config --get commit.template [0ms]
[2022-06-13T23:36:13.703Z] > git status -z -uall [62ms]
[2022-06-13T23:36:13.710Z] > git symbolic-ref --short HEAD [1ms]
[2022-06-13T23:36:13.717Z] > git for-each-ref --format=%(refname)%00%(upstream:short)%00%(objectname)%00%(upstream:track)%00%(upstream:remotename)%00%(upstream:remoteref) refs/heads/master refs/remotes/master [1ms]
[2022-06-13T23:36:13.727Z] > git remote --verbose [1ms]
[2022-06-13T23:36:13.727Z] > git for-each-ref --sort -committerdate --format %(refname) %(objectname) %(*objectname) [5ms]
[2022-06-13T23:36:13.771Z] > git config --get commit.template [1ms]
[2022-06-13T23:36:16.168Z] > git show --textconv :fastapi_python/main.py [5ms]
[2022-06-13T23:36:16.171Z] > git ls-files --stage -- /home/lrb96/fastapi_python/main.py [3ms]
[2022-06-13T23:36:16.175Z] > git cat-file -s 0e4962ff6826a2fd6654b557efcb3748bd456955 [0ms]
[2022-06-13T23:36:18.830Z] > git status -z -uall [54ms]
[2022-06-13T23:36:18.835Z] > git symbolic-ref --short HEAD [1ms]
[2022-06-13T23:36:18.839Z] > git for-each-ref --format=%(refname)%00%(upstream:short)%00%(objectname)%00%(upstream:track)%00%(upstream:remotename)%00%(upstream:remoteref) refs/heads/master refs/remotes/master [0ms]
[2022-06-13T23:36:18.846Z] > git remote --verbose [0ms]
[2022-06-13T23:36:18.847Z] > git for-each-ref --sort -committerdate --format %(refname) %(objectname) %(*objectname) [4ms]
[2022-06-13T23:36:18.889Z] > git config --get commit.template [1ms]
[2022-06-13T23:36:23.948Z] > git status -z -uall [53ms]
[2022-06-13T23:36:23.952Z] > git symbolic-ref --short HEAD [0ms]
[2022-06-13T23:36:23.956Z] > git for-each-ref --format=%(refname)%00%(upstream:short)%00%(objectname)%00%(upstream:track)%00%(upstream:remotename)%00%(upstream:remoteref) refs/heads/master refs/remotes/master [0ms]
[2022-06-13T23:36:23.963Z] > git remote --verbose [1ms]
[2022-06-13T23:36:23.963Z] > git for-each-ref --sort -committerdate --format %(refname) %(objectname) %(*objectname) [3ms]
[2022-06-13T23:36:24.006Z] > git config --get commit.template [1ms]
[2022-06-13T23:36:29.063Z] > git status -z -uall [52ms]
[2022-06-13T23:36:29.067Z] > git symbolic-ref --short HEAD [0ms]
[2022-06-13T23:36:29.071Z] > git for-each-ref --format=%(refname)%00%(upstream:short)%00%(objectname)%00%(upstream:track)%00%(upstream:remotename)%00%(upstream:remoteref) refs/heads/master refs/remotes/master [0ms]
[2022-06-13T23:36:29.079Z] > git remote --verbose [2ms]
[2022-06-13T23:36:29.079Z] > git for-each-ref --sort -committerdate --format %(refname) %(objectname) %(*objectname) [5ms]
[2022-06-13T23:36:29.165Z] > git config --get commit.template [3ms]
[2022-06-13T23:36:34.227Z] > git status -z -uall [51ms]
[2022-06-13T23:36:34.231Z] > git symbolic-ref --short HEAD [0ms]
[2022-06-13T23:36:34.235Z] > git for-each-ref --format=%(refname)%00%(upstream:short)%00%(objectname)%00%(upstream:track)%00%(upstream:remotename)%00%(upstream:remoteref) refs/heads/master refs/remotes/master [0ms]
[2022-06-13T23:36:34.242Z] > git remote --verbose [1ms]
[2022-06-13T23:36:34.242Z] > git for-each-ref --sort -committerdate --format %(refname) %(objectname) %(*objectname) [4ms]
[2022-06-13T23:36:34.282Z] > git config --get commit.template [1ms]
[2022-06-13T23:36:39.339Z] > git status -z -uall [52ms]
[2022-06-13T23:36:39.343Z] > git symbolic-ref --short HEAD [1ms]
[2022-06-13T23:36:39.347Z] > git for-each-ref --format=%(refname)%00%(upstream:short)%00%(objectname)%00%(upstream:track)%00%(upstream:remotename)%00%(upstream:remoteref) refs/heads/master refs/remotes/master [1ms]
[2022-06-13T23:36:39.353Z] > git remote --verbose [1ms]
[2022-06-13T23:36:39.353Z] > git for-each-ref --sort -committerdate --format %(refname) %(objectname) %(*objectname) [3ms]
[2022-06-13T23:36:39.393Z] > git config --get commit.template [1ms]
[2022-06-13T23:37:01.906Z] > git status -z -uall [59ms]
[2022-06-13T23:37:01.911Z] > git symbolic-ref --short HEAD [0ms]
[2022-06-13T23:37:01.916Z] > git for-each-ref --format=%(refname)%00%(upstream:short)%00%(objectname)%00%(upstream:track)%00%(upstream:remotename)%00%(upstream:remoteref) refs/heads/master refs/remotes/master [1ms]
[2022-06-13T23:37:01.928Z] > git remote --verbose [2ms]
[2022-06-13T23:37:01.928Z] > git for-each-ref --sort -committerdate --format %(refname) %(objectname) %(*objectname) [7ms]
[2022-06-13T23:37:01.976Z] > git config --get commit.template [1ms]
[2022-06-13T23:37:44.805Z] > git status -z -uall [61ms]
[2022-06-13T23:37:44.809Z] > git symbolic-ref --short HEAD [1ms]
[2022-06-13T23:37:44.812Z] > git for-each-ref --format=%(refname)%00%(upstream:short)%00%(objectname)%00%(upstream:track)%00%(upstream:remotename)%00%(upstream:remoteref) refs/heads/master refs/remotes/master [0ms]
[2022-06-13T23:37:44.818Z] > git remote --verbose [0ms]
[2022-06-13T23:37:44.819Z] > git for-each-ref --sort -committerdate --format %(refname) %(objectname) %(*objectname) [4ms]
[2022-06-13T23:37:44.867Z] > git config --get commit.template [2ms]
[2022-06-13T23:37:49.926Z] > git status -z -uall [53ms]
[2022-06-13T23:37:49.930Z] > git symbolic-ref --short HEAD [0ms]
[2022-06-13T23:37:49.934Z] > git for-each-ref --format=%(refname)%00%(upstream:short)%00%(objectname)%00%(upstream:track)%00%(upstream:remotename)%00%(upstream:remoteref) refs/heads/master refs/remotes/master [0ms]
[2022-06-13T23:37:49.940Z] > git remote --verbose [0ms]
[2022-06-13T23:37:49.940Z] > git for-each-ref --sort -committerdate --format %(refname) %(objectname) %(*objectname) [3ms]
[2022-06-13T23:37:49.984Z] > git config --get commit.template [3ms]
[2022-06-13T23:37:55.042Z] > git status -z -uall [53ms]
[2022-06-13T23:37:55.046Z] > git symbolic-ref --short HEAD [0ms]
[2022-06-13T23:37:55.050Z] > git for-each-ref --format=%(refname)%00%(upstream:short)%00%(objectname)%00%(upstream:track)%00%(upstream:remotename)%00%(upstream:remoteref) refs/heads/master refs/remotes/master [1ms]
[2022-06-13T23:37:55.056Z] > git remote --verbose [0ms]
[2022-06-13T23:37:55.056Z] > git for-each-ref --sort -committerdate --format %(refname) %(objectname) %(*objectname) [3ms]
[2022-06-13T23:37:55.096Z] > git config --get commit.template [1ms]
[2022-06-13T23:37:58.981Z] > git check-ignore -v -z --stdin [8ms]
[2022-06-13T23:38:00.167Z] > git status -z -uall [66ms]
[2022-06-13T23:38:00.173Z] > git symbolic-ref --short HEAD [1ms]
[2022-06-13T23:38:00.177Z] > git for-each-ref --format=%(refname)%00%(upstream:short)%00%(objectname)%00%(upstream:track)%00%(upstream:remotename)%00%(upstream:remoteref) refs/heads/master refs/remotes/master [1ms]
[2022-06-13T23:38:00.184Z] > git remote --verbose [1ms]
[2022-06-13T23:38:00.184Z] > git for-each-ref --sort -committerdate --format %(refname) %(objectname) %(*objectname) [4ms]
[2022-06-13T23:38:00.227Z] > git config --get commit.template [1ms]
[2022-06-13T23:38:01.796Z] > git show --textconv :fastapi_python/main.py [6ms]
[2022-06-13T23:38:01.799Z] > git ls-files --stage -- /home/lrb96/fastapi_python/main.py [3ms]
[2022-06-13T23:38:01.807Z] > git cat-file -s 0e4962ff6826a2fd6654b557efcb3748bd456955 [1ms]
[2022-06-13T23:38:05.290Z] > git status -z -uall [58ms]
[2022-06-13T23:38:05.294Z] > git symbolic-ref --short HEAD [1ms]
[2022-06-13T23:38:05.298Z] > git for-each-ref --format=%(refname)%00%(upstream:short)%00%(objectname)%00%(upstream:track)%00%(upstream:remotename)%00%(upstream:remoteref) refs/heads/master refs/remotes/master [1ms]
[2022-06-13T23:38:05.306Z] > git remote --verbose [2ms]
[2022-06-13T23:38:05.306Z] > git for-each-ref --sort -committerdate --format %(refname) %(objectname) %(*objectname) [5ms]
[2022-06-13T23:38:05.416Z] > git config --get commit.template [17ms]
[2022-06-13T23:38:10.932Z] > git status -z -uall [52ms]
[2022-06-13T23:38:10.937Z] > git symbolic-ref --short HEAD [1ms]
[2022-06-13T23:38:10.941Z] > git for-each-ref --format=%(refname)%00%(upstream:short)%00%(objectname)%00%(upstream:track)%00%(upstream:remotename)%00%(upstream:remoteref) refs/heads/master refs/remotes/master [1ms]
[2022-06-13T23:38:10.948Z] > git for-each-ref --sort -committerdate --format %(refname) %(objectname) %(*objectname) [3ms]
[2022-06-13T23:38:10.949Z] > git remote --verbose [1ms]
[2022-06-13T23:38:10.991Z] > git config --get commit.template [1ms]
[2022-06-13T23:38:17.017Z] > git status -z -uall [62ms]
[2022-06-13T23:38:17.021Z] > git symbolic-ref --short HEAD [1ms]
[2022-06-13T23:38:17.026Z] > git for-each-ref --format=%(refname)%00%(upstream:short)%00%(objectname)%00%(upstream:track)%00%(upstream:remotename)%00%(upstream:remoteref) refs/heads/master refs/remotes/master [1ms]
[2022-06-13T23:38:17.032Z] > git remote --verbose [1ms]
[2022-06-13T23:38:17.032Z] > git for-each-ref --sort -committerdate --format %(refname) %(objectname) %(*objectname) [3ms]
[2022-06-13T23:38:17.077Z] > git config --get commit.template [1ms]
[2022-06-13T23:38:23.627Z] > git status -z -uall [57ms]
[2022-06-13T23:38:23.632Z] > git symbolic-ref --short HEAD [1ms]
[2022-06-13T23:38:23.636Z] > git for-each-ref --format=%(refname)%00%(upstream:short)%00%(objectname)%00%(upstream:track)%00%(upstream:remotename)%00%(upstream:remoteref) refs/heads/master refs/remotes/master [1ms]
[2022-06-13T23:38:23.643Z] > git remote --verbose [0ms]
[2022-06-13T23:38:23.644Z] > git for-each-ref --sort -committerdate --format %(refname) %(objectname) %(*objectname) [5ms]
[2022-06-13T23:38:23.688Z] > git config --get commit.template [3ms]
[2022-06-13T23:38:28.746Z] > git status -z -uall [53ms]
[2022-06-13T23:38:28.750Z] > git symbolic-ref --short HEAD [0ms]
[2022-06-13T23:38:28.754Z] > git for-each-ref --format=%(refname)%00%(upstream:short)%00%(objectname)%00%(upstream:track)%00%(upstream:remotename)%00%(upstream:remoteref) refs/heads/master refs/remotes/master [1ms]
[2022-06-13T23:38:28.762Z] > git for-each-ref --sort -committerdate --format %(refname) %(objectname) %(*objectname) [5ms]
[2022-06-13T23:38:28.762Z] > git remote --verbose [2ms]
[2022-06-13T23:38:28.861Z] > git config --get commit.template [3ms]
[2022-06-13T23:38:33.924Z] > git status -z -uall [52ms]
[2022-06-13T23:38:33.929Z] > git symbolic-ref --short HEAD [1ms]
[2022-06-13T23:38:33.933Z] > git for-each-ref --format=%(refname)%00%(upstream:short)%00%(objectname)%00%(upstream:track)%00%(upstream:remotename)%00%(upstream:remoteref) refs/heads/master refs/remotes/master [0ms]
[2022-06-13T23:38:33.939Z] > git remote --verbose [0ms]
[2022-06-13T23:38:33.939Z] > git for-each-ref --sort -committerdate --format %(refname) %(objectname) %(*objectname) [3ms]
[2022-06-13T23:38:33.982Z] > git config --get commit.template [1ms]
[2022-06-13T23:38:39.043Z] > git status -z -uall [55ms]
[2022-06-13T23:38:39.047Z] > git symbolic-ref --short HEAD [0ms]
[2022-06-13T23:38:39.051Z] > git for-each-ref --format=%(refname)%00%(upstream:short)%00%(objectname)%00%(upstream:track)%00%(upstream:remotename)%00%(upstream:remoteref) refs/heads/master refs/remotes/master [0ms]
[2022-06-13T23:38:39.057Z] > git for-each-ref --sort -committerdate --format %(refname) %(objectname) %(*objectname) [3ms]
[2022-06-13T23:38:39.058Z] > git remote --verbose [1ms]
[2022-06-13T23:38:39.097Z] > git config --get commit.template [0ms]
[2022-06-13T23:38:57.410Z] > git status -z -uall [55ms]
[2022-06-13T23:38:57.414Z] > git symbolic-ref --short HEAD [0ms]
[2022-06-13T23:38:57.419Z] > git for-each-ref --format=%(refname)%00%(upstream:short)%00%(objectname)%00%(upstream:track)%00%(upstream:remotename)%00%(upstream:remoteref) refs/heads/master refs/remotes/master [1ms]
[2022-06-13T23:38:57.425Z] > git remote --verbose [1ms]
[2022-06-13T23:38:57.425Z] > git for-each-ref --sort -committerdate --format %(refname) %(objectname) %(*objectname) [4ms]
[2022-06-13T23:38:57.465Z] > git config --get commit.template [1ms]
[2022-06-13T23:39:13.612Z] > git status -z -uall [57ms]
[2022-06-13T23:39:13.617Z] > git symbolic-ref --short HEAD [1ms]
[2022-06-13T23:39:13.621Z] > git for-each-ref --format=%(refname)%00%(upstream:short)%00%(objectname)%00%(upstream:track)%00%(upstream:remotename)%00%(upstream:remoteref) refs/heads/master refs/remotes/master [1ms]
[2022-06-13T23:39:13.629Z] > git for-each-ref --sort -committerdate --format %(refname) %(objectname) %(*objectname) [4ms]
[2022-06-13T23:39:13.629Z] > git remote --verbose [1ms]
[2022-06-13T23:39:13.671Z] > git config --get commit.template [1ms]
[2022-06-13T23:39:15.135Z] > git fetch [1586ms]
[2022-06-13T23:39:15.203Z] > git status -z -uall [64ms]
[2022-06-13T23:39:15.209Z] > git symbolic-ref --short HEAD [1ms]
[2022-06-13T23:39:15.213Z] > git for-each-ref --format=%(refname)%00%(upstream:short)%00%(objectname)%00%(upstream:track)%00%(upstream:remotename)%00%(upstream:remoteref) refs/heads/master refs/remotes/master [1ms]
[2022-06-13T23:39:15.221Z] > git remote --verbose [1ms]
[2022-06-13T23:39:15.221Z] > git for-each-ref --sort -committerdate --format %(refname) %(objectname) %(*objectname) [5ms]
[2022-06-13T23:39:15.305Z] > git config --get commit.template [3ms]
[2022-06-13T23:39:16.860Z] > git ls-files --stage -- /home/lrb96/fastapi_python/main.py [3ms]
[2022-06-13T23:39:16.864Z] > git cat-file -s 0e4962ff6826a2fd6654b557efcb3748bd456955 [0ms]
[2022-06-13T23:39:16.878Z] > git show --textconv :fastapi_python/main.py [2ms]
[2022-06-13T23:39:18.728Z] > git status -z -uall [51ms]
[2022-06-13T23:39:18.733Z] > git symbolic-ref --short HEAD [1ms]
[2022-06-13T23:39:18.737Z] > git for-each-ref --format=%(refname)%00%(upstream:short)%00%(objectname)%00%(upstream:track)%00%(upstream:remotename)%00%(upstream:remoteref) refs/heads/master refs/remotes/master [1ms]
[2022-06-13T23:39:18.744Z] > git for-each-ref --sort -committerdate --format %(refname) %(objectname) %(*objectname) [4ms]
[2022-06-13T23:39:18.744Z] > git remote --verbose [1ms]
[2022-06-13T23:39:18.784Z] > git config --get commit.template [4ms]
[2022-06-13T23:39:23.840Z] > git status -z -uall [52ms]
[2022-06-13T23:39:23.845Z] > git symbolic-ref --short HEAD [0ms]
[2022-06-13T23:39:23.848Z] > git for-each-ref --format=%(refname)%00%(upstream:short)%00%(objectname)%00%(upstream:track)%00%(upstream:remotename)%00%(upstream:remoteref) refs/heads/master refs/remotes/master [0ms]
[2022-06-13T23:39:23.854Z] > git for-each-ref --sort -committerdate --format %(refname) %(objectname) %(*objectname) [3ms]
[2022-06-13T23:39:23.855Z] > git remote --verbose [1ms]
[2022-06-13T23:39:23.894Z] > git config --get commit.template [0ms]
[2022-06-13T23:39:28.953Z] > git status -z -uall [53ms]
[2022-06-13T23:39:28.958Z] > git symbolic-ref --short HEAD [0ms]
[2022-06-13T23:39:28.964Z] > git for-each-ref --format=%(refname)%00%(upstream:short)%00%(objectname)%00%(upstream:track)%00%(upstream:remotename)%00%(upstream:remoteref) refs/heads/master refs/remotes/master [2ms]
[2022-06-13T23:39:28.971Z] > git remote --verbose [1ms]
[2022-06-13T23:39:28.971Z] > git for-each-ref --sort -committerdate --format %(refname) %(objectname) %(*objectname) [4ms]
[2022-06-13T23:39:29.079Z] > git config --get commit.template [21ms]
[2022-06-13T23:39:34.618Z] > git status -z -uall [68ms]
[2022-06-13T23:39:34.624Z] > git symbolic-ref --short HEAD [1ms]
[2022-06-13T23:39:34.629Z] > git for-each-ref --format=%(refname)%00%(upstream:short)%00%(objectname)%00%(upstream:track)%00%(upstream:remotename)%00%(upstream:remoteref) refs/heads/master refs/remotes/master [0ms]
[2022-06-13T23:39:34.636Z] > git remote --verbose [0ms]
[2022-06-13T23:39:34.637Z] > git for-each-ref --sort -committerdate --format %(refname) %(objectname) %(*objectname) [4ms]
[2022-06-13T23:39:34.675Z] > git config --get commit.template [0ms]
[2022-06-13T23:40:03.262Z] > git status -z -uall [58ms]
[2022-06-13T23:40:03.267Z] > git symbolic-ref --short HEAD [1ms]
[2022-06-13T23:40:03.273Z] > git for-each-ref --format=%(refname)%00%(upstream:short)%00%(objectname)%00%(upstream:track)%00%(upstream:remotename)%00%(upstream:remoteref) refs/heads/master refs/remotes/master [2ms]
[2022-06-13T23:40:03.279Z] > git remote --verbose [0ms]
[2022-06-13T23:40:03.280Z] > git for-each-ref --sort -committerdate --format %(refname) %(objectname) %(*objectname) [4ms]
[2022-06-13T23:40:03.395Z] > git config --get commit.template [1ms]
[2022-06-13T23:40:08.457Z] > git status -z -uall [56ms]
[2022-06-13T23:40:08.461Z] > git symbolic-ref --short HEAD [0ms]
[2022-06-13T23:40:08.465Z] > git for-each-ref --format=%(refname)%00%(upstream:short)%00%(objectname)%00%(upstream:track)%00%(upstream:remotename)%00%(upstream:remoteref) refs/heads/master refs/remotes/master [0ms]
[2022-06-13T23:40:08.472Z] > git for-each-ref --sort -committerdate --format %(refname) %(objectname) %(*objectname) [4ms]
[2022-06-13T23:40:08.472Z] > git remote --verbose [1ms]
[2022-06-13T23:40:08.514Z] > git config --get commit.template [1ms]
[2022-06-13T23:40:13.571Z] > git status -z -uall [53ms]
[2022-06-13T23:40:13.575Z] > git symbolic-ref --short HEAD [1ms]
[2022-06-13T23:40:13.579Z] > git for-each-ref --format=%(refname)%00%(upstream:short)%00%(objectname)%00%(upstream:track)%00%(upstream:remotename)%00%(upstream:remoteref) refs/heads/master refs/remotes/master [1ms]
[2022-06-13T23:40:13.585Z] > git for-each-ref --sort -committerdate --format %(refname) %(objectname) %(*objectname) [3ms]
[2022-06-13T23:40:13.585Z] > git remote --verbose [0ms]
[2022-06-13T23:40:13.628Z] > git config --get commit.template [3ms]
[2022-06-13T23:40:18.686Z] > git status -z -uall [53ms]
[2022-06-13T23:40:18.691Z] > git symbolic-ref --short HEAD [1ms]
[2022-06-13T23:40:18.695Z] > git for-each-ref --format=%(refname)%00%(upstream:short)%00%(objectname)%00%(upstream:track)%00%(upstream:remotename)%00%(upstream:remoteref) refs/heads/master refs/remotes/master [1ms]
[2022-06-13T23:40:18.703Z] > git for-each-ref --sort -committerdate --format %(refname) %(objectname) %(*objectname) [5ms]
[2022-06-13T23:40:18.703Z] > git remote --verbose [2ms]
[2022-06-13T23:40:18.813Z] > git config --get commit.template [19ms]
[2022-06-13T23:40:23.871Z] > git status -z -uall [52ms]
[2022-06-13T23:40:23.876Z] > git symbolic-ref --short HEAD [1ms]
[2022-06-13T23:40:23.880Z] > git for-each-ref --format=%(refname)%00%(upstream:short)%00%(objectname)%00%(upstream:track)%00%(upstream:remotename)%00%(upstream:remoteref) refs/heads/master refs/remotes/master [0ms]
[2022-06-13T23:40:23.886Z] > git remote --verbose [0ms]
[2022-06-13T23:40:23.887Z] > git for-each-ref --sort -committerdate --format %(refname) %(objectname) %(*objectname) [4ms]
[2022-06-13T23:40:23.928Z] > git config --get commit.template [1ms]
