[Info  - 6:36:08 PM] (1517) Pylance language server 2022.6.10 (pyright bbc42826) starting
[Info  - 6:36:08 PM] (1517) Server root directory: /home/lrb96/.vscode-server/extensions/ms-python.vscode-pylance-2022.6.10/dist
Notebook support: Legacy
[Info  - 6:36:08 PM] (1517) No configuration file found.
[Info  - 6:36:08 PM] (1517) No pyproject.toml file found.
[Info  - 6:36:08 PM] (1517) Setting pythonPath for service "fastapi_python": "/home/lrb96/fastapi_python/main.py"
[Warn  - 6:36:08 PM] (1517) stubPath /home/lrb96/fastapi_python/typings is not a valid directory.
[Info  - 6:36:08 PM] (1517) Unable to get Python version from interpreter
[Info  - 6:36:08 PM] (1517) Assuming Python platform Linux
[Info  - 6:36:08 PM] (1517) Searching for source files
[Info  - 6:36:08 PM] (1517) Auto-excluding /home/lrb96/fastapi_python/venv
[Info  - 6:36:08 PM] (1517) Found 1 source file
[Info  - 6:36:08 PM] (1517) Background analysis(1) root directory: /home/lrb96/.vscode-server/extensions/ms-python.vscode-pylance-2022.6.10/dist
[Info  - 6:36:08 PM] (1517) Background analysis(1) started
[Info  - 6:36:08 PM] (1517) Indexer background runner(2) root directory: /home/lrb96/.vscode-server/extensions/ms-python.vscode-pylance-2022.6.10/dist (index)
[Info  - 6:36:08 PM] (1517) Indexing(2) started
[Info  - 6:36:08 PM] (1517) Indexer done(2). indexed 423 files
[Info  - 6:36:36 PM] (1517) No configuration file found.
[Info  - 6:36:36 PM] (1517) No pyproject.toml file found.
[Info  - 6:36:36 PM] (1517) Setting pythonPath for service "fastapi_python": "/home/lrb96/fastapi_python/venv/bin/python"
[Warn  - 6:36:36 PM] (1517) stubPath /home/lrb96/fastapi_python/typings is not a valid directory.
[Info  - 6:36:36 PM] (1517) Assuming Python version 3.8
[Info  - 6:36:36 PM] (1517) Assuming Python platform Linux
[Info  - 6:36:36 PM] (1517) Searching for source files
[Info  - 6:36:36 PM] (1517) Auto-excluding /home/lrb96/fastapi_python/venv
[Info  - 6:36:36 PM] (1517) Found 1 source file
[Info  - 6:36:36 PM] (1517) Indexer background runner(3) root directory: /home/lrb96/.vscode-server/extensions/ms-python.vscode-pylance-2022.6.10/dist (index)
[Info  - 6:36:36 PM] (1517) Indexing(3) started
[Info  - 6:36:37 PM] (1517) Indexer done(3). indexed 436 files
[Info  - 6:40:10 PM] (1517) No configuration file found.
[Info  - 6:40:10 PM] (1517) No pyproject.toml file found.
[Info  - 6:40:10 PM] (1517) Setting pythonPath for service "fastapi_python": "/home/lrb96/fastapi_python/main.py"
[Warn  - 6:40:10 PM] (1517) stubPath /home/lrb96/fastapi_python/typings is not a valid directory.
[Info  - 6:40:10 PM] (1517) Unable to get Python version from interpreter
[Info  - 6:40:10 PM] (1517) Assuming Python platform Linux
[Info  - 6:40:10 PM] (1517) Searching for source files
[Info  - 6:40:10 PM] (1517) Auto-excluding /home/lrb96/fastapi_python/venv
[Info  - 6:40:10 PM] (1517) Found 1 source file
[Info  - 6:40:10 PM] (1517) Indexer background runner(4) root directory: /home/lrb96/.vscode-server/extensions/ms-python.vscode-pylance-2022.6.10/dist (index)
[Info  - 6:40:10 PM] (1517) Indexing(4) started
[Info  - 6:40:10 PM] (1517) Indexer done(4). indexed 423 files
[Info  - 6:40:20 PM] (1517) No configuration file found.
[Info  - 6:40:20 PM] (1517) No pyproject.toml file found.
[Info  - 6:40:20 PM] (1517) Setting pythonPath for service "fastapi_python": "/home/lrb96/fastapi_python/venv/bin/python"
[Warn  - 6:40:20 PM] (1517) stubPath /home/lrb96/fastapi_python/typings is not a valid directory.
[Info  - 6:40:20 PM] (1517) Assuming Python version 3.8
[Info  - 6:40:20 PM] (1517) Assuming Python platform Linux
[Info  - 6:40:20 PM] (1517) Searching for source files
[Info  - 6:40:20 PM] (1517) Auto-excluding /home/lrb96/fastapi_python/venv
[Info  - 6:40:20 PM] (1517) Found 1 source file
