[2022-04-23 16:11:48.168] [exthost] [info] Extension host with pid 442 started
[2022-04-23 16:11:48.243] [exthost] [info] Lock '/home/lrb96/.vscode-server/data/User/workspaceStorage/22c8033fce1128eb83496dc2ce071fc7/vscode.lock': Lock acquired.
[2022-04-23 16:11:48.326] [exthost] [info] ExtensionService#_doActivateExtension vscode.debug-auto-launch, startup: true, activationEvent: '*'
[2022-04-23 16:11:48.334] [exthost] [info] ExtensionService#_doActivateExtension vscode.git-base, startup: true, activationEvent: '*', root cause: vscode.git
[2022-04-23 16:11:48.343] [exthost] [info] ExtensionService#_doActivateExtension vscode.ipynb, startup: true, activationEvent: '*'
[2022-04-23 16:11:48.374] [exthost] [info] ExtensionService#_doActivateExtension vscode.git, startup: true, activationEvent: '*'
[2022-04-23 16:11:48.455] [exthost] [info] ExtensionService#_doActivateExtension vscode.github, startup: true, activationEvent: '*'
[2022-04-23 16:11:48.565] [exthost] [info] ExtensionService#_doActivateExtension vscode.emmet, startup: false, activationEvent: 'onStartupFinished'
[2022-04-23 16:11:48.584] [exthost] [info] ExtensionService#_doActivateExtension vscode.merge-conflict, startup: false, activationEvent: 'onStartupFinished'
[2022-04-23 16:11:48.588] [exthost] [info] Eager extensions activated
[2022-04-23 16:11:50.978] [exthost] [info] ExtensionService#_doActivateExtension vscode.configuration-editing, startup: false, activationEvent: 'onLanguage:jsonc'
[2022-04-23 16:11:51.249] [exthost] [info] ExtensionService#_doActivateExtension vscode.json-language-features, startup: false, activationEvent: 'onLanguage:jsonc'
[2022-04-23 16:11:51.621] [exthost] [info] ExtensionService#_doActivateExtension vscode.typescript-language-features, startup: false, activationEvent: 'onLanguage:jsonc'
[2022-04-23 17:28:10.711] [exthost] [info] ExtensionService#_doActivateExtension vscode.debug-server-ready, startup: false, activationEvent: 'onDebugResolve'
[2022-04-23 17:28:30.838] [exthost] [warning] [Decorations] CAPPING events from decorations provider vscode.git 2707
[2022-04-23 17:28:35.705] [exthost] [info] ExtensionService#_doActivateExtension ms-toolsai.jupyter, startup: false, activationEvent: 'onLanguage:python'
[2022-04-23 17:28:35.965] [exthost] [info] ExtensionService#_doActivateExtension ms-python.python, startup: false, activationEvent: 'onLanguage:python'
[2022-04-23 17:28:36.312] [exthost] [info] ExtensionService#_doActivateExtension ms-toolsai.jupyter-renderers, startup: false, activationEvent: 'api', root cause: ms-toolsai.jupyter
[2022-04-23 17:28:36.373] [exthost] [info] ExtensionService#_doActivateExtension ms-python.vscode-pylance, startup: false, activationEvent: 'onLanguage:python'
[2022-04-23 17:28:36.689] [exthost] [warning] [Decorations] CAPPING events from decorations provider vscode.git 9266
[2022-04-23 17:28:41.815] [exthost] [warning] [Decorations] CAPPING events from decorations provider vscode.git 6892
[2022-04-23 17:28:46.937] [exthost] [warning] [Decorations] CAPPING events from decorations provider vscode.git 6987
[2022-04-23 17:28:52.067] [exthost] [warning] [Decorations] CAPPING events from decorations provider vscode.git 6987
[2022-04-23 17:29:56.011] [exthost] [warning] [Decorations] CAPPING events from decorations provider vscode.git 6987
[2022-04-23 17:30:01.128] [exthost] [warning] [Decorations] CAPPING events from decorations provider vscode.git 6987
[2022-04-23 17:30:10.088] [exthost] [warning] [Decorations] CAPPING events from decorations provider vscode.git 6987
[2022-04-23 17:30:10.196] [exthost] [warning] [Decorations] CAPPING events from decorations provider vscode.git 6987
[2022-04-23 17:30:14.438] [exthost] [info] extension host terminating: received terminate message from renderer
[2022-04-23 17:30:14.440] [exthost] [info] Lock '/home/lrb96/.vscode-server/data/User/workspaceStorage/22c8033fce1128eb83496dc2ce071fc7/vscode.lock': Marking the lockfile as scheduled to be released in 6000 ms.
[2022-04-23 17:30:14.469] [exthost] [info] Extension host with pid 442 exiting with code 0
