[2022-05-08 17:10:01.885] [exthost] [info] Extension host with pid 167 started
[2022-05-08 17:10:01.901] [exthost] [info] Lock '/home/lrb96/.vscode-server/data/User/workspaceStorage/9d781c065241cc6485d8434a545572eb/vscode.lock': Lock acquired.
[2022-05-08 17:10:01.935] [exthost] [info] ExtensionService#_doActivateExtension ms-python.python, startup: false, activationEvent: 'onLanguage:python'
[2022-05-08 17:10:02.210] [exthost] [info] ExtensionService#_doActivateExtension ms-toolsai.jupyter, startup: false, activationEvent: 'onLanguage:python'
[2022-05-08 17:10:02.513] [exthost] [info] ExtensionService#_doActivateExtension vscode.debug-auto-launch, startup: true, activationEvent: '*'
[2022-05-08 17:10:02.517] [exthost] [info] ExtensionService#_doActivateExtension vscode.git-base, startup: true, activationEvent: '*', root cause: vscode.git
[2022-05-08 17:10:02.522] [exthost] [info] ExtensionService#_doActivateExtension vscode.ipynb, startup: true, activationEvent: '*'
[2022-05-08 17:10:02.708] [exthost] [info] ExtensionService#_doActivateExtension vscode.git, startup: true, activationEvent: '*'
[2022-05-08 17:10:02.759] [exthost] [info] ExtensionService#_doActivateExtension vscode.github, startup: true, activationEvent: '*'
[2022-05-08 17:10:03.153] [exthost] [info] ExtensionService#_doActivateExtension ms-toolsai.jupyter-renderers, startup: false, activationEvent: 'api', root cause: ms-toolsai.jupyter
[2022-05-08 17:10:03.202] [exthost] [info] ExtensionService#_doActivateExtension ms-python.vscode-pylance, startup: false, activationEvent: 'onLanguage:python'
[2022-05-08 17:10:03.420] [exthost] [info] ExtensionService#_doActivateExtension vscode.emmet, startup: false, activationEvent: 'onStartupFinished'
[2022-05-08 17:10:03.435] [exthost] [info] ExtensionService#_doActivateExtension vscode.merge-conflict, startup: false, activationEvent: 'onStartupFinished'
[2022-05-08 17:10:03.441] [exthost] [info] Eager extensions activated
[2022-05-08 17:10:03.532] [exthost] [info] ExtensionService#_doActivateExtension vscode.configuration-editing, startup: false, activationEvent: 'onLanguage:jsonc'
[2022-05-08 17:10:03.549] [exthost] [info] ExtensionService#_doActivateExtension vscode.json-language-features, startup: false, activationEvent: 'onLanguage:jsonc'
[2022-05-08 17:10:03.613] [exthost] [info] ExtensionService#_doActivateExtension vscode.typescript-language-features, startup: false, activationEvent: 'onLanguage:jsonc'
[2022-05-08 17:10:03.831] [exthost] [warning] [Decorations] CAPPING events from decorations provider vscode.git 495
[2022-05-08 17:10:04.836] [exthost] [warning] [Decorations] CAPPING events from decorations provider vscode.git 497
[2022-05-08 17:10:13.298] [exthost] [warning] [Decorations] CAPPING events from decorations provider vscode.git 505
[2022-05-08 17:10:19.471] [exthost] [warning] [Decorations] CAPPING events from decorations provider vscode.git 505
[2022-05-08 17:10:24.535] [exthost] [warning] [Decorations] CAPPING events from decorations provider vscode.git 505
[2022-05-08 17:10:29.598] [exthost] [warning] [Decorations] CAPPING events from decorations provider vscode.git 505
[2022-05-08 17:10:34.665] [exthost] [warning] [Decorations] CAPPING events from decorations provider vscode.git 505
[2022-05-08 17:10:39.725] [exthost] [warning] [Decorations] CAPPING events from decorations provider vscode.git 505
[2022-05-08 17:10:44.792] [exthost] [warning] [Decorations] CAPPING events from decorations provider vscode.git 505
[2022-05-08 17:10:49.857] [exthost] [warning] [Decorations] CAPPING events from decorations provider vscode.git 505
[2022-05-08 17:10:54.921] [exthost] [warning] [Decorations] CAPPING events from decorations provider vscode.git 505
[2022-05-08 17:10:59.986] [exthost] [warning] [Decorations] CAPPING events from decorations provider vscode.git 505
[2022-05-08 17:11:05.052] [exthost] [warning] [Decorations] CAPPING events from decorations provider vscode.git 505
[2022-05-08 17:11:10.116] [exthost] [warning] [Decorations] CAPPING events from decorations provider vscode.git 505
[2022-05-08 17:11:15.181] [exthost] [warning] [Decorations] CAPPING events from decorations provider vscode.git 505
[2022-05-08 17:11:20.250] [exthost] [warning] [Decorations] CAPPING events from decorations provider vscode.git 505
[2022-05-08 17:11:25.317] [exthost] [warning] [Decorations] CAPPING events from decorations provider vscode.git 505
[2022-05-08 17:11:30.378] [exthost] [warning] [Decorations] CAPPING events from decorations provider vscode.git 505
[2022-05-08 17:11:35.445] [exthost] [warning] [Decorations] CAPPING events from decorations provider vscode.git 505
[2022-05-08 17:11:40.514] [exthost] [warning] [Decorations] CAPPING events from decorations provider vscode.git 505
[2022-05-08 17:11:45.592] [exthost] [warning] [Decorations] CAPPING events from decorations provider vscode.git 508
[2022-05-08 17:11:50.660] [exthost] [warning] [Decorations] CAPPING events from decorations provider vscode.git 508
[2022-05-08 17:11:55.729] [exthost] [warning] [Decorations] CAPPING events from decorations provider vscode.git 508
[2022-05-08 17:12:00.796] [exthost] [warning] [Decorations] CAPPING events from decorations provider vscode.git 508
[2022-05-08 17:12:05.859] [exthost] [warning] [Decorations] CAPPING events from decorations provider vscode.git 509
[2022-05-08 17:12:10.927] [exthost] [warning] [Decorations] CAPPING events from decorations provider vscode.git 509
[2022-05-08 17:12:15.997] [exthost] [warning] [Decorations] CAPPING events from decorations provider vscode.git 509
[2022-05-08 17:12:21.062] [exthost] [warning] [Decorations] CAPPING events from decorations provider vscode.git 509
[2022-05-08 17:12:26.129] [exthost] [warning] [Decorations] CAPPING events from decorations provider vscode.git 509
[2022-05-08 17:12:31.485] [exthost] [warning] [Decorations] CAPPING events from decorations provider vscode.git 509
[2022-05-08 17:12:36.551] [exthost] [warning] [Decorations] CAPPING events from decorations provider vscode.git 509
[2022-05-08 17:12:42.480] [exthost] [warning] [Decorations] CAPPING events from decorations provider vscode.git 509
[2022-05-08 17:12:47.548] [exthost] [warning] [Decorations] CAPPING events from decorations provider vscode.git 509
[2022-05-08 17:12:52.616] [exthost] [warning] [Decorations] CAPPING events from decorations provider vscode.git 509
[2022-05-08 17:12:57.683] [exthost] [warning] [Decorations] CAPPING events from decorations provider vscode.git 509
[2022-05-08 17:13:02.751] [exthost] [warning] [Decorations] CAPPING events from decorations provider vscode.git 509
[2022-05-08 17:13:06.086] [exthost] [warning] [Decorations] CAPPING events from decorations provider vscode.git 509
[2022-05-08 17:13:07.821] [exthost] [warning] [Decorations] CAPPING events from decorations provider vscode.git 509
[2022-05-08 17:13:12.890] [exthost] [warning] [Decorations] CAPPING events from decorations provider vscode.git 509
[2022-05-08 17:13:17.961] [exthost] [warning] [Decorations] CAPPING events from decorations provider vscode.git 509
[2022-05-08 17:13:23.034] [exthost] [warning] [Decorations] CAPPING events from decorations provider vscode.git 509
[2022-05-08 17:13:28.097] [exthost] [warning] [Decorations] CAPPING events from decorations provider vscode.git 509
[2022-05-08 17:13:33.163] [exthost] [warning] [Decorations] CAPPING events from decorations provider vscode.git 509
[2022-05-08 17:14:01.514] [exthost] [warning] [Decorations] CAPPING events from decorations provider vscode.git 510
[2022-05-08 17:14:06.580] [exthost] [warning] [Decorations] CAPPING events from decorations provider vscode.git 510
[2022-05-08 17:14:24.184] [exthost] [warning] [Decorations] CAPPING events from decorations provider vscode.git 510
[2022-05-08 17:14:29.360] [exthost] [warning] [Decorations] CAPPING events from decorations provider vscode.git 510
[2022-05-08 17:14:34.420] [exthost] [warning] [Decorations] CAPPING events from decorations provider vscode.git 510
[2022-05-08 17:14:39.481] [exthost] [warning] [Decorations] CAPPING events from decorations provider vscode.git 510
[2022-05-08 17:14:44.541] [exthost] [warning] [Decorations] CAPPING events from decorations provider vscode.git 510
[2022-05-08 17:14:49.607] [exthost] [warning] [Decorations] CAPPING events from decorations provider vscode.git 510
[2022-05-08 17:14:54.672] [exthost] [warning] [Decorations] CAPPING events from decorations provider vscode.git 510
[2022-05-08 17:14:59.733] [exthost] [warning] [Decorations] CAPPING events from decorations provider vscode.git 510
[2022-05-08 17:15:04.792] [exthost] [warning] [Decorations] CAPPING events from decorations provider vscode.git 510
[2022-05-08 17:15:09.855] [exthost] [warning] [Decorations] CAPPING events from decorations provider vscode.git 510
[2022-05-08 17:15:14.924] [exthost] [warning] [Decorations] CAPPING events from decorations provider vscode.git 510
[2022-05-08 17:15:19.986] [exthost] [warning] [Decorations] CAPPING events from decorations provider vscode.git 510
[2022-05-08 17:15:25.053] [exthost] [warning] [Decorations] CAPPING events from decorations provider vscode.git 510
[2022-05-08 17:15:30.120] [exthost] [warning] [Decorations] CAPPING events from decorations provider vscode.git 510
[2022-05-08 17:15:35.188] [exthost] [warning] [Decorations] CAPPING events from decorations provider vscode.git 510
[2022-05-08 17:15:40.250] [exthost] [warning] [Decorations] CAPPING events from decorations provider vscode.git 510
[2022-05-08 17:15:45.313] [exthost] [warning] [Decorations] CAPPING events from decorations provider vscode.git 510
[2022-05-08 17:15:50.375] [exthost] [warning] [Decorations] CAPPING events from decorations provider vscode.git 510
[2022-05-08 17:15:55.439] [exthost] [warning] [Decorations] CAPPING events from decorations provider vscode.git 510
[2022-05-08 17:16:00.501] [exthost] [warning] [Decorations] CAPPING events from decorations provider vscode.git 510
[2022-05-08 17:16:05.567] [exthost] [warning] [Decorations] CAPPING events from decorations provider vscode.git 510
[2022-05-08 17:16:07.334] [exthost] [warning] [Decorations] CAPPING events from decorations provider vscode.git 510
[2022-05-08 17:16:10.636] [exthost] [warning] [Decorations] CAPPING events from decorations provider vscode.git 510
[2022-05-08 17:16:16.019] [exthost] [warning] [Decorations] CAPPING events from decorations provider vscode.git 510
[2022-05-08 17:16:21.083] [exthost] [warning] [Decorations] CAPPING events from decorations provider vscode.git 510
[2022-05-08 17:16:26.158] [exthost] [warning] [Decorations] CAPPING events from decorations provider vscode.git 510
[2022-05-08 17:16:31.222] [exthost] [warning] [Decorations] CAPPING events from decorations provider vscode.git 510
[2022-05-08 17:16:36.285] [exthost] [warning] [Decorations] CAPPING events from decorations provider vscode.git 510
[2022-05-08 17:16:41.345] [exthost] [warning] [Decorations] CAPPING events from decorations provider vscode.git 510
[2022-05-08 17:16:46.407] [exthost] [warning] [Decorations] CAPPING events from decorations provider vscode.git 510
[2022-05-08 17:16:51.470] [exthost] [warning] [Decorations] CAPPING events from decorations provider vscode.git 510
[2022-05-08 17:16:56.536] [exthost] [warning] [Decorations] CAPPING events from decorations provider vscode.git 510
[2022-05-08 17:17:01.599] [exthost] [warning] [Decorations] CAPPING events from decorations provider vscode.git 510
[2022-05-08 17:17:06.665] [exthost] [warning] [Decorations] CAPPING events from decorations provider vscode.git 510
[2022-05-08 17:17:11.736] [exthost] [warning] [Decorations] CAPPING events from decorations provider vscode.git 510
[2022-05-08 17:17:16.801] [exthost] [warning] [Decorations] CAPPING events from decorations provider vscode.git 510
[2022-05-08 17:17:21.866] [exthost] [warning] [Decorations] CAPPING events from decorations provider vscode.git 510
[2022-05-08 17:17:26.928] [exthost] [warning] [Decorations] CAPPING events from decorations provider vscode.git 510
[2022-05-08 17:17:31.995] [exthost] [warning] [Decorations] CAPPING events from decorations provider vscode.git 510
[2022-05-08 17:17:37.056] [exthost] [warning] [Decorations] CAPPING events from decorations provider vscode.git 510
[2022-05-08 17:17:42.118] [exthost] [warning] [Decorations] CAPPING events from decorations provider vscode.git 510
[2022-05-08 17:17:47.181] [exthost] [warning] [Decorations] CAPPING events from decorations provider vscode.git 510
[2022-05-08 17:17:52.245] [exthost] [warning] [Decorations] CAPPING events from decorations provider vscode.git 510
[2022-05-08 17:17:57.307] [exthost] [warning] [Decorations] CAPPING events from decorations provider vscode.git 510
[2022-05-08 17:18:02.365] [exthost] [warning] [Decorations] CAPPING events from decorations provider vscode.git 510
[2022-05-08 17:18:07.429] [exthost] [warning] [Decorations] CAPPING events from decorations provider vscode.git 513
[2022-05-08 17:18:12.494] [exthost] [warning] [Decorations] CAPPING events from decorations provider vscode.git 513
[2022-05-08 17:18:17.555] [exthost] [warning] [Decorations] CAPPING events from decorations provider vscode.git 514
[2022-05-08 17:18:22.623] [exthost] [warning] [Decorations] CAPPING events from decorations provider vscode.git 514
[2022-05-08 17:18:27.691] [exthost] [warning] [Decorations] CAPPING events from decorations provider vscode.git 514
[2022-05-08 17:18:32.760] [exthost] [warning] [Decorations] CAPPING events from decorations provider vscode.git 514
[2022-05-08 17:18:37.827] [exthost] [warning] [Decorations] CAPPING events from decorations provider vscode.git 514
[2022-05-08 17:18:42.890] [exthost] [warning] [Decorations] CAPPING events from decorations provider vscode.git 514
[2022-05-08 17:18:47.955] [exthost] [warning] [Decorations] CAPPING events from decorations provider vscode.git 514
[2022-05-08 17:18:53.024] [exthost] [warning] [Decorations] CAPPING events from decorations provider vscode.git 514
[2022-05-08 17:18:58.090] [exthost] [warning] [Decorations] CAPPING events from decorations provider vscode.git 514
[2022-05-08 17:19:03.153] [exthost] [warning] [Decorations] CAPPING events from decorations provider vscode.git 514
[2022-05-08 17:19:08.568] [exthost] [warning] [Decorations] CAPPING events from decorations provider vscode.git 514
[2022-05-08 17:19:08.628] [exthost] [warning] [Decorations] CAPPING events from decorations provider vscode.git 514
[2022-05-08 17:19:14.509] [exthost] [warning] [Decorations] CAPPING events from decorations provider vscode.git 515
[2022-05-08 17:19:19.569] [exthost] [warning] [Decorations] CAPPING events from decorations provider vscode.git 515
[2022-05-08 17:19:24.635] [exthost] [warning] [Decorations] CAPPING events from decorations provider vscode.git 515
[2022-05-08 17:19:29.701] [exthost] [warning] [Decorations] CAPPING events from decorations provider vscode.git 515
[2022-05-08 17:19:34.762] [exthost] [warning] [Decorations] CAPPING events from decorations provider vscode.git 515
[2022-05-08 17:19:39.826] [exthost] [warning] [Decorations] CAPPING events from decorations provider vscode.git 515
[2022-05-08 17:19:44.890] [exthost] [warning] [Decorations] CAPPING events from decorations provider vscode.git 515
[2022-05-08 17:19:49.957] [exthost] [warning] [Decorations] CAPPING events from decorations provider vscode.git 515
[2022-05-08 17:19:55.022] [exthost] [warning] [Decorations] CAPPING events from decorations provider vscode.git 515
[2022-05-08 17:20:00.083] [exthost] [warning] [Decorations] CAPPING events from decorations provider vscode.git 515
[2022-05-08 17:20:05.147] [exthost] [warning] [Decorations] CAPPING events from decorations provider vscode.git 515
[2022-05-08 17:20:10.215] [exthost] [warning] [Decorations] CAPPING events from decorations provider vscode.git 515
[2022-05-08 17:20:15.287] [exthost] [warning] [Decorations] CAPPING events from decorations provider vscode.git 515
[2022-05-08 17:20:20.352] [exthost] [warning] [Decorations] CAPPING events from decorations provider vscode.git 516
[2022-05-08 17:20:26.076] [exthost] [warning] [Decorations] CAPPING events from decorations provider vscode.git 516
[2022-05-08 17:20:31.143] [exthost] [warning] [Decorations] CAPPING events from decorations provider vscode.git 516
[2022-05-08 17:20:36.207] [exthost] [warning] [Decorations] CAPPING events from decorations provider vscode.git 516
[2022-05-08 17:20:41.269] [exthost] [warning] [Decorations] CAPPING events from decorations provider vscode.git 516
[2022-05-08 17:20:57.062] [exthost] [warning] [Decorations] CAPPING events from decorations provider vscode.git 516
[2022-05-08 17:21:02.132] [exthost] [warning] [Decorations] CAPPING events from decorations provider vscode.git 516
[2022-05-08 17:21:07.198] [exthost] [warning] [Decorations] CAPPING events from decorations provider vscode.git 516
[2022-05-08 17:21:12.258] [exthost] [warning] [Decorations] CAPPING events from decorations provider vscode.git 516
[2022-05-08 17:21:19.739] [exthost] [warning] [Decorations] CAPPING events from decorations provider vscode.git 516
[2022-05-08 17:21:24.799] [exthost] [warning] [Decorations] CAPPING events from decorations provider vscode.git 516
[2022-05-08 17:21:56.224] [exthost] [warning] [Decorations] CAPPING events from decorations provider vscode.git 517
[2022-05-08 17:22:01.290] [exthost] [warning] [Decorations] CAPPING events from decorations provider vscode.git 517
[2022-05-08 17:22:06.350] [exthost] [warning] [Decorations] CAPPING events from decorations provider vscode.git 517
[2022-05-08 17:22:09.809] [exthost] [warning] [Decorations] CAPPING events from decorations provider vscode.git 517
[2022-05-08 17:22:11.415] [exthost] [warning] [Decorations] CAPPING events from decorations provider vscode.git 517
[2022-05-08 17:22:16.482] [exthost] [warning] [Decorations] CAPPING events from decorations provider vscode.git 517
[2022-05-08 17:22:21.545] [exthost] [warning] [Decorations] CAPPING events from decorations provider vscode.git 517
[2022-05-08 17:22:26.612] [exthost] [warning] [Decorations] CAPPING events from decorations provider vscode.git 517
[2022-05-08 17:22:31.688] [exthost] [warning] [Decorations] CAPPING events from decorations provider vscode.git 517
[2022-05-08 17:22:37.065] [exthost] [warning] [Decorations] CAPPING events from decorations provider vscode.git 517
[2022-05-08 17:22:42.134] [exthost] [warning] [Decorations] CAPPING events from decorations provider vscode.git 517
[2022-05-08 17:22:47.196] [exthost] [warning] [Decorations] CAPPING events from decorations provider vscode.git 517
[2022-05-08 17:22:52.262] [exthost] [warning] [Decorations] CAPPING events from decorations provider vscode.git 520
[2022-05-08 17:22:57.330] [exthost] [warning] [Decorations] CAPPING events from decorations provider vscode.git 520
[2022-05-08 17:23:02.399] [exthost] [warning] [Decorations] CAPPING events from decorations provider vscode.git 520
[2022-05-08 17:23:07.460] [exthost] [warning] [Decorations] CAPPING events from decorations provider vscode.git 521
[2022-05-08 17:23:12.526] [exthost] [warning] [Decorations] CAPPING events from decorations provider vscode.git 521
[2022-05-08 17:23:17.594] [exthost] [warning] [Decorations] CAPPING events from decorations provider vscode.git 521
[2022-05-08 17:23:22.655] [exthost] [warning] [Decorations] CAPPING events from decorations provider vscode.git 521
[2022-05-08 17:23:27.721] [exthost] [warning] [Decorations] CAPPING events from decorations provider vscode.git 521
[2022-05-08 17:23:32.789] [exthost] [warning] [Decorations] CAPPING events from decorations provider vscode.git 521
[2022-05-08 17:23:37.850] [exthost] [warning] [Decorations] CAPPING events from decorations provider vscode.git 522
[2022-05-08 17:23:42.916] [exthost] [warning] [Decorations] CAPPING events from decorations provider vscode.git 522
[2022-05-08 17:23:48.427] [exthost] [warning] [Decorations] CAPPING events from decorations provider vscode.git 522
[2022-05-08 17:23:53.491] [exthost] [warning] [Decorations] CAPPING events from decorations provider vscode.git 522
[2022-05-08 17:23:58.550] [exthost] [warning] [Decorations] CAPPING events from decorations provider vscode.git 522
[2022-05-08 17:24:03.616] [exthost] [warning] [Decorations] CAPPING events from decorations provider vscode.git 522
[2022-05-08 17:24:08.682] [exthost] [warning] [Decorations] CAPPING events from decorations provider vscode.git 523
[2022-05-08 17:24:13.745] [exthost] [warning] [Decorations] CAPPING events from decorations provider vscode.git 523
[2022-05-08 17:24:18.810] [exthost] [warning] [Decorations] CAPPING events from decorations provider vscode.git 523
[2022-05-08 17:24:23.877] [exthost] [warning] [Decorations] CAPPING events from decorations provider vscode.git 523
[2022-05-08 17:24:28.939] [exthost] [warning] [Decorations] CAPPING events from decorations provider vscode.git 523
[2022-05-08 17:24:34.009] [exthost] [warning] [Decorations] CAPPING events from decorations provider vscode.git 523
[2022-05-08 17:24:39.075] [exthost] [warning] [Decorations] CAPPING events from decorations provider vscode.git 523
[2022-05-08 17:24:44.142] [exthost] [warning] [Decorations] CAPPING events from decorations provider vscode.git 523
[2022-05-08 17:24:49.209] [exthost] [warning] [Decorations] CAPPING events from decorations provider vscode.git 523
[2022-05-08 17:24:54.272] [exthost] [warning] [Decorations] CAPPING events from decorations provider vscode.git 523
[2022-05-08 17:24:59.335] [exthost] [warning] [Decorations] CAPPING events from decorations provider vscode.git 523
[2022-05-08 17:25:04.393] [exthost] [warning] [Decorations] CAPPING events from decorations provider vscode.git 523
[2022-05-08 17:25:09.456] [exthost] [warning] [Decorations] CAPPING events from decorations provider vscode.git 523
[2022-05-08 17:25:11.114] [exthost] [warning] [Decorations] CAPPING events from decorations provider vscode.git 523
[2022-05-08 17:25:14.519] [exthost] [warning] [Decorations] CAPPING events from decorations provider vscode.git 523
[2022-05-08 17:25:19.582] [exthost] [warning] [Decorations] CAPPING events from decorations provider vscode.git 523
[2022-05-08 17:25:24.647] [exthost] [warning] [Decorations] CAPPING events from decorations provider vscode.git 523
[2022-05-08 17:25:29.713] [exthost] [warning] [Decorations] CAPPING events from decorations provider vscode.git 523
[2022-05-08 17:25:34.777] [exthost] [warning] [Decorations] CAPPING events from decorations provider vscode.git 523
[2022-05-08 17:25:39.842] [exthost] [warning] [Decorations] CAPPING events from decorations provider vscode.git 523
[2022-05-08 17:25:44.913] [exthost] [warning] [Decorations] CAPPING events from decorations provider vscode.git 523
[2022-05-08 17:25:49.980] [exthost] [warning] [Decorations] CAPPING events from decorations provider vscode.git 523
[2022-05-08 17:25:55.048] [exthost] [warning] [Decorations] CAPPING events from decorations provider vscode.git 523
[2022-05-08 17:26:00.107] [exthost] [warning] [Decorations] CAPPING events from decorations provider vscode.git 523
[2022-05-08 17:26:05.167] [exthost] [warning] [Decorations] CAPPING events from decorations provider vscode.git 523
[2022-05-08 17:26:10.229] [exthost] [warning] [Decorations] CAPPING events from decorations provider vscode.git 524
[2022-05-08 17:26:15.299] [exthost] [warning] [Decorations] CAPPING events from decorations provider vscode.git 524
[2022-05-08 17:26:20.361] [exthost] [warning] [Decorations] CAPPING events from decorations provider vscode.git 524
[2022-05-08 17:26:25.427] [exthost] [warning] [Decorations] CAPPING events from decorations provider vscode.git 524
[2022-05-08 17:26:30.498] [exthost] [warning] [Decorations] CAPPING events from decorations provider vscode.git 524
[2022-05-08 17:26:35.561] [exthost] [warning] [Decorations] CAPPING events from decorations provider vscode.git 524
[2022-05-08 17:26:40.623] [exthost] [warning] [Decorations] CAPPING events from decorations provider vscode.git 524
[2022-05-08 17:26:45.976] [exthost] [warning] [Decorations] CAPPING events from decorations provider vscode.git 524
[2022-05-08 17:26:51.041] [exthost] [warning] [Decorations] CAPPING events from decorations provider vscode.git 524
[2022-05-08 17:26:56.103] [exthost] [warning] [Decorations] CAPPING events from decorations provider vscode.git 524
[2022-05-08 17:27:01.171] [exthost] [warning] [Decorations] CAPPING events from decorations provider vscode.git 524
[2022-05-08 17:27:06.242] [exthost] [warning] [Decorations] CAPPING events from decorations provider vscode.git 524
[2022-05-08 17:27:11.310] [exthost] [warning] [Decorations] CAPPING events from decorations provider vscode.git 524
[2022-05-08 17:27:16.371] [exthost] [warning] [Decorations] CAPPING events from decorations provider vscode.git 524
[2022-05-08 17:27:23.993] [exthost] [warning] [Decorations] CAPPING events from decorations provider vscode.git 524
[2022-05-08 17:27:29.059] [exthost] [warning] [Decorations] CAPPING events from decorations provider vscode.git 524
[2022-05-08 17:27:34.127] [exthost] [warning] [Decorations] CAPPING events from decorations provider vscode.git 524
[2022-05-08 17:27:39.198] [exthost] [warning] [Decorations] CAPPING events from decorations provider vscode.git 524
[2022-05-08 17:27:44.265] [exthost] [warning] [Decorations] CAPPING events from decorations provider vscode.git 524
[2022-05-08 17:27:49.329] [exthost] [warning] [Decorations] CAPPING events from decorations provider vscode.git 524
[2022-05-08 17:27:54.397] [exthost] [warning] [Decorations] CAPPING events from decorations provider vscode.git 524
[2022-05-08 17:27:59.461] [exthost] [warning] [Decorations] CAPPING events from decorations provider vscode.git 524
[2022-05-08 17:28:04.531] [exthost] [warning] [Decorations] CAPPING events from decorations provider vscode.git 524
[2022-05-08 17:28:09.591] [exthost] [warning] [Decorations] CAPPING events from decorations provider vscode.git 524
[2022-05-08 17:28:12.358] [exthost] [warning] [Decorations] CAPPING events from decorations provider vscode.git 524
[2022-05-08 17:28:14.655] [exthost] [warning] [Decorations] CAPPING events from decorations provider vscode.git 524
[2022-05-08 17:28:19.718] [exthost] [warning] [Decorations] CAPPING events from decorations provider vscode.git 524
[2022-05-08 17:28:24.780] [exthost] [warning] [Decorations] CAPPING events from decorations provider vscode.git 524
[2022-05-08 17:28:29.843] [exthost] [warning] [Decorations] CAPPING events from decorations provider vscode.git 524
[2022-05-08 17:28:34.907] [exthost] [warning] [Decorations] CAPPING events from decorations provider vscode.git 524
[2022-05-08 17:28:39.975] [exthost] [warning] [Decorations] CAPPING events from decorations provider vscode.git 524
[2022-05-08 17:28:45.045] [exthost] [warning] [Decorations] CAPPING events from decorations provider vscode.git 525
[2022-05-08 17:28:50.105] [exthost] [warning] [Decorations] CAPPING events from decorations provider vscode.git 525
[2022-05-08 17:28:56.461] [exthost] [warning] [Decorations] CAPPING events from decorations provider vscode.git 526
[2022-05-08 17:29:01.530] [exthost] [warning] [Decorations] CAPPING events from decorations provider vscode.git 526
[2022-05-08 17:29:06.601] [exthost] [warning] [Decorations] CAPPING events from decorations provider vscode.git 526
[2022-05-08 17:29:11.664] [exthost] [warning] [Decorations] CAPPING events from decorations provider vscode.git 526
[2022-05-08 17:29:16.731] [exthost] [warning] [Decorations] CAPPING events from decorations provider vscode.git 526
[2022-05-08 17:29:21.800] [exthost] [warning] [Decorations] CAPPING events from decorations provider vscode.git 526
[2022-05-08 17:29:26.870] [exthost] [warning] [Decorations] CAPPING events from decorations provider vscode.git 526
[2022-05-08 17:29:31.939] [exthost] [warning] [Decorations] CAPPING events from decorations provider vscode.git 527
[2022-05-08 17:29:37.005] [exthost] [warning] [Decorations] CAPPING events from decorations provider vscode.git 527
[2022-05-08 17:29:42.074] [exthost] [warning] [Decorations] CAPPING events from decorations provider vscode.git 527
[2022-05-08 17:29:47.136] [exthost] [warning] [Decorations] CAPPING events from decorations provider vscode.git 527
[2022-05-08 17:29:52.203] [exthost] [warning] [Decorations] CAPPING events from decorations provider vscode.git 527
[2022-05-08 17:29:57.276] [exthost] [warning] [Decorations] CAPPING events from decorations provider vscode.git 527
[2022-05-08 17:30:02.345] [exthost] [warning] [Decorations] CAPPING events from decorations provider vscode.git 527
[2022-05-08 17:30:07.410] [exthost] [warning] [Decorations] CAPPING events from decorations provider vscode.git 527
[2022-05-08 17:30:12.478] [exthost] [warning] [Decorations] CAPPING events from decorations provider vscode.git 527
[2022-05-08 17:30:17.549] [exthost] [warning] [Decorations] CAPPING events from decorations provider vscode.git 527
[2022-05-08 17:30:22.613] [exthost] [warning] [Decorations] CAPPING events from decorations provider vscode.git 527
[2022-05-08 17:30:27.675] [exthost] [warning] [Decorations] CAPPING events from decorations provider vscode.git 527
[2022-05-08 17:30:32.742] [exthost] [warning] [Decorations] CAPPING events from decorations provider vscode.git 527
[2022-05-08 17:30:37.803] [exthost] [warning] [Decorations] CAPPING events from decorations provider vscode.git 527
[2022-05-08 17:30:42.867] [exthost] [warning] [Decorations] CAPPING events from decorations provider vscode.git 527
[2022-05-08 17:30:47.931] [exthost] [warning] [Decorations] CAPPING events from decorations provider vscode.git 528
[2022-05-08 17:30:52.998] [exthost] [warning] [Decorations] CAPPING events from decorations provider vscode.git 528
[2022-05-08 17:30:58.065] [exthost] [warning] [Decorations] CAPPING events from decorations provider vscode.git 528
[2022-05-08 17:31:03.134] [exthost] [warning] [Decorations] CAPPING events from decorations provider vscode.git 528
[2022-05-08 17:31:08.201] [exthost] [warning] [Decorations] CAPPING events from decorations provider vscode.git 528
[2022-05-08 17:31:13.589] [exthost] [warning] [Decorations] CAPPING events from decorations provider vscode.git 528
[2022-05-08 17:31:13.654] [exthost] [warning] [Decorations] CAPPING events from decorations provider vscode.git 528
[2022-05-08 17:31:18.720] [exthost] [warning] [Decorations] CAPPING events from decorations provider vscode.git 528
[2022-05-08 17:31:23.789] [exthost] [warning] [Decorations] CAPPING events from decorations provider vscode.git 529
[2022-05-08 17:31:28.851] [exthost] [warning] [Decorations] CAPPING events from decorations provider vscode.git 529
[2022-05-08 17:31:33.909] [exthost] [warning] [Decorations] CAPPING events from decorations provider vscode.git 529
[2022-05-08 17:31:38.974] [exthost] [warning] [Decorations] CAPPING events from decorations provider vscode.git 530
[2022-05-08 17:31:44.040] [exthost] [warning] [Decorations] CAPPING events from decorations provider vscode.git 530
[2022-05-08 17:31:49.108] [exthost] [warning] [Decorations] CAPPING events from decorations provider vscode.git 531
[2022-05-08 17:31:54.170] [exthost] [warning] [Decorations] CAPPING events from decorations provider vscode.git 531
[2022-05-08 17:31:59.236] [exthost] [warning] [Decorations] CAPPING events from decorations provider vscode.git 531
[2022-05-08 17:32:04.309] [exthost] [warning] [Decorations] CAPPING events from decorations provider vscode.git 531
[2022-05-08 17:32:09.379] [exthost] [warning] [Decorations] CAPPING events from decorations provider vscode.git 531
[2022-05-08 17:32:14.446] [exthost] [warning] [Decorations] CAPPING events from decorations provider vscode.git 531
[2022-05-08 17:32:19.519] [exthost] [warning] [Decorations] CAPPING events from decorations provider vscode.git 531
[2022-05-08 17:32:24.586] [exthost] [warning] [Decorations] CAPPING events from decorations provider vscode.git 531
[2022-05-08 17:32:29.654] [exthost] [warning] [Decorations] CAPPING events from decorations provider vscode.git 531
[2022-05-08 17:32:34.721] [exthost] [warning] [Decorations] CAPPING events from decorations provider vscode.git 531
[2022-05-08 17:32:39.787] [exthost] [warning] [Decorations] CAPPING events from decorations provider vscode.git 532
[2022-05-08 17:32:44.852] [exthost] [warning] [Decorations] CAPPING events from decorations provider vscode.git 532
[2022-05-08 17:32:49.925] [exthost] [warning] [Decorations] CAPPING events from decorations provider vscode.git 532
[2022-05-08 17:32:54.993] [exthost] [warning] [Decorations] CAPPING events from decorations provider vscode.git 532
[2022-05-08 17:33:00.063] [exthost] [warning] [Decorations] CAPPING events from decorations provider vscode.git 532
[2022-05-08 17:33:05.125] [exthost] [warning] [Decorations] CAPPING events from decorations provider vscode.git 532
[2022-05-08 17:33:10.192] [exthost] [warning] [Decorations] CAPPING events from decorations provider vscode.git 532
[2022-05-08 17:33:15.262] [exthost] [warning] [Decorations] CAPPING events from decorations provider vscode.git 532
[2022-05-08 17:33:20.328] [exthost] [warning] [Decorations] CAPPING events from decorations provider vscode.git 533
[2022-05-08 17:33:25.395] [exthost] [warning] [Decorations] CAPPING events from decorations provider vscode.git 533
[2022-05-08 17:33:30.463] [exthost] [warning] [Decorations] CAPPING events from decorations provider vscode.git 533
[2022-05-08 17:33:35.527] [exthost] [warning] [Decorations] CAPPING events from decorations provider vscode.git 533
[2022-05-08 17:33:40.597] [exthost] [warning] [Decorations] CAPPING events from decorations provider vscode.git 533
[2022-05-08 17:33:45.659] [exthost] [warning] [Decorations] CAPPING events from decorations provider vscode.git 533
[2022-05-08 17:33:50.728] [exthost] [warning] [Decorations] CAPPING events from decorations provider vscode.git 533
[2022-05-08 17:33:55.794] [exthost] [warning] [Decorations] CAPPING events from decorations provider vscode.git 533
[2022-05-08 17:34:11.009] [exthost] [warning] [Decorations] CAPPING events from decorations provider vscode.git 534
[2022-05-08 17:34:14.827] [exthost] [warning] [Decorations] CAPPING events from decorations provider vscode.git 535
[2022-05-08 17:34:56.842] [exthost] [warning] [Decorations] CAPPING events from decorations provider vscode.git 535
[2022-05-08 17:35:01.917] [exthost] [warning] [Decorations] CAPPING events from decorations provider vscode.git 535
[2022-05-08 17:35:18.458] [exthost] [warning] [Decorations] CAPPING events from decorations provider vscode.git 535
[2022-05-08 17:35:23.524] [exthost] [warning] [Decorations] CAPPING events from decorations provider vscode.git 535
[2022-05-08 17:35:28.588] [exthost] [warning] [Decorations] CAPPING events from decorations provider vscode.git 535
[2022-05-08 17:35:33.646] [exthost] [warning] [Decorations] CAPPING events from decorations provider vscode.git 535
[2022-05-08 17:35:38.712] [exthost] [warning] [Decorations] CAPPING events from decorations provider vscode.git 535
[2022-05-08 17:35:43.777] [exthost] [warning] [Decorations] CAPPING events from decorations provider vscode.git 535
[2022-05-08 17:35:48.838] [exthost] [warning] [Decorations] CAPPING events from decorations provider vscode.git 535
[2022-05-08 17:35:53.901] [exthost] [warning] [Decorations] CAPPING events from decorations provider vscode.git 535
[2022-05-08 17:35:59.311] [exthost] [warning] [Decorations] CAPPING events from decorations provider vscode.git 535
[2022-05-08 17:36:14.583] [exthost] [warning] [Decorations] CAPPING events from decorations provider vscode.git 536
[2022-05-08 17:36:19.647] [exthost] [warning] [Decorations] CAPPING events from decorations provider vscode.git 536
[2022-05-08 17:36:24.711] [exthost] [warning] [Decorations] CAPPING events from decorations provider vscode.git 536
[2022-05-08 17:36:29.778] [exthost] [warning] [Decorations] CAPPING events from decorations provider vscode.git 536
[2022-05-08 17:36:34.846] [exthost] [warning] [Decorations] CAPPING events from decorations provider vscode.git 536
[2022-05-08 17:36:39.915] [exthost] [warning] [Decorations] CAPPING events from decorations provider vscode.git 536
[2022-05-08 17:36:44.985] [exthost] [warning] [Decorations] CAPPING events from decorations provider vscode.git 536
[2022-05-08 17:36:50.059] [exthost] [warning] [Decorations] CAPPING events from decorations provider vscode.git 536
[2022-05-08 17:36:55.126] [exthost] [warning] [Decorations] CAPPING events from decorations provider vscode.git 536
[2022-05-08 17:37:00.193] [exthost] [warning] [Decorations] CAPPING events from decorations provider vscode.git 536
[2022-05-08 17:37:05.257] [exthost] [warning] [Decorations] CAPPING events from decorations provider vscode.git 536
[2022-05-08 17:37:10.319] [exthost] [warning] [Decorations] CAPPING events from decorations provider vscode.git 536
[2022-05-08 17:37:16.056] [exthost] [warning] [Decorations] CAPPING events from decorations provider vscode.git 537
[2022-05-08 17:37:16.120] [exthost] [warning] [Decorations] CAPPING events from decorations provider vscode.git 537
[2022-05-08 17:37:25.128] [exthost] [warning] [Decorations] CAPPING events from decorations provider vscode.git 537
[2022-05-08 17:37:31.543] [exthost] [warning] [Decorations] CAPPING events from decorations provider vscode.git 537
[2022-05-08 17:37:42.031] [exthost] [warning] [Decorations] CAPPING events from decorations provider vscode.git 537
[2022-05-08 17:37:47.096] [exthost] [warning] [Decorations] CAPPING events from decorations provider vscode.git 537
[2022-05-08 17:37:52.157] [exthost] [warning] [Decorations] CAPPING events from decorations provider vscode.git 537
[2022-05-08 17:37:57.220] [exthost] [warning] [Decorations] CAPPING events from decorations provider vscode.git 537
[2022-05-08 17:38:02.284] [exthost] [warning] [Decorations] CAPPING events from decorations provider vscode.git 537
[2022-05-08 17:38:07.348] [exthost] [warning] [Decorations] CAPPING events from decorations provider vscode.git 538
[2022-05-08 17:38:12.412] [exthost] [warning] [Decorations] CAPPING events from decorations provider vscode.git 538
[2022-05-08 17:38:17.486] [exthost] [warning] [Decorations] CAPPING events from decorations provider vscode.git 538
[2022-05-08 17:38:22.842] [exthost] [warning] [Decorations] CAPPING events from decorations provider vscode.git 538
[2022-05-08 17:38:27.922] [exthost] [warning] [Decorations] CAPPING events from decorations provider vscode.git 538
[2022-05-08 17:38:32.987] [exthost] [warning] [Decorations] CAPPING events from decorations provider vscode.git 538
[2022-05-08 17:38:38.055] [exthost] [warning] [Decorations] CAPPING events from decorations provider vscode.git 539
[2022-05-08 17:38:43.124] [exthost] [warning] [Decorations] CAPPING events from decorations provider vscode.git 539
[2022-05-08 17:38:48.848] [exthost] [warning] [Decorations] CAPPING events from decorations provider vscode.git 540
[2022-05-08 17:38:53.912] [exthost] [warning] [Decorations] CAPPING events from decorations provider vscode.git 540
[2022-05-08 17:39:02.987] [exthost] [warning] [Decorations] CAPPING events from decorations provider vscode.git 541
[2022-05-08 17:39:08.051] [exthost] [warning] [Decorations] CAPPING events from decorations provider vscode.git 541
[2022-05-08 17:39:13.126] [exthost] [warning] [Decorations] CAPPING events from decorations provider vscode.git 541
[2022-05-08 17:39:18.191] [exthost] [warning] [Decorations] CAPPING events from decorations provider vscode.git 541
[2022-05-08 17:39:23.257] [exthost] [warning] [Decorations] CAPPING events from decorations provider vscode.git 541
[2022-05-08 17:39:28.323] [exthost] [warning] [Decorations] CAPPING events from decorations provider vscode.git 543
[2022-05-08 17:39:33.861] [exthost] [warning] [Decorations] CAPPING events from decorations provider vscode.git 543
[2022-05-08 17:39:38.926] [exthost] [warning] [Decorations] CAPPING events from decorations provider vscode.git 543
[2022-05-08 17:39:43.994] [exthost] [warning] [Decorations] CAPPING events from decorations provider vscode.git 543
[2022-05-08 17:39:49.059] [exthost] [warning] [Decorations] CAPPING events from decorations provider vscode.git 543
[2022-05-08 17:39:54.124] [exthost] [warning] [Decorations] CAPPING events from decorations provider vscode.git 543
[2022-05-08 17:39:59.191] [exthost] [warning] [Decorations] CAPPING events from decorations provider vscode.git 543
[2022-05-08 17:40:04.255] [exthost] [warning] [Decorations] CAPPING events from decorations provider vscode.git 543
[2022-05-08 17:40:09.320] [exthost] [warning] [Decorations] CAPPING events from decorations provider vscode.git 543
[2022-05-08 17:40:14.388] [exthost] [warning] [Decorations] CAPPING events from decorations provider vscode.git 543
[2022-05-08 17:40:17.301] [exthost] [warning] [Decorations] CAPPING events from decorations provider vscode.git 543
[2022-05-08 17:40:19.456] [exthost] [warning] [Decorations] CAPPING events from decorations provider vscode.git 543
[2022-05-08 17:40:24.523] [exthost] [warning] [Decorations] CAPPING events from decorations provider vscode.git 543
[2022-05-08 17:40:29.592] [exthost] [warning] [Decorations] CAPPING events from decorations provider vscode.git 543
[2022-05-08 17:40:34.657] [exthost] [warning] [Decorations] CAPPING events from decorations provider vscode.git 543
[2022-05-08 17:40:39.724] [exthost] [warning] [Decorations] CAPPING events from decorations provider vscode.git 543
[2022-05-08 17:40:44.787] [exthost] [warning] [Decorations] CAPPING events from decorations provider vscode.git 543
[2022-05-08 17:40:49.852] [exthost] [warning] [Decorations] CAPPING events from decorations provider vscode.git 543
[2022-05-08 17:40:54.917] [exthost] [warning] [Decorations] CAPPING events from decorations provider vscode.git 543
[2022-05-08 17:40:59.985] [exthost] [warning] [Decorations] CAPPING events from decorations provider vscode.git 543
[2022-05-08 17:41:05.054] [exthost] [warning] [Decorations] CAPPING events from decorations provider vscode.git 543
[2022-05-08 17:41:10.118] [exthost] [warning] [Decorations] CAPPING events from decorations provider vscode.git 543
[2022-05-08 17:41:15.189] [exthost] [warning] [Decorations] CAPPING events from decorations provider vscode.git 543
[2022-05-08 17:41:20.255] [exthost] [warning] [Decorations] CAPPING events from decorations provider vscode.git 543
[2022-05-08 17:41:25.322] [exthost] [warning] [Decorations] CAPPING events from decorations provider vscode.git 543
[2022-05-08 17:41:30.388] [exthost] [warning] [Decorations] CAPPING events from decorations provider vscode.git 543
[2022-05-08 17:41:35.458] [exthost] [warning] [Decorations] CAPPING events from decorations provider vscode.git 543
[2022-05-08 17:41:40.520] [exthost] [warning] [Decorations] CAPPING events from decorations provider vscode.git 546
[2022-05-08 17:41:45.582] [exthost] [warning] [Decorations] CAPPING events from decorations provider vscode.git 546
[2022-05-08 17:41:50.646] [exthost] [warning] [Decorations] CAPPING events from decorations provider vscode.git 546
[2022-05-08 17:41:55.711] [exthost] [warning] [Decorations] CAPPING events from decorations provider vscode.git 546
[2022-05-08 17:42:00.782] [exthost] [warning] [Decorations] CAPPING events from decorations provider vscode.git 546
[2022-05-08 17:42:05.851] [exthost] [warning] [Decorations] CAPPING events from decorations provider vscode.git 546
[2022-05-08 17:42:10.918] [exthost] [warning] [Decorations] CAPPING events from decorations provider vscode.git 546
[2022-05-08 17:42:15.982] [exthost] [warning] [Decorations] CAPPING events from decorations provider vscode.git 546
[2022-05-08 17:42:21.046] [exthost] [warning] [Decorations] CAPPING events from decorations provider vscode.git 546
[2022-05-08 17:42:26.113] [exthost] [warning] [Decorations] CAPPING events from decorations provider vscode.git 546
[2022-05-08 17:42:31.182] [exthost] [warning] [Decorations] CAPPING events from decorations provider vscode.git 546
[2022-05-08 17:42:36.245] [exthost] [warning] [Decorations] CAPPING events from decorations provider vscode.git 546
[2022-05-08 17:42:41.312] [exthost] [warning] [Decorations] CAPPING events from decorations provider vscode.git 546
[2022-05-08 17:42:46.384] [exthost] [warning] [Decorations] CAPPING events from decorations provider vscode.git 546
[2022-05-08 17:42:51.450] [exthost] [warning] [Decorations] CAPPING events from decorations provider vscode.git 546
[2022-05-08 17:42:56.512] [exthost] [warning] [Decorations] CAPPING events from decorations provider vscode.git 546
[2022-05-08 17:43:01.579] [exthost] [warning] [Decorations] CAPPING events from decorations provider vscode.git 546
[2022-05-08 17:43:06.645] [exthost] [warning] [Decorations] CAPPING events from decorations provider vscode.git 546
[2022-05-08 17:43:11.714] [exthost] [warning] [Decorations] CAPPING events from decorations provider vscode.git 546
[2022-05-08 17:43:16.789] [exthost] [warning] [Decorations] CAPPING events from decorations provider vscode.git 546
[2022-05-08 17:43:18.555] [exthost] [warning] [Decorations] CAPPING events from decorations provider vscode.git 546
[2022-05-08 17:43:21.857] [exthost] [warning] [Decorations] CAPPING events from decorations provider vscode.git 546
[2022-05-08 17:43:26.924] [exthost] [warning] [Decorations] CAPPING events from decorations provider vscode.git 546
[2022-05-08 17:43:31.993] [exthost] [warning] [Decorations] CAPPING events from decorations provider vscode.git 546
[2022-05-08 17:43:37.055] [exthost] [warning] [Decorations] CAPPING events from decorations provider vscode.git 546
[2022-05-08 17:43:42.123] [exthost] [warning] [Decorations] CAPPING events from decorations provider vscode.git 546
[2022-05-08 17:43:47.190] [exthost] [warning] [Decorations] CAPPING events from decorations provider vscode.git 546
[2022-05-08 17:43:52.254] [exthost] [warning] [Decorations] CAPPING events from decorations provider vscode.git 546
[2022-05-08 17:43:57.320] [exthost] [warning] [Decorations] CAPPING events from decorations provider vscode.git 546
[2022-05-08 17:44:02.387] [exthost] [warning] [Decorations] CAPPING events from decorations provider vscode.git 546
[2022-05-08 17:44:07.457] [exthost] [warning] [Decorations] CAPPING events from decorations provider vscode.git 546
[2022-05-08 17:44:12.526] [exthost] [warning] [Decorations] CAPPING events from decorations provider vscode.git 546
[2022-05-08 17:44:17.590] [exthost] [warning] [Decorations] CAPPING events from decorations provider vscode.git 546
[2022-05-08 17:44:22.654] [exthost] [warning] [Decorations] CAPPING events from decorations provider vscode.git 546
[2022-05-08 17:44:34.963] [exthost] [warning] [Decorations] CAPPING events from decorations provider vscode.git 546
[2022-05-08 17:44:40.027] [exthost] [warning] [Decorations] CAPPING events from decorations provider vscode.git 546
[2022-05-08 17:44:45.088] [exthost] [warning] [Decorations] CAPPING events from decorations provider vscode.git 546
[2022-05-08 17:44:50.152] [exthost] [warning] [Decorations] CAPPING events from decorations provider vscode.git 546
[2022-05-08 17:44:55.216] [exthost] [warning] [Decorations] CAPPING events from decorations provider vscode.git 546
[2022-05-08 17:45:00.284] [exthost] [warning] [Decorations] CAPPING events from decorations provider vscode.git 546
[2022-05-08 17:45:05.346] [exthost] [warning] [Decorations] CAPPING events from decorations provider vscode.git 546
[2022-05-08 17:45:10.413] [exthost] [warning] [Decorations] CAPPING events from decorations provider vscode.git 546
[2022-05-08 17:45:15.480] [exthost] [warning] [Decorations] CAPPING events from decorations provider vscode.git 546
[2022-05-08 17:45:20.543] [exthost] [warning] [Decorations] CAPPING events from decorations provider vscode.git 546
[2022-05-08 17:45:25.608] [exthost] [warning] [Decorations] CAPPING events from decorations provider vscode.git 546
[2022-05-08 17:45:30.676] [exthost] [warning] [Decorations] CAPPING events from decorations provider vscode.git 546
[2022-05-08 17:45:35.746] [exthost] [warning] [Decorations] CAPPING events from decorations provider vscode.git 546
[2022-05-08 17:45:40.814] [exthost] [warning] [Decorations] CAPPING events from decorations provider vscode.git 546
[2022-05-08 17:45:45.876] [exthost] [warning] [Decorations] CAPPING events from decorations provider vscode.git 546
[2022-05-08 17:45:50.942] [exthost] [warning] [Decorations] CAPPING events from decorations provider vscode.git 546
[2022-05-08 17:45:56.011] [exthost] [warning] [Decorations] CAPPING events from decorations provider vscode.git 546
[2022-05-08 17:46:01.079] [exthost] [warning] [Decorations] CAPPING events from decorations provider vscode.git 546
[2022-05-08 17:46:06.148] [exthost] [warning] [Decorations] CAPPING events from decorations provider vscode.git 546
[2022-05-08 17:46:11.214] [exthost] [warning] [Decorations] CAPPING events from decorations provider vscode.git 546
[2022-05-08 17:46:16.279] [exthost] [warning] [Decorations] CAPPING events from decorations provider vscode.git 546
[2022-05-08 17:46:19.786] [exthost] [warning] [Decorations] CAPPING events from decorations provider vscode.git 546
[2022-05-08 17:46:21.343] [exthost] [warning] [Decorations] CAPPING events from decorations provider vscode.git 547
[2022-05-08 17:46:26.407] [exthost] [warning] [Decorations] CAPPING events from decorations provider vscode.git 547
[2022-05-08 17:46:31.473] [exthost] [warning] [Decorations] CAPPING events from decorations provider vscode.git 547
[2022-05-08 17:46:36.537] [exthost] [warning] [Decorations] CAPPING events from decorations provider vscode.git 547
[2022-05-08 17:46:41.603] [exthost] [warning] [Decorations] CAPPING events from decorations provider vscode.git 547
[2022-05-08 17:46:46.666] [exthost] [warning] [Decorations] CAPPING events from decorations provider vscode.git 548
[2022-05-08 17:46:51.730] [exthost] [warning] [Decorations] CAPPING events from decorations provider vscode.git 548
[2022-05-08 17:46:56.797] [exthost] [warning] [Decorations] CAPPING events from decorations provider vscode.git 548
[2022-05-08 17:47:08.075] [exthost] [warning] [Decorations] CAPPING events from decorations provider vscode.git 548
[2022-05-08 17:47:13.143] [exthost] [warning] [Decorations] CAPPING events from decorations provider vscode.git 549
[2022-05-08 17:47:18.207] [exthost] [warning] [Decorations] CAPPING events from decorations provider vscode.git 549
[2022-05-08 17:47:23.273] [exthost] [warning] [Decorations] CAPPING events from decorations provider vscode.git 549
[2022-05-08 17:47:28.338] [exthost] [warning] [Decorations] CAPPING events from decorations provider vscode.git 549
[2022-05-08 17:47:33.399] [exthost] [warning] [Decorations] CAPPING events from decorations provider vscode.git 549
[2022-05-08 17:47:38.461] [exthost] [warning] [Decorations] CAPPING events from decorations provider vscode.git 549
[2022-05-08 17:47:43.523] [exthost] [warning] [Decorations] CAPPING events from decorations provider vscode.git 549
[2022-05-08 17:47:48.588] [exthost] [warning] [Decorations] CAPPING events from decorations provider vscode.git 549
[2022-05-08 17:47:53.655] [exthost] [warning] [Decorations] CAPPING events from decorations provider vscode.git 549
[2022-05-08 17:47:58.725] [exthost] [warning] [Decorations] CAPPING events from decorations provider vscode.git 549
[2022-05-08 17:48:03.785] [exthost] [warning] [Decorations] CAPPING events from decorations provider vscode.git 549
[2022-05-08 17:48:40.739] [exthost] [warning] [Decorations] CAPPING events from decorations provider vscode.git 550
[2022-05-08 17:48:45.799] [exthost] [warning] [Decorations] CAPPING events from decorations provider vscode.git 550
[2022-05-08 17:48:50.863] [exthost] [warning] [Decorations] CAPPING events from decorations provider vscode.git 550
[2022-05-08 17:48:55.930] [exthost] [warning] [Decorations] CAPPING events from decorations provider vscode.git 550
[2022-05-08 17:49:00.995] [exthost] [warning] [Decorations] CAPPING events from decorations provider vscode.git 550
[2022-05-08 17:49:06.059] [exthost] [warning] [Decorations] CAPPING events from decorations provider vscode.git 550
[2022-05-08 17:49:11.126] [exthost] [warning] [Decorations] CAPPING events from decorations provider vscode.git 550
[2022-05-08 17:49:16.187] [exthost] [warning] [Decorations] CAPPING events from decorations provider vscode.git 550
[2022-05-08 17:49:21.021] [exthost] [warning] [Decorations] CAPPING events from decorations provider vscode.git 550
[2022-05-08 17:49:21.326] [exthost] [warning] [Decorations] CAPPING events from decorations provider vscode.git 550
[2022-05-08 17:49:26.401] [exthost] [warning] [Decorations] CAPPING events from decorations provider vscode.git 550
[2022-05-08 17:49:31.463] [exthost] [warning] [Decorations] CAPPING events from decorations provider vscode.git 550
[2022-05-08 17:49:36.529] [exthost] [warning] [Decorations] CAPPING events from decorations provider vscode.git 550
[2022-05-08 17:49:41.598] [exthost] [warning] [Decorations] CAPPING events from decorations provider vscode.git 550
[2022-05-08 17:49:46.660] [exthost] [warning] [Decorations] CAPPING events from decorations provider vscode.git 550
[2022-05-08 17:49:51.726] [exthost] [warning] [Decorations] CAPPING events from decorations provider vscode.git 550
[2022-05-08 17:49:56.792] [exthost] [warning] [Decorations] CAPPING events from decorations provider vscode.git 550
[2022-05-08 17:50:01.854] [exthost] [warning] [Decorations] CAPPING events from decorations provider vscode.git 550
[2022-05-08 17:50:06.921] [exthost] [warning] [Decorations] CAPPING events from decorations provider vscode.git 550
[2022-05-08 17:50:11.986] [exthost] [warning] [Decorations] CAPPING events from decorations provider vscode.git 550
[2022-05-08 17:50:17.051] [exthost] [warning] [Decorations] CAPPING events from decorations provider vscode.git 550
[2022-05-08 17:50:22.113] [exthost] [warning] [Decorations] CAPPING events from decorations provider vscode.git 550
[2022-05-08 17:50:27.175] [exthost] [warning] [Decorations] CAPPING events from decorations provider vscode.git 550
[2022-05-08 17:50:32.241] [exthost] [warning] [Decorations] CAPPING events from decorations provider vscode.git 550
[2022-05-08 17:50:37.317] [exthost] [warning] [Decorations] CAPPING events from decorations provider vscode.git 550
[2022-05-08 17:50:42.382] [exthost] [warning] [Decorations] CAPPING events from decorations provider vscode.git 551
[2022-05-08 17:50:47.447] [exthost] [warning] [Decorations] CAPPING events from decorations provider vscode.git 551
[2022-05-08 17:50:52.519] [exthost] [warning] [Decorations] CAPPING events from decorations provider vscode.git 551
[2022-05-08 17:50:57.584] [exthost] [warning] [Decorations] CAPPING events from decorations provider vscode.git 551
[2022-05-08 17:51:02.653] [exthost] [warning] [Decorations] CAPPING events from decorations provider vscode.git 551
[2022-05-08 17:51:07.713] [exthost] [warning] [Decorations] CAPPING events from decorations provider vscode.git 551
[2022-05-08 17:51:12.782] [exthost] [warning] [Decorations] CAPPING events from decorations provider vscode.git 551
[2022-05-08 17:51:17.852] [exthost] [warning] [Decorations] CAPPING events from decorations provider vscode.git 551
[2022-05-08 17:51:21.037] [exthost] [warning] ms-python.python - Code actions of kind 'quickfix 'requested but returned code action is of kind 'refactor.extract'. Code action will be dropped. Please check 'CodeActionContext.only' to only return requested code actions.
[2022-05-08 17:51:21.037] [exthost] [warning] ms-python.python - Code actions of kind 'quickfix 'requested but returned code action is of kind 'refactor.extract'. Code action will be dropped. Please check 'CodeActionContext.only' to only return requested code actions.
[2022-05-08 17:51:22.917] [exthost] [warning] [Decorations] CAPPING events from decorations provider vscode.git 551
[2022-05-08 17:51:27.984] [exthost] [warning] [Decorations] CAPPING events from decorations provider vscode.git 551
[2022-05-08 17:51:33.049] [exthost] [warning] [Decorations] CAPPING events from decorations provider vscode.git 551
[2022-05-08 17:51:38.115] [exthost] [warning] [Decorations] CAPPING events from decorations provider vscode.git 551
[2022-05-08 17:51:43.178] [exthost] [warning] [Decorations] CAPPING events from decorations provider vscode.git 552
[2022-05-08 17:51:43.744] [exthost] [warning] ms-python.python - Code actions of kind 'quickfix 'requested but returned code action is of kind 'refactor.extract'. Code action will be dropped. Please check 'CodeActionContext.only' to only return requested code actions.
[2022-05-08 17:51:43.744] [exthost] [warning] ms-python.python - Code actions of kind 'quickfix 'requested but returned code action is of kind 'refactor.extract'. Code action will be dropped. Please check 'CodeActionContext.only' to only return requested code actions.
[2022-05-08 17:51:48.243] [exthost] [warning] [Decorations] CAPPING events from decorations provider vscode.git 552
[2022-05-08 17:51:53.307] [exthost] [warning] [Decorations] CAPPING events from decorations provider vscode.git 552
[2022-05-08 17:51:58.382] [exthost] [warning] [Decorations] CAPPING events from decorations provider vscode.git 552
[2022-05-08 17:52:00.605] [exthost] [warning] ms-python.python - Code actions of kind 'quickfix 'requested but returned code action is of kind 'refactor.extract'. Code action will be dropped. Please check 'CodeActionContext.only' to only return requested code actions.
[2022-05-08 17:52:00.605] [exthost] [warning] ms-python.python - Code actions of kind 'quickfix 'requested but returned code action is of kind 'refactor.extract'. Code action will be dropped. Please check 'CodeActionContext.only' to only return requested code actions.
[2022-05-08 17:52:03.447] [exthost] [warning] [Decorations] CAPPING events from decorations provider vscode.git 553
[2022-05-08 17:52:08.511] [exthost] [warning] [Decorations] CAPPING events from decorations provider vscode.git 553
[2022-05-08 17:52:13.578] [exthost] [warning] [Decorations] CAPPING events from decorations provider vscode.git 553
[2022-05-08 17:52:18.643] [exthost] [warning] [Decorations] CAPPING events from decorations provider vscode.git 553
[2022-05-08 17:52:22.262] [exthost] [warning] [Decorations] CAPPING events from decorations provider vscode.git 553
[2022-05-08 17:52:23.710] [exthost] [warning] [Decorations] CAPPING events from decorations provider vscode.git 553
[2022-05-08 17:52:28.775] [exthost] [warning] [Decorations] CAPPING events from decorations provider vscode.git 553
[2022-05-08 17:52:33.843] [exthost] [warning] [Decorations] CAPPING events from decorations provider vscode.git 553
[2022-05-08 17:52:38.905] [exthost] [warning] [Decorations] CAPPING events from decorations provider vscode.git 553
[2022-05-08 17:52:43.971] [exthost] [warning] [Decorations] CAPPING events from decorations provider vscode.git 553
[2022-05-08 17:52:49.040] [exthost] [warning] [Decorations] CAPPING events from decorations provider vscode.git 553
[2022-05-08 17:52:54.109] [exthost] [warning] [Decorations] CAPPING events from decorations provider vscode.git 554
[2022-05-08 17:52:59.181] [exthost] [warning] [Decorations] CAPPING events from decorations provider vscode.git 554
[2022-05-08 17:53:04.248] [exthost] [warning] [Decorations] CAPPING events from decorations provider vscode.git 554
[2022-05-08 17:53:09.316] [exthost] [warning] [Decorations] CAPPING events from decorations provider vscode.git 554
[2022-05-08 17:53:14.385] [exthost] [warning] [Decorations] CAPPING events from decorations provider vscode.git 554
[2022-05-08 17:53:19.453] [exthost] [warning] [Decorations] CAPPING events from decorations provider vscode.git 554
[2022-05-08 17:53:24.524] [exthost] [warning] [Decorations] CAPPING events from decorations provider vscode.git 554
[2022-05-08 17:53:29.589] [exthost] [warning] [Decorations] CAPPING events from decorations provider vscode.git 554
[2022-05-08 17:53:34.654] [exthost] [warning] [Decorations] CAPPING events from decorations provider vscode.git 554
[2022-05-08 17:53:39.719] [exthost] [warning] [Decorations] CAPPING events from decorations provider vscode.git 554
[2022-05-08 17:53:44.792] [exthost] [warning] [Decorations] CAPPING events from decorations provider vscode.git 554
[2022-05-08 17:53:49.858] [exthost] [warning] [Decorations] CAPPING events from decorations provider vscode.git 554
[2022-05-08 17:53:54.921] [exthost] [warning] [Decorations] CAPPING events from decorations provider vscode.git 554
[2022-05-08 17:53:59.990] [exthost] [warning] [Decorations] CAPPING events from decorations provider vscode.git 554
[2022-05-08 17:54:05.057] [exthost] [warning] [Decorations] CAPPING events from decorations provider vscode.git 554
[2022-05-08 17:54:10.126] [exthost] [warning] [Decorations] CAPPING events from decorations provider vscode.git 554
[2022-05-08 17:54:15.191] [exthost] [warning] [Decorations] CAPPING events from decorations provider vscode.git 554
[2022-05-08 17:54:20.254] [exthost] [warning] [Decorations] CAPPING events from decorations provider vscode.git 554
[2022-05-08 17:54:25.320] [exthost] [warning] [Decorations] CAPPING events from decorations provider vscode.git 554
[2022-05-08 17:54:30.392] [exthost] [warning] [Decorations] CAPPING events from decorations provider vscode.git 554
[2022-05-08 17:54:35.463] [exthost] [warning] [Decorations] CAPPING events from decorations provider vscode.git 554
[2022-05-08 17:54:40.529] [exthost] [warning] [Decorations] CAPPING events from decorations provider vscode.git 554
[2022-05-08 17:54:45.601] [exthost] [warning] [Decorations] CAPPING events from decorations provider vscode.git 554
[2022-05-08 17:54:50.670] [exthost] [warning] [Decorations] CAPPING events from decorations provider vscode.git 554
[2022-05-08 17:54:55.734] [exthost] [warning] [Decorations] CAPPING events from decorations provider vscode.git 554
[2022-05-08 17:55:00.805] [exthost] [warning] [Decorations] CAPPING events from decorations provider vscode.git 554
[2022-05-08 17:55:05.871] [exthost] [warning] [Decorations] CAPPING events from decorations provider vscode.git 555
[2022-05-08 17:55:10.935] [exthost] [warning] [Decorations] CAPPING events from decorations provider vscode.git 555
[2022-05-08 17:55:16.007] [exthost] [warning] [Decorations] CAPPING events from decorations provider vscode.git 555
[2022-05-08 17:55:21.077] [exthost] [warning] [Decorations] CAPPING events from decorations provider vscode.git 555
[2022-05-08 17:55:23.491] [exthost] [warning] [Decorations] CAPPING events from decorations provider vscode.git 555
[2022-05-08 17:55:26.146] [exthost] [warning] [Decorations] CAPPING events from decorations provider vscode.git 555
[2022-05-08 17:55:31.207] [exthost] [warning] [Decorations] CAPPING events from decorations provider vscode.git 555
[2022-05-08 17:55:36.272] [exthost] [warning] [Decorations] CAPPING events from decorations provider vscode.git 555
[2022-05-08 17:55:41.343] [exthost] [warning] [Decorations] CAPPING events from decorations provider vscode.git 555
[2022-05-08 17:55:46.412] [exthost] [warning] [Decorations] CAPPING events from decorations provider vscode.git 555
[2022-05-08 17:55:52.030] [exthost] [warning] [Decorations] CAPPING events from decorations provider vscode.git 555
[2022-05-08 17:55:57.100] [exthost] [warning] [Decorations] CAPPING events from decorations provider vscode.git 555
[2022-05-08 17:56:02.164] [exthost] [warning] [Decorations] CAPPING events from decorations provider vscode.git 555
[2022-05-08 17:56:07.231] [exthost] [warning] [Decorations] CAPPING events from decorations provider vscode.git 555
[2022-05-08 17:56:12.298] [exthost] [warning] [Decorations] CAPPING events from decorations provider vscode.git 555
[2022-05-08 17:56:17.369] [exthost] [warning] [Decorations] CAPPING events from decorations provider vscode.git 555
[2022-05-08 17:56:22.431] [exthost] [warning] [Decorations] CAPPING events from decorations provider vscode.git 555
[2022-05-08 17:56:27.501] [exthost] [warning] [Decorations] CAPPING events from decorations provider vscode.git 555
[2022-05-08 17:56:32.568] [exthost] [warning] [Decorations] CAPPING events from decorations provider vscode.git 555
[2022-05-08 17:56:37.634] [exthost] [warning] [Decorations] CAPPING events from decorations provider vscode.git 555
[2022-05-08 17:56:42.712] [exthost] [warning] [Decorations] CAPPING events from decorations provider vscode.git 555
[2022-05-08 17:56:47.780] [exthost] [warning] [Decorations] CAPPING events from decorations provider vscode.git 555
[2022-05-08 17:56:52.846] [exthost] [warning] [Decorations] CAPPING events from decorations provider vscode.git 555
[2022-05-08 17:56:57.913] [exthost] [warning] [Decorations] CAPPING events from decorations provider vscode.git 555
[2022-05-08 17:57:02.980] [exthost] [warning] [Decorations] CAPPING events from decorations provider vscode.git 555
[2022-05-08 17:57:08.047] [exthost] [warning] [Decorations] CAPPING events from decorations provider vscode.git 555
[2022-05-08 17:57:13.123] [exthost] [warning] [Decorations] CAPPING events from decorations provider vscode.git 555
[2022-05-08 17:57:18.193] [exthost] [warning] [Decorations] CAPPING events from decorations provider vscode.git 555
[2022-05-08 17:57:23.259] [exthost] [warning] [Decorations] CAPPING events from decorations provider vscode.git 555
[2022-05-08 17:57:28.328] [exthost] [warning] [Decorations] CAPPING events from decorations provider vscode.git 555
[2022-05-08 17:57:33.394] [exthost] [warning] [Decorations] CAPPING events from decorations provider vscode.git 555
[2022-05-08 17:57:38.461] [exthost] [warning] [Decorations] CAPPING events from decorations provider vscode.git 555
[2022-05-08 17:57:43.524] [exthost] [warning] [Decorations] CAPPING events from decorations provider vscode.git 555
[2022-05-08 17:57:48.583] [exthost] [warning] [Decorations] CAPPING events from decorations provider vscode.git 555
[2022-05-08 17:57:53.649] [exthost] [warning] [Decorations] CAPPING events from decorations provider vscode.git 555
[2022-05-08 17:57:58.714] [exthost] [warning] [Decorations] CAPPING events from decorations provider vscode.git 555
[2022-05-08 17:58:03.785] [exthost] [warning] [Decorations] CAPPING events from decorations provider vscode.git 555
[2022-05-08 17:58:08.853] [exthost] [warning] [Decorations] CAPPING events from decorations provider vscode.git 556
[2022-05-08 17:58:13.922] [exthost] [warning] [Decorations] CAPPING events from decorations provider vscode.git 556
[2022-05-08 17:58:18.991] [exthost] [warning] [Decorations] CAPPING events from decorations provider vscode.git 556
[2022-05-08 17:58:24.801] [exthost] [warning] [Decorations] CAPPING events from decorations provider vscode.git 557
[2022-05-08 17:58:24.864] [exthost] [warning] [Decorations] CAPPING events from decorations provider vscode.git 557
[2022-05-08 17:58:29.933] [exthost] [warning] [Decorations] CAPPING events from decorations provider vscode.git 557
[2022-05-08 17:58:35.003] [exthost] [warning] [Decorations] CAPPING events from decorations provider vscode.git 557
[2022-05-08 17:58:40.070] [exthost] [warning] [Decorations] CAPPING events from decorations provider vscode.git 557
[2022-05-08 17:58:45.136] [exthost] [warning] [Decorations] CAPPING events from decorations provider vscode.git 557
[2022-05-08 17:58:50.204] [exthost] [warning] [Decorations] CAPPING events from decorations provider vscode.git 557
[2022-05-08 17:58:55.271] [exthost] [warning] [Decorations] CAPPING events from decorations provider vscode.git 557
[2022-05-08 17:59:00.345] [exthost] [warning] [Decorations] CAPPING events from decorations provider vscode.git 558
[2022-05-08 17:59:05.411] [exthost] [warning] [Decorations] CAPPING events from decorations provider vscode.git 558
[2022-05-08 17:59:10.485] [exthost] [warning] [Decorations] CAPPING events from decorations provider vscode.git 558
[2022-05-08 17:59:15.555] [exthost] [warning] [Decorations] CAPPING events from decorations provider vscode.git 558
[2022-05-08 17:59:20.622] [exthost] [warning] [Decorations] CAPPING events from decorations provider vscode.git 558
[2022-05-08 17:59:25.690] [exthost] [warning] [Decorations] CAPPING events from decorations provider vscode.git 558
[2022-05-08 17:59:30.756] [exthost] [warning] [Decorations] CAPPING events from decorations provider vscode.git 558
[2022-05-08 17:59:35.823] [exthost] [warning] [Decorations] CAPPING events from decorations provider vscode.git 558
[2022-05-08 17:59:40.894] [exthost] [warning] [Decorations] CAPPING events from decorations provider vscode.git 558
[2022-05-08 17:59:45.961] [exthost] [warning] [Decorations] CAPPING events from decorations provider vscode.git 559
[2022-05-08 17:59:57.099] [exthost] [warning] [Decorations] CAPPING events from decorations provider vscode.git 559
[2022-05-08 18:00:02.163] [exthost] [warning] [Decorations] CAPPING events from decorations provider vscode.git 560
[2022-05-08 18:00:07.229] [exthost] [warning] [Decorations] CAPPING events from decorations provider vscode.git 560
[2022-05-08 18:00:12.301] [exthost] [warning] [Decorations] CAPPING events from decorations provider vscode.git 560
[2022-05-08 18:00:17.370] [exthost] [warning] [Decorations] CAPPING events from decorations provider vscode.git 560
[2022-05-08 18:00:22.438] [exthost] [warning] [Decorations] CAPPING events from decorations provider vscode.git 560
[2022-05-08 18:00:27.500] [exthost] [warning] [Decorations] CAPPING events from decorations provider vscode.git 560
[2022-05-08 18:00:32.570] [exthost] [warning] [Decorations] CAPPING events from decorations provider vscode.git 560
[2022-05-08 18:00:37.638] [exthost] [warning] [Decorations] CAPPING events from decorations provider vscode.git 560
[2022-05-08 18:00:42.703] [exthost] [warning] [Decorations] CAPPING events from decorations provider vscode.git 560
[2022-05-08 18:00:47.770] [exthost] [warning] [Decorations] CAPPING events from decorations provider vscode.git 560
[2022-05-08 18:00:52.834] [exthost] [warning] [Decorations] CAPPING events from decorations provider vscode.git 560
[2022-05-08 18:00:57.897] [exthost] [warning] [Decorations] CAPPING events from decorations provider vscode.git 560
[2022-05-08 18:01:02.960] [exthost] [warning] [Decorations] CAPPING events from decorations provider vscode.git 561
[2022-05-08 18:01:08.029] [exthost] [warning] [Decorations] CAPPING events from decorations provider vscode.git 561
[2022-05-08 18:01:13.095] [exthost] [warning] [Decorations] CAPPING events from decorations provider vscode.git 561
[2022-05-08 18:01:18.168] [exthost] [warning] [Decorations] CAPPING events from decorations provider vscode.git 561
[2022-05-08 18:01:24.507] [exthost] [warning] [Decorations] CAPPING events from decorations provider vscode.git 561
[2022-05-08 18:01:26.035] [exthost] [warning] [Decorations] CAPPING events from decorations provider vscode.git 561
[2022-05-08 18:01:29.571] [exthost] [warning] [Decorations] CAPPING events from decorations provider vscode.git 561
[2022-05-08 18:01:34.635] [exthost] [warning] [Decorations] CAPPING events from decorations provider vscode.git 561
[2022-05-08 18:01:39.702] [exthost] [warning] [Decorations] CAPPING events from decorations provider vscode.git 561
[2022-05-08 18:01:44.768] [exthost] [warning] [Decorations] CAPPING events from decorations provider vscode.git 561
[2022-05-08 18:01:49.833] [exthost] [warning] [Decorations] CAPPING events from decorations provider vscode.git 561
[2022-05-08 18:01:54.902] [exthost] [warning] [Decorations] CAPPING events from decorations provider vscode.git 561
[2022-05-08 18:01:59.975] [exthost] [warning] [Decorations] CAPPING events from decorations provider vscode.git 561
[2022-05-08 18:02:05.046] [exthost] [warning] [Decorations] CAPPING events from decorations provider vscode.git 561
[2022-05-08 18:02:23.574] [exthost] [warning] [Decorations] CAPPING events from decorations provider vscode.git 561
[2022-05-08 18:02:34.492] [exthost] [warning] [Decorations] CAPPING events from decorations provider vscode.git 561
[2022-05-08 18:02:39.558] [exthost] [warning] [Decorations] CAPPING events from decorations provider vscode.git 561
[2022-05-08 18:02:44.621] [exthost] [warning] [Decorations] CAPPING events from decorations provider vscode.git 561
