[2022-06-12T23:48:15.553Z] Nivel de registro: Info
[2022-06-12T23:48:15.555Z] [info] La validación encontró Git en: git
[2022-06-12T23:48:15.579Z] [info] Usando GIT 2.25.1 desde git
[2022-06-12T23:48:15.624Z] > git rev-parse --show-toplevel [36ms]
[2022-06-12T23:48:15.649Z] > git rev-parse --git-dir --git-common-dir [6ms]
[2022-06-12T23:48:15.666Z] [info] Open repository: /home/lrb96
[2022-06-12T23:48:15.955Z] > git status -z -uall [272ms]
[2022-06-12T23:48:15.960Z] > git symbolic-ref --short HEAD [1ms]
[2022-06-12T23:48:15.965Z] > git for-each-ref --format=%(refname)%00%(upstream:short)%00%(objectname)%00%(upstream:track)%00%(upstream:remotename)%00%(upstream:remoteref) refs/heads/master refs/remotes/master [2ms]
[2022-06-12T23:48:15.974Z] > git remote --verbose [1ms]
[2022-06-12T23:48:15.974Z] > git for-each-ref --sort -committerdate --format %(refname) %(objectname) %(*objectname) [5ms]
[2022-06-12T23:48:15.996Z] > git config --get commit.template [2ms]
[2022-06-12T23:48:16.279Z] > git check-ignore -v -z --stdin [5ms]
[2022-06-12T23:48:27.517Z] > git status -z -uall [46ms]
[2022-06-12T23:48:27.520Z] > git symbolic-ref --short HEAD [1ms]
[2022-06-12T23:48:27.523Z] > git for-each-ref --format=%(refname)%00%(upstream:short)%00%(objectname)%00%(upstream:track)%00%(upstream:remotename)%00%(upstream:remoteref) refs/heads/master refs/remotes/master [1ms]
[2022-06-12T23:48:27.530Z] > git remote --verbose [1ms]
[2022-06-12T23:48:27.531Z] > git for-each-ref --sort -committerdate --format %(refname) %(objectname) %(*objectname) [5ms]
[2022-06-12T23:48:27.544Z] > git config --get commit.template [2ms]
[2022-06-12T23:48:29.108Z] > git fetch [1643ms]
[2022-06-12T23:48:29.143Z] > git status -z -uall [32ms]
[2022-06-12T23:48:29.146Z] > git symbolic-ref --short HEAD [0ms]
[2022-06-12T23:48:29.150Z] > git for-each-ref --format=%(refname)%00%(upstream:short)%00%(objectname)%00%(upstream:track)%00%(upstream:remotename)%00%(upstream:remoteref) refs/heads/master refs/remotes/master [1ms]
[2022-06-12T23:48:29.155Z] > git remote --verbose [1ms]
[2022-06-12T23:48:29.155Z] > git for-each-ref --sort -committerdate --format %(refname) %(objectname) %(*objectname) [3ms]
[2022-06-12T23:48:29.166Z] > git config --get commit.template [1ms]
[2022-06-12T23:48:32.584Z] > git status -z -uall [36ms]
[2022-06-12T23:48:32.588Z] > git symbolic-ref --short HEAD [1ms]
[2022-06-12T23:48:32.591Z] > git for-each-ref --format=%(refname)%00%(upstream:short)%00%(objectname)%00%(upstream:track)%00%(upstream:remotename)%00%(upstream:remoteref) refs/heads/master refs/remotes/master [1ms]
[2022-06-12T23:48:32.596Z] > git remote --verbose [1ms]
[2022-06-12T23:48:32.597Z] > git for-each-ref --sort -committerdate --format %(refname) %(objectname) %(*objectname) [4ms]
[2022-06-12T23:48:32.618Z] > git config --get commit.template [1ms]
[2022-06-12T23:48:33.919Z] > git show --textconv :fast_api_python/hello_wolrd_fast_api.py [319ms]
[2022-06-12T23:48:33.920Z] > git ls-files --stage -- /home/lrb96/fast_api_python/hello_wolrd_fast_api.py [315ms]
