[2022-06-09T21:34:15.192Z] Log level: Info
[2022-06-09T21:34:15.194Z] [info] git La validación encontró GIT en: undefined
[2022-06-09T21:34:15.591Z] [info] 2.25.1 Usando GIT git de undefined
[2022-06-09T21:34:15.805Z] > git rev-parse --show-toplevel [202ms]
[2022-06-09T21:34:15.852Z] > git rev-parse --git-dir --git-common-dir [39ms]
[2022-06-09T21:34:15.856Z] [info] Open repository: /home/lrb96
[2022-06-09T21:34:15.946Z] > git status -z -uall [84ms]
[2022-06-09T21:34:16.464Z] > git check-ignore -v -z --stdin [18ms]
[2022-06-09T23:33:32.457Z] > git show --textconv :curso_profesional_python/iterators.py [5ms]
[2022-06-09T23:33:32.459Z] > git ls-files --stage -- /home/lrb96/curso_profesional_python/iterators.py [3ms]
[2022-06-09T23:33:40.558Z] > git symbolic-ref --short HEAD [0ms]
[2022-06-09T23:33:40.562Z] > git for-each-ref --format=%(refname)%00%(upstream:short)%00%(objectname)%00%(upstream:track)%00%(upstream:remotename)%00%(upstream:remoteref) refs/heads/master refs/remotes/master [1ms]
[2022-06-09T23:33:40.570Z] > git remote --verbose [1ms]
[2022-06-09T23:33:40.571Z] > git for-each-ref --sort -committerdate --format %(refname) %(objectname) %(*objectname) [5ms]
[2022-06-09T23:33:40.678Z] > git config --get commit.template [3ms]
[2022-06-09T23:33:42.225Z] > git fetch [1542ms]
[2022-06-09T23:33:42.289Z] > git status -z -uall [60ms]
[2022-06-09T23:33:42.289Z] > git symbolic-ref --short HEAD [1ms]
[2022-06-09T23:33:42.293Z] > git for-each-ref --format=%(refname)%00%(upstream:short)%00%(objectname)%00%(upstream:track)%00%(upstream:remotename)%00%(upstream:remoteref) refs/heads/master refs/remotes/master [1ms]
[2022-06-09T23:33:42.300Z] > git remote --verbose [1ms]
[2022-06-09T23:33:42.300Z] > git for-each-ref --sort -committerdate --format %(refname) %(objectname) %(*objectname) [4ms]
[2022-06-09T23:33:42.379Z] > git config --get commit.template [0ms]
[2022-06-09T23:33:46.726Z] > git ls-files --stage -- /home/lrb96/curso_profesional_python/iterators.py [3ms]
[2022-06-09T23:33:46.740Z] > git show --textconv :curso_profesional_python/iterators.py [3ms]
[2022-06-09T23:33:46.851Z] > git check-ignore -v -z --stdin [5ms]
[2022-06-09T23:33:48.505Z] > git show --textconv :curso_profesional_python/generators.py [5ms]
[2022-06-09T23:33:48.507Z] > git ls-files --stage -- /home/lrb96/curso_profesional_python/generators.py [3ms]
[2022-06-09T23:33:51.464Z] > git show --textconv :curso_profesional_python/decorators.py [6ms]
[2022-06-09T23:33:51.466Z] > git ls-files --stage -- /home/lrb96/curso_profesional_python/decorators.py [2ms]
[2022-06-09T23:33:51.471Z] > git cat-file -s f49439828ecbbcc9bb2a36c355337e5bd565bfa7 [1ms]
[2022-06-09T23:33:58.628Z] > git show --textconv :curso_profesional_python/generators.py [7ms]
[2022-06-09T23:33:58.631Z] > git ls-files --stage -- /home/lrb96/curso_profesional_python/generators.py [4ms]
[2022-06-09T23:36:43.583Z] > git ls-files --stage -- /home/lrb96/curso_profesional_python/generators.py [3ms]
[2022-06-09T23:36:43.596Z] > git show --textconv :curso_profesional_python/generators.py [3ms]
[2022-06-09T23:36:43.967Z] > git fetch [1579ms]
[2022-06-09T23:36:44.038Z] > git status -z -uall [65ms]
[2022-06-09T23:36:44.038Z] > git symbolic-ref --short HEAD [4ms]
[2022-06-09T23:36:44.043Z] > git for-each-ref --format=%(refname)%00%(upstream:short)%00%(objectname)%00%(upstream:track)%00%(upstream:remotename)%00%(upstream:remoteref) refs/heads/master refs/remotes/master [1ms]
[2022-06-09T23:36:44.050Z] > git remote --verbose [1ms]
[2022-06-09T23:36:44.051Z] > git for-each-ref --sort -committerdate --format %(refname) %(objectname) %(*objectname) [5ms]
[2022-06-09T23:36:46.777Z] > git config --get commit.template [2550ms]
[2022-06-09T23:36:46.968Z] > git ls-files --stage -- /home/lrb96/curso_profesional_python/generators.py [3ms]
[2022-06-09T23:36:46.983Z] > git show --textconv :curso_profesional_python/generators.py [2ms]
[2022-06-09T23:40:03.081Z] > git ls-files --stage -- /home/lrb96/curso_profesional_python/generators.py [3ms]
[2022-06-09T23:40:03.094Z] > git show --textconv :curso_profesional_python/generators.py [3ms]
[2022-06-09T23:40:03.330Z] > git fetch [1422ms]
[2022-06-09T23:40:03.398Z] > git status -z -uall [64ms]
[2022-06-09T23:40:03.399Z] > git symbolic-ref --short HEAD [1ms]
[2022-06-09T23:40:03.403Z] > git for-each-ref --format=%(refname)%00%(upstream:short)%00%(objectname)%00%(upstream:track)%00%(upstream:remotename)%00%(upstream:remoteref) refs/heads/master refs/remotes/master [1ms]
[2022-06-09T23:40:03.409Z] > git remote --verbose [0ms]
[2022-06-09T23:40:03.410Z] > git for-each-ref --sort -committerdate --format %(refname) %(objectname) %(*objectname) [4ms]
[2022-06-09T23:40:03.505Z] > git config --get commit.template [3ms]
[2022-06-09T23:40:06.298Z] > git ls-files --stage -- /home/lrb96/curso_profesional_python/generators.py [2ms]
[2022-06-09T23:40:06.309Z] > git show --textconv :curso_profesional_python/generators.py [2ms]
[2022-06-09T23:43:05.332Z] > git ls-files --stage -- /home/lrb96/curso_profesional_python/generators.py [3ms]
[2022-06-09T23:43:05.343Z] > git show --textconv :curso_profesional_python/generators.py [3ms]
[2022-06-09T23:43:05.771Z] > git fetch [1630ms]
[2022-06-09T23:43:05.842Z] > git status -z -uall [64ms]
[2022-06-09T23:43:05.842Z] > git symbolic-ref --short HEAD [2ms]
[2022-06-09T23:43:05.847Z] > git for-each-ref --format=%(refname)%00%(upstream:short)%00%(objectname)%00%(upstream:track)%00%(upstream:remotename)%00%(upstream:remoteref) refs/heads/master refs/remotes/master [1ms]
[2022-06-09T23:43:05.853Z] > git remote --verbose [0ms]
[2022-06-09T23:43:05.854Z] > git for-each-ref --sort -committerdate --format %(refname) %(objectname) %(*objectname) [4ms]
[2022-06-09T23:43:05.938Z] > git config --get commit.template [1ms]
[2022-06-09T23:43:08.754Z] > git ls-files --stage -- /home/lrb96/curso_profesional_python/generators.py [2ms]
[2022-06-09T23:43:08.767Z] > git show --textconv :curso_profesional_python/generators.py [3ms]
[2022-06-09T23:46:07.319Z] > git fetch [1377ms]
[2022-06-09T23:46:07.384Z] > git ls-files --stage -- /home/lrb96/curso_profesional_python/generators.py [4ms]
[2022-06-09T23:46:07.404Z] > git show --textconv :curso_profesional_python/generators.py [7ms]
[2022-06-09T23:46:07.415Z] > git status -z -uall [89ms]
[2022-06-09T23:46:07.415Z] > git symbolic-ref --short HEAD [1ms]
[2022-06-09T23:46:07.421Z] > git for-each-ref --format=%(refname)%00%(upstream:short)%00%(objectname)%00%(upstream:track)%00%(upstream:remotename)%00%(upstream:remoteref) refs/heads/master refs/remotes/master [2ms]
[2022-06-09T23:46:07.429Z] > git remote --verbose [0ms]
[2022-06-09T23:46:07.430Z] > git for-each-ref --sort -committerdate --format %(refname) %(objectname) %(*objectname) [4ms]
[2022-06-09T23:46:07.535Z] > git config --get commit.template [12ms]
[2022-06-09T23:49:08.721Z] > git ls-files --stage -- /home/lrb96/curso_profesional_python/generators.py [5ms]
[2022-06-09T23:49:08.735Z] > git show --textconv :curso_profesional_python/generators.py [3ms]
[2022-06-09T23:49:09.063Z] > git fetch [1520ms]
[2022-06-09T23:49:09.133Z] > git status -z -uall [64ms]
[2022-06-09T23:49:09.133Z] > git symbolic-ref --short HEAD [1ms]
[2022-06-09T23:49:09.139Z] > git for-each-ref --format=%(refname)%00%(upstream:short)%00%(objectname)%00%(upstream:track)%00%(upstream:remotename)%00%(upstream:remoteref) refs/heads/master refs/remotes/master [1ms]
[2022-06-09T23:49:09.147Z] > git remote --verbose [2ms]
[2022-06-09T23:49:09.148Z] > git for-each-ref --sort -committerdate --format %(refname) %(objectname) %(*objectname) [6ms]
[2022-06-09T23:49:09.232Z] > git config --get commit.template [2ms]
[2022-06-09T23:49:12.124Z] > git ls-files --stage -- /home/lrb96/curso_profesional_python/generators.py [4ms]
[2022-06-09T23:49:12.135Z] > git show --textconv :curso_profesional_python/generators.py [3ms]
[2022-06-09T23:52:10.433Z] > git ls-files --stage -- /home/lrb96/curso_profesional_python/generators.py [3ms]
[2022-06-09T23:52:10.445Z] > git show --textconv :curso_profesional_python/generators.py [3ms]
[2022-06-09T23:52:10.791Z] > git fetch [1552ms]
[2022-06-09T23:52:10.861Z] > git status -z -uall [64ms]
[2022-06-09T23:52:10.861Z] > git symbolic-ref --short HEAD [2ms]
[2022-06-09T23:52:10.865Z] > git for-each-ref --format=%(refname)%00%(upstream:short)%00%(objectname)%00%(upstream:track)%00%(upstream:remotename)%00%(upstream:remoteref) refs/heads/master refs/remotes/master [0ms]
[2022-06-09T23:52:10.872Z] > git remote --verbose [0ms]
[2022-06-09T23:52:10.873Z] > git for-each-ref --sort -committerdate --format %(refname) %(objectname) %(*objectname) [4ms]
[2022-06-09T23:52:10.953Z] > git config --get commit.template [1ms]
[2022-06-09T23:52:13.798Z] > git ls-files --stage -- /home/lrb96/curso_profesional_python/generators.py [2ms]
[2022-06-09T23:52:13.811Z] > git show --textconv :curso_profesional_python/generators.py [2ms]
[2022-06-09T23:55:12.134Z] > git ls-files --stage -- /home/lrb96/curso_profesional_python/generators.py [3ms]
[2022-06-09T23:55:12.149Z] > git show --textconv :curso_profesional_python/generators.py [3ms]
[2022-06-09T23:55:12.507Z] > git fetch [1546ms]
[2022-06-09T23:55:12.584Z] > git status -z -uall [71ms]
[2022-06-09T23:55:12.584Z] > git symbolic-ref --short HEAD [3ms]
[2022-06-09T23:55:12.589Z] > git for-each-ref --format=%(refname)%00%(upstream:short)%00%(objectname)%00%(upstream:track)%00%(upstream:remotename)%00%(upstream:remoteref) refs/heads/master refs/remotes/master [1ms]
[2022-06-09T23:55:12.597Z] > git remote --verbose [1ms]
[2022-06-09T23:55:12.597Z] > git for-each-ref --sort -committerdate --format %(refname) %(objectname) %(*objectname) [4ms]
[2022-06-09T23:55:12.742Z] > git config --get commit.template [3ms]
[2022-06-09T23:55:15.660Z] > git ls-files --stage -- /home/lrb96/curso_profesional_python/generators.py [3ms]
[2022-06-09T23:55:15.675Z] > git show --textconv :curso_profesional_python/generators.py [3ms]
[2022-06-09T23:58:13.946Z] > git ls-files --stage -- /home/lrb96/curso_profesional_python/generators.py [3ms]
[2022-06-09T23:58:13.958Z] > git show --textconv :curso_profesional_python/generators.py [2ms]
[2022-06-09T23:58:14.244Z] > git fetch [1494ms]
[2022-06-09T23:58:14.330Z] > git status -z -uall [79ms]
[2022-06-09T23:58:14.330Z] > git symbolic-ref --short HEAD [3ms]
[2022-06-09T23:58:14.335Z] > git for-each-ref --format=%(refname)%00%(upstream:short)%00%(objectname)%00%(upstream:track)%00%(upstream:remotename)%00%(upstream:remoteref) refs/heads/master refs/remotes/master [1ms]
[2022-06-09T23:58:14.344Z] > git remote --verbose [3ms]
[2022-06-09T23:58:14.344Z] > git for-each-ref --sort -committerdate --format %(refname) %(objectname) %(*objectname) [6ms]
[2022-06-09T23:58:14.497Z] > git config --get commit.template [5ms]
[2022-06-09T23:58:17.332Z] > git ls-files --stage -- /home/lrb96/curso_profesional_python/generators.py [3ms]
[2022-06-09T23:58:17.346Z] > git show --textconv :curso_profesional_python/generators.py [3ms]
[2022-06-10T00:01:15.677Z] > git ls-files --stage -- /home/lrb96/curso_profesional_python/generators.py [3ms]
[2022-06-10T00:01:15.694Z] > git show --textconv :curso_profesional_python/generators.py [4ms]
[2022-06-10T00:01:15.990Z] > git fetch [1486ms]
[2022-06-10T00:01:16.065Z] > git status -z -uall [70ms]
[2022-06-10T00:01:16.065Z] > git symbolic-ref --short HEAD [2ms]
[2022-06-10T00:01:16.070Z] > git for-each-ref --format=%(refname)%00%(upstream:short)%00%(objectname)%00%(upstream:track)%00%(upstream:remotename)%00%(upstream:remoteref) refs/heads/master refs/remotes/master [1ms]
[2022-06-10T00:01:16.078Z] > git remote --verbose [1ms]
[2022-06-10T00:01:16.078Z] > git for-each-ref --sort -committerdate --format %(refname) %(objectname) %(*objectname) [4ms]
[2022-06-10T00:01:16.164Z] > git config --get commit.template [4ms]
[2022-06-10T00:01:18.981Z] > git ls-files --stage -- /home/lrb96/curso_profesional_python/generators.py [3ms]
[2022-06-10T00:01:18.996Z] > git show --textconv :curso_profesional_python/generators.py [2ms]
