[Info  - 4:34:16 PM] (6811) Pylance language server 2022.6.10 (pyright bbc42826) starting
[Info  - 4:34:16 PM] (6811) Server root directory: /home/lrb96/.vscode-server/extensions/ms-python.vscode-pylance-2022.6.10/dist
Notebook support: Legacy
[Info  - 4:34:16 PM] (6811) No configuration file found.
[Info  - 4:34:16 PM] (6811) No pyproject.toml file found.
[Info  - 4:34:16 PM] (6811) Setting pythonPath for service "curso_profesional_python": "/home/lrb96/curso_profesional_python/venv/bin/python"
[Warn  - 4:34:16 PM] (6811) stubPath /home/lrb96/curso_profesional_python/typings is not a valid directory.
[Info  - 4:34:16 PM] (6811) Assuming Python version 3.8
[Info  - 4:34:16 PM] (6811) Assuming Python platform Linux
[Info  - 4:34:16 PM] (6811) Searching for source files
[Info  - 4:34:16 PM] (6811) Auto-excluding /home/lrb96/curso_profesional_python/venv
[Info  - 4:34:16 PM] (6811) Found 6 source files
[Info  - 4:34:16 PM] (6811) Background analysis(1) root directory: /home/lrb96/.vscode-server/extensions/ms-python.vscode-pylance-2022.6.10/dist
[Info  - 4:34:16 PM] (6811) Background analysis(1) started
[Info  - 4:34:17 PM] (6811) Indexer background runner(2) root directory: /home/lrb96/.vscode-server/extensions/ms-python.vscode-pylance-2022.6.10/dist (index)
[Info  - 4:34:17 PM] (6811) Indexing(2) started
[Info  - 4:34:17 PM] (6811) Indexer done(2). indexed 426 files
[Info  - 6:33:46 PM] (6811) Searching for source files
[Info  - 6:33:46 PM] (6811) Auto-excluding /home/lrb96/curso_profesional_python/venv
[Info  - 6:33:46 PM] (6811) Found 7 source files
