[2022-04-20T00:26:11.487Z] Validating found git in: git
[2022-04-20T00:26:11.510Z] Using git 2.25.1 from git
[2022-04-20T00:26:11.543Z] > git rev-parse --git-dir [1ms]
[2022-04-20T00:26:11.547Z] Open repository: /home/lrb96
[2022-04-20T00:26:11.584Z] > git symbolic-ref --short HEAD [1ms]
[2022-04-20T00:26:11.613Z] > git for-each-ref --format=%(refname)%00%(upstream:short)%00%(objectname)%00%(upstream:track) refs/heads/master refs/remotes/master [20ms]
[2022-04-20T00:26:11.620Z] > git remote --verbose [1ms]
[2022-04-20T00:26:11.621Z] > git for-each-ref --sort -committerdate --format %(refname) %(objectname) %(*objectname) [5ms]
[2022-04-20T00:26:11.637Z] > git config --get commit.template [9ms]
[2022-04-20T00:26:14.119Z] > git fetch [2568ms]
[2022-04-20T00:26:14.138Z] > git symbolic-ref --short HEAD [1ms]
[2022-04-20T00:26:14.141Z] > git for-each-ref --format=%(refname)%00%(upstream:short)%00%(objectname)%00%(upstream:track) refs/heads/master refs/remotes/master [1ms]
[2022-04-20T00:26:14.144Z] > git for-each-ref --sort -committerdate --format %(refname) %(objectname) %(*objectname) [2ms]
[2022-04-20T00:26:14.145Z] > git remote --verbose [1ms]
[2022-04-20T00:26:14.149Z] > git config --get commit.template [1ms]
[2022-04-20T00:26:16.403Z] > git symbolic-ref --short HEAD [1ms]
[2022-04-20T00:26:16.405Z] > git for-each-ref --format=%(refname)%00%(upstream:short)%00%(objectname)%00%(upstream:track) refs/heads/master refs/remotes/master [1ms]
[2022-04-20T00:26:16.409Z] > git for-each-ref --sort -committerdate --format %(refname) %(objectname) %(*objectname) [2ms]
[2022-04-20T00:26:16.410Z] > git remote --verbose [0ms]
[2022-04-20T00:26:16.413Z] > git config --get commit.template [0ms]
[2022-04-20T00:26:21.436Z] > git symbolic-ref --short HEAD [1ms]
[2022-04-20T00:26:21.438Z] > git for-each-ref --format=%(refname)%00%(upstream:short)%00%(objectname)%00%(upstream:track) refs/heads/master refs/remotes/master [1ms]
[2022-04-20T00:26:21.442Z] > git for-each-ref --sort -committerdate --format %(refname) %(objectname) %(*objectname) [2ms]
[2022-04-20T00:26:21.443Z] > git remote --verbose [1ms]
[2022-04-20T00:26:21.446Z] > git config --get commit.template [0ms]
[2022-04-20T00:26:42.926Z] > git symbolic-ref --short HEAD [1ms]
[2022-04-20T00:26:42.929Z] > git for-each-ref --format=%(refname)%00%(upstream:short)%00%(objectname)%00%(upstream:track) refs/heads/master refs/remotes/master [0ms]
[2022-04-20T00:26:42.933Z] > git remote --verbose [0ms]
[2022-04-20T00:26:42.934Z] > git for-each-ref --sort -committerdate --format %(refname) %(objectname) %(*objectname) [3ms]
[2022-04-20T00:26:42.938Z] > git config --get commit.template [1ms]
[2022-04-20T00:26:47.960Z] > git symbolic-ref --short HEAD [1ms]
[2022-04-20T00:26:47.963Z] > git for-each-ref --format=%(refname)%00%(upstream:short)%00%(objectname)%00%(upstream:track) refs/heads/master refs/remotes/master [1ms]
[2022-04-20T00:26:47.966Z] > git for-each-ref --sort -committerdate --format %(refname) %(objectname) %(*objectname) [2ms]
[2022-04-20T00:26:47.966Z] > git remote --verbose [1ms]
[2022-04-20T00:26:47.970Z] > git config --get commit.template [1ms]
