[2022-06-08T20:19:30.297Z] La validación encontró GIT en: git
[2022-06-08T20:19:30.333Z] Usando GIT 2.25.1 de git
[2022-06-08T20:19:30.346Z] > git rev-parse --show-toplevel [6ms]
[2022-06-08T20:19:30.346Z] fatal: not a git repository (or any of the parent directories): .git
[2022-06-08T20:19:30.357Z] > git rev-parse --show-toplevel [4ms]
[2022-06-08T20:19:30.362Z] > git rev-parse --git-dir --git-common-dir [1ms]
[2022-06-08T20:19:30.368Z] Open repository: /home/lrb96
[2022-06-08T20:19:30.824Z] > git status -z -uall [445ms]
[2022-06-08T20:19:30.949Z] > git check-ignore -v -z --stdin [2ms]
[2022-06-08T20:19:31.881Z] > git fetch [1507ms]
[2022-06-08T20:19:32.131Z] > git check-ignore -v -z --stdin [7ms]
[2022-06-08T20:19:52.753Z] > git check-ignore -v -z --stdin [7ms]
[2022-06-08T20:19:56.830Z] > git check-ignore -v -z --stdin [2ms]
[2022-06-08T20:20:00.017Z] > git show --textconv :portafolio_python/palindromo.py [433ms]
[2022-06-08T20:20:00.018Z] > git ls-files --stage -- /home/lrb96/portafolio_python/palindromo.py [429ms]
[2022-06-08T20:20:00.031Z] > git cat-file -s 61d21c89c542adaeb81c22e4a245e333290ce1fc [6ms]
[2022-06-08T20:25:18.830Z] > git symbolic-ref --short HEAD [1ms]
[2022-06-08T20:25:18.834Z] > git for-each-ref --format=%(refname)%00%(upstream:short)%00%(objectname)%00%(upstream:track)%00%(upstream:remotename)%00%(upstream:remoteref) refs/heads/master refs/remotes/master [0ms]
[2022-06-08T20:25:18.840Z] > git remote --verbose [0ms]
[2022-06-08T20:25:18.841Z] > git for-each-ref --sort -committerdate --format %(refname) %(objectname) %(*objectname) [4ms]
[2022-06-08T20:25:18.966Z] > git config --get commit.template [1ms]
[2022-06-08T20:25:20.330Z] > git status -z -uall [1359ms]
[2022-06-08T20:25:20.330Z] > git symbolic-ref --short HEAD [1ms]
[2022-06-08T20:25:20.336Z] > git for-each-ref --format=%(refname)%00%(upstream:short)%00%(objectname)%00%(upstream:track)%00%(upstream:remotename)%00%(upstream:remoteref) refs/heads/master refs/remotes/master [1ms]
[2022-06-08T20:25:20.348Z] > git remote --verbose [0ms]
[2022-06-08T20:25:20.349Z] > git for-each-ref --sort -committerdate --format %(refname) %(objectname) %(*objectname) [7ms]
[2022-06-08T20:25:20.528Z] > git config --get commit.template [7ms]
[2022-06-08T20:26:30.162Z] > git check-ignore -v -z --stdin [4ms]
[2022-06-08T20:29:56.151Z] > git ls-files --stage -- /home/lrb96/portafolio_python/palindromo.py [2ms]
[2022-06-08T20:29:56.155Z] > git cat-file -s 61d21c89c542adaeb81c22e4a245e333290ce1fc [0ms]
[2022-06-08T20:29:56.169Z] > git show --textconv :portafolio_python/palindromo.py [2ms]
[2022-06-08T20:29:56.197Z] > git fetch [1221ms]
[2022-06-08T20:29:56.277Z] > git status -z -uall [76ms]
[2022-06-08T20:29:56.278Z] > git symbolic-ref --short HEAD [2ms]
[2022-06-08T20:29:56.282Z] > git for-each-ref --format=%(refname)%00%(upstream:short)%00%(objectname)%00%(upstream:track)%00%(upstream:remotename)%00%(upstream:remoteref) refs/heads/master refs/remotes/master [1ms]
[2022-06-08T20:29:56.288Z] > git remote --verbose [1ms]
[2022-06-08T20:29:56.288Z] > git for-each-ref --sort -committerdate --format %(refname) %(objectname) %(*objectname) [3ms]
[2022-06-08T20:29:56.417Z] > git config --get commit.template [14ms]
[2022-06-08T20:29:59.158Z] > git ls-files --stage -- /home/lrb96/portafolio_python/palindromo.py [2ms]
[2022-06-08T20:29:59.163Z] > git cat-file -s 61d21c89c542adaeb81c22e4a245e333290ce1fc [0ms]
[2022-06-08T20:29:59.174Z] > git show --textconv :portafolio_python/palindromo.py [2ms]
[2022-06-08T20:29:59.876Z] > git check-ignore -v -z --stdin [3ms]
[2022-06-08T20:35:24.978Z] > git ls-files --stage -- /home/lrb96/portafolio_python/palindromo.py [1ms]
[2022-06-08T20:35:24.982Z] > git cat-file -s 61d21c89c542adaeb81c22e4a245e333290ce1fc [0ms]
[2022-06-08T20:35:24.993Z] > git show --textconv :portafolio_python/palindromo.py [2ms]
[2022-06-08T20:35:25.011Z] > git fetch [1224ms]
[2022-06-08T20:35:25.091Z] > git status -z -uall [76ms]
[2022-06-08T20:35:25.091Z] > git symbolic-ref --short HEAD [2ms]
[2022-06-08T20:35:25.096Z] > git for-each-ref --format=%(refname)%00%(upstream:short)%00%(objectname)%00%(upstream:track)%00%(upstream:remotename)%00%(upstream:remoteref) refs/heads/master refs/remotes/master [1ms]
[2022-06-08T20:35:25.102Z] > git remote --verbose [1ms]
[2022-06-08T20:35:25.102Z] > git for-each-ref --sort -committerdate --format %(refname) %(objectname) %(*objectname) [3ms]
[2022-06-08T20:35:25.209Z] > git config --get commit.template [16ms]
[2022-06-08T20:35:27.909Z] > git show --textconv :curso_profesional_python/.gitignore [5ms]
[2022-06-08T20:35:27.910Z] > git ls-files --stage -- /home/lrb96/curso_profesional_python/.gitignore [2ms]
[2022-06-08T20:35:28.218Z] > git check-ignore -v -z --stdin [3ms]
[2022-06-08T20:35:50.827Z] > git check-ignore -v -z --stdin [9ms]
[2022-06-08T20:36:08.902Z] > git check-ignore -v -z --stdin [11ms]
[2022-06-08T20:38:07.183Z] > git check-ignore -v -z --stdin [6ms]
[2022-06-08T20:38:11.861Z] > git show --textconv :curso_profesional_python/palindrome.py [4ms]
[2022-06-08T20:38:11.863Z] > git ls-files --stage -- /home/lrb96/curso_profesional_python/palindrome.py [2ms]
[2022-06-08T20:38:12.849Z] > git show --textconv :portafolio_python/palindromo.py [4ms]
[2022-06-08T20:38:12.851Z] > git ls-files --stage -- /home/lrb96/portafolio_python/palindromo.py [2ms]
[2022-06-08T20:38:12.856Z] > git cat-file -s 61d21c89c542adaeb81c22e4a245e333290ce1fc [1ms]
[2022-06-08T20:38:13.227Z] > git check-ignore -v -z --stdin [11ms]
[2022-06-08T20:38:13.604Z] > git show --textconv :curso_profesional_python/palindrome.py [4ms]
[2022-06-08T20:38:13.606Z] > git ls-files --stage -- /home/lrb96/curso_profesional_python/palindrome.py [2ms]
[2022-06-08T20:38:19.276Z] > git show --textconv :curso_profesional_python/.gitignore [5ms]
[2022-06-08T20:38:19.278Z] > git ls-files --stage -- /home/lrb96/curso_profesional_python/.gitignore [2ms]
[2022-06-08T20:38:19.625Z] > git show --textconv :curso_profesional_python/palindrome.py [5ms]
[2022-06-08T20:38:19.627Z] > git ls-files --stage -- /home/lrb96/curso_profesional_python/palindrome.py [3ms]
[2022-06-08T20:38:20.310Z] > git show --textconv :curso_profesional_python/.gitignore [4ms]
[2022-06-08T20:38:20.311Z] > git ls-files --stage -- /home/lrb96/curso_profesional_python/.gitignore [2ms]
[2022-06-08T20:38:20.606Z] > git show --textconv :curso_profesional_python/palindrome.py [5ms]
[2022-06-08T20:38:20.608Z] > git ls-files --stage -- /home/lrb96/curso_profesional_python/palindrome.py [3ms]
[2022-06-08T20:39:46.717Z] > git ls-files --stage -- /home/lrb96/curso_profesional_python/palindrome.py [3ms]
[2022-06-08T20:39:46.728Z] > git show --textconv :curso_profesional_python/palindrome.py [1ms]
[2022-06-08T20:39:46.763Z] > git fetch [1220ms]
[2022-06-08T20:39:46.845Z] > git status -z -uall [78ms]
[2022-06-08T20:39:46.845Z] > git symbolic-ref --short HEAD [1ms]
[2022-06-08T20:39:46.850Z] > git for-each-ref --format=%(refname)%00%(upstream:short)%00%(objectname)%00%(upstream:track)%00%(upstream:remotename)%00%(upstream:remoteref) refs/heads/master refs/remotes/master [1ms]
[2022-06-08T20:39:46.856Z] > git remote --verbose [1ms]
[2022-06-08T20:39:46.856Z] > git for-each-ref --sort -committerdate --format %(refname) %(objectname) %(*objectname) [3ms]
[2022-06-08T20:39:49.424Z] > git config --get commit.template [2456ms]
[2022-06-08T20:39:49.619Z] > git ls-files --stage -- /home/lrb96/curso_profesional_python/palindrome.py [3ms]
[2022-06-08T20:39:49.629Z] > git show --textconv :curso_profesional_python/palindrome.py [2ms]
[2022-06-08T20:44:26.472Z] > git ls-files --stage -- /home/lrb96/curso_profesional_python/palindrome.py [2ms]
[2022-06-08T20:44:26.482Z] > git show --textconv :curso_profesional_python/palindrome.py [2ms]
[2022-06-08T20:44:26.540Z] > git fetch [1241ms]
[2022-06-08T20:44:26.623Z] > git status -z -uall [79ms]
[2022-06-08T20:44:26.623Z] > git symbolic-ref --short HEAD [1ms]
[2022-06-08T20:44:26.627Z] > git for-each-ref --format=%(refname)%00%(upstream:short)%00%(objectname)%00%(upstream:track)%00%(upstream:remotename)%00%(upstream:remoteref) refs/heads/master refs/remotes/master [1ms]
[2022-06-08T20:44:26.636Z] > git remote --verbose [2ms]
[2022-06-08T20:44:26.636Z] > git for-each-ref --sort -committerdate --format %(refname) %(objectname) %(*objectname) [5ms]
[2022-06-08T20:44:26.803Z] > git config --get commit.template [1ms]
[2022-06-08T20:44:29.455Z] > git ls-files --stage -- /home/lrb96/curso_profesional_python/palindrome.py [3ms]
[2022-06-08T20:44:29.521Z] > git show --textconv :curso_profesional_python/palindrome.py [2ms]
[2022-06-08T20:45:46.301Z] > git rev-parse --show-toplevel [2ms]
[2022-06-08T20:45:46.301Z] fatal: not a git repository (or any of the parent directories): .git
[2022-06-08T20:45:49.680Z] > git rev-parse --show-toplevel [1ms]
[2022-06-08T20:45:49.680Z] fatal: not a git repository (or any of the parent directories): .git
[2022-06-08T20:45:49.929Z] > git rev-parse --show-toplevel [1ms]
[2022-06-08T20:45:49.929Z] fatal: not a git repository (or any of the parent directories): .git
[2022-06-08T20:45:54.171Z] > git rev-parse --show-toplevel [0ms]
[2022-06-08T20:45:54.171Z] fatal: not a git repository (or any of the parent directories): .git
[2022-06-08T20:45:54.412Z] > git rev-parse --show-toplevel [1ms]
[2022-06-08T20:45:54.412Z] fatal: not a git repository (or any of the parent directories): .git
[2022-06-08T20:45:55.401Z] > git rev-parse --show-toplevel [1ms]
[2022-06-08T20:45:55.401Z] fatal: not a git repository (or any of the parent directories): .git
[2022-06-08T20:45:57.911Z] > git rev-parse --show-toplevel [1ms]
[2022-06-08T20:45:57.911Z] fatal: not a git repository (or any of the parent directories): .git
[2022-06-08T20:47:27.983Z] > git ls-files --stage -- /home/lrb96/curso_profesional_python/palindrome.py [3ms]
[2022-06-08T20:47:27.994Z] > git show --textconv :curso_profesional_python/palindrome.py [2ms]
[2022-06-08T20:47:28.055Z] > git fetch [1245ms]
[2022-06-08T20:47:28.141Z] > git status -z -uall [82ms]
[2022-06-08T20:47:28.142Z] > git symbolic-ref --short HEAD [1ms]
[2022-06-08T20:47:28.147Z] > git for-each-ref --format=%(refname)%00%(upstream:short)%00%(objectname)%00%(upstream:track)%00%(upstream:remotename)%00%(upstream:remoteref) refs/heads/master refs/remotes/master [1ms]
[2022-06-08T20:47:28.154Z] > git remote --verbose [1ms]
[2022-06-08T20:47:28.155Z] > git for-each-ref --sort -committerdate --format %(refname) %(objectname) %(*objectname) [5ms]
[2022-06-08T20:47:28.261Z] > git config --get commit.template [17ms]
[2022-06-08T20:47:31.046Z] > git show --textconv :portafolio_python/palindromo.py [8ms]
[2022-06-08T20:47:31.047Z] > git ls-files --stage -- /home/lrb96/portafolio_python/palindromo.py [2ms]
[2022-06-08T20:47:31.053Z] > git cat-file -s 61d21c89c542adaeb81c22e4a245e333290ce1fc [1ms]
[2022-06-08T20:47:35.023Z] > git show --textconv :curso_profesional_python/palindrome.py [6ms]
[2022-06-08T20:47:35.024Z] > git ls-files --stage -- /home/lrb96/curso_profesional_python/palindrome.py [2ms]
[2022-06-08T20:47:36.871Z] > git show --textconv :portafolio_python/palindromo.py [7ms]
[2022-06-08T20:47:36.872Z] > git ls-files --stage -- /home/lrb96/portafolio_python/palindromo.py [3ms]
[2022-06-08T20:47:36.878Z] > git cat-file -s 61d21c89c542adaeb81c22e4a245e333290ce1fc [0ms]
[2022-06-08T20:47:38.340Z] > git show --textconv :curso_profesional_python/palindrome.py [5ms]
[2022-06-08T20:47:38.342Z] > git ls-files --stage -- /home/lrb96/curso_profesional_python/palindrome.py [2ms]
[2022-06-08T20:47:40.816Z] > git show --textconv :portafolio_python/palindromo.py [5ms]
[2022-06-08T20:47:40.817Z] > git ls-files --stage -- /home/lrb96/portafolio_python/palindromo.py [2ms]
[2022-06-08T20:47:40.822Z] > git cat-file -s 61d21c89c542adaeb81c22e4a245e333290ce1fc [0ms]
[2022-06-08T20:47:46.163Z] > git show --textconv :curso_profesional_python/palindrome.py [4ms]
[2022-06-08T20:47:46.165Z] > git ls-files --stage -- /home/lrb96/curso_profesional_python/palindrome.py [2ms]
[2022-06-08T20:47:55.954Z] > git show --textconv :curso_profesional_python/.gitignore [6ms]
[2022-06-08T20:47:55.956Z] > git ls-files --stage -- /home/lrb96/curso_profesional_python/.gitignore [3ms]
[2022-06-08T20:47:56.366Z] > git show --textconv :curso_profesional_python/palindrome.py [4ms]
[2022-06-08T20:47:56.367Z] > git ls-files --stage -- /home/lrb96/curso_profesional_python/palindrome.py [2ms]
[2022-06-08T20:47:56.661Z] > git show --textconv :portafolio_python/palindromo.py [5ms]
[2022-06-08T20:47:56.663Z] > git ls-files --stage -- /home/lrb96/portafolio_python/palindromo.py [3ms]
[2022-06-08T20:47:56.667Z] > git cat-file -s 61d21c89c542adaeb81c22e4a245e333290ce1fc [0ms]
[2022-06-08T20:47:58.295Z] > git show --textconv :curso_profesional_python/palindrome.py [4ms]
[2022-06-08T20:47:58.297Z] > git ls-files --stage -- /home/lrb96/curso_profesional_python/palindrome.py [2ms]
[2022-06-08T20:48:00.025Z] > git show --textconv :portafolio_python/palindromo.py [4ms]
[2022-06-08T20:48:00.027Z] > git ls-files --stage -- /home/lrb96/portafolio_python/palindromo.py [2ms]
[2022-06-08T20:48:00.031Z] > git cat-file -s 61d21c89c542adaeb81c22e4a245e333290ce1fc [0ms]
[2022-06-08T20:48:01.316Z] > git show --textconv :curso_profesional_python/palindrome.py [4ms]
[2022-06-08T20:48:01.318Z] > git ls-files --stage -- /home/lrb96/curso_profesional_python/palindrome.py [2ms]
[2022-06-08T20:48:02.809Z] > git show --textconv :portafolio_python/palindromo.py [5ms]
[2022-06-08T20:48:02.811Z] > git ls-files --stage -- /home/lrb96/portafolio_python/palindromo.py [3ms]
[2022-06-08T20:48:02.816Z] > git cat-file -s 61d21c89c542adaeb81c22e4a245e333290ce1fc [0ms]
[2022-06-08T20:48:05.146Z] > git show --textconv :curso_profesional_python/palindrome.py [4ms]
[2022-06-08T20:48:05.148Z] > git ls-files --stage -- /home/lrb96/curso_profesional_python/palindrome.py [2ms]
[2022-06-08T20:48:06.975Z] > git show --textconv :portafolio_python/palindromo.py [5ms]
[2022-06-08T20:48:06.977Z] > git ls-files --stage -- /home/lrb96/portafolio_python/palindromo.py [3ms]
[2022-06-08T20:48:06.981Z] > git cat-file -s 61d21c89c542adaeb81c22e4a245e333290ce1fc [0ms]
[2022-06-08T20:48:07.837Z] > git show --textconv :curso_profesional_python/palindrome.py [4ms]
[2022-06-08T20:48:07.840Z] > git ls-files --stage -- /home/lrb96/curso_profesional_python/palindrome.py [2ms]
[2022-06-08T20:48:08.859Z] > git show --textconv :portafolio_python/palindromo.py [6ms]
[2022-06-08T20:48:08.860Z] > git ls-files --stage -- /home/lrb96/portafolio_python/palindromo.py [2ms]
[2022-06-08T20:48:08.864Z] > git cat-file -s 61d21c89c542adaeb81c22e4a245e333290ce1fc [0ms]
[2022-06-08T20:48:09.569Z] > git show --textconv :curso_profesional_python/palindrome.py [4ms]
[2022-06-08T20:48:09.570Z] > git ls-files --stage -- /home/lrb96/curso_profesional_python/palindrome.py [2ms]
[2022-06-08T20:48:13.293Z] > git show --textconv :portafolio_python/palindromo.py [5ms]
[2022-06-08T20:48:13.295Z] > git ls-files --stage -- /home/lrb96/portafolio_python/palindromo.py [3ms]
[2022-06-08T20:48:13.300Z] > git cat-file -s 61d21c89c542adaeb81c22e4a245e333290ce1fc [1ms]
[2022-06-08T20:48:14.459Z] > git show --textconv :curso_profesional_python/palindrome.py [3ms]
[2022-06-08T20:48:14.460Z] > git ls-files --stage -- /home/lrb96/curso_profesional_python/palindrome.py [2ms]
[2022-06-08T20:50:29.440Z] > git ls-files --stage -- /home/lrb96/curso_profesional_python/palindrome.py [3ms]
[2022-06-08T20:50:29.452Z] > git show --textconv :curso_profesional_python/palindrome.py [3ms]
[2022-06-08T20:50:29.492Z] > git fetch [1225ms]
[2022-06-08T20:50:29.574Z] > git status -z -uall [78ms]
[2022-06-08T20:50:29.574Z] > git symbolic-ref --short HEAD [2ms]
[2022-06-08T20:50:29.579Z] > git for-each-ref --format=%(refname)%00%(upstream:short)%00%(objectname)%00%(upstream:track)%00%(upstream:remotename)%00%(upstream:remoteref) refs/heads/master refs/remotes/master [1ms]
[2022-06-08T20:50:29.585Z] > git remote --verbose [0ms]
[2022-06-08T20:50:29.586Z] > git for-each-ref --sort -committerdate --format %(refname) %(objectname) %(*objectname) [4ms]
[2022-06-08T20:50:29.672Z] > git config --get commit.template [5ms]
[2022-06-08T20:50:32.640Z] > git ls-files --stage -- /home/lrb96/curso_profesional_python/palindrome.py [3ms]
[2022-06-08T20:50:32.653Z] > git show --textconv :curso_profesional_python/palindrome.py [3ms]
[2022-06-08T20:54:49.323Z] > git ls-files --stage -- /home/lrb96/curso_profesional_python/palindrome.py [3ms]
[2022-06-08T20:54:49.334Z] > git show --textconv :curso_profesional_python/palindrome.py [2ms]
[2022-06-08T20:54:49.373Z] > git fetch [1225ms]
[2022-06-08T20:54:49.462Z] > git status -z -uall [85ms]
[2022-06-08T20:54:49.462Z] > git symbolic-ref --short HEAD [1ms]
[2022-06-08T20:54:49.467Z] > git for-each-ref --format=%(refname)%00%(upstream:short)%00%(objectname)%00%(upstream:track)%00%(upstream:remotename)%00%(upstream:remoteref) refs/heads/master refs/remotes/master [0ms]
[2022-06-08T20:54:49.474Z] > git remote --verbose [1ms]
[2022-06-08T20:54:49.474Z] > git for-each-ref --sort -committerdate --format %(refname) %(objectname) %(*objectname) [4ms]
[2022-06-08T20:54:49.588Z] > git config --get commit.template [18ms]
[2022-06-08T20:54:55.501Z] > git ls-files --stage -- /home/lrb96/curso_profesional_python/palindrome.py [5ms]
[2022-06-08T20:54:55.513Z] > git show --textconv :curso_profesional_python/palindrome.py [2ms]
[2022-06-08T20:55:29.165Z] > git check-ignore -v -z --stdin [8ms]
[2022-06-08T20:56:48.176Z] > git check-ignore -v -z --stdin [6ms]
[2022-06-08T20:56:52.034Z] > git show --textconv :curso_profesional_python/prime_number.py [5ms]
[2022-06-08T20:56:52.036Z] > git ls-files --stage -- /home/lrb96/curso_profesional_python/prime_number.py [2ms]
[2022-06-08T20:57:32.506Z] > git show --textconv :curso_profesional_python/.gitignore [4ms]
[2022-06-08T20:57:32.508Z] > git ls-files --stage -- /home/lrb96/curso_profesional_python/.gitignore [2ms]
[2022-06-08T20:57:32.911Z] > git show --textconv :curso_profesional_python/palindrome.py [5ms]
[2022-06-08T20:57:32.913Z] > git ls-files --stage -- /home/lrb96/curso_profesional_python/palindrome.py [2ms]
[2022-06-08T20:57:34.550Z] > git show --textconv :curso_profesional_python/prime_number.py [6ms]
[2022-06-08T20:57:34.552Z] > git ls-files --stage -- /home/lrb96/curso_profesional_python/prime_number.py [3ms]
[2022-06-08T20:57:35.220Z] > git show --textconv :portafolio_python/palindromo.py [5ms]
[2022-06-08T20:57:35.222Z] > git ls-files --stage -- /home/lrb96/portafolio_python/palindromo.py [3ms]
[2022-06-08T20:57:35.228Z] > git cat-file -s 61d21c89c542adaeb81c22e4a245e333290ce1fc [0ms]
[2022-06-08T20:57:35.892Z] > git show --textconv :curso_profesional_python/prime_number.py [5ms]
[2022-06-08T20:57:35.894Z] > git ls-files --stage -- /home/lrb96/curso_profesional_python/prime_number.py [2ms]
[2022-06-08T20:57:36.473Z] > git show --textconv :curso_profesional_python/palindrome.py [5ms]
[2022-06-08T20:57:36.475Z] > git ls-files --stage -- /home/lrb96/curso_profesional_python/palindrome.py [3ms]
[2022-06-08T20:57:37.169Z] > git show --textconv :curso_profesional_python/prime_number.py [5ms]
[2022-06-08T20:57:37.170Z] > git ls-files --stage -- /home/lrb96/curso_profesional_python/prime_number.py [2ms]
[2022-06-08T20:57:37.519Z] > git show --textconv :curso_profesional_python/palindrome.py [5ms]
[2022-06-08T20:57:37.521Z] > git ls-files --stage -- /home/lrb96/curso_profesional_python/palindrome.py [3ms]
[2022-06-08T20:57:39.467Z] > git show --textconv :curso_profesional_python/prime_number.py [6ms]
[2022-06-08T20:57:39.469Z] > git ls-files --stage -- /home/lrb96/curso_profesional_python/prime_number.py [3ms]
[2022-06-08T20:57:50.789Z] > git ls-files --stage -- /home/lrb96/curso_profesional_python/prime_number.py [3ms]
[2022-06-08T20:57:50.800Z] > git show --textconv :curso_profesional_python/prime_number.py [2ms]
[2022-06-08T20:57:50.817Z] > git fetch [1219ms]
[2022-06-08T20:57:50.897Z] > git status -z -uall [76ms]
[2022-06-08T20:57:50.897Z] > git symbolic-ref --short HEAD [1ms]
[2022-06-08T20:57:50.902Z] > git for-each-ref --format=%(refname)%00%(upstream:short)%00%(objectname)%00%(upstream:track)%00%(upstream:remotename)%00%(upstream:remoteref) refs/heads/master refs/remotes/master [1ms]
[2022-06-08T20:57:50.909Z] > git remote --verbose [1ms]
[2022-06-08T20:57:50.909Z] > git for-each-ref --sort -committerdate --format %(refname) %(objectname) %(*objectname) [4ms]
[2022-06-08T20:57:51.030Z] > git config --get commit.template [23ms]
[2022-06-08T20:57:53.653Z] > git ls-files --stage -- /home/lrb96/curso_profesional_python/prime_number.py [3ms]
[2022-06-08T20:57:53.664Z] > git show --textconv :curso_profesional_python/prime_number.py [2ms]
[2022-06-08T21:00:52.232Z] > git ls-files --stage -- /home/lrb96/curso_profesional_python/prime_number.py [2ms]
[2022-06-08T21:00:52.245Z] > git show --textconv :curso_profesional_python/prime_number.py [3ms]
[2022-06-08T21:00:52.269Z] > git fetch [1227ms]
[2022-06-08T21:00:52.357Z] > git status -z -uall [84ms]
[2022-06-08T21:00:52.357Z] > git symbolic-ref --short HEAD [1ms]
[2022-06-08T21:00:52.363Z] > git for-each-ref --format=%(refname)%00%(upstream:short)%00%(objectname)%00%(upstream:track)%00%(upstream:remotename)%00%(upstream:remoteref) refs/heads/master refs/remotes/master [1ms]
[2022-06-08T21:00:52.375Z] > git remote --verbose [1ms]
[2022-06-08T21:00:52.375Z] > git for-each-ref --sort -committerdate --format %(refname) %(objectname) %(*objectname) [7ms]
[2022-06-08T21:00:52.465Z] > git config --get commit.template [1ms]
[2022-06-08T21:00:55.131Z] > git ls-files --stage -- /home/lrb96/curso_profesional_python/prime_number.py [2ms]
[2022-06-08T21:00:55.142Z] > git show --textconv :curso_profesional_python/prime_number.py [2ms]
[2022-06-08T21:03:53.653Z] > git ls-files --stage -- /home/lrb96/curso_profesional_python/prime_number.py [2ms]
[2022-06-08T21:03:53.665Z] > git show --textconv :curso_profesional_python/prime_number.py [3ms]
[2022-06-08T21:03:53.685Z] > git fetch [1212ms]
[2022-06-08T21:03:53.766Z] > git status -z -uall [78ms]
[2022-06-08T21:03:53.766Z] > git symbolic-ref --short HEAD [0ms]
[2022-06-08T21:03:53.772Z] > git for-each-ref --format=%(refname)%00%(upstream:short)%00%(objectname)%00%(upstream:track)%00%(upstream:remotename)%00%(upstream:remoteref) refs/heads/master refs/remotes/master [1ms]
[2022-06-08T21:03:53.780Z] > git remote --verbose [1ms]
[2022-06-08T21:03:53.780Z] > git for-each-ref --sort -committerdate --format %(refname) %(objectname) %(*objectname) [4ms]
[2022-06-08T21:03:53.864Z] > git config --get commit.template [2ms]
[2022-06-08T21:03:56.531Z] > git ls-files --stage -- /home/lrb96/curso_profesional_python/prime_number.py [2ms]
[2022-06-08T21:03:56.543Z] > git show --textconv :curso_profesional_python/prime_number.py [2ms]
[2022-06-08T21:05:01.355Z] > git show --textconv :curso_profesional_python/palindrome.py [4ms]
[2022-06-08T21:05:01.357Z] > git ls-files --stage -- /home/lrb96/curso_profesional_python/palindrome.py [2ms]
[2022-06-08T21:05:03.201Z] > git show --textconv :curso_profesional_python/prime_number.py [4ms]
[2022-06-08T21:05:03.203Z] > git ls-files --stage -- /home/lrb96/curso_profesional_python/prime_number.py [2ms]
[2022-06-08T21:06:55.047Z] > git ls-files --stage -- /home/lrb96/curso_profesional_python/prime_number.py [3ms]
[2022-06-08T21:06:55.057Z] > git show --textconv :curso_profesional_python/prime_number.py [2ms]
[2022-06-08T21:06:55.101Z] > git fetch [1229ms]
[2022-06-08T21:06:55.182Z] > git status -z -uall [77ms]
[2022-06-08T21:06:55.182Z] > git symbolic-ref --short HEAD [1ms]
[2022-06-08T21:06:55.187Z] > git for-each-ref --format=%(refname)%00%(upstream:short)%00%(objectname)%00%(upstream:track)%00%(upstream:remotename)%00%(upstream:remoteref) refs/heads/master refs/remotes/master [1ms]
[2022-06-08T21:06:55.194Z] > git remote --verbose [1ms]
[2022-06-08T21:06:55.194Z] > git for-each-ref --sort -committerdate --format %(refname) %(objectname) %(*objectname) [4ms]
[2022-06-08T21:06:55.279Z] > git config --get commit.template [5ms]
[2022-06-08T21:06:57.975Z] > git show --textconv :curso_profesional_python/palindrome.py [5ms]
[2022-06-08T21:06:57.977Z] > git ls-files --stage -- /home/lrb96/curso_profesional_python/palindrome.py [2ms]
[2022-06-08T21:06:58.799Z] > git show --textconv :curso_profesional_python/prime_number.py [6ms]
[2022-06-08T21:06:58.800Z] > git ls-files --stage -- /home/lrb96/curso_profesional_python/prime_number.py [1ms]
[2022-06-08T21:07:08.330Z] > git show --textconv :curso_profesional_python/palindrome.py [5ms]
[2022-06-08T21:07:08.331Z] > git ls-files --stage -- /home/lrb96/curso_profesional_python/palindrome.py [2ms]
[2022-06-08T21:07:24.077Z] > git show --textconv :curso_profesional_python/prime_number.py [4ms]
[2022-06-08T21:07:24.078Z] > git ls-files --stage -- /home/lrb96/curso_profesional_python/prime_number.py [2ms]
[2022-06-08T22:21:47.884Z] > git ls-files --stage -- /home/lrb96/curso_profesional_python/prime_number.py [3ms]
[2022-06-08T22:21:47.895Z] > git show --textconv :curso_profesional_python/prime_number.py [2ms]
[2022-06-08T22:21:47.996Z] > git fetch [1285ms]
[2022-06-08T22:21:48.075Z] > git status -z -uall [75ms]
[2022-06-08T22:21:48.075Z] > git symbolic-ref --short HEAD [0ms]
[2022-06-08T22:21:48.080Z] > git for-each-ref --format=%(refname)%00%(upstream:short)%00%(objectname)%00%(upstream:track)%00%(upstream:remotename)%00%(upstream:remoteref) refs/heads/master refs/remotes/master [1ms]
[2022-06-08T22:21:48.087Z] > git remote --verbose [1ms]
[2022-06-08T22:21:48.087Z] > git for-each-ref --sort -committerdate --format %(refname) %(objectname) %(*objectname) [3ms]
[2022-06-08T22:21:48.203Z] > git config --get commit.template [18ms]
[2022-06-08T22:21:50.939Z] > git ls-files --stage -- /home/lrb96/curso_profesional_python/prime_number.py [2ms]
[2022-06-08T22:21:50.949Z] > git show --textconv :curso_profesional_python/prime_number.py [2ms]
[2022-06-08T22:25:11.868Z] > git fetch [1358ms]
[2022-06-08T22:25:11.950Z] > git status -z -uall [77ms]
[2022-06-08T22:25:11.950Z] > git symbolic-ref --short HEAD [1ms]
[2022-06-08T22:25:11.955Z] > git for-each-ref --format=%(refname)%00%(upstream:short)%00%(objectname)%00%(upstream:track)%00%(upstream:remotename)%00%(upstream:remoteref) refs/heads/master refs/remotes/master [1ms]
[2022-06-08T22:25:11.962Z] > git remote --verbose [1ms]
[2022-06-08T22:25:11.962Z] > git for-each-ref --sort -committerdate --format %(refname) %(objectname) %(*objectname) [4ms]
[2022-06-08T22:25:12.043Z] > git config --get commit.template [1ms]
[2022-06-08T22:25:37.813Z] > git ls-files --stage -- /home/lrb96/curso_profesional_python/prime_number.py [3ms]
[2022-06-08T22:25:37.825Z] > git show --textconv :curso_profesional_python/prime_number.py [3ms]
[2022-06-08T22:27:45.022Z] > git check-ignore -v -z --stdin [6ms]
[2022-06-08T22:27:47.890Z] > git show --textconv :curso_profesional_python/closures.py [5ms]
[2022-06-08T22:27:47.892Z] > git ls-files --stage -- /home/lrb96/curso_profesional_python/closures.py [3ms]
[2022-06-08T22:29:03.961Z] > git fetch [1220ms]
[2022-06-08T22:29:04.046Z] > git status -z -uall [80ms]
[2022-06-08T22:29:04.046Z] > git symbolic-ref --short HEAD [1ms]
[2022-06-08T22:29:04.050Z] > git for-each-ref --format=%(refname)%00%(upstream:short)%00%(objectname)%00%(upstream:track)%00%(upstream:remotename)%00%(upstream:remoteref) refs/heads/master refs/remotes/master [1ms]
[2022-06-08T22:29:04.059Z] > git remote --verbose [1ms]
[2022-06-08T22:29:04.059Z] > git for-each-ref --sort -committerdate --format %(refname) %(objectname) %(*objectname) [5ms]
[2022-06-08T22:29:04.168Z] > git config --get commit.template [17ms]
[2022-06-08T22:29:07.546Z] > git ls-files --stage -- /home/lrb96/curso_profesional_python/closures.py [2ms]
[2022-06-08T22:29:07.558Z] > git show --textconv :curso_profesional_python/closures.py [3ms]
[2022-06-08T22:32:05.426Z] > git fetch [1245ms]
[2022-06-08T22:32:05.512Z] > git status -z -uall [81ms]
[2022-06-08T22:32:05.512Z] > git symbolic-ref --short HEAD [2ms]
[2022-06-08T22:32:05.517Z] > git for-each-ref --format=%(refname)%00%(upstream:short)%00%(objectname)%00%(upstream:track)%00%(upstream:remotename)%00%(upstream:remoteref) refs/heads/master refs/remotes/master [0ms]
[2022-06-08T22:32:05.525Z] > git remote --verbose [1ms]
[2022-06-08T22:32:05.525Z] > git for-each-ref --sort -committerdate --format %(refname) %(objectname) %(*objectname) [4ms]
[2022-06-08T22:32:05.607Z] > git config --get commit.template [5ms]
[2022-06-08T22:32:08.281Z] > git ls-files --stage -- /home/lrb96/curso_profesional_python/closures.py [2ms]
[2022-06-08T22:32:08.292Z] > git show --textconv :curso_profesional_python/closures.py [2ms]
[2022-06-08T22:35:06.786Z] > git ls-files --stage -- /home/lrb96/curso_profesional_python/closures.py [3ms]
[2022-06-08T22:35:06.798Z] > git show --textconv :curso_profesional_python/closures.py [3ms]
[2022-06-08T22:35:06.844Z] > git fetch [1231ms]
[2022-06-08T22:35:06.926Z] > git status -z -uall [77ms]
[2022-06-08T22:35:06.926Z] > git symbolic-ref --short HEAD [0ms]
[2022-06-08T22:35:06.932Z] > git for-each-ref --format=%(refname)%00%(upstream:short)%00%(objectname)%00%(upstream:track)%00%(upstream:remotename)%00%(upstream:remoteref) refs/heads/master refs/remotes/master [1ms]
[2022-06-08T22:35:06.939Z] > git remote --verbose [0ms]
[2022-06-08T22:35:06.940Z] > git for-each-ref --sort -committerdate --format %(refname) %(objectname) %(*objectname) [4ms]
[2022-06-08T22:35:07.019Z] > git config --get commit.template [1ms]
[2022-06-08T22:35:09.716Z] > git ls-files --stage -- /home/lrb96/curso_profesional_python/closures.py [2ms]
[2022-06-08T22:35:09.732Z] > git show --textconv :curso_profesional_python/closures.py [2ms]
[2022-06-08T22:56:16.792Z] > git fetch [1209ms]
[2022-06-08T22:56:16.877Z] > git status -z -uall [81ms]
[2022-06-08T22:56:16.877Z] > git symbolic-ref --short HEAD [1ms]
[2022-06-08T22:56:16.881Z] > git for-each-ref --format=%(refname)%00%(upstream:short)%00%(objectname)%00%(upstream:track)%00%(upstream:remotename)%00%(upstream:remoteref) refs/heads/master refs/remotes/master [0ms]
[2022-06-08T22:56:16.890Z] > git remote --verbose [1ms]
[2022-06-08T22:56:16.890Z] > git for-each-ref --sort -committerdate --format %(refname) %(objectname) %(*objectname) [4ms]
[2022-06-08T22:56:17.004Z] > git config --get commit.template [17ms]
[2022-06-08T22:56:20.033Z] > git ls-files --stage -- /home/lrb96/curso_profesional_python/closures.py [2ms]
[2022-06-08T22:56:20.045Z] > git show --textconv :curso_profesional_python/closures.py [2ms]
[2022-06-08T23:04:51.711Z] > git fetch [1250ms]
[2022-06-08T23:04:51.794Z] > git status -z -uall [77ms]
[2022-06-08T23:04:51.794Z] > git symbolic-ref --short HEAD [2ms]
[2022-06-08T23:04:51.798Z] > git for-each-ref --format=%(refname)%00%(upstream:short)%00%(objectname)%00%(upstream:track)%00%(upstream:remotename)%00%(upstream:remoteref) refs/heads/master refs/remotes/master [1ms]
[2022-06-08T23:04:51.804Z] > git remote --verbose [1ms]
[2022-06-08T23:04:51.804Z] > git for-each-ref --sort -committerdate --format %(refname) %(objectname) %(*objectname) [3ms]
[2022-06-08T23:04:51.908Z] > git config --get commit.template [14ms]
[2022-06-08T23:04:54.583Z] > git ls-files --stage -- /home/lrb96/curso_profesional_python/closures.py [3ms]
[2022-06-08T23:04:54.594Z] > git show --textconv :curso_profesional_python/closures.py [2ms]
[2022-06-08T23:08:00.177Z] > git check-ignore -v -z --stdin [6ms]
[2022-06-08T23:08:02.922Z] > git ls-files --stage -- /home/lrb96/curso_profesional_python/closures.py [3ms]
[2022-06-08T23:08:02.931Z] > git show --textconv :curso_profesional_python/closures.py [2ms]
[2022-06-08T23:08:02.969Z] > git fetch [1218ms]
[2022-06-08T23:08:03.051Z] > git status -z -uall [78ms]
[2022-06-08T23:08:03.051Z] > git symbolic-ref --short HEAD [1ms]
[2022-06-08T23:08:03.055Z] > git for-each-ref --format=%(refname)%00%(upstream:short)%00%(objectname)%00%(upstream:track)%00%(upstream:remotename)%00%(upstream:remoteref) refs/heads/master refs/remotes/master [1ms]
[2022-06-08T23:08:03.062Z] > git remote --verbose [1ms]
[2022-06-08T23:08:03.062Z] > git for-each-ref --sort -committerdate --format %(refname) %(objectname) %(*objectname) [4ms]
[2022-06-08T23:08:03.136Z] > git config --get commit.template [1ms]
[2022-06-08T23:08:05.836Z] > git show --textconv :curso_profesional_python/make_division_by.py [5ms]
[2022-06-08T23:08:05.837Z] > git ls-files --stage -- /home/lrb96/curso_profesional_python/make_division_by.py [2ms]
[2022-06-08T23:08:11.348Z] > git show --textconv :curso_profesional_python/closures.py [5ms]
[2022-06-08T23:08:11.350Z] > git ls-files --stage -- /home/lrb96/curso_profesional_python/closures.py [2ms]
[2022-06-08T23:08:13.197Z] > git show --textconv :curso_profesional_python/make_division_by.py [7ms]
[2022-06-08T23:08:13.198Z] > git ls-files --stage -- /home/lrb96/curso_profesional_python/make_division_by.py [2ms]
[2022-06-08T23:08:13.747Z] > git show --textconv :curso_profesional_python/.gitignore [5ms]
[2022-06-08T23:08:13.749Z] > git ls-files --stage -- /home/lrb96/curso_profesional_python/.gitignore [2ms]
[2022-06-08T23:08:14.454Z] > git show --textconv :curso_profesional_python/make_division_by.py [5ms]
[2022-06-08T23:08:14.456Z] > git ls-files --stage -- /home/lrb96/curso_profesional_python/make_division_by.py [3ms]
[2022-06-08T23:08:15.854Z] > git show --textconv :curso_profesional_python/closures.py [5ms]
[2022-06-08T23:08:15.856Z] > git ls-files --stage -- /home/lrb96/curso_profesional_python/closures.py [3ms]
[2022-06-08T23:08:16.747Z] > git show --textconv :curso_profesional_python/make_division_by.py [7ms]
[2022-06-08T23:08:16.749Z] > git ls-files --stage -- /home/lrb96/curso_profesional_python/make_division_by.py [2ms]
[2022-06-08T23:08:17.019Z] > git show --textconv :curso_profesional_python/closures.py [5ms]
[2022-06-08T23:08:17.021Z] > git ls-files --stage -- /home/lrb96/curso_profesional_python/closures.py [3ms]
[2022-06-08T23:08:17.884Z] > git show --textconv :curso_profesional_python/make_division_by.py [5ms]
[2022-06-08T23:08:17.887Z] > git ls-files --stage -- /home/lrb96/curso_profesional_python/make_division_by.py [3ms]
[2022-06-08T23:08:18.177Z] > git show --textconv :curso_profesional_python/closures.py [6ms]
[2022-06-08T23:08:18.179Z] > git ls-files --stage -- /home/lrb96/curso_profesional_python/closures.py [2ms]
[2022-06-08T23:08:56.569Z] > git show --textconv :curso_profesional_python/make_division_by.py [6ms]
[2022-06-08T23:08:56.572Z] > git ls-files --stage -- /home/lrb96/curso_profesional_python/make_division_by.py [4ms]
[2022-06-08T23:08:57.167Z] > git show --textconv :curso_profesional_python/closures.py [4ms]
[2022-06-08T23:08:57.169Z] > git ls-files --stage -- /home/lrb96/curso_profesional_python/closures.py [2ms]
[2022-06-08T23:08:58.198Z] > git show --textconv :curso_profesional_python/make_division_by.py [4ms]
[2022-06-08T23:08:58.200Z] > git ls-files --stage -- /home/lrb96/curso_profesional_python/make_division_by.py [2ms]
[2022-06-08T23:09:02.368Z] > git show --textconv :curso_profesional_python/closures.py [5ms]
[2022-06-08T23:09:02.369Z] > git ls-files --stage -- /home/lrb96/curso_profesional_python/closures.py [3ms]
[2022-06-08T23:09:03.011Z] > git show --textconv :curso_profesional_python/make_division_by.py [6ms]
[2022-06-08T23:09:03.013Z] > git ls-files --stage -- /home/lrb96/curso_profesional_python/make_division_by.py [2ms]
[2022-06-08T23:09:04.488Z] > git show --textconv :curso_profesional_python/closures.py [4ms]
[2022-06-08T23:09:04.490Z] > git ls-files --stage -- /home/lrb96/curso_profesional_python/closures.py [3ms]
[2022-06-08T23:09:04.948Z] > git show --textconv :curso_profesional_python/make_division_by.py [4ms]
[2022-06-08T23:09:04.950Z] > git ls-files --stage -- /home/lrb96/curso_profesional_python/make_division_by.py [2ms]
[2022-06-08T23:09:07.350Z] > git show --textconv :curso_profesional_python/closures.py [4ms]
[2022-06-08T23:09:07.351Z] > git ls-files --stage -- /home/lrb96/curso_profesional_python/closures.py [2ms]
[2022-06-08T23:09:08.638Z] > git show --textconv :curso_profesional_python/make_division_by.py [8ms]
[2022-06-08T23:09:08.639Z] > git ls-files --stage -- /home/lrb96/curso_profesional_python/make_division_by.py [3ms]
[2022-06-08T23:09:09.347Z] > git show --textconv :curso_profesional_python/closures.py [4ms]
[2022-06-08T23:09:09.349Z] > git ls-files --stage -- /home/lrb96/curso_profesional_python/closures.py [2ms]
[2022-06-08T23:09:10.736Z] > git show --textconv :curso_profesional_python/make_division_by.py [4ms]
[2022-06-08T23:09:10.738Z] > git ls-files --stage -- /home/lrb96/curso_profesional_python/make_division_by.py [2ms]
[2022-06-08T23:09:11.124Z] > git show --textconv :curso_profesional_python/closures.py [4ms]
[2022-06-08T23:09:11.126Z] > git ls-files --stage -- /home/lrb96/curso_profesional_python/closures.py [3ms]
[2022-06-08T23:09:42.835Z] > git show --textconv :curso_profesional_python/make_division_by.py [5ms]
[2022-06-08T23:09:42.838Z] > git ls-files --stage -- /home/lrb96/curso_profesional_python/make_division_by.py [4ms]
[2022-06-08T23:09:43.637Z] > git show --textconv :curso_profesional_python/closures.py [4ms]
[2022-06-08T23:09:43.639Z] > git ls-files --stage -- /home/lrb96/curso_profesional_python/closures.py [2ms]
[2022-06-08T23:09:49.825Z] > git show --textconv :curso_profesional_python/make_division_by.py [7ms]
[2022-06-08T23:09:49.825Z] > git ls-files --stage -- /home/lrb96/curso_profesional_python/make_division_by.py [1ms]
[2022-06-08T23:10:02.895Z] > git show --textconv :curso_profesional_python/closures.py [5ms]
[2022-06-08T23:10:02.897Z] > git ls-files --stage -- /home/lrb96/curso_profesional_python/closures.py [3ms]
[2022-06-08T23:10:03.988Z] > git show --textconv :curso_profesional_python/make_division_by.py [5ms]
[2022-06-08T23:10:03.990Z] > git ls-files --stage -- /home/lrb96/curso_profesional_python/make_division_by.py [2ms]
[2022-06-08T23:10:20.390Z] > git show --textconv :curso_profesional_python/closures.py [6ms]
[2022-06-08T23:10:20.391Z] > git ls-files --stage -- /home/lrb96/curso_profesional_python/closures.py [2ms]
[2022-06-08T23:10:22.056Z] > git show --textconv :curso_profesional_python/make_division_by.py [4ms]
[2022-06-08T23:10:22.058Z] > git ls-files --stage -- /home/lrb96/curso_profesional_python/make_division_by.py [2ms]
[2022-06-08T23:10:26.273Z] > git show --textconv :curso_profesional_python/closures.py [4ms]
[2022-06-08T23:10:26.275Z] > git ls-files --stage -- /home/lrb96/curso_profesional_python/closures.py [2ms]
[2022-06-08T23:10:26.888Z] > git show --textconv :curso_profesional_python/make_division_by.py [6ms]
[2022-06-08T23:10:26.890Z] > git ls-files --stage -- /home/lrb96/curso_profesional_python/make_division_by.py [3ms]
[2022-06-08T23:10:30.838Z] > git show --textconv :curso_profesional_python/closures.py [5ms]
[2022-06-08T23:10:30.840Z] > git ls-files --stage -- /home/lrb96/curso_profesional_python/closures.py [2ms]
[2022-06-08T23:10:31.407Z] > git show --textconv :curso_profesional_python/make_division_by.py [6ms]
[2022-06-08T23:10:31.408Z] > git ls-files --stage -- /home/lrb96/curso_profesional_python/make_division_by.py [2ms]
[2022-06-08T23:10:36.498Z] > git show --textconv :curso_profesional_python/closures.py [4ms]
[2022-06-08T23:10:36.500Z] > git ls-files --stage -- /home/lrb96/curso_profesional_python/closures.py [2ms]
[2022-06-08T23:10:37.238Z] > git show --textconv :curso_profesional_python/make_division_by.py [5ms]
[2022-06-08T23:10:37.241Z] > git ls-files --stage -- /home/lrb96/curso_profesional_python/make_division_by.py [3ms]
[2022-06-08T23:10:58.231Z] > git show --textconv :curso_profesional_python/closures.py [4ms]
[2022-06-08T23:10:58.233Z] > git ls-files --stage -- /home/lrb96/curso_profesional_python/closures.py [2ms]
[2022-06-08T23:10:59.236Z] > git show --textconv :curso_profesional_python/make_division_by.py [4ms]
[2022-06-08T23:10:59.238Z] > git ls-files --stage -- /home/lrb96/curso_profesional_python/make_division_by.py [2ms]
[2022-06-08T23:11:04.312Z] > git ls-files --stage -- /home/lrb96/curso_profesional_python/make_division_by.py [3ms]
[2022-06-08T23:11:04.323Z] > git show --textconv :curso_profesional_python/make_division_by.py [2ms]
[2022-06-08T23:11:04.352Z] > git fetch [1211ms]
[2022-06-08T23:11:04.434Z] > git status -z -uall [77ms]
[2022-06-08T23:11:04.435Z] > git symbolic-ref --short HEAD [1ms]
[2022-06-08T23:11:04.439Z] > git for-each-ref --format=%(refname)%00%(upstream:short)%00%(objectname)%00%(upstream:track)%00%(upstream:remotename)%00%(upstream:remoteref) refs/heads/master refs/remotes/master [0ms]
[2022-06-08T23:11:04.448Z] > git remote --verbose [1ms]
[2022-06-08T23:11:04.448Z] > git for-each-ref --sort -committerdate --format %(refname) %(objectname) %(*objectname) [5ms]
[2022-06-08T23:11:04.535Z] > git config --get commit.template [3ms]
[2022-06-08T23:11:07.197Z] > git ls-files --stage -- /home/lrb96/curso_profesional_python/make_division_by.py [2ms]
[2022-06-08T23:11:07.211Z] > git show --textconv :curso_profesional_python/make_division_by.py [2ms]
[2022-06-08T23:11:11.640Z] > git show --textconv :curso_profesional_python/closures.py [4ms]
[2022-06-08T23:11:11.642Z] > git ls-files --stage -- /home/lrb96/curso_profesional_python/closures.py [2ms]
[2022-06-08T23:11:12.287Z] > git show --textconv :curso_profesional_python/make_division_by.py [6ms]
[2022-06-08T23:11:12.289Z] > git ls-files --stage -- /home/lrb96/curso_profesional_python/make_division_by.py [2ms]
[2022-06-08T23:12:08.847Z] > git show --textconv :curso_profesional_python/closures.py [4ms]
[2022-06-08T23:12:08.849Z] > git ls-files --stage -- /home/lrb96/curso_profesional_python/closures.py [2ms]
[2022-06-08T23:12:09.754Z] > git show --textconv :curso_profesional_python/make_division_by.py [4ms]
[2022-06-08T23:12:09.756Z] > git ls-files --stage -- /home/lrb96/curso_profesional_python/make_division_by.py [2ms]
[2022-06-08T23:12:17.763Z] > git show --textconv :curso_profesional_python/closures.py [4ms]
[2022-06-08T23:12:17.765Z] > git ls-files --stage -- /home/lrb96/curso_profesional_python/closures.py [2ms]
[2022-06-08T23:12:18.362Z] > git show --textconv :curso_profesional_python/make_division_by.py [5ms]
[2022-06-08T23:12:18.363Z] > git ls-files --stage -- /home/lrb96/curso_profesional_python/make_division_by.py [2ms]
[2022-06-08T23:12:28.490Z] > git show --textconv :curso_profesional_python/closures.py [8ms]
[2022-06-08T23:12:28.491Z] > git ls-files --stage -- /home/lrb96/curso_profesional_python/closures.py [5ms]
[2022-06-08T23:12:29.233Z] > git show --textconv :curso_profesional_python/make_division_by.py [5ms]
[2022-06-08T23:12:29.235Z] > git ls-files --stage -- /home/lrb96/curso_profesional_python/make_division_by.py [2ms]
[2022-06-08T23:12:37.291Z] > git show --textconv :curso_profesional_python/closures.py [6ms]
[2022-06-08T23:12:37.292Z] > git ls-files --stage -- /home/lrb96/curso_profesional_python/closures.py [2ms]
[2022-06-08T23:12:38.899Z] > git show --textconv :curso_profesional_python/make_division_by.py [5ms]
[2022-06-08T23:12:38.901Z] > git ls-files --stage -- /home/lrb96/curso_profesional_python/make_division_by.py [3ms]
[2022-06-08T23:13:28.699Z] > git show --textconv :curso_profesional_python/closures.py [4ms]
[2022-06-08T23:13:28.701Z] > git ls-files --stage -- /home/lrb96/curso_profesional_python/closures.py [2ms]
[2022-06-08T23:13:29.273Z] > git show --textconv :curso_profesional_python/make_division_by.py [4ms]
[2022-06-08T23:13:29.275Z] > git ls-files --stage -- /home/lrb96/curso_profesional_python/make_division_by.py [2ms]
[2022-06-08T23:14:05.718Z] > git ls-files --stage -- /home/lrb96/curso_profesional_python/make_division_by.py [2ms]
[2022-06-08T23:14:05.728Z] > git show --textconv :curso_profesional_python/make_division_by.py [2ms]
[2022-06-08T23:14:05.757Z] > git fetch [1214ms]
[2022-06-08T23:14:05.838Z] > git status -z -uall [76ms]
[2022-06-08T23:14:05.839Z] > git symbolic-ref --short HEAD [2ms]
[2022-06-08T23:14:05.844Z] > git for-each-ref --format=%(refname)%00%(upstream:short)%00%(objectname)%00%(upstream:track)%00%(upstream:remotename)%00%(upstream:remoteref) refs/heads/master refs/remotes/master [1ms]
[2022-06-08T23:14:05.851Z] > git remote --verbose [1ms]
[2022-06-08T23:14:05.851Z] > git for-each-ref --sort -committerdate --format %(refname) %(objectname) %(*objectname) [4ms]
[2022-06-08T23:14:05.933Z] > git config --get commit.template [6ms]
[2022-06-08T23:14:08.560Z] > git ls-files --stage -- /home/lrb96/curso_profesional_python/make_division_by.py [3ms]
[2022-06-08T23:14:08.572Z] > git show --textconv :curso_profesional_python/make_division_by.py [2ms]
[2022-06-08T23:14:35.047Z] > git show --textconv :curso_profesional_python/closures.py [4ms]
[2022-06-08T23:14:35.049Z] > git ls-files --stage -- /home/lrb96/curso_profesional_python/closures.py [2ms]
[2022-06-08T23:14:40.257Z] > git show --textconv :curso_profesional_python/make_division_by.py [7ms]
[2022-06-08T23:14:40.259Z] > git ls-files --stage -- /home/lrb96/curso_profesional_python/make_division_by.py [2ms]
[2022-06-08T23:14:48.499Z] > git show --textconv :curso_profesional_python/closures.py [5ms]
[2022-06-08T23:14:48.500Z] > git ls-files --stage -- /home/lrb96/curso_profesional_python/closures.py [1ms]
[2022-06-08T23:14:49.847Z] > git show --textconv :curso_profesional_python/make_division_by.py [5ms]
[2022-06-08T23:14:49.857Z] > git ls-files --stage -- /home/lrb96/curso_profesional_python/make_division_by.py [10ms]
[2022-06-08T23:14:57.122Z] > git show --textconv :curso_profesional_python/closures.py [5ms]
[2022-06-08T23:14:57.124Z] > git ls-files --stage -- /home/lrb96/curso_profesional_python/closures.py [3ms]
[2022-06-08T23:14:58.571Z] > git show --textconv :curso_profesional_python/make_division_by.py [6ms]
[2022-06-08T23:14:58.572Z] > git ls-files --stage -- /home/lrb96/curso_profesional_python/make_division_by.py [2ms]
[2022-06-08T23:15:08.466Z] > git show --textconv :curso_profesional_python/closures.py [7ms]
[2022-06-08T23:15:08.469Z] > git ls-files --stage -- /home/lrb96/curso_profesional_python/closures.py [4ms]
[2022-06-08T23:15:09.728Z] > git show --textconv :curso_profesional_python/make_division_by.py [7ms]
[2022-06-08T23:15:09.730Z] > git ls-files --stage -- /home/lrb96/curso_profesional_python/make_division_by.py [4ms]
[2022-06-08T23:15:16.473Z] > git show --textconv :curso_profesional_python/closures.py [5ms]
[2022-06-08T23:15:16.474Z] > git ls-files --stage -- /home/lrb96/curso_profesional_python/closures.py [2ms]
[2022-06-08T23:15:17.400Z] > git show --textconv :curso_profesional_python/make_division_by.py [5ms]
[2022-06-08T23:15:17.401Z] > git ls-files --stage -- /home/lrb96/curso_profesional_python/make_division_by.py [2ms]
[2022-06-08T23:15:18.921Z] > git show --textconv :curso_profesional_python/closures.py [6ms]
[2022-06-08T23:15:18.923Z] > git ls-files --stage -- /home/lrb96/curso_profesional_python/closures.py [2ms]
[2022-06-08T23:15:19.673Z] > git show --textconv :curso_profesional_python/make_division_by.py [5ms]
[2022-06-08T23:15:19.674Z] > git ls-files --stage -- /home/lrb96/curso_profesional_python/make_division_by.py [2ms]
[2022-06-08T23:17:21.803Z] > git ls-files --stage -- /home/lrb96/curso_profesional_python/make_division_by.py [4ms]
[2022-06-08T23:17:21.814Z] > git show --textconv :curso_profesional_python/make_division_by.py [2ms]
[2022-06-08T23:17:21.868Z] > git fetch [1238ms]
[2022-06-08T23:17:21.949Z] > git status -z -uall [75ms]
[2022-06-08T23:17:21.949Z] > git symbolic-ref --short HEAD [1ms]
[2022-06-08T23:17:21.954Z] > git for-each-ref --format=%(refname)%00%(upstream:short)%00%(objectname)%00%(upstream:track)%00%(upstream:remotename)%00%(upstream:remoteref) refs/heads/master refs/remotes/master [1ms]
[2022-06-08T23:17:21.960Z] > git remote --verbose [0ms]
[2022-06-08T23:17:21.960Z] > git for-each-ref --sort -committerdate --format %(refname) %(objectname) %(*objectname) [3ms]
[2022-06-08T23:17:22.063Z] > git config --get commit.template [12ms]
[2022-06-08T23:17:24.675Z] > git ls-files --stage -- /home/lrb96/curso_profesional_python/make_division_by.py [2ms]
[2022-06-08T23:17:24.686Z] > git show --textconv :curso_profesional_python/make_division_by.py [2ms]
[2022-06-08T23:18:50.869Z] > git show --textconv :curso_profesional_python/closures.py [4ms]
[2022-06-08T23:18:50.871Z] > git ls-files --stage -- /home/lrb96/curso_profesional_python/closures.py [2ms]
[2022-06-08T23:18:51.676Z] > git show --textconv :curso_profesional_python/make_division_by.py [5ms]
[2022-06-08T23:18:51.678Z] > git ls-files --stage -- /home/lrb96/curso_profesional_python/make_division_by.py [2ms]
[2022-06-08T23:18:52.843Z] > git show --textconv :curso_profesional_python/closures.py [4ms]
[2022-06-08T23:18:52.844Z] > git ls-files --stage -- /home/lrb96/curso_profesional_python/closures.py [2ms]
[2022-06-08T23:18:53.544Z] > git show --textconv :curso_profesional_python/make_division_by.py [5ms]
[2022-06-08T23:18:53.545Z] > git ls-files --stage -- /home/lrb96/curso_profesional_python/make_division_by.py [2ms]
[2022-06-08T23:18:56.207Z] > git show --textconv :curso_profesional_python/closures.py [5ms]
[2022-06-08T23:18:56.208Z] > git ls-files --stage -- /home/lrb96/curso_profesional_python/closures.py [1ms]
[2022-06-08T23:18:57.264Z] > git show --textconv :curso_profesional_python/make_division_by.py [4ms]
[2022-06-08T23:18:57.266Z] > git ls-files --stage -- /home/lrb96/curso_profesional_python/make_division_by.py [2ms]
[2022-06-08T23:18:58.279Z] > git show --textconv :curso_profesional_python/closures.py [8ms]
[2022-06-08T23:18:58.281Z] > git ls-files --stage -- /home/lrb96/curso_profesional_python/closures.py [3ms]
[2022-06-08T23:18:59.019Z] > git show --textconv :curso_profesional_python/make_division_by.py [4ms]
[2022-06-08T23:18:59.021Z] > git ls-files --stage -- /home/lrb96/curso_profesional_python/make_division_by.py [2ms]
[2022-06-08T23:18:59.474Z] > git show --textconv :curso_profesional_python/closures.py [5ms]
[2022-06-08T23:18:59.477Z] > git ls-files --stage -- /home/lrb96/curso_profesional_python/closures.py [3ms]
[2022-06-08T23:19:00.104Z] > git show --textconv :curso_profesional_python/make_division_by.py [7ms]
[2022-06-08T23:19:00.106Z] > git ls-files --stage -- /home/lrb96/curso_profesional_python/make_division_by.py [3ms]
[2022-06-08T23:20:32.360Z] > git ls-files --stage -- /home/lrb96/curso_profesional_python/make_division_by.py [3ms]
[2022-06-08T23:20:32.372Z] > git show --textconv :curso_profesional_python/make_division_by.py [3ms]
[2022-06-08T23:20:32.409Z] > git fetch [1223ms]
[2022-06-08T23:20:32.490Z] > git status -z -uall [75ms]
[2022-06-08T23:20:32.490Z] > git symbolic-ref --short HEAD [1ms]
[2022-06-08T23:20:32.496Z] > git for-each-ref --format=%(refname)%00%(upstream:short)%00%(objectname)%00%(upstream:track)%00%(upstream:remotename)%00%(upstream:remoteref) refs/heads/master refs/remotes/master [2ms]
[2022-06-08T23:20:32.503Z] > git remote --verbose [0ms]
[2022-06-08T23:20:32.504Z] > git for-each-ref --sort -committerdate --format %(refname) %(objectname) %(*objectname) [4ms]
[2022-06-08T23:20:32.611Z] > git config --get commit.template [16ms]
[2022-06-08T23:20:35.238Z] > git ls-files --stage -- /home/lrb96/curso_profesional_python/make_division_by.py [3ms]
[2022-06-08T23:20:35.250Z] > git show --textconv :curso_profesional_python/make_division_by.py [3ms]
[2022-06-08T23:23:33.809Z] > git ls-files --stage -- /home/lrb96/curso_profesional_python/make_division_by.py [2ms]
[2022-06-08T23:23:33.819Z] > git show --textconv :curso_profesional_python/make_division_by.py [2ms]
[2022-06-08T23:23:33.842Z] > git fetch [1222ms]
[2022-06-08T23:23:33.920Z] > git status -z -uall [74ms]
[2022-06-08T23:23:33.920Z] > git symbolic-ref --short HEAD [1ms]
[2022-06-08T23:23:33.924Z] > git for-each-ref --format=%(refname)%00%(upstream:short)%00%(objectname)%00%(upstream:track)%00%(upstream:remotename)%00%(upstream:remoteref) refs/heads/master refs/remotes/master [0ms]
[2022-06-08T23:23:33.931Z] > git remote --verbose [0ms]
[2022-06-08T23:23:33.933Z] > git for-each-ref --sort -committerdate --format %(refname) %(objectname) %(*objectname) [5ms]
[2022-06-08T23:23:34.048Z] > git config --get commit.template [20ms]
[2022-06-08T23:23:36.657Z] > git ls-files --stage -- /home/lrb96/curso_profesional_python/make_division_by.py [2ms]
[2022-06-08T23:23:36.669Z] > git show --textconv :curso_profesional_python/make_division_by.py [2ms]
[2022-06-08T23:45:08.429Z] > git ls-files --stage -- /home/lrb96/curso_profesional_python/make_division_by.py [3ms]
[2022-06-08T23:45:08.441Z] > git show --textconv :curso_profesional_python/make_division_by.py [3ms]
[2022-06-08T23:45:08.478Z] > git fetch [1225ms]
[2022-06-08T23:45:08.559Z] > git status -z -uall [77ms]
[2022-06-08T23:45:08.559Z] > git symbolic-ref --short HEAD [1ms]
[2022-06-08T23:45:08.565Z] > git for-each-ref --format=%(refname)%00%(upstream:short)%00%(objectname)%00%(upstream:track)%00%(upstream:remotename)%00%(upstream:remoteref) refs/heads/master refs/remotes/master [1ms]
[2022-06-08T23:45:08.572Z] > git remote --verbose [1ms]
[2022-06-08T23:45:08.573Z] > git for-each-ref --sort -committerdate --format %(refname) %(objectname) %(*objectname) [5ms]
[2022-06-08T23:45:08.681Z] > git config --get commit.template [15ms]
[2022-06-08T23:45:27.866Z] > git ls-files --stage -- /home/lrb96/curso_profesional_python/make_division_by.py [3ms]
[2022-06-08T23:45:27.877Z] > git show --textconv :curso_profesional_python/make_division_by.py [2ms]
[2022-06-08T23:45:53.928Z] > git check-ignore -v -z --stdin [4ms]
[2022-06-08T23:45:55.886Z] > git show --textconv :curso_profesional_python/decorators.py [4ms]
[2022-06-08T23:45:55.887Z] > git ls-files --stage -- /home/lrb96/curso_profesional_python/decorators.py [2ms]
[2022-06-08T23:48:09.910Z] > git fetch [1223ms]
[2022-06-08T23:48:09.993Z] > git status -z -uall [77ms]
[2022-06-08T23:48:09.993Z] > git symbolic-ref --short HEAD [1ms]
[2022-06-08T23:48:09.998Z] > git for-each-ref --format=%(refname)%00%(upstream:short)%00%(objectname)%00%(upstream:track)%00%(upstream:remotename)%00%(upstream:remoteref) refs/heads/master refs/remotes/master [1ms]
[2022-06-08T23:48:10.008Z] > git remote --verbose [3ms]
[2022-06-08T23:48:10.008Z] > git for-each-ref --sort -committerdate --format %(refname) %(objectname) %(*objectname) [6ms]
[2022-06-08T23:48:10.163Z] > git config --get commit.template [1ms]
[2022-06-08T23:48:12.932Z] > git ls-files --stage -- /home/lrb96/curso_profesional_python/decorators.py [3ms]
[2022-06-08T23:48:12.946Z] > git show --textconv :curso_profesional_python/decorators.py [4ms]
[2022-06-08T23:51:11.367Z] > git ls-files --stage -- /home/lrb96/curso_profesional_python/decorators.py [3ms]
[2022-06-08T23:51:11.377Z] > git show --textconv :curso_profesional_python/decorators.py [2ms]
[2022-06-08T23:51:11.391Z] > git fetch [1222ms]
[2022-06-08T23:51:11.471Z] > git status -z -uall [76ms]
[2022-06-08T23:51:11.471Z] > git symbolic-ref --short HEAD [1ms]
[2022-06-08T23:51:11.475Z] > git for-each-ref --format=%(refname)%00%(upstream:short)%00%(objectname)%00%(upstream:track)%00%(upstream:remotename)%00%(upstream:remoteref) refs/heads/master refs/remotes/master [1ms]
[2022-06-08T23:51:11.482Z] > git remote --verbose [1ms]
[2022-06-08T23:51:11.482Z] > git for-each-ref --sort -committerdate --format %(refname) %(objectname) %(*objectname) [4ms]
[2022-06-08T23:51:11.564Z] > git config --get commit.template [5ms]
[2022-06-08T23:51:14.244Z] > git ls-files --stage -- /home/lrb96/curso_profesional_python/decorators.py [2ms]
[2022-06-08T23:51:14.256Z] > git show --textconv :curso_profesional_python/decorators.py [2ms]
[2022-06-08T23:54:15.351Z] > git fetch [1218ms]
[2022-06-08T23:54:15.436Z] > git status -z -uall [79ms]
[2022-06-08T23:54:15.436Z] > git symbolic-ref --short HEAD [1ms]
[2022-06-08T23:54:15.441Z] > git for-each-ref --format=%(refname)%00%(upstream:short)%00%(objectname)%00%(upstream:track)%00%(upstream:remotename)%00%(upstream:remoteref) refs/heads/master refs/remotes/master [1ms]
[2022-06-08T23:54:15.448Z] > git remote --verbose [0ms]
[2022-06-08T23:54:15.449Z] > git for-each-ref --sort -committerdate --format %(refname) %(objectname) %(*objectname) [3ms]
[2022-06-08T23:54:15.555Z] > git config --get commit.template [12ms]
[2022-06-08T23:54:18.209Z] > git ls-files --stage -- /home/lrb96/curso_profesional_python/decorators.py [3ms]
[2022-06-08T23:54:18.222Z] > git show --textconv :curso_profesional_python/decorators.py [2ms]
[2022-06-08T23:55:12.639Z] > git show --textconv :curso_profesional_python/closures.py [5ms]
[2022-06-08T23:55:12.641Z] > git ls-files --stage -- /home/lrb96/curso_profesional_python/closures.py [3ms]
[2022-06-08T23:55:15.585Z] > git show --textconv :curso_profesional_python/decorators.py [5ms]
[2022-06-08T23:55:15.586Z] > git ls-files --stage -- /home/lrb96/curso_profesional_python/decorators.py [2ms]
[2022-06-08T23:55:21.790Z] > git show --textconv :curso_profesional_python/make_division_by.py [4ms]
[2022-06-08T23:55:21.792Z] > git ls-files --stage -- /home/lrb96/curso_profesional_python/make_division_by.py [2ms]
[2022-06-08T23:55:25.968Z] > git show --textconv :curso_profesional_python/closures.py [6ms]
[2022-06-08T23:55:25.971Z] > git ls-files --stage -- /home/lrb96/curso_profesional_python/closures.py [3ms]
[2022-06-08T23:55:32.271Z] > git show --textconv :curso_profesional_python/decorators.py [5ms]
[2022-06-08T23:55:32.273Z] > git ls-files --stage -- /home/lrb96/curso_profesional_python/decorators.py [3ms]
[2022-06-08T23:57:48.209Z] > git ls-files --stage -- /home/lrb96/curso_profesional_python/decorators.py [3ms]
[2022-06-08T23:57:48.221Z] > git show --textconv :curso_profesional_python/decorators.py [3ms]
[2022-06-08T23:57:48.245Z] > git fetch [1207ms]
[2022-06-08T23:57:48.330Z] > git status -z -uall [81ms]
[2022-06-08T23:57:48.330Z] > git symbolic-ref --short HEAD [2ms]
[2022-06-08T23:57:48.334Z] > git for-each-ref --format=%(refname)%00%(upstream:short)%00%(objectname)%00%(upstream:track)%00%(upstream:remotename)%00%(upstream:remoteref) refs/heads/master refs/remotes/master [0ms]
[2022-06-08T23:57:48.341Z] > git remote --verbose [1ms]
[2022-06-08T23:57:48.341Z] > git for-each-ref --sort -committerdate --format %(refname) %(objectname) %(*objectname) [3ms]
[2022-06-08T23:57:48.450Z] > git config --get commit.template [15ms]
