[Info  - 3:20:00 PM] (241) Pylance language server 2022.5.3 (pyright 73c82fab) starting
[Info  - 3:20:00 PM] (241) Server root directory: /home/lrb96/.vscode-server/extensions/ms-python.vscode-pylance-2022.5.3/dist
Notebook support: Legacy
[Info  - 3:20:00 PM] (241) No configuration file found.
[Info  - 3:20:00 PM] (241) No pyproject.toml file found.
[Info  - 3:20:00 PM] (241) Setting pythonPath for service "home": "/home/lrb96/curso_python_intermedio/venv/bin/python"
[Warn  - 3:20:00 PM] (241) stubPath /home/typings is not a valid directory.
[Info  - 3:20:00 PM] (241) Assuming Python version 3.8
[Info  - 3:20:00 PM] (241) Assuming Python platform Linux
[Info  - 3:20:01 PM] (241) Searching for source files
[Info  - 3:20:01 PM] (241) Auto-excluding /home/lrb96/curso_poo_algoritmos_python/venv
[Info  - 3:20:01 PM] (241) Auto-excluding /home/lrb96/curso_python_intermedio/venv
[Info  - 3:20:01 PM] (241) Auto-excluding /home/lrb96/portafolio_python/venv
[Info  - 3:20:01 PM] (241) Found 22 source files
[Info  - 3:20:01 PM] (241) Background analysis(1) root directory: /home/lrb96/.vscode-server/extensions/ms-python.vscode-pylance-2022.5.3/dist
[Info  - 3:20:01 PM] (241) Background analysis(1) started
[Info  - 3:20:01 PM] (241) Indexer background runner(2) root directory: /home/lrb96/.vscode-server/extensions/ms-python.vscode-pylance-2022.5.3/dist (index)
[Info  - 3:20:01 PM] (241) Indexing(2) started
[Info  - 3:20:01 PM] (241) Indexer done(2). indexed 425 files
[Info  - 3:26:29 PM] (241) Searching for source files
[Info  - 3:26:29 PM] (241) Auto-excluding /home/lrb96/curso_poo_algoritmos_python/venv
[Info  - 3:26:29 PM] (241) Auto-excluding /home/lrb96/curso_python_intermedio/venv
[Info  - 3:26:29 PM] (241) Auto-excluding /home/lrb96/portafolio_python/venv
[Info  - 3:26:29 PM] (241) Found 22 source files
[Info  - 3:27:42 PM] (241) Searching for source files
[Info  - 3:27:42 PM] (241) Auto-excluding /home/lrb96/curso_poo_algoritmos_python/venv
[Info  - 3:27:42 PM] (241) Auto-excluding /home/lrb96/curso_profesional_python/venv
[Info  - 3:27:42 PM] (241) Auto-excluding /home/lrb96/curso_python_intermedio/venv
[Info  - 3:27:42 PM] (241) Auto-excluding /home/lrb96/portafolio_python/venv
[Info  - 3:27:42 PM] (241) Found 22 source files
[Info  - 3:27:43 PM] (241) Searching for source files
[Info  - 3:27:43 PM] (241) Auto-excluding /home/lrb96/curso_poo_algoritmos_python/venv
[Info  - 3:27:43 PM] (241) Auto-excluding /home/lrb96/curso_profesional_python/venv
[Info  - 3:27:43 PM] (241) Auto-excluding /home/lrb96/curso_python_intermedio/venv
[Info  - 3:27:43 PM] (241) Auto-excluding /home/lrb96/portafolio_python/venv
[Info  - 3:27:43 PM] (241) Found 22 source files
[Info  - 3:35:50 PM] (241) Searching for source files
[Info  - 3:35:50 PM] (241) Auto-excluding /home/lrb96/curso_poo_algoritmos_python/venv
[Info  - 3:35:50 PM] (241) Auto-excluding /home/lrb96/curso_profesional_python/venv
[Info  - 3:35:50 PM] (241) Auto-excluding /home/lrb96/curso_python_intermedio/venv
[Info  - 3:35:50 PM] (241) Auto-excluding /home/lrb96/portafolio_python/venv
[Info  - 3:35:50 PM] (241) Found 22 source files
[Info  - 3:37:13 PM] (241) Searching for source files
[Info  - 3:37:13 PM] (241) Auto-excluding /home/lrb96/curso_poo_algoritmos_python/venv
[Info  - 3:37:13 PM] (241) Auto-excluding /home/lrb96/curso_profesional_python/venv
[Info  - 3:37:13 PM] (241) Auto-excluding /home/lrb96/curso_python_intermedio/venv
[Info  - 3:37:13 PM] (241) Auto-excluding /home/lrb96/portafolio_python/venv
[Info  - 3:37:13 PM] (241) Found 22 source files
[Info  - 3:37:14 PM] (241) Searching for source files
[Info  - 3:37:14 PM] (241) Auto-excluding /home/lrb96/curso_poo_algoritmos_python/venv
[Info  - 3:37:14 PM] (241) Auto-excluding /home/lrb96/curso_profesional_python/venv
[Info  - 3:37:14 PM] (241) Auto-excluding /home/lrb96/curso_python_intermedio/venv
[Info  - 3:37:14 PM] (241) Auto-excluding /home/lrb96/portafolio_python/venv
[Info  - 3:37:14 PM] (241) Found 22 source files
[Info  - 3:37:15 PM] (241) Searching for source files
[Info  - 3:37:15 PM] (241) Auto-excluding /home/lrb96/curso_poo_algoritmos_python/venv
[Info  - 3:37:15 PM] (241) Auto-excluding /home/lrb96/curso_profesional_python/venv
[Info  - 3:37:15 PM] (241) Auto-excluding /home/lrb96/curso_python_intermedio/venv
[Info  - 3:37:15 PM] (241) Auto-excluding /home/lrb96/portafolio_python/venv
[Info  - 3:37:15 PM] (241) Found 22 source files
[Info  - 3:37:17 PM] (241) Searching for source files
[Info  - 3:37:17 PM] (241) Auto-excluding /home/lrb96/curso_poo_algoritmos_python/venv
[Info  - 3:37:17 PM] (241) Auto-excluding /home/lrb96/curso_profesional_python/venv
[Info  - 3:37:17 PM] (241) Auto-excluding /home/lrb96/curso_python_intermedio/venv
[Info  - 3:37:17 PM] (241) Auto-excluding /home/lrb96/portafolio_python/venv
[Info  - 3:37:17 PM] (241) Found 22 source files
[Info  - 3:38:06 PM] (241) Searching for source files
[Info  - 3:38:06 PM] (241) Auto-excluding /home/lrb96/curso_poo_algoritmos_python/venv
[Info  - 3:38:06 PM] (241) Auto-excluding /home/lrb96/curso_profesional_python/venv
[Info  - 3:38:06 PM] (241) Auto-excluding /home/lrb96/curso_python_intermedio/venv
[Info  - 3:38:06 PM] (241) Auto-excluding /home/lrb96/portafolio_python/venv
[Info  - 3:38:06 PM] (241) Found 23 source files
[Info  - 3:40:02 PM] (241) Searching for source files
[Info  - 3:40:02 PM] (241) Auto-excluding /home/lrb96/curso_poo_algoritmos_python/venv
[Info  - 3:40:02 PM] (241) Auto-excluding /home/lrb96/curso_profesional_python/venv
[Info  - 3:40:02 PM] (241) Auto-excluding /home/lrb96/curso_python_intermedio/venv
[Info  - 3:40:02 PM] (241) Auto-excluding /home/lrb96/portafolio_python/venv
[Info  - 3:40:02 PM] (241) Found 23 source files
[Info  - 3:55:28 PM] (241) Searching for source files
[Info  - 3:55:28 PM] (241) Auto-excluding /home/lrb96/curso_poo_algoritmos_python/venv
[Info  - 3:55:28 PM] (241) Auto-excluding /home/lrb96/curso_profesional_python/venv
[Info  - 3:55:28 PM] (241) Auto-excluding /home/lrb96/curso_python_intermedio/venv
[Info  - 3:55:28 PM] (241) Auto-excluding /home/lrb96/portafolio_python/venv
[Info  - 3:55:28 PM] (241) Found 23 source files
[Info  - 3:56:46 PM] (241) Searching for source files
[Info  - 3:56:46 PM] (241) Auto-excluding /home/lrb96/curso_poo_algoritmos_python/venv
[Info  - 3:56:46 PM] (241) Auto-excluding /home/lrb96/curso_profesional_python/venv
[Info  - 3:56:46 PM] (241) Auto-excluding /home/lrb96/curso_python_intermedio/venv
[Info  - 3:56:46 PM] (241) Auto-excluding /home/lrb96/portafolio_python/venv
[Info  - 3:56:46 PM] (241) Found 24 source files
[Info  - 3:59:20 PM] (241) Searching for source files
[Info  - 3:59:20 PM] (241) Auto-excluding /home/lrb96/curso_poo_algoritmos_python/venv
[Info  - 3:59:20 PM] (241) Auto-excluding /home/lrb96/curso_profesional_python/venv
[Info  - 3:59:20 PM] (241) Auto-excluding /home/lrb96/curso_python_intermedio/venv
[Info  - 3:59:20 PM] (241) Auto-excluding /home/lrb96/portafolio_python/venv
[Info  - 3:59:20 PM] (241) Found 24 source files
[Info  - 5:27:44 PM] (241) Searching for source files
[Info  - 5:27:44 PM] (241) Auto-excluding /home/lrb96/curso_poo_algoritmos_python/venv
[Info  - 5:27:44 PM] (241) Auto-excluding /home/lrb96/curso_profesional_python/venv
[Info  - 5:27:44 PM] (241) Auto-excluding /home/lrb96/curso_python_intermedio/venv
[Info  - 5:27:44 PM] (241) Auto-excluding /home/lrb96/portafolio_python/venv
[Info  - 5:27:44 PM] (241) Found 25 source files
[Info  - 5:27:59 PM] (241) Searching for source files
[Info  - 5:27:59 PM] (241) Auto-excluding /home/lrb96/curso_poo_algoritmos_python/venv
[Info  - 5:27:59 PM] (241) Auto-excluding /home/lrb96/curso_profesional_python/venv
[Info  - 5:27:59 PM] (241) Auto-excluding /home/lrb96/curso_python_intermedio/venv
[Info  - 5:27:59 PM] (241) Auto-excluding /home/lrb96/portafolio_python/venv
[Info  - 5:27:59 PM] (241) Found 25 source files
[Info  - 6:07:58 PM] (241) Searching for source files
[Info  - 6:07:58 PM] (241) Auto-excluding /home/lrb96/curso_poo_algoritmos_python/venv
[Info  - 6:07:58 PM] (241) Auto-excluding /home/lrb96/curso_profesional_python/venv
[Info  - 6:07:58 PM] (241) Auto-excluding /home/lrb96/curso_python_intermedio/venv
[Info  - 6:07:58 PM] (241) Auto-excluding /home/lrb96/portafolio_python/venv
[Info  - 6:07:58 PM] (241) Found 26 source files
[Info  - 6:10:18 PM] (241) Searching for source files
[Info  - 6:10:18 PM] (241) Auto-excluding /home/lrb96/curso_poo_algoritmos_python/venv
[Info  - 6:10:18 PM] (241) Auto-excluding /home/lrb96/curso_profesional_python/venv
[Info  - 6:10:18 PM] (241) Auto-excluding /home/lrb96/curso_python_intermedio/venv
[Info  - 6:10:18 PM] (241) Auto-excluding /home/lrb96/portafolio_python/venv
[Info  - 6:10:18 PM] (241) Found 26 source files
[Info  - 6:45:53 PM] (241) Searching for source files
[Info  - 6:45:53 PM] (241) Auto-excluding /home/lrb96/curso_poo_algoritmos_python/venv
[Info  - 6:45:53 PM] (241) Auto-excluding /home/lrb96/curso_profesional_python/venv
[Info  - 6:45:53 PM] (241) Auto-excluding /home/lrb96/curso_python_intermedio/venv
[Info  - 6:45:53 PM] (241) Auto-excluding /home/lrb96/portafolio_python/venv
[Info  - 6:45:53 PM] (241) Found 27 source files
[Info  - 6:47:25 PM] (241) Searching for source files
[Info  - 6:47:25 PM] (241) Auto-excluding /home/lrb96/curso_poo_algoritmos_python/venv
[Info  - 6:47:25 PM] (241) Auto-excluding /home/lrb96/curso_profesional_python/venv
[Info  - 6:47:25 PM] (241) Auto-excluding /home/lrb96/curso_python_intermedio/venv
[Info  - 6:47:25 PM] (241) Auto-excluding /home/lrb96/portafolio_python/venv
[Info  - 6:47:25 PM] (241) Found 27 source files
