[2022-04-28T21:16:17.150Z] Validating found git in: git
[2022-04-28T21:16:17.175Z] Using git 2.25.1 from git
[2022-04-28T21:16:17.210Z] > git rev-parse --git-dir [3ms]
[2022-04-28T21:16:17.215Z] Open repository: /home/lrb96
[2022-04-28T21:16:17.259Z] > git symbolic-ref --short HEAD [0ms]
[2022-04-28T21:16:17.262Z] > git for-each-ref --format=%(refname)%00%(upstream:short)%00%(objectname)%00%(upstream:track) refs/heads/master refs/remotes/master [1ms]
[2022-04-28T21:16:17.269Z] > git remote --verbose [1ms]
[2022-04-28T21:16:17.269Z] > git for-each-ref --sort -committerdate --format %(refname) %(objectname) %(*objectname) [4ms]
[2022-04-28T21:16:17.275Z] > git config --get commit.template [1ms]
[2022-04-28T21:16:19.987Z] > git fetch [2769ms]
[2022-04-28T21:16:20.028Z] > git symbolic-ref --short HEAD [1ms]
[2022-04-28T21:16:20.032Z] > git for-each-ref --format=%(refname)%00%(upstream:short)%00%(objectname)%00%(upstream:track) refs/heads/master refs/remotes/master [1ms]
[2022-04-28T21:16:20.040Z] > git for-each-ref --sort -committerdate --format %(refname) %(objectname) %(*objectname) [4ms]
[2022-04-28T21:16:20.041Z] > git remote --verbose [2ms]
[2022-04-28T21:16:20.048Z] > git config --get commit.template [1ms]
[2022-04-28T21:16:36.605Z] > git ls-files --stage -- /home/lrb96/curso_poo_algoritmos_python/instancias.py [379ms]
[2022-04-28T21:16:36.777Z] > git symbolic-ref --short HEAD [13ms]
[2022-04-28T21:16:36.782Z] > git for-each-ref --format=%(refname)%00%(upstream:short)%00%(objectname)%00%(upstream:track) refs/heads/master refs/remotes/master [1ms]
[2022-04-28T21:16:36.792Z] > git remote --verbose [2ms]
[2022-04-28T21:16:36.793Z] > git for-each-ref --sort -committerdate --format %(refname) %(objectname) %(*objectname) [7ms]
[2022-04-28T21:16:36.863Z] > git config --get commit.template [9ms]
[2022-04-28T21:20:06.088Z] > git ls-files --stage -- /home/lrb96/curso_poo_algoritmos_python/instancias.py [4ms]
[2022-04-28T21:20:09.421Z] > git fetch [4510ms]
[2022-04-28T21:20:09.475Z] > git symbolic-ref --short HEAD [1ms]
[2022-04-28T21:20:09.478Z] > git for-each-ref --format=%(refname)%00%(upstream:short)%00%(objectname)%00%(upstream:track) refs/heads/master refs/remotes/master [1ms]
[2022-04-28T21:20:09.485Z] > git remote --verbose [2ms]
[2022-04-28T21:20:09.485Z] > git for-each-ref --sort -committerdate --format %(refname) %(objectname) %(*objectname) [4ms]
[2022-04-28T21:20:09.532Z] > git config --get commit.template [0ms]
[2022-04-28T21:20:10.881Z] > git ls-files --stage -- /home/lrb96/curso_poo_algoritmos_python/instancias.py [6ms]
[2022-04-28T21:21:06.901Z] > git symbolic-ref --short HEAD [1ms]
[2022-04-28T21:21:06.905Z] > git for-each-ref --format=%(refname)%00%(upstream:short)%00%(objectname)%00%(upstream:track) refs/heads/master refs/remotes/master [1ms]
[2022-04-28T21:21:06.911Z] > git remote --verbose [1ms]
[2022-04-28T21:21:06.911Z] > git for-each-ref --sort -committerdate --format %(refname) %(objectname) %(*objectname) [3ms]
[2022-04-28T21:21:06.952Z] > git config --get commit.template [0ms]
[2022-04-28T21:21:24.757Z] > git symbolic-ref --short HEAD [1ms]
[2022-04-28T21:21:24.762Z] > git for-each-ref --format=%(refname)%00%(upstream:short)%00%(objectname)%00%(upstream:track) refs/heads/master refs/remotes/master [1ms]
[2022-04-28T21:21:24.768Z] > git for-each-ref --sort -committerdate --format %(refname) %(objectname) %(*objectname) [3ms]
[2022-04-28T21:21:24.768Z] > git remote --verbose [1ms]
[2022-04-28T21:21:24.813Z] > git config --get commit.template [1ms]
[2022-04-28T21:22:06.239Z] > git symbolic-ref --short HEAD [0ms]
[2022-04-28T21:22:06.243Z] > git for-each-ref --format=%(refname)%00%(upstream:short)%00%(objectname)%00%(upstream:track) refs/heads/master refs/remotes/master [0ms]
[2022-04-28T21:22:06.250Z] > git for-each-ref --sort -committerdate --format %(refname) %(objectname) %(*objectname) [4ms]
[2022-04-28T21:22:06.250Z] > git remote --verbose [1ms]
[2022-04-28T21:22:06.292Z] > git config --get commit.template [0ms]
[2022-04-28T21:22:37.084Z] > git symbolic-ref --short HEAD [0ms]
[2022-04-28T21:22:37.088Z] > git for-each-ref --format=%(refname)%00%(upstream:short)%00%(objectname)%00%(upstream:track) refs/heads/master refs/remotes/master [1ms]
[2022-04-28T21:22:37.094Z] > git remote --verbose [1ms]
[2022-04-28T21:22:37.094Z] > git for-each-ref --sort -committerdate --format %(refname) %(objectname) %(*objectname) [3ms]
[2022-04-28T21:22:37.134Z] > git config --get commit.template [0ms]
[2022-04-28T21:23:08.363Z] > git symbolic-ref --short HEAD [1ms]
[2022-04-28T21:23:08.366Z] > git for-each-ref --format=%(refname)%00%(upstream:short)%00%(objectname)%00%(upstream:track) refs/heads/master refs/remotes/master [0ms]
[2022-04-28T21:23:08.373Z] > git remote --verbose [1ms]
[2022-04-28T21:23:08.373Z] > git for-each-ref --sort -committerdate --format %(refname) %(objectname) %(*objectname) [4ms]
[2022-04-28T21:23:08.407Z] > git config --get commit.template [0ms]
[2022-04-28T21:23:10.778Z] > git ls-files --stage -- /home/lrb96/curso_poo_algoritmos_python/instancias.py [3ms]
[2022-04-28T21:23:12.275Z] > git fetch [2724ms]
[2022-04-28T21:23:12.325Z] > git symbolic-ref --short HEAD [1ms]
[2022-04-28T21:23:12.329Z] > git for-each-ref --format=%(refname)%00%(upstream:short)%00%(objectname)%00%(upstream:track) refs/heads/master refs/remotes/master [0ms]
[2022-04-28T21:23:12.336Z] > git for-each-ref --sort -committerdate --format %(refname) %(objectname) %(*objectname) [4ms]
[2022-04-28T21:23:12.336Z] > git remote --verbose [1ms]
[2022-04-28T21:23:12.373Z] > git config --get commit.template [4ms]
[2022-04-28T21:23:13.551Z] > git ls-files --stage -- /home/lrb96/curso_poo_algoritmos_python/instancias.py [3ms]
[2022-04-28T21:23:27.293Z] > git symbolic-ref --short HEAD [0ms]
[2022-04-28T21:23:27.297Z] > git for-each-ref --format=%(refname)%00%(upstream:short)%00%(objectname)%00%(upstream:track) refs/heads/master refs/remotes/master [0ms]
[2022-04-28T21:23:27.303Z] > git for-each-ref --sort -committerdate --format %(refname) %(objectname) %(*objectname) [3ms]
[2022-04-28T21:23:27.304Z] > git remote --verbose [1ms]
[2022-04-28T21:23:27.341Z] > git config --get commit.template [4ms]
[2022-04-28T21:25:33.873Z] > git symbolic-ref --short HEAD [0ms]
[2022-04-28T21:25:33.877Z] > git for-each-ref --format=%(refname)%00%(upstream:short)%00%(objectname)%00%(upstream:track) refs/heads/master refs/remotes/master [0ms]
[2022-04-28T21:25:33.884Z] > git remote --verbose [1ms]
[2022-04-28T21:25:33.884Z] > git for-each-ref --sort -committerdate --format %(refname) %(objectname) %(*objectname) [4ms]
[2022-04-28T21:25:33.921Z] > git config --get commit.template [1ms]
[2022-04-28T21:26:13.579Z] > git ls-files --stage -- /home/lrb96/curso_poo_algoritmos_python/instancias.py [2ms]
[2022-04-28T21:26:15.127Z] > git fetch [2747ms]
[2022-04-28T21:26:15.180Z] > git symbolic-ref --short HEAD [1ms]
[2022-04-28T21:26:15.185Z] > git for-each-ref --format=%(refname)%00%(upstream:short)%00%(objectname)%00%(upstream:track) refs/heads/master refs/remotes/master [0ms]
[2022-04-28T21:26:15.196Z] > git remote --verbose [1ms]
[2022-04-28T21:26:15.196Z] > git for-each-ref --sort -committerdate --format %(refname) %(objectname) %(*objectname) [6ms]
[2022-04-28T21:26:15.241Z] > git config --get commit.template [10ms]
[2022-04-28T21:26:19.462Z] > git ls-files --stage -- /home/lrb96/curso_poo_algoritmos_python/instancias.py [3ms]
[2022-04-28T21:26:43.628Z] > git symbolic-ref --short HEAD [0ms]
[2022-04-28T21:26:43.632Z] > git for-each-ref --format=%(refname)%00%(upstream:short)%00%(objectname)%00%(upstream:track) refs/heads/master refs/remotes/master [1ms]
[2022-04-28T21:26:43.638Z] > git for-each-ref --sort -committerdate --format %(refname) %(objectname) %(*objectname) [3ms]
[2022-04-28T21:26:43.638Z] > git remote --verbose [1ms]
[2022-04-28T21:26:43.677Z] > git config --get commit.template [0ms]
[2022-04-28T21:27:20.048Z] > git symbolic-ref --short HEAD [0ms]
[2022-04-28T21:27:20.052Z] > git for-each-ref --format=%(refname)%00%(upstream:short)%00%(objectname)%00%(upstream:track) refs/heads/master refs/remotes/master [0ms]
[2022-04-28T21:27:20.058Z] > git for-each-ref --sort -committerdate --format %(refname) %(objectname) %(*objectname) [3ms]
[2022-04-28T21:27:20.059Z] > git remote --verbose [1ms]
[2022-04-28T21:27:20.098Z] > git config --get commit.template [1ms]
[2022-04-28T21:27:53.545Z] > git symbolic-ref --short HEAD [0ms]
[2022-04-28T21:27:53.549Z] > git for-each-ref --format=%(refname)%00%(upstream:short)%00%(objectname)%00%(upstream:track) refs/heads/master refs/remotes/master [0ms]
[2022-04-28T21:27:53.555Z] > git for-each-ref --sort -committerdate --format %(refname) %(objectname) %(*objectname) [3ms]
[2022-04-28T21:27:53.556Z] > git remote --verbose [1ms]
[2022-04-28T21:27:53.600Z] > git config --get commit.template [1ms]
[2022-04-28T21:29:26.560Z] > git ls-files --stage -- /home/lrb96/curso_poo_algoritmos_python/instancias.py [2ms]
[2022-04-28T21:29:28.128Z] > git fetch [2759ms]
[2022-04-28T21:29:28.177Z] > git symbolic-ref --short HEAD [0ms]
[2022-04-28T21:29:28.181Z] > git for-each-ref --format=%(refname)%00%(upstream:short)%00%(objectname)%00%(upstream:track) refs/heads/master refs/remotes/master [1ms]
[2022-04-28T21:29:28.187Z] > git remote --verbose [0ms]
[2022-04-28T21:29:28.188Z] > git for-each-ref --sort -committerdate --format %(refname) %(objectname) %(*objectname) [4ms]
[2022-04-28T21:29:28.232Z] > git config --get commit.template [2ms]
[2022-04-28T21:29:29.572Z] > git ls-files --stage -- /home/lrb96/curso_poo_algoritmos_python/instancias.py [2ms]
[2022-04-28T21:30:55.243Z] > git symbolic-ref --short HEAD [0ms]
[2022-04-28T21:30:55.249Z] > git for-each-ref --format=%(refname)%00%(upstream:short)%00%(objectname)%00%(upstream:track) refs/heads/master refs/remotes/master [1ms]
[2022-04-28T21:30:55.257Z] > git for-each-ref --sort -committerdate --format %(refname) %(objectname) %(*objectname) [5ms]
[2022-04-28T21:30:55.257Z] > git remote --verbose [1ms]
[2022-04-28T21:30:55.305Z] > git config --get commit.template [1ms]
[2022-04-28T22:28:22.307Z] > git symbolic-ref --short HEAD [1ms]
[2022-04-28T22:28:22.311Z] > git for-each-ref --format=%(refname)%00%(upstream:short)%00%(objectname)%00%(upstream:track) refs/heads/master refs/remotes/master [1ms]
[2022-04-28T22:28:22.319Z] > git for-each-ref --sort -committerdate --format %(refname) %(objectname) %(*objectname) [5ms]
[2022-04-28T22:28:22.320Z] > git remote --verbose [2ms]
[2022-04-28T22:28:22.359Z] > git config --get commit.template [1ms]
[2022-04-28T22:28:26.991Z] > git fetch [4732ms]
[2022-04-28T22:28:27.042Z] > git symbolic-ref --short HEAD [0ms]
[2022-04-28T22:28:27.047Z] > git for-each-ref --format=%(refname)%00%(upstream:short)%00%(objectname)%00%(upstream:track) refs/heads/master refs/remotes/master [1ms]
[2022-04-28T22:28:27.053Z] > git for-each-ref --sort -committerdate --format %(refname) %(objectname) %(*objectname) [3ms]
[2022-04-28T22:28:27.054Z] > git remote --verbose [1ms]
[2022-04-28T22:28:27.117Z] > git config --get commit.template [11ms]
[2022-04-28T23:02:29.032Z] > git ls-files --stage -- /home/lrb96/curso_poo_algoritmos_python/instancias.py [2ms]
[2022-04-28T23:02:33.296Z] > git fetch [4274ms]
[2022-04-28T23:02:33.345Z] > git symbolic-ref --short HEAD [1ms]
[2022-04-28T23:02:33.350Z] > git for-each-ref --format=%(refname)%00%(upstream:short)%00%(objectname)%00%(upstream:track) refs/heads/master refs/remotes/master [0ms]
[2022-04-28T23:02:33.360Z] > git remote --verbose [1ms]
[2022-04-28T23:02:33.360Z] > git for-each-ref --sort -committerdate --format %(refname) %(objectname) %(*objectname) [4ms]
[2022-04-28T23:02:33.403Z] > git config --get commit.template [2ms]
[2022-04-28T23:55:51.850Z] > git ls-files --stage -- /home/lrb96/curso_poo_algoritmos_python/instancias.py [2ms]
[2022-04-28T23:55:54.702Z] > git fetch [2863ms]
[2022-04-28T23:55:54.749Z] > git symbolic-ref --short HEAD [1ms]
[2022-04-28T23:55:54.753Z] > git for-each-ref --format=%(refname)%00%(upstream:short)%00%(objectname)%00%(upstream:track) refs/heads/master refs/remotes/master [1ms]
[2022-04-28T23:55:54.761Z] > git for-each-ref --sort -committerdate --format %(refname) %(objectname) %(*objectname) [4ms]
[2022-04-28T23:55:54.761Z] > git remote --verbose [1ms]
[2022-04-28T23:55:54.801Z] > git config --get commit.template [0ms]
[2022-04-28T23:55:59.603Z] > git ls-files --stage -- /home/lrb96/curso_poo_algoritmos_python/instancias.py [3ms]
[2022-04-28T23:56:04.944Z] > git log --format=%H%n%aN%n%aE%n%at%n%ct%n%P%n%B -z -n21 -- /home/lrb96/curso_poo_algoritmos_python/instancias.py [16ms]
[2022-04-28T23:56:17.651Z] > git symbolic-ref --short HEAD [0ms]
[2022-04-28T23:56:17.655Z] > git for-each-ref --format=%(refname)%00%(upstream:short)%00%(objectname)%00%(upstream:track) refs/heads/master refs/remotes/master [1ms]
[2022-04-28T23:56:17.661Z] > git remote --verbose [1ms]
[2022-04-28T23:56:17.661Z] > git for-each-ref --sort -committerdate --format %(refname) %(objectname) %(*objectname) [3ms]
[2022-04-28T23:56:17.702Z] > git config --get commit.template [7ms]
[2022-04-28T23:56:19.297Z] > git log --format=%H%n%aN%n%aE%n%at%n%ct%n%P%n%B -z -n21 -- /home/lrb96/curso_poo_algoritmos_python/instancias.py [2ms]
[2022-04-28T23:56:20.960Z] > git ls-files --stage -- /home/lrb96/curso_poo_algoritmos_python/herencia.py [2ms]
[2022-04-28T23:56:22.261Z] > git ls-files --stage -- /home/lrb96/curso_poo_algoritmos_python/instancias.py [2ms]
[2022-04-28T23:56:25.305Z] > git ls-files --stage -- /home/lrb96/curso_poo_algoritmos_python/herencia.py [3ms]
[2022-04-28T23:56:25.782Z] > git ls-files --stage -- /home/lrb96/curso_poo_algoritmos_python/instancias.py [2ms]
[2022-04-28T23:57:00.907Z] > git ls-files --stage -- /home/lrb96/curso_poo_algoritmos_python/herencia.py [2ms]
[2022-04-28T23:57:46.179Z] > git symbolic-ref --short HEAD [1ms]
[2022-04-28T23:57:46.182Z] > git for-each-ref --format=%(refname)%00%(upstream:short)%00%(objectname)%00%(upstream:track) refs/heads/master refs/remotes/master [1ms]
[2022-04-28T23:57:46.188Z] > git for-each-ref --sort -committerdate --format %(refname) %(objectname) %(*objectname) [3ms]
[2022-04-28T23:57:46.188Z] > git remote --verbose [1ms]
[2022-04-28T23:57:46.225Z] > git config --get commit.template [0ms]
[2022-04-28T23:58:39.238Z] > git symbolic-ref --short HEAD [1ms]
[2022-04-28T23:58:39.243Z] > git for-each-ref --format=%(refname)%00%(upstream:short)%00%(objectname)%00%(upstream:track) refs/heads/master refs/remotes/master [1ms]
[2022-04-28T23:58:39.250Z] > git remote --verbose [1ms]
[2022-04-28T23:58:39.250Z] > git for-each-ref --sort -committerdate --format %(refname) %(objectname) %(*objectname) [4ms]
[2022-04-28T23:58:39.323Z] > git config --get commit.template [2ms]
[2022-04-28T23:58:55.637Z] > git symbolic-ref --short HEAD [1ms]
[2022-04-28T23:58:55.643Z] > git for-each-ref --format=%(refname)%00%(upstream:short)%00%(objectname)%00%(upstream:track) refs/heads/master refs/remotes/master [1ms]
[2022-04-28T23:58:55.656Z] > git remote --verbose [0ms]
[2022-04-28T23:58:55.657Z] > git for-each-ref --sort -committerdate --format %(refname) %(objectname) %(*objectname) [8ms]
[2022-04-28T23:58:55.696Z] > git config --get commit.template [5ms]
[2022-04-28T23:58:56.919Z] > git ls-files --stage -- /home/lrb96/curso_poo_algoritmos_python/herencia.py [3ms]
[2022-04-28T23:58:58.025Z] > git fetch [2435ms]
[2022-04-28T23:58:58.074Z] > git symbolic-ref --short HEAD [0ms]
[2022-04-28T23:58:58.078Z] > git for-each-ref --format=%(refname)%00%(upstream:short)%00%(objectname)%00%(upstream:track) refs/heads/master refs/remotes/master [0ms]
[2022-04-28T23:58:58.085Z] > git for-each-ref --sort -committerdate --format %(refname) %(objectname) %(*objectname) [3ms]
[2022-04-28T23:58:58.085Z] > git remote --verbose [0ms]
[2022-04-28T23:58:58.122Z] > git config --get commit.template [4ms]
[2022-04-28T23:58:59.328Z] > git ls-files --stage -- /home/lrb96/curso_poo_algoritmos_python/herencia.py [2ms]
[2022-04-28T23:59:31.742Z] > git symbolic-ref --short HEAD [1ms]
[2022-04-28T23:59:31.745Z] > git for-each-ref --format=%(refname)%00%(upstream:short)%00%(objectname)%00%(upstream:track) refs/heads/master refs/remotes/master [0ms]
[2022-04-28T23:59:31.753Z] > git remote --verbose [1ms]
[2022-04-28T23:59:31.753Z] > git for-each-ref --sort -committerdate --format %(refname) %(objectname) %(*objectname) [4ms]
[2022-04-28T23:59:31.794Z] > git config --get commit.template [5ms]
[2022-04-29T00:00:12.900Z] > git symbolic-ref --short HEAD [1ms]
[2022-04-29T00:00:12.904Z] > git for-each-ref --format=%(refname)%00%(upstream:short)%00%(objectname)%00%(upstream:track) refs/heads/master refs/remotes/master [1ms]
[2022-04-29T00:00:12.911Z] > git for-each-ref --sort -committerdate --format %(refname) %(objectname) %(*objectname) [4ms]
[2022-04-29T00:00:12.911Z] > git remote --verbose [1ms]
[2022-04-29T00:00:12.951Z] > git config --get commit.template [7ms]
[2022-04-29T00:01:07.696Z] > git symbolic-ref --short HEAD [1ms]
[2022-04-29T00:01:07.701Z] > git for-each-ref --format=%(refname)%00%(upstream:short)%00%(objectname)%00%(upstream:track) refs/heads/master refs/remotes/master [1ms]
[2022-04-29T00:01:07.707Z] > git for-each-ref --sort -committerdate --format %(refname) %(objectname) %(*objectname) [3ms]
[2022-04-29T00:01:07.707Z] > git remote --verbose [1ms]
[2022-04-29T00:01:07.742Z] > git config --get commit.template [0ms]
[2022-04-29T00:02:00.216Z] > git fetch [2088ms]
[2022-04-29T00:02:00.266Z] > git symbolic-ref --short HEAD [0ms]
[2022-04-29T00:02:00.270Z] > git for-each-ref --format=%(refname)%00%(upstream:short)%00%(objectname)%00%(upstream:track) refs/heads/master refs/remotes/master [1ms]
[2022-04-29T00:02:00.276Z] > git for-each-ref --sort -committerdate --format %(refname) %(objectname) %(*objectname) [3ms]
[2022-04-29T00:02:00.276Z] > git remote --verbose [0ms]
[2022-04-29T00:02:00.317Z] > git config --get commit.template [0ms]
[2022-04-29T00:02:01.582Z] > git ls-files --stage -- /home/lrb96/curso_poo_algoritmos_python/herencia.py [3ms]
[2022-04-29T00:02:16.380Z] > git symbolic-ref --short HEAD [1ms]
[2022-04-29T00:02:16.383Z] > git for-each-ref --format=%(refname)%00%(upstream:short)%00%(objectname)%00%(upstream:track) refs/heads/master refs/remotes/master [0ms]
[2022-04-29T00:02:16.389Z] > git for-each-ref --sort -committerdate --format %(refname) %(objectname) %(*objectname) [3ms]
[2022-04-29T00:02:16.389Z] > git remote --verbose [0ms]
[2022-04-29T00:02:16.427Z] > git config --get commit.template [2ms]
[2022-04-29T00:03:15.553Z] > git symbolic-ref --short HEAD [1ms]
[2022-04-29T00:03:15.557Z] > git for-each-ref --format=%(refname)%00%(upstream:short)%00%(objectname)%00%(upstream:track) refs/heads/master refs/remotes/master [0ms]
[2022-04-29T00:03:15.564Z] > git for-each-ref --sort -committerdate --format %(refname) %(objectname) %(*objectname) [3ms]
[2022-04-29T00:03:15.564Z] > git remote --verbose [0ms]
[2022-04-29T00:03:15.601Z] > git config --get commit.template [1ms]
[2022-04-29T00:03:33.792Z] > git symbolic-ref --short HEAD [1ms]
[2022-04-29T00:03:33.796Z] > git for-each-ref --format=%(refname)%00%(upstream:short)%00%(objectname)%00%(upstream:track) refs/heads/master refs/remotes/master [0ms]
[2022-04-29T00:03:33.804Z] > git for-each-ref --sort -committerdate --format %(refname) %(objectname) %(*objectname) [4ms]
[2022-04-29T00:03:33.804Z] > git remote --verbose [1ms]
[2022-04-29T00:03:33.840Z] > git config --get commit.template [0ms]
[2022-04-29T00:04:03.064Z] > git symbolic-ref --short HEAD [1ms]
[2022-04-29T00:04:03.068Z] > git for-each-ref --format=%(refname)%00%(upstream:short)%00%(objectname)%00%(upstream:track) refs/heads/master refs/remotes/master [0ms]
[2022-04-29T00:04:03.075Z] > git remote --verbose [1ms]
[2022-04-29T00:04:03.075Z] > git for-each-ref --sort -committerdate --format %(refname) %(objectname) %(*objectname) [3ms]
[2022-04-29T00:04:03.118Z] > git config --get commit.template [1ms]
[2022-04-29T00:05:01.501Z] > git ls-files --stage -- /home/lrb96/curso_poo_algoritmos_python/herencia.py [4ms]
[2022-04-29T00:05:04.351Z] > git fetch [4026ms]
[2022-04-29T00:05:04.401Z] > git symbolic-ref --short HEAD [1ms]
[2022-04-29T00:05:04.404Z] > git for-each-ref --format=%(refname)%00%(upstream:short)%00%(objectname)%00%(upstream:track) refs/heads/master refs/remotes/master [1ms]
[2022-04-29T00:05:04.410Z] > git for-each-ref --sort -committerdate --format %(refname) %(objectname) %(*objectname) [3ms]
[2022-04-29T00:05:04.410Z] > git remote --verbose [1ms]
[2022-04-29T00:05:04.450Z] > git config --get commit.template [3ms]
[2022-04-29T00:05:05.717Z] > git ls-files --stage -- /home/lrb96/curso_poo_algoritmos_python/herencia.py [3ms]
[2022-04-29T00:05:44.207Z] > git symbolic-ref --short HEAD [0ms]
[2022-04-29T00:05:44.211Z] > git for-each-ref --format=%(refname)%00%(upstream:short)%00%(objectname)%00%(upstream:track) refs/heads/master refs/remotes/master [0ms]
[2022-04-29T00:05:44.218Z] > git for-each-ref --sort -committerdate --format %(refname) %(objectname) %(*objectname) [3ms]
[2022-04-29T00:05:44.218Z] > git remote --verbose [1ms]
[2022-04-29T00:05:44.253Z] > git config --get commit.template [1ms]
[2022-04-29T00:06:49.002Z] > git symbolic-ref --short HEAD [0ms]
[2022-04-29T00:06:49.007Z] > git for-each-ref --format=%(refname)%00%(upstream:short)%00%(objectname)%00%(upstream:track) refs/heads/master refs/remotes/master [1ms]
[2022-04-29T00:06:49.014Z] > git for-each-ref --sort -committerdate --format %(refname) %(objectname) %(*objectname) [4ms]
[2022-04-29T00:06:49.014Z] > git remote --verbose [1ms]
[2022-04-29T00:06:49.053Z] > git config --get commit.template [0ms]
[2022-04-29T00:06:57.775Z] > git symbolic-ref --short HEAD [0ms]
[2022-04-29T00:06:57.780Z] > git for-each-ref --format=%(refname)%00%(upstream:short)%00%(objectname)%00%(upstream:track) refs/heads/master refs/remotes/master [1ms]
[2022-04-29T00:06:57.789Z] > git for-each-ref --sort -committerdate --format %(refname) %(objectname) %(*objectname) [5ms]
[2022-04-29T00:06:57.789Z] > git remote --verbose [1ms]
[2022-04-29T00:06:57.828Z] > git config --get commit.template [6ms]
[2022-04-29T00:07:11.921Z] > git symbolic-ref --short HEAD [1ms]
[2022-04-29T00:07:11.926Z] > git for-each-ref --format=%(refname)%00%(upstream:short)%00%(objectname)%00%(upstream:track) refs/heads/master refs/remotes/master [0ms]
[2022-04-29T00:07:11.933Z] > git for-each-ref --sort -committerdate --format %(refname) %(objectname) %(*objectname) [3ms]
[2022-04-29T00:07:11.933Z] > git remote --verbose [0ms]
[2022-04-29T00:07:11.970Z] > git config --get commit.template [0ms]
[2022-04-29T00:08:05.630Z] > git ls-files --stage -- /home/lrb96/curso_poo_algoritmos_python/herencia.py [3ms]
[2022-04-29T00:08:08.355Z] > git fetch [3900ms]
[2022-04-29T00:08:08.405Z] > git symbolic-ref --short HEAD [1ms]
[2022-04-29T00:08:08.409Z] > git for-each-ref --format=%(refname)%00%(upstream:short)%00%(objectname)%00%(upstream:track) refs/heads/master refs/remotes/master [1ms]
[2022-04-29T00:08:08.416Z] > git remote --verbose [1ms]
[2022-04-29T00:08:08.416Z] > git for-each-ref --sort -committerdate --format %(refname) %(objectname) %(*objectname) [4ms]
[2022-04-29T00:08:08.456Z] > git config --get commit.template [3ms]
[2022-04-29T00:08:09.728Z] > git ls-files --stage -- /home/lrb96/curso_poo_algoritmos_python/herencia.py [2ms]
[2022-04-29T00:08:24.286Z] > git symbolic-ref --short HEAD [1ms]
[2022-04-29T00:08:24.291Z] > git for-each-ref --format=%(refname)%00%(upstream:short)%00%(objectname)%00%(upstream:track) refs/heads/master refs/remotes/master [1ms]
[2022-04-29T00:08:24.299Z] > git remote --verbose [1ms]
[2022-04-29T00:08:24.299Z] > git for-each-ref --sort -committerdate --format %(refname) %(objectname) %(*objectname) [4ms]
[2022-04-29T00:08:24.340Z] > git config --get commit.template [8ms]
[2022-04-29T00:08:46.362Z] > git symbolic-ref --short HEAD [1ms]
[2022-04-29T00:08:46.366Z] > git for-each-ref --format=%(refname)%00%(upstream:short)%00%(objectname)%00%(upstream:track) refs/heads/master refs/remotes/master [1ms]
[2022-04-29T00:08:46.373Z] > git remote --verbose [1ms]
[2022-04-29T00:08:46.373Z] > git for-each-ref --sort -committerdate --format %(refname) %(objectname) %(*objectname) [4ms]
[2022-04-29T00:08:46.411Z] > git config --get commit.template [1ms]
[2022-04-29T00:09:05.484Z] > git symbolic-ref --short HEAD [1ms]
[2022-04-29T00:09:05.488Z] > git for-each-ref --format=%(refname)%00%(upstream:short)%00%(objectname)%00%(upstream:track) refs/heads/master refs/remotes/master [1ms]
[2022-04-29T00:09:05.495Z] > git for-each-ref --sort -committerdate --format %(refname) %(objectname) %(*objectname) [3ms]
[2022-04-29T00:09:05.496Z] > git remote --verbose [1ms]
[2022-04-29T00:09:05.533Z] > git config --get commit.template [1ms]
[2022-04-29T00:10:03.802Z] > git symbolic-ref --short HEAD [0ms]
[2022-04-29T00:10:03.806Z] > git for-each-ref --format=%(refname)%00%(upstream:short)%00%(objectname)%00%(upstream:track) refs/heads/master refs/remotes/master [1ms]
[2022-04-29T00:10:03.812Z] > git for-each-ref --sort -committerdate --format %(refname) %(objectname) %(*objectname) [3ms]
[2022-04-29T00:10:03.812Z] > git remote --verbose [0ms]
[2022-04-29T00:10:03.853Z] > git config --get commit.template [1ms]
[2022-04-29T00:10:32.761Z] > git symbolic-ref --short HEAD [1ms]
[2022-04-29T00:10:32.764Z] > git for-each-ref --format=%(refname)%00%(upstream:short)%00%(objectname)%00%(upstream:track) refs/heads/master refs/remotes/master [0ms]
[2022-04-29T00:10:32.770Z] > git for-each-ref --sort -committerdate --format %(refname) %(objectname) %(*objectname) [3ms]
[2022-04-29T00:10:32.770Z] > git remote --verbose [0ms]
[2022-04-29T00:10:32.810Z] > git config --get commit.template [2ms]
[2022-04-29T00:10:51.030Z] > git symbolic-ref --short HEAD [1ms]
[2022-04-29T00:10:51.034Z] > git for-each-ref --format=%(refname)%00%(upstream:short)%00%(objectname)%00%(upstream:track) refs/heads/master refs/remotes/master [1ms]
[2022-04-29T00:10:51.040Z] > git for-each-ref --sort -committerdate --format %(refname) %(objectname) %(*objectname) [3ms]
[2022-04-29T00:10:51.041Z] > git remote --verbose [1ms]
[2022-04-29T00:10:51.078Z] > git config --get commit.template [5ms]
[2022-04-29T00:28:39.307Z] > git ls-files --stage -- /home/lrb96/curso_poo_algoritmos_python/herencia.py [2ms]
[2022-04-29T00:28:41.483Z] > git fetch [3347ms]
[2022-04-29T00:28:41.535Z] > git symbolic-ref --short HEAD [1ms]
[2022-04-29T00:28:41.539Z] > git for-each-ref --format=%(refname)%00%(upstream:short)%00%(objectname)%00%(upstream:track) refs/heads/master refs/remotes/master [1ms]
[2022-04-29T00:28:41.546Z] > git for-each-ref --sort -committerdate --format %(refname) %(objectname) %(*objectname) [3ms]
[2022-04-29T00:28:41.546Z] > git remote --verbose [0ms]
[2022-04-29T00:28:41.605Z] > git config --get commit.template [4ms]
[2022-04-29T00:28:42.909Z] > git ls-files --stage -- /home/lrb96/curso_poo_algoritmos_python/herencia.py [3ms]
[2022-04-29T00:28:47.413Z] > git symbolic-ref --short HEAD [1ms]
[2022-04-29T00:28:47.418Z] > git for-each-ref --format=%(refname)%00%(upstream:short)%00%(objectname)%00%(upstream:track) refs/heads/master refs/remotes/master [2ms]
[2022-04-29T00:28:47.425Z] > git for-each-ref --sort -committerdate --format %(refname) %(objectname) %(*objectname) [4ms]
[2022-04-29T00:28:47.425Z] > git remote --verbose [1ms]
[2022-04-29T00:28:47.517Z] > git config --get commit.template [19ms]
[2022-04-29T00:29:00.481Z] > git symbolic-ref --short HEAD [0ms]
[2022-04-29T00:29:00.486Z] > git for-each-ref --format=%(refname)%00%(upstream:short)%00%(objectname)%00%(upstream:track) refs/heads/master refs/remotes/master [1ms]
[2022-04-29T00:29:00.493Z] > git for-each-ref --sort -committerdate --format %(refname) %(objectname) %(*objectname) [4ms]
[2022-04-29T00:29:00.493Z] > git remote --verbose [1ms]
[2022-04-29T00:29:00.535Z] > git config --get commit.template [10ms]
[2022-04-29T00:29:25.357Z] > git symbolic-ref --short HEAD [0ms]
[2022-04-29T00:29:25.362Z] > git for-each-ref --format=%(refname)%00%(upstream:short)%00%(objectname)%00%(upstream:track) refs/heads/master refs/remotes/master [1ms]
[2022-04-29T00:29:25.369Z] > git for-each-ref --sort -committerdate --format %(refname) %(objectname) %(*objectname) [4ms]
[2022-04-29T00:29:25.369Z] > git remote --verbose [1ms]
[2022-04-29T00:29:25.411Z] > git config --get commit.template [10ms]
[2022-04-29T00:39:57.953Z] > git ls-files --stage -- /home/lrb96/curso_poo_algoritmos_python/herencia.py [2ms]
[2022-04-29T00:39:58.745Z] > git ls-files --stage -- /home/lrb96/curso_poo_algoritmos_python/instancias.py [3ms]
[2022-04-29T00:39:59.076Z] > git ls-files --stage -- /home/lrb96/curso_poo_algoritmos_python/herencia.py [2ms]
[2022-04-29T00:39:59.505Z] > git ls-files --stage -- /home/lrb96/curso_poo_algoritmos_python/instancias.py [3ms]
[2022-04-29T00:39:59.676Z] > git fetch [2896ms]
[2022-04-29T00:39:59.728Z] > git symbolic-ref --short HEAD [1ms]
[2022-04-29T00:39:59.731Z] > git for-each-ref --format=%(refname)%00%(upstream:short)%00%(objectname)%00%(upstream:track) refs/heads/master refs/remotes/master [0ms]
[2022-04-29T00:39:59.738Z] > git for-each-ref --sort -committerdate --format %(refname) %(objectname) %(*objectname) [4ms]
[2022-04-29T00:39:59.738Z] > git remote --verbose [2ms]
[2022-04-29T00:39:59.776Z] > git config --get commit.template [2ms]
[2022-04-29T00:40:00.947Z] > git log --format=%H%n%aN%n%aE%n%at%n%ct%n%P%n%B -z -n21 -- /home/lrb96/curso_poo_algoritmos_python/herencia.py [9ms]
[2022-04-29T00:40:01.044Z] > git ls-files --stage -- /home/lrb96/curso_poo_algoritmos_python/herencia.py [2ms]
[2022-04-29T00:40:02.906Z] > git ls-files --stage -- /home/lrb96/curso_poo_algoritmos_python/instancias.py [2ms]
[2022-04-29T00:40:03.361Z] > git ls-files --stage -- /home/lrb96/curso_poo_algoritmos_python/herencia.py [2ms]
[2022-04-29T00:40:03.783Z] > git ls-files --stage -- /home/lrb96/curso_poo_algoritmos_python/instancias.py [2ms]
[2022-04-29T00:40:04.205Z] > git ls-files --stage -- /home/lrb96/curso_poo_algoritmos_python/herencia.py [2ms]
[2022-04-29T01:15:47.381Z] > git ls-files --stage -- /home/lrb96/curso_poo_algoritmos_python/herencia.py [4ms]
[2022-04-29T01:15:48.329Z] > git log --format=%H%n%aN%n%aE%n%at%n%ct%n%P%n%B -z -n21 -- /home/lrb96/curso_poo_algoritmos_python/herencia.py [2ms]
[2022-04-29T01:15:48.412Z] > git fetch [2205ms]
[2022-04-29T01:15:48.460Z] > git symbolic-ref --short HEAD [1ms]
[2022-04-29T01:15:48.463Z] > git for-each-ref --format=%(refname)%00%(upstream:short)%00%(objectname)%00%(upstream:track) refs/heads/master refs/remotes/master [0ms]
[2022-04-29T01:15:48.469Z] > git for-each-ref --sort -committerdate --format %(refname) %(objectname) %(*objectname) [3ms]
[2022-04-29T01:15:48.469Z] > git remote --verbose [0ms]
[2022-04-29T01:15:48.510Z] > git config --get commit.template [1ms]
[2022-04-29T01:15:49.972Z] > git ls-files --stage -- /home/lrb96/curso_poo_algoritmos_python/herencia.py [3ms]
[2022-04-29T01:17:15.733Z] > git ls-files --stage -- /home/lrb96/curso_poo_algoritmos_python/herencia.py [3ms]
[2022-04-29T01:17:15.738Z] > git cat-file -s 8999c2b1f85c2d0da2816c0e62057ab5e05215d0 [0ms]
[2022-04-29T01:17:15.845Z] > git symbolic-ref --short HEAD [1ms]
[2022-04-29T01:17:15.849Z] > git for-each-ref --format=%(refname)%00%(upstream:short)%00%(objectname)%00%(upstream:track) refs/heads/master refs/remotes/master [1ms]
[2022-04-29T01:17:15.855Z] > git for-each-ref --sort -committerdate --format %(refname) %(objectname) %(*objectname) [3ms]
[2022-04-29T01:17:15.855Z] > git remote --verbose [1ms]
[2022-04-29T01:17:15.901Z] > git config --get commit.template [1ms]
[2022-04-29T01:17:20.167Z] > git -c user.useConfigOnly=true commit --quiet --allow-empty-message --file - [39ms]
[2022-04-29T01:17:20.210Z] > git symbolic-ref --short HEAD [1ms]
[2022-04-29T01:17:20.214Z] > git for-each-ref --format=%(refname)%00%(upstream:short)%00%(objectname)%00%(upstream:track) refs/heads/master refs/remotes/master [0ms]
[2022-04-29T01:17:20.222Z] > git for-each-ref --sort -committerdate --format %(refname) %(objectname) %(*objectname) [4ms]
[2022-04-29T01:17:20.222Z] > git remote --verbose [1ms]
[2022-04-29T01:17:20.237Z] > git config --get commit.template [0ms]
[2022-04-29T01:17:20.241Z] > git config --get commit.template [0ms]
[2022-04-29T01:17:20.952Z] > git symbolic-ref --short HEAD [1ms]
[2022-04-29T01:17:20.956Z] > git for-each-ref --format=%(refname)%00%(upstream:short)%00%(objectname)%00%(upstream:track) refs/heads/master refs/remotes/master [1ms]
[2022-04-29T01:17:20.963Z] > git for-each-ref --sort -committerdate --format %(refname) %(objectname) %(*objectname) [4ms]
[2022-04-29T01:17:20.963Z] > git remote --verbose [1ms]
[2022-04-29T01:17:20.968Z] > git config --get commit.template [1ms]
[2022-04-29T01:17:21.545Z] > git ls-files --stage -- /home/lrb96/curso_poo_algoritmos_python/herencia.py [3ms]
[2022-04-29T01:17:21.549Z] > git cat-file -s 8999c2b1f85c2d0da2816c0e62057ab5e05215d0 [0ms]
[2022-04-29T01:17:24.355Z] > git log --format=%H%n%aN%n%aE%n%at%n%ct%n%P%n%B -z -n21 -- /home/lrb96/curso_poo_algoritmos_python/herencia.py [2ms]
[2022-04-29T01:17:26.014Z] > git symbolic-ref --short HEAD [1ms]
[2022-04-29T01:17:26.018Z] > git for-each-ref --format=%(refname)%00%(upstream:short)%00%(objectname)%00%(upstream:track) refs/heads/master refs/remotes/master [1ms]
[2022-04-29T01:17:26.024Z] > git for-each-ref --sort -committerdate --format %(refname) %(objectname) %(*objectname) [3ms]
[2022-04-29T01:17:26.024Z] > git remote --verbose [0ms]
[2022-04-29T01:17:26.030Z] > git config --get commit.template [1ms]
[2022-04-29T01:17:27.848Z] > git rev-list --count 394380c58c4ea59367c6c7fa5cc9f93eb87c6979.. -- /home/lrb96/curso_poo_algoritmos_python/herencia.py [1ms]
[2022-04-29T01:17:27.854Z] > git log --format=%H%n%aN%n%aE%n%at%n%ct%n%P%n%B -z -n2 -- /home/lrb96/curso_poo_algoritmos_python/herencia.py [2ms]
