[2022-05-31T21:52:59.752Z] La validación encontró GIT en: git
[2022-05-31T21:53:00.342Z] Usando GIT 2.25.1 de git
[2022-05-31T21:53:00.380Z] > git rev-parse --show-toplevel [29ms]
[2022-05-31T21:53:00.435Z] > git rev-parse --git-dir --git-common-dir [48ms]
[2022-05-31T21:53:00.439Z] Open repository: /home/lrb96
[2022-05-31T21:53:00.655Z] > git status -z -uall [209ms]
[2022-05-31T21:53:00.673Z] > git symbolic-ref --short HEAD [12ms]
[2022-05-31T21:53:00.696Z] > git for-each-ref --format=%(refname)%00%(upstream:short)%00%(objectname)%00%(upstream:track)%00%(upstream:remotename)%00%(upstream:remoteref) refs/heads/master refs/remotes/master [17ms]
[2022-05-31T21:53:00.713Z] > git remote --verbose [5ms]
[2022-05-31T21:53:00.713Z] > git for-each-ref --sort -committerdate --format %(refname) %(objectname) %(*objectname) [11ms]
[2022-05-31T21:53:00.727Z] > git config --get commit.template [5ms]
[2022-05-31T21:53:01.105Z] > git check-ignore -v -z --stdin [9ms]
[2022-05-31T21:53:10.490Z] > git status -z -uall [51ms]
[2022-05-31T21:53:10.498Z] > git symbolic-ref --short HEAD [1ms]
[2022-05-31T21:53:10.510Z] > git for-each-ref --format=%(refname)%00%(upstream:short)%00%(objectname)%00%(upstream:track)%00%(upstream:remotename)%00%(upstream:remoteref) refs/heads/master refs/remotes/master [2ms]
[2022-05-31T21:53:10.528Z] > git remote --verbose [3ms]
[2022-05-31T21:53:10.528Z] > git for-each-ref --sort -committerdate --format %(refname) %(objectname) %(*objectname) [10ms]
[2022-05-31T21:53:10.576Z] > git config --get commit.template [5ms]
[2022-05-31T21:53:11.949Z] > git fetch [1523ms]
[2022-05-31T21:53:12.013Z] > git status -z -uall [56ms]
[2022-05-31T21:53:12.022Z] > git symbolic-ref --short HEAD [1ms]
[2022-05-31T21:53:12.031Z] > git for-each-ref --format=%(refname)%00%(upstream:short)%00%(objectname)%00%(upstream:track)%00%(upstream:remotename)%00%(upstream:remoteref) refs/heads/master refs/remotes/master [1ms]
[2022-05-31T21:53:12.048Z] > git for-each-ref --sort -committerdate --format %(refname) %(objectname) %(*objectname) [8ms]
[2022-05-31T21:53:12.048Z] > git remote --verbose [1ms]
[2022-05-31T21:53:12.110Z] > git config --get commit.template [6ms]
[2022-05-31T21:53:13.628Z] > git show --textconv :portafolio_python/programacion_dinamica.py [8ms]
[2022-05-31T21:53:13.630Z] > git ls-files --stage -- /home/lrb96/portafolio_python/programacion_dinamica.py [3ms]
[2022-05-31T21:53:13.638Z] > git cat-file -s b2a152f206ac656e3138770d2cfa34d0a13fc73c [1ms]
[2022-05-31T21:53:15.651Z] > git status -z -uall [69ms]
[2022-05-31T21:53:15.659Z] > git symbolic-ref --short HEAD [1ms]
[2022-05-31T21:53:15.666Z] > git for-each-ref --format=%(refname)%00%(upstream:short)%00%(objectname)%00%(upstream:track)%00%(upstream:remotename)%00%(upstream:remoteref) refs/heads/master refs/remotes/master [1ms]
[2022-05-31T21:53:15.677Z] > git remote --verbose [1ms]
[2022-05-31T21:53:15.678Z] > git for-each-ref --sort -committerdate --format %(refname) %(objectname) %(*objectname) [6ms]
[2022-05-31T21:53:15.754Z] > git config --get commit.template [6ms]
