[2022-06-13T23:35:26.101Z] Nivel de registro: Info
[2022-06-13T23:35:26.102Z] [info] La validación encontró Git en: git
[2022-06-13T23:35:26.480Z] [info] Usando GIT 2.25.1 desde git
[2022-06-13T23:35:26.534Z] > git rev-parse --show-toplevel [47ms]
[2022-06-13T23:35:26.559Z] > git rev-parse --git-dir --git-common-dir [19ms]
[2022-06-13T23:35:26.563Z] [info] Open repository: /home/lrb96
[2022-06-13T23:35:26.648Z] > git status -z -uall [75ms]
[2022-06-13T23:35:26.665Z] > git symbolic-ref --short HEAD [12ms]
[2022-06-13T23:35:26.674Z] > git for-each-ref --format=%(refname)%00%(upstream:short)%00%(objectname)%00%(upstream:track)%00%(upstream:remotename)%00%(upstream:remoteref) refs/heads/master refs/remotes/master [4ms]
[2022-06-13T23:35:26.684Z] > git remote --verbose [1ms]
[2022-06-13T23:35:26.685Z] > git for-each-ref --sort -committerdate --format %(refname) %(objectname) %(*objectname) [6ms]
[2022-06-13T23:35:26.757Z] > git config --get commit.template [9ms]
[2022-06-13T23:35:27.610Z] > git check-ignore -v -z --stdin [7ms]
[2022-06-13T23:35:27.802Z] > git fetch [1234ms]
[2022-06-13T23:35:27.878Z] > git status -z -uall [69ms]
[2022-06-13T23:35:27.885Z] > git symbolic-ref --short HEAD [1ms]
[2022-06-13T23:35:27.894Z] > git for-each-ref --format=%(refname)%00%(upstream:short)%00%(objectname)%00%(upstream:track)%00%(upstream:remotename)%00%(upstream:remoteref) refs/heads/master refs/remotes/master [1ms]
[2022-06-13T23:35:27.907Z] > git remote --verbose [1ms]
[2022-06-13T23:35:27.907Z] > git for-each-ref --sort -committerdate --format %(refname) %(objectname) %(*objectname) [7ms]
[2022-06-13T23:35:27.953Z] > git config --get commit.template [1ms]
[2022-06-13T23:35:29.507Z] > git status -z -uall [64ms]
[2022-06-13T23:35:29.514Z] > git symbolic-ref --short HEAD [1ms]
[2022-06-13T23:35:29.532Z] > git for-each-ref --format=%(refname)%00%(upstream:short)%00%(objectname)%00%(upstream:track)%00%(upstream:remotename)%00%(upstream:remoteref) refs/heads/master refs/remotes/master [12ms]
[2022-06-13T23:35:29.545Z] > git remote --verbose [3ms]
[2022-06-13T23:35:29.545Z] > git for-each-ref --sort -committerdate --format %(refname) %(objectname) %(*objectname) [7ms]
[2022-06-13T23:35:29.670Z] > git config --get commit.template [5ms]
[2022-06-13T23:35:51.547Z] > git status -z -uall [58ms]
[2022-06-13T23:35:51.551Z] > git symbolic-ref --short HEAD [0ms]
[2022-06-13T23:35:51.555Z] > git for-each-ref --format=%(refname)%00%(upstream:short)%00%(objectname)%00%(upstream:track)%00%(upstream:remotename)%00%(upstream:remoteref) refs/heads/master refs/remotes/master [1ms]
[2022-06-13T23:35:51.561Z] > git remote --verbose [0ms]
[2022-06-13T23:35:51.562Z] > git for-each-ref --sort -committerdate --format %(refname) %(objectname) %(*objectname) [3ms]
[2022-06-13T23:35:51.607Z] > git config --get commit.template [1ms]
