[2022-05-09 15:23:32.990] [exthost] [info] Extension host with pid 140 started
[2022-05-09 15:23:33.001] [exthost] [info] Lock '/home/lrb96/.vscode-server/data/User/workspaceStorage/9d781c065241cc6485d8434a545572eb/vscode.lock': Lock acquired.
[2022-05-09 15:23:33.023] [exthost] [info] ExtensionService#_doActivateExtension vscode.debug-auto-launch, startup: true, activationEvent: '*'
[2022-05-09 15:23:33.029] [exthost] [info] ExtensionService#_doActivateExtension vscode.git-base, startup: true, activationEvent: '*', root cause: vscode.git
[2022-05-09 15:23:33.033] [exthost] [info] ExtensionService#_doActivateExtension vscode.ipynb, startup: true, activationEvent: '*'
[2022-05-09 15:23:33.106] [exthost] [info] ExtensionService#_doActivateExtension vscode.git, startup: true, activationEvent: '*'
[2022-05-09 15:23:33.158] [exthost] [info] ExtensionService#_doActivateExtension vscode.github, startup: true, activationEvent: '*'
[2022-05-09 15:23:33.233] [exthost] [info] ExtensionService#_doActivateExtension vscode.emmet, startup: false, activationEvent: 'onStartupFinished'
[2022-05-09 15:23:33.250] [exthost] [info] ExtensionService#_doActivateExtension vscode.merge-conflict, startup: false, activationEvent: 'onStartupFinished'
[2022-05-09 15:23:33.254] [exthost] [info] Eager extensions activated
[2022-05-09 15:23:34.527] [exthost] [info] ExtensionService#_doActivateExtension vscode.configuration-editing, startup: false, activationEvent: 'onLanguage:jsonc'
[2022-05-09 15:23:34.532] [exthost] [info] ExtensionService#_doActivateExtension vscode.json-language-features, startup: false, activationEvent: 'onLanguage:jsonc'
[2022-05-09 15:23:34.578] [exthost] [info] ExtensionService#_doActivateExtension vscode.typescript-language-features, startup: false, activationEvent: 'onLanguage:jsonc'
[2022-05-09 15:23:51.367] [exthost] [info] ExtensionService#_doActivateExtension ms-python.python, startup: false, activationEvent: 'onLanguage:python'
[2022-05-09 15:23:51.631] [exthost] [info] ExtensionService#_doActivateExtension ms-toolsai.jupyter, startup: false, activationEvent: 'onLanguage:python'
[2022-05-09 15:23:52.416] [exthost] [info] ExtensionService#_doActivateExtension ms-toolsai.jupyter-renderers, startup: false, activationEvent: 'api', root cause: ms-toolsai.jupyter
[2022-05-09 15:23:52.439] [exthost] [info] ExtensionService#_doActivateExtension ms-python.vscode-pylance, startup: false, activationEvent: 'onLanguage:python'
[2022-05-09 17:17:12.638] [exthost] [info] Extension host terminating: received terminate message from renderer
[2022-05-09 17:17:12.639] [exthost] [info] Lock '/home/lrb96/.vscode-server/data/User/workspaceStorage/9d781c065241cc6485d8434a545572eb/vscode.lock': Marking the lockfile as scheduled to be released in 6000 ms.
[2022-05-09 17:17:12.665] [exthost] [info] Extension host with pid 140 exiting with code 0
