[2022-06-09T00:00:35.432Z] La validación encontró GIT en: git
[2022-06-09T00:00:36.046Z] Usando GIT 2.25.1 de git
[2022-06-09T00:00:36.082Z] > git rev-parse --show-toplevel [26ms]
[2022-06-09T00:00:36.082Z] fatal: not a git repository (or any of the parent directories): .git
[2022-06-09T00:00:36.143Z] > git rev-parse --show-toplevel [53ms]
[2022-06-09T00:00:36.253Z] > git rev-parse --git-dir --git-common-dir [104ms]
[2022-06-09T00:00:36.257Z] Open repository: /home/lrb96
[2022-06-09T00:00:36.370Z] > git status -z -uall [100ms]
[2022-06-09T00:00:36.813Z] > git check-ignore -v -z --stdin [18ms]
[2022-06-09T00:00:37.563Z] > git fetch [1299ms]
[2022-06-09T00:00:52.640Z] > git show --textconv :curso_profesional_python/decorators.py [5ms]
[2022-06-09T00:00:52.641Z] > git ls-files --stage -- /home/lrb96/curso_profesional_python/decorators.py [3ms]
[2022-06-09T00:00:52.644Z] > git cat-file -s f49439828ecbbcc9bb2a36c355337e5bd565bfa7 [0ms]
[2022-06-09T00:00:53.923Z] > git check-ignore -v -z --stdin [4ms]
[2022-06-09T00:00:54.375Z] > git show --textconv :curso_profesional_python/prime_number.py [5ms]
[2022-06-09T00:00:54.377Z] > git ls-files --stage -- /home/lrb96/curso_profesional_python/prime_number.py [2ms]
[2022-06-09T00:00:54.381Z] > git cat-file -s dd27a6bfc3888fea6460b87a64b285e0f61e68ea [1ms]
[2022-06-09T00:00:56.071Z] > git symbolic-ref --short HEAD [1ms]
[2022-06-09T00:00:56.075Z] > git for-each-ref --format=%(refname)%00%(upstream:short)%00%(objectname)%00%(upstream:track)%00%(upstream:remotename)%00%(upstream:remoteref) refs/heads/master refs/remotes/master [1ms]
[2022-06-09T00:00:56.080Z] > git remote --verbose [1ms]
[2022-06-09T00:00:56.081Z] > git for-each-ref --sort -committerdate --format %(refname) %(objectname) %(*objectname) [4ms]
[2022-06-09T00:00:56.193Z] > git config --get commit.template [2ms]
[2022-06-09T00:00:57.538Z] > git rev-parse --show-toplevel [7ms]
[2022-06-09T00:00:57.538Z] fatal: not a git repository (or any of the parent directories): .git
[2022-06-09T00:00:57.567Z] > git status -z -uall [1369ms]
[2022-06-09T00:00:57.567Z] > git symbolic-ref --short HEAD [6ms]
[2022-06-09T00:00:57.577Z] > git for-each-ref --format=%(refname)%00%(upstream:short)%00%(objectname)%00%(upstream:track)%00%(upstream:remotename)%00%(upstream:remoteref) refs/heads/master refs/remotes/master [3ms]
[2022-06-09T00:00:57.593Z] > git remote --verbose [2ms]
[2022-06-09T00:00:57.594Z] > git for-each-ref --sort -committerdate --format %(refname) %(objectname) %(*objectname) [13ms]
[2022-06-09T00:00:57.741Z] > git config --get commit.template [1ms]
[2022-06-09T00:01:13.524Z] > git ls-files --stage -- /home/lrb96/curso_profesional_python/prime_number.py [3ms]
[2022-06-09T00:01:13.529Z] > git cat-file -s dd27a6bfc3888fea6460b87a64b285e0f61e68ea [0ms]
[2022-06-09T00:01:13.542Z] > git show --textconv :curso_profesional_python/prime_number.py [2ms]
[2022-06-09T00:01:17.666Z] > git check-ignore -v -z --stdin [10ms]
[2022-06-09T00:01:20.405Z] > git check-ignore -v -z --stdin [7ms]
[2022-06-09T00:01:21.373Z] > git check-ignore -v -z --stdin [7ms]
