[Info  - 7:00:36 PM] (2166) Pylance language server 2022.6.0 (pyright c6e1d8dd) starting
[Info  - 7:00:36 PM] (2166) Server root directory: /home/lrb96/.vscode-server/extensions/ms-python.vscode-pylance-2022.6.0/dist
Notebook support: Legacy
[Info  - 7:00:36 PM] (2166) No configuration file found.
[Info  - 7:00:36 PM] (2166) No pyproject.toml file found.
[Info  - 7:00:36 PM] (2166) Setting pythonPath for service "home": "/home/lrb96/curso_python_intermedio/venv/bin/python"
[Warn  - 7:00:36 PM] (2166) stubPath /home/typings is not a valid directory.
[Info  - 7:00:36 PM] (2166) Assuming Python version 3.8
[Info  - 7:00:36 PM] (2166) Assuming Python platform Linux
[Info  - 7:00:37 PM] (2166) Searching for source files
[Info  - 7:00:37 PM] (2166) Auto-excluding /home/lrb96/curso_poo_algoritmos_python/venv
[Info  - 7:00:37 PM] (2166) Auto-excluding /home/lrb96/curso_profesional_python/venv
[Info  - 7:00:37 PM] (2166) Auto-excluding /home/lrb96/curso_python_intermedio/venv
[Info  - 7:00:37 PM] (2166) Auto-excluding /home/lrb96/portafolio_python/venv
[Info  - 7:00:37 PM] (2166) Found 27 source files
[Info  - 7:00:37 PM] (2166) Background analysis(1) root directory: /home/lrb96/.vscode-server/extensions/ms-python.vscode-pylance-2022.6.0/dist
[Info  - 7:00:37 PM] (2166) Background analysis(1) started
[Info  - 7:00:37 PM] (2166) Indexer background runner(2) root directory: /home/lrb96/.vscode-server/extensions/ms-python.vscode-pylance-2022.6.0/dist (index)
[Info  - 7:00:37 PM] (2166) Indexing(2) started
[Info  - 7:00:37 PM] (2166) Indexer done(2). indexed 425 files
