[2022-04-21T20:55:48.173Z] Validating found git in: git
[2022-04-21T20:55:48.196Z] Using git 2.25.1 from git
[2022-04-21T20:55:48.236Z] > git rev-parse --git-dir [2ms]
[2022-04-21T20:55:48.241Z] Open repository: /home/lrb96
[2022-04-21T20:55:48.272Z] > git symbolic-ref --short HEAD [1ms]
[2022-04-21T20:55:48.276Z] > git for-each-ref --format=%(refname)%00%(upstream:short)%00%(objectname)%00%(upstream:track) refs/heads/master refs/remotes/master [2ms]
[2022-04-21T20:55:48.281Z] > git remote --verbose [1ms]
[2022-04-21T20:55:48.282Z] > git for-each-ref --sort -committerdate --format %(refname) %(objectname) %(*objectname) [4ms]
[2022-04-21T20:55:48.320Z] > git config --get commit.template [32ms]
[2022-04-21T20:55:49.578Z] > git fetch [1333ms]
[2022-04-21T20:55:49.602Z] > git symbolic-ref --short HEAD [0ms]
[2022-04-21T20:55:49.606Z] > git for-each-ref --format=%(refname)%00%(upstream:short)%00%(objectname)%00%(upstream:track) refs/heads/master refs/remotes/master [1ms]
[2022-04-21T20:55:49.610Z] > git for-each-ref --sort -committerdate --format %(refname) %(objectname) %(*objectname) [2ms]
[2022-04-21T20:55:49.610Z] > git remote --verbose [0ms]
[2022-04-21T20:55:49.614Z] > git config --get commit.template [0ms]
[2022-04-21T20:56:10.882Z] > git ls-files --stage -- /home/lrb96/curso_python_intermedio/.gitignore [2ms]
[2022-04-21T20:56:15.239Z] > git symbolic-ref --short HEAD [0ms]
[2022-04-21T20:56:15.242Z] > git for-each-ref --format=%(refname)%00%(upstream:short)%00%(objectname)%00%(upstream:track) refs/heads/master refs/remotes/master [1ms]
[2022-04-21T20:56:15.245Z] > git for-each-ref --sort -committerdate --format %(refname) %(objectname) %(*objectname) [2ms]
[2022-04-21T20:56:15.246Z] > git remote --verbose [1ms]
[2022-04-21T20:56:15.250Z] > git config --get commit.template [0ms]
[2022-04-21T20:56:20.281Z] > git symbolic-ref --short HEAD [0ms]
[2022-04-21T20:56:20.284Z] > git for-each-ref --format=%(refname)%00%(upstream:short)%00%(objectname)%00%(upstream:track) refs/heads/master refs/remotes/master [1ms]
[2022-04-21T20:56:20.289Z] > git remote --verbose [1ms]
[2022-04-21T20:56:20.289Z] > git for-each-ref --sort -committerdate --format %(refname) %(objectname) %(*objectname) [2ms]
[2022-04-21T20:56:20.293Z] > git config --get commit.template [0ms]
[2022-04-21T20:56:22.926Z] > git ls-files --stage -- /home/lrb96/curso_python_intermedio/.gitignore [2ms]
[2022-04-21T21:07:26.719Z] > git symbolic-ref --short HEAD [1ms]
[2022-04-21T21:07:26.721Z] > git for-each-ref --format=%(refname)%00%(upstream:short)%00%(objectname)%00%(upstream:track) refs/heads/master refs/remotes/master [0ms]
[2022-04-21T21:07:26.725Z] > git remote --verbose [1ms]
[2022-04-21T21:07:26.725Z] > git for-each-ref --sort -committerdate --format %(refname) %(objectname) %(*objectname) [2ms]
[2022-04-21T21:07:26.728Z] > git config --get commit.template [0ms]
[2022-04-21T21:07:27.886Z] > git ls-files --stage -- /home/lrb96/curso_python_intermedio/.gitignore [2ms]
[2022-04-21T21:07:28.408Z] > git ls-files --stage -- /home/lrb96/curso_python_intermedio/lists_and_dicts.py [1ms]
[2022-04-21T21:07:28.778Z] > git fetch [2082ms]
[2022-04-21T21:07:28.799Z] > git symbolic-ref --short HEAD [0ms]
[2022-04-21T21:07:28.802Z] > git for-each-ref --format=%(refname)%00%(upstream:short)%00%(objectname)%00%(upstream:track) refs/heads/master refs/remotes/master [1ms]
[2022-04-21T21:07:28.805Z] > git for-each-ref --sort -committerdate --format %(refname) %(objectname) %(*objectname) [2ms]
[2022-04-21T21:07:28.805Z] > git remote --verbose [0ms]
[2022-04-21T21:07:28.809Z] > git config --get commit.template [1ms]
[2022-04-21T21:07:29.621Z] > git ls-files --stage -- /home/lrb96/curso_python_intermedio/lists_and_dicts.py [3ms]
[2022-04-21T21:07:32.562Z] > git ls-files --stage -- /home/lrb96/curso_python_intermedio/.gitignore [2ms]
[2022-04-21T21:07:33.129Z] > git ls-files --stage -- /home/lrb96/curso_python_intermedio/lists_and_dicts.py [1ms]
[2022-04-21T21:07:34.037Z] > git ls-files --stage -- /home/lrb96/curso_python_intermedio/.gitignore [3ms]
[2022-04-21T21:07:34.570Z] > git ls-files --stage -- /home/lrb96/curso_python_intermedio/lists_and_dicts.py [2ms]
[2022-04-21T21:08:10.405Z] > git symbolic-ref --short HEAD [1ms]
[2022-04-21T21:08:10.407Z] > git for-each-ref --format=%(refname)%00%(upstream:short)%00%(objectname)%00%(upstream:track) refs/heads/master refs/remotes/master [0ms]
[2022-04-21T21:08:10.412Z] > git for-each-ref --sort -committerdate --format %(refname) %(objectname) %(*objectname) [3ms]
[2022-04-21T21:08:10.412Z] > git remote --verbose [1ms]
[2022-04-21T21:08:10.415Z] > git config --get commit.template [0ms]
[2022-04-21T21:09:40.184Z] > git symbolic-ref --short HEAD [1ms]
[2022-04-21T21:09:40.187Z] > git for-each-ref --format=%(refname)%00%(upstream:short)%00%(objectname)%00%(upstream:track) refs/heads/master refs/remotes/master [1ms]
[2022-04-21T21:09:40.192Z] > git for-each-ref --sort -committerdate --format %(refname) %(objectname) %(*objectname) [3ms]
[2022-04-21T21:09:40.192Z] > git remote --verbose [2ms]
[2022-04-21T21:09:40.196Z] > git config --get commit.template [0ms]
[2022-04-21T21:09:51.036Z] > git symbolic-ref --short HEAD [1ms]
[2022-04-21T21:09:51.038Z] > git for-each-ref --format=%(refname)%00%(upstream:short)%00%(objectname)%00%(upstream:track) refs/heads/master refs/remotes/master [0ms]
[2022-04-21T21:09:51.044Z] > git remote --verbose [0ms]
[2022-04-21T21:09:51.044Z] > git for-each-ref --sort -committerdate --format %(refname) %(objectname) %(*objectname) [3ms]
[2022-04-21T21:09:51.048Z] > git config --get commit.template [0ms]
[2022-04-21T21:10:30.005Z] > git ls-files --stage -- /home/lrb96/curso_python_intermedio/lists_and_dicts.py [2ms]
[2022-04-21T21:10:30.063Z] > git fetch [1250ms]
[2022-04-21T21:10:30.089Z] > git symbolic-ref --short HEAD [1ms]
[2022-04-21T21:10:30.092Z] > git for-each-ref --format=%(refname)%00%(upstream:short)%00%(objectname)%00%(upstream:track) refs/heads/master refs/remotes/master [1ms]
[2022-04-21T21:10:30.096Z] > git remote --verbose [1ms]
[2022-04-21T21:10:30.096Z] > git for-each-ref --sort -committerdate --format %(refname) %(objectname) %(*objectname) [2ms]
[2022-04-21T21:10:30.100Z] > git config --get commit.template [1ms]
[2022-04-21T21:10:31.141Z] > git ls-files --stage -- /home/lrb96/curso_python_intermedio/lists_and_dicts.py [2ms]
[2022-04-21T21:13:00.661Z] > git symbolic-ref --short HEAD [0ms]
[2022-04-21T21:13:00.665Z] > git for-each-ref --format=%(refname)%00%(upstream:short)%00%(objectname)%00%(upstream:track) refs/heads/master refs/remotes/master [1ms]
[2022-04-21T21:13:00.669Z] > git for-each-ref --sort -committerdate --format %(refname) %(objectname) %(*objectname) [2ms]
[2022-04-21T21:13:00.669Z] > git remote --verbose [1ms]
[2022-04-21T21:13:00.672Z] > git config --get commit.template [0ms]
[2022-04-21T21:13:09.984Z] > git symbolic-ref --short HEAD [0ms]
[2022-04-21T21:13:09.987Z] > git for-each-ref --format=%(refname)%00%(upstream:short)%00%(objectname)%00%(upstream:track) refs/heads/master refs/remotes/master [1ms]
[2022-04-21T21:13:09.991Z] > git for-each-ref --sort -committerdate --format %(refname) %(objectname) %(*objectname) [2ms]
[2022-04-21T21:13:09.991Z] > git remote --verbose [0ms]
[2022-04-21T21:13:09.995Z] > git config --get commit.template [1ms]
[2022-04-21T21:13:34.747Z] > git ls-files --stage -- /home/lrb96/curso_python_intermedio/lists_and_dicts.py [3ms]
[2022-04-21T21:13:37.120Z] > git fetch [3544ms]
[2022-04-21T21:13:37.150Z] > git symbolic-ref --short HEAD [1ms]
[2022-04-21T21:13:37.152Z] > git for-each-ref --format=%(refname)%00%(upstream:short)%00%(objectname)%00%(upstream:track) refs/heads/master refs/remotes/master [0ms]
[2022-04-21T21:13:37.156Z] > git for-each-ref --sort -committerdate --format %(refname) %(objectname) %(*objectname) [2ms]
[2022-04-21T21:13:37.156Z] > git remote --verbose [1ms]
[2022-04-21T21:13:37.160Z] > git config --get commit.template [1ms]
[2022-04-21T21:13:37.633Z] > git ls-files --stage -- /home/lrb96/curso_python_intermedio/lists_and_dicts.py [1ms]
[2022-04-21T21:14:49.454Z] > git symbolic-ref --short HEAD [0ms]
[2022-04-21T21:14:49.457Z] > git for-each-ref --format=%(refname)%00%(upstream:short)%00%(objectname)%00%(upstream:track) refs/heads/master refs/remotes/master [1ms]
[2022-04-21T21:14:49.460Z] > git for-each-ref --sort -committerdate --format %(refname) %(objectname) %(*objectname) [2ms]
[2022-04-21T21:14:49.460Z] > git remote --verbose [0ms]
[2022-04-21T21:14:49.465Z] > git config --get commit.template [1ms]
[2022-04-21T21:15:15.049Z] > git symbolic-ref --short HEAD [1ms]
[2022-04-21T21:15:15.051Z] > git for-each-ref --format=%(refname)%00%(upstream:short)%00%(objectname)%00%(upstream:track) refs/heads/master refs/remotes/master [0ms]
[2022-04-21T21:15:15.055Z] > git for-each-ref --sort -committerdate --format %(refname) %(objectname) %(*objectname) [2ms]
[2022-04-21T21:15:15.055Z] > git remote --verbose [0ms]
[2022-04-21T21:15:15.059Z] > git config --get commit.template [1ms]
[2022-04-21T21:15:55.292Z] > git symbolic-ref --short HEAD [1ms]
[2022-04-21T21:15:55.294Z] > git for-each-ref --format=%(refname)%00%(upstream:short)%00%(objectname)%00%(upstream:track) refs/heads/master refs/remotes/master [1ms]
[2022-04-21T21:15:55.298Z] > git remote --verbose [1ms]
[2022-04-21T21:15:55.298Z] > git for-each-ref --sort -committerdate --format %(refname) %(objectname) %(*objectname) [2ms]
[2022-04-21T21:15:55.302Z] > git config --get commit.template [1ms]
[2022-04-21T21:16:38.333Z] > git ls-files --stage -- /home/lrb96/curso_python_intermedio/lists_and_dicts.py [1ms]
[2022-04-21T21:16:38.878Z] > git fetch [1714ms]
[2022-04-21T21:16:38.901Z] > git symbolic-ref --short HEAD [1ms]
[2022-04-21T21:16:38.903Z] > git for-each-ref --format=%(refname)%00%(upstream:short)%00%(objectname)%00%(upstream:track) refs/heads/master refs/remotes/master [1ms]
[2022-04-21T21:16:38.907Z] > git for-each-ref --sort -committerdate --format %(refname) %(objectname) %(*objectname) [2ms]
[2022-04-21T21:16:38.907Z] > git remote --verbose [1ms]
[2022-04-21T21:16:38.911Z] > git config --get commit.template [1ms]
[2022-04-21T21:16:39.915Z] > git ls-files --stage -- /home/lrb96/curso_python_intermedio/lists_and_dicts.py [2ms]
[2022-04-21T21:16:52.756Z] > git symbolic-ref --short HEAD [1ms]
[2022-04-21T21:16:52.759Z] > git for-each-ref --format=%(refname)%00%(upstream:short)%00%(objectname)%00%(upstream:track) refs/heads/master refs/remotes/master [1ms]
[2022-04-21T21:16:52.764Z] > git remote --verbose [1ms]
[2022-04-21T21:16:52.764Z] > git for-each-ref --sort -committerdate --format %(refname) %(objectname) %(*objectname) [4ms]
[2022-04-21T21:16:52.770Z] > git config --get commit.template [1ms]
[2022-04-21T21:19:12.664Z] > git symbolic-ref --short HEAD [0ms]
[2022-04-21T21:19:12.667Z] > git for-each-ref --format=%(refname)%00%(upstream:short)%00%(objectname)%00%(upstream:track) refs/heads/master refs/remotes/master [1ms]
[2022-04-21T21:19:12.671Z] > git for-each-ref --sort -committerdate --format %(refname) %(objectname) %(*objectname) [2ms]
[2022-04-21T21:19:12.671Z] > git remote --verbose [1ms]
[2022-04-21T21:19:12.675Z] > git config --get commit.template [1ms]
[2022-04-21T21:19:52.559Z] > git ls-files --stage -- /home/lrb96/curso_python_intermedio/lists_and_dicts.py [3ms]
[2022-04-21T21:19:53.117Z] > git fetch [1729ms]
[2022-04-21T21:19:53.138Z] > git symbolic-ref --short HEAD [0ms]
[2022-04-21T21:19:53.141Z] > git for-each-ref --format=%(refname)%00%(upstream:short)%00%(objectname)%00%(upstream:track) refs/heads/master refs/remotes/master [1ms]
[2022-04-21T21:19:53.144Z] > git for-each-ref --sort -committerdate --format %(refname) %(objectname) %(*objectname) [2ms]
[2022-04-21T21:19:53.144Z] > git remote --verbose [0ms]
[2022-04-21T21:19:53.148Z] > git config --get commit.template [1ms]
[2022-04-21T21:19:54.159Z] > git ls-files --stage -- /home/lrb96/curso_python_intermedio/lists_and_dicts.py [3ms]
[2022-04-21T21:19:57.338Z] > git symbolic-ref --short HEAD [1ms]
[2022-04-21T21:19:57.340Z] > git for-each-ref --format=%(refname)%00%(upstream:short)%00%(objectname)%00%(upstream:track) refs/heads/master refs/remotes/master [0ms]
[2022-04-21T21:19:57.344Z] > git for-each-ref --sort -committerdate --format %(refname) %(objectname) %(*objectname) [2ms]
[2022-04-21T21:19:57.344Z] > git remote --verbose [1ms]
[2022-04-21T21:19:57.347Z] > git config --get commit.template [0ms]
[2022-04-21T21:21:41.059Z] > git symbolic-ref --short HEAD [0ms]
[2022-04-21T21:21:41.062Z] > git for-each-ref --format=%(refname)%00%(upstream:short)%00%(objectname)%00%(upstream:track) refs/heads/master refs/remotes/master [1ms]
[2022-04-21T21:21:41.065Z] > git for-each-ref --sort -committerdate --format %(refname) %(objectname) %(*objectname) [2ms]
[2022-04-21T21:21:41.065Z] > git remote --verbose [0ms]
[2022-04-21T21:21:41.069Z] > git config --get commit.template [0ms]
[2022-04-21T21:21:58.921Z] > git symbolic-ref --short HEAD [1ms]
[2022-04-21T21:21:58.923Z] > git for-each-ref --format=%(refname)%00%(upstream:short)%00%(objectname)%00%(upstream:track) refs/heads/master refs/remotes/master [0ms]
[2022-04-21T21:21:58.927Z] > git for-each-ref --sort -committerdate --format %(refname) %(objectname) %(*objectname) [2ms]
[2022-04-21T21:21:58.927Z] > git remote --verbose [1ms]
[2022-04-21T21:21:58.930Z] > git config --get commit.template [0ms]
[2022-04-21T21:22:40.418Z] > git symbolic-ref --short HEAD [1ms]
[2022-04-21T21:22:40.420Z] > git for-each-ref --format=%(refname)%00%(upstream:short)%00%(objectname)%00%(upstream:track) refs/heads/master refs/remotes/master [0ms]
[2022-04-21T21:22:40.424Z] > git for-each-ref --sort -committerdate --format %(refname) %(objectname) %(*objectname) [2ms]
[2022-04-21T21:22:40.424Z] > git remote --verbose [1ms]
[2022-04-21T21:22:40.428Z] > git config --get commit.template [1ms]
[2022-04-21T21:22:47.759Z] > git symbolic-ref --short HEAD [1ms]
[2022-04-21T21:22:47.761Z] > git for-each-ref --format=%(refname)%00%(upstream:short)%00%(objectname)%00%(upstream:track) refs/heads/master refs/remotes/master [1ms]
[2022-04-21T21:22:47.765Z] > git remote --verbose [1ms]
[2022-04-21T21:22:47.765Z] > git for-each-ref --sort -committerdate --format %(refname) %(objectname) %(*objectname) [2ms]
[2022-04-21T21:22:47.769Z] > git config --get commit.template [1ms]
[2022-04-21T21:23:51.058Z] > git ls-files --stage -- /home/lrb96/curso_python_intermedio/lists_and_dicts.py [3ms]
[2022-04-21T21:23:51.858Z] > git fetch [1970ms]
[2022-04-21T21:23:51.885Z] > git symbolic-ref --short HEAD [1ms]
[2022-04-21T21:23:51.888Z] > git for-each-ref --format=%(refname)%00%(upstream:short)%00%(objectname)%00%(upstream:track) refs/heads/master refs/remotes/master [0ms]
[2022-04-21T21:23:51.891Z] > git remote --verbose [0ms]
[2022-04-21T21:23:51.891Z] > git for-each-ref --sort -committerdate --format %(refname) %(objectname) %(*objectname) [2ms]
[2022-04-21T21:23:51.894Z] > git config --get commit.template [0ms]
[2022-04-21T21:23:52.875Z] > git ls-files --stage -- /home/lrb96/curso_python_intermedio/lists_and_dicts.py [2ms]
[2022-04-21T21:24:26.113Z] > git symbolic-ref --short HEAD [1ms]
[2022-04-21T21:24:26.116Z] > git for-each-ref --format=%(refname)%00%(upstream:short)%00%(objectname)%00%(upstream:track) refs/heads/master refs/remotes/master [1ms]
[2022-04-21T21:24:26.120Z] > git for-each-ref --sort -committerdate --format %(refname) %(objectname) %(*objectname) [2ms]
[2022-04-21T21:24:26.120Z] > git remote --verbose [1ms]
[2022-04-21T21:24:26.124Z] > git config --get commit.template [0ms]
[2022-04-21T21:24:39.156Z] > git symbolic-ref --short HEAD [0ms]
[2022-04-21T21:24:39.159Z] > git for-each-ref --format=%(refname)%00%(upstream:short)%00%(objectname)%00%(upstream:track) refs/heads/master refs/remotes/master [1ms]
[2022-04-21T21:24:39.163Z] > git remote --verbose [1ms]
[2022-04-21T21:24:39.163Z] > git for-each-ref --sort -committerdate --format %(refname) %(objectname) %(*objectname) [3ms]
[2022-04-21T21:24:39.166Z] > git config --get commit.template [0ms]
[2022-04-21T21:24:45.844Z] > git symbolic-ref --short HEAD [1ms]
[2022-04-21T21:24:45.846Z] > git for-each-ref --format=%(refname)%00%(upstream:short)%00%(objectname)%00%(upstream:track) refs/heads/master refs/remotes/master [0ms]
[2022-04-21T21:24:45.850Z] > git for-each-ref --sort -committerdate --format %(refname) %(objectname) %(*objectname) [2ms]
[2022-04-21T21:24:45.850Z] > git remote --verbose [1ms]
[2022-04-21T21:24:45.853Z] > git config --get commit.template [0ms]
[2022-04-21T21:27:13.656Z] > git ls-files --stage -- /home/lrb96/curso_python_intermedio/lists_and_dicts.py [2ms]
[2022-04-21T21:27:14.186Z] > git fetch [1701ms]
[2022-04-21T21:27:14.210Z] > git symbolic-ref --short HEAD [1ms]
[2022-04-21T21:27:14.213Z] > git for-each-ref --format=%(refname)%00%(upstream:short)%00%(objectname)%00%(upstream:track) refs/heads/master refs/remotes/master [1ms]
[2022-04-21T21:27:14.217Z] > git for-each-ref --sort -committerdate --format %(refname) %(objectname) %(*objectname) [2ms]
[2022-04-21T21:27:14.217Z] > git remote --verbose [1ms]
[2022-04-21T21:27:14.221Z] > git config --get commit.template [1ms]
[2022-04-21T21:27:18.411Z] > git ls-files --stage -- /home/lrb96/curso_python_intermedio/lists_and_dicts.py [1ms]
[2022-04-21T21:31:18.395Z] > git ls-files --stage -- /home/lrb96/curso_python_intermedio/lists_and_dicts.py [1ms]
[2022-04-21T21:31:18.439Z] > git fetch [2398ms]
[2022-04-21T21:31:18.462Z] > git symbolic-ref --short HEAD [0ms]
[2022-04-21T21:31:18.465Z] > git for-each-ref --format=%(refname)%00%(upstream:short)%00%(objectname)%00%(upstream:track) refs/heads/master refs/remotes/master [1ms]
[2022-04-21T21:31:18.469Z] > git for-each-ref --sort -committerdate --format %(refname) %(objectname) %(*objectname) [2ms]
[2022-04-21T21:31:18.469Z] > git remote --verbose [1ms]
[2022-04-21T21:31:18.472Z] > git config --get commit.template [0ms]
[2022-04-21T21:31:34.845Z] > git symbolic-ref --short HEAD [0ms]
[2022-04-21T21:31:34.848Z] > git for-each-ref --format=%(refname)%00%(upstream:short)%00%(objectname)%00%(upstream:track) refs/heads/master refs/remotes/master [1ms]
[2022-04-21T21:31:34.852Z] > git remote --verbose [1ms]
[2022-04-21T21:31:34.852Z] > git for-each-ref --sort -committerdate --format %(refname) %(objectname) %(*objectname) [2ms]
[2022-04-21T21:31:34.855Z] > git config --get commit.template [0ms]
[2022-04-21T21:31:46.904Z] > git symbolic-ref --short HEAD [1ms]
[2022-04-21T21:31:46.906Z] > git for-each-ref --format=%(refname)%00%(upstream:short)%00%(objectname)%00%(upstream:track) refs/heads/master refs/remotes/master [0ms]
[2022-04-21T21:31:46.910Z] > git for-each-ref --sort -committerdate --format %(refname) %(objectname) %(*objectname) [2ms]
[2022-04-21T21:31:46.910Z] > git remote --verbose [0ms]
[2022-04-21T21:31:46.914Z] > git config --get commit.template [1ms]
[2022-04-21T21:31:53.079Z] > git symbolic-ref --short HEAD [1ms]
[2022-04-21T21:31:53.082Z] > git for-each-ref --format=%(refname)%00%(upstream:short)%00%(objectname)%00%(upstream:track) refs/heads/master refs/remotes/master [1ms]
[2022-04-21T21:31:53.085Z] > git for-each-ref --sort -committerdate --format %(refname) %(objectname) %(*objectname) [2ms]
[2022-04-21T21:31:53.086Z] > git remote --verbose [1ms]
[2022-04-21T21:31:53.089Z] > git config --get commit.template [1ms]
[2022-04-21T21:38:45.072Z] > git ls-files --stage -- /home/lrb96/curso_python_intermedio/lists_and_dicts.py [3ms]
[2022-04-21T21:38:46.964Z] > git fetch [3063ms]
[2022-04-21T21:38:46.992Z] > git symbolic-ref --short HEAD [0ms]
[2022-04-21T21:38:46.995Z] > git for-each-ref --format=%(refname)%00%(upstream:short)%00%(objectname)%00%(upstream:track) refs/heads/master refs/remotes/master [1ms]
[2022-04-21T21:38:46.998Z] > git for-each-ref --sort -committerdate --format %(refname) %(objectname) %(*objectname) [2ms]
[2022-04-21T21:38:46.999Z] > git remote --verbose [1ms]
[2022-04-21T21:38:47.002Z] > git config --get commit.template [1ms]
[2022-04-21T21:38:56.004Z] > git ls-files --stage -- /home/lrb96/curso_python_intermedio/lists_and_dicts.py [2ms]
[2022-04-21T21:39:31.517Z] > git symbolic-ref --short HEAD [1ms]
[2022-04-21T21:39:31.521Z] > git for-each-ref --format=%(refname)%00%(upstream:short)%00%(objectname)%00%(upstream:track) refs/heads/master refs/remotes/master [1ms]
[2022-04-21T21:39:31.524Z] > git for-each-ref --sort -committerdate --format %(refname) %(objectname) %(*objectname) [2ms]
[2022-04-21T21:39:31.524Z] > git remote --verbose [0ms]
[2022-04-21T21:39:31.528Z] > git config --get commit.template [0ms]
[2022-04-21T21:39:32.653Z] > git log --format=%H%n%aN%n%aE%n%at%n%ct%n%P%n%B -z -n21 -- /home/lrb96/curso_python_intermedio/lists_and_dicts.py [16ms]
[2022-04-21T21:39:33.796Z] > git ls-files --stage -- /home/lrb96/curso_python_intermedio/lists_comprehensions.py [2ms]
[2022-04-21T21:39:35.130Z] > git ls-files --stage -- /home/lrb96/curso_python_intermedio/lists_and_dicts.py [2ms]
[2022-04-21T21:39:36.594Z] > git ls-files --stage -- /home/lrb96/curso_python_intermedio/lists_comprehensions.py [1ms]
[2022-04-21T21:40:08.900Z] > git symbolic-ref --short HEAD [1ms]
[2022-04-21T21:40:08.902Z] > git for-each-ref --format=%(refname)%00%(upstream:short)%00%(objectname)%00%(upstream:track) refs/heads/master refs/remotes/master [1ms]
[2022-04-21T21:40:08.906Z] > git for-each-ref --sort -committerdate --format %(refname) %(objectname) %(*objectname) [2ms]
[2022-04-21T21:40:08.907Z] > git remote --verbose [2ms]
[2022-04-21T21:40:08.910Z] > git config --get commit.template [1ms]
[2022-04-21T21:41:02.840Z] > git symbolic-ref --short HEAD [0ms]
[2022-04-21T21:41:02.843Z] > git for-each-ref --format=%(refname)%00%(upstream:short)%00%(objectname)%00%(upstream:track) refs/heads/master refs/remotes/master [1ms]
[2022-04-21T21:41:02.847Z] > git for-each-ref --sort -committerdate --format %(refname) %(objectname) %(*objectname) [2ms]
[2022-04-21T21:41:02.847Z] > git remote --verbose [1ms]
[2022-04-21T21:41:02.851Z] > git config --get commit.template [0ms]
[2022-04-21T21:41:48.175Z] > git ls-files --stage -- /home/lrb96/curso_python_intermedio/lists_comprehensions.py [2ms]
[2022-04-21T21:41:48.678Z] > git fetch [1672ms]
[2022-04-21T21:41:48.706Z] > git symbolic-ref --short HEAD [1ms]
[2022-04-21T21:41:48.708Z] > git for-each-ref --format=%(refname)%00%(upstream:short)%00%(objectname)%00%(upstream:track) refs/heads/master refs/remotes/master [0ms]
[2022-04-21T21:41:48.712Z] > git for-each-ref --sort -committerdate --format %(refname) %(objectname) %(*objectname) [2ms]
[2022-04-21T21:41:48.713Z] > git remote --verbose [2ms]
[2022-04-21T21:41:48.716Z] > git config --get commit.template [0ms]
[2022-04-21T21:41:49.713Z] > git ls-files --stage -- /home/lrb96/curso_python_intermedio/lists_comprehensions.py [2ms]
[2022-04-21T21:43:01.775Z] > git symbolic-ref --short HEAD [0ms]
[2022-04-21T21:43:01.778Z] > git for-each-ref --format=%(refname)%00%(upstream:short)%00%(objectname)%00%(upstream:track) refs/heads/master refs/remotes/master [1ms]
[2022-04-21T21:43:01.782Z] > git for-each-ref --sort -committerdate --format %(refname) %(objectname) %(*objectname) [2ms]
[2022-04-21T21:43:01.782Z] > git remote --verbose [0ms]
[2022-04-21T21:43:01.786Z] > git config --get commit.template [1ms]
[2022-04-21T21:44:00.381Z] > git symbolic-ref --short HEAD [1ms]
[2022-04-21T21:44:00.383Z] > git for-each-ref --format=%(refname)%00%(upstream:short)%00%(objectname)%00%(upstream:track) refs/heads/master refs/remotes/master [0ms]
[2022-04-21T21:44:00.387Z] > git for-each-ref --sort -committerdate --format %(refname) %(objectname) %(*objectname) [2ms]
[2022-04-21T21:44:00.387Z] > git remote --verbose [1ms]
[2022-04-21T21:44:00.391Z] > git config --get commit.template [1ms]
[2022-04-21T21:44:15.645Z] > git symbolic-ref --short HEAD [1ms]
[2022-04-21T21:44:15.647Z] > git for-each-ref --format=%(refname)%00%(upstream:short)%00%(objectname)%00%(upstream:track) refs/heads/master refs/remotes/master [1ms]
[2022-04-21T21:44:15.651Z] > git remote --verbose [0ms]
[2022-04-21T21:44:15.651Z] > git for-each-ref --sort -committerdate --format %(refname) %(objectname) %(*objectname) [2ms]
[2022-04-21T21:44:15.656Z] > git config --get commit.template [1ms]
[2022-04-21T21:44:24.583Z] > git symbolic-ref --short HEAD [1ms]
[2022-04-21T21:44:24.586Z] > git for-each-ref --format=%(refname)%00%(upstream:short)%00%(objectname)%00%(upstream:track) refs/heads/master refs/remotes/master [0ms]
[2022-04-21T21:44:24.589Z] > git for-each-ref --sort -committerdate --format %(refname) %(objectname) %(*objectname) [2ms]
[2022-04-21T21:44:24.589Z] > git remote --verbose [0ms]
[2022-04-21T21:44:24.593Z] > git config --get commit.template [0ms]
[2022-04-21T21:44:29.419Z] > git log --format=%H%n%aN%n%aE%n%at%n%ct%n%P%n%B -z -n21 -- /home/lrb96/curso_python_intermedio/lists_comprehensions.py [2ms]
[2022-04-21T21:44:30.483Z] > git ls-files --stage -- /home/lrb96/curso_python_intermedio/lists_and_dicts.py [3ms]
[2022-04-21T21:44:35.911Z] > git ls-files --stage -- /home/lrb96/curso_python_intermedio/lists_comprehensions.py [2ms]
[2022-04-21T21:44:41.119Z] > git symbolic-ref --short HEAD [0ms]
[2022-04-21T21:44:41.122Z] > git for-each-ref --format=%(refname)%00%(upstream:short)%00%(objectname)%00%(upstream:track) refs/heads/master refs/remotes/master [1ms]
[2022-04-21T21:44:41.126Z] > git for-each-ref --sort -committerdate --format %(refname) %(objectname) %(*objectname) [3ms]
[2022-04-21T21:44:41.126Z] > git remote --verbose [1ms]
[2022-04-21T21:44:41.130Z] > git config --get commit.template [1ms]
[2022-04-21T21:44:51.502Z] > git ls-files --stage -- /home/lrb96/curso_python_intermedio/lists_comprehensions.py [2ms]
[2022-04-21T21:44:51.722Z] > git log --format=%H%n%aN%n%aE%n%at%n%ct%n%P%n%B -z -n21 -- /home/lrb96/curso_python_intermedio/lists_comprehensions.py [2ms]
[2022-04-21T21:44:52.062Z] > git fetch [1729ms]
[2022-04-21T21:44:52.085Z] > git symbolic-ref --short HEAD [1ms]
[2022-04-21T21:44:52.088Z] > git for-each-ref --format=%(refname)%00%(upstream:short)%00%(objectname)%00%(upstream:track) refs/heads/master refs/remotes/master [1ms]
[2022-04-21T21:44:52.091Z] > git for-each-ref --sort -committerdate --format %(refname) %(objectname) %(*objectname) [2ms]
[2022-04-21T21:44:52.092Z] > git remote --verbose [1ms]
[2022-04-21T21:44:52.096Z] > git config --get commit.template [1ms]
[2022-04-21T21:44:52.830Z] > git ls-files --stage -- /home/lrb96/curso_python_intermedio/lists_and_dicts.py [2ms]
[2022-04-21T21:44:53.098Z] > git ls-files --stage -- /home/lrb96/curso_python_intermedio/lists_and_dicts.py [2ms]
[2022-04-21T21:44:58.148Z] > git ls-files --stage -- /home/lrb96/curso_python_intermedio/lists_comprehensions.py [1ms]
[2022-04-21T21:45:22.903Z] > git symbolic-ref --short HEAD [1ms]
[2022-04-21T21:45:22.906Z] > git for-each-ref --format=%(refname)%00%(upstream:short)%00%(objectname)%00%(upstream:track) refs/heads/master refs/remotes/master [1ms]
[2022-04-21T21:45:22.909Z] > git for-each-ref --sort -committerdate --format %(refname) %(objectname) %(*objectname) [2ms]
[2022-04-21T21:45:22.910Z] > git remote --verbose [1ms]
[2022-04-21T21:45:22.913Z] > git config --get commit.template [0ms]
[2022-04-21T21:45:34.726Z] > git symbolic-ref --short HEAD [1ms]
[2022-04-21T21:45:34.728Z] > git for-each-ref --format=%(refname)%00%(upstream:short)%00%(objectname)%00%(upstream:track) refs/heads/master refs/remotes/master [1ms]
[2022-04-21T21:45:34.732Z] > git for-each-ref --sort -committerdate --format %(refname) %(objectname) %(*objectname) [2ms]
[2022-04-21T21:45:34.732Z] > git remote --verbose [1ms]
[2022-04-21T21:45:34.736Z] > git config --get commit.template [1ms]
[2022-04-21T21:46:48.809Z] > git symbolic-ref --short HEAD [1ms]
[2022-04-21T21:46:48.811Z] > git for-each-ref --format=%(refname)%00%(upstream:short)%00%(objectname)%00%(upstream:track) refs/heads/master refs/remotes/master [0ms]
[2022-04-21T21:46:48.815Z] > git for-each-ref --sort -committerdate --format %(refname) %(objectname) %(*objectname) [2ms]
[2022-04-21T21:46:48.815Z] > git remote --verbose [1ms]
[2022-04-21T21:46:48.819Z] > git config --get commit.template [0ms]
[2022-04-21T21:47:05.957Z] > git symbolic-ref --short HEAD [1ms]
[2022-04-21T21:47:05.959Z] > git for-each-ref --format=%(refname)%00%(upstream:short)%00%(objectname)%00%(upstream:track) refs/heads/master refs/remotes/master [1ms]
[2022-04-21T21:47:05.963Z] > git for-each-ref --sort -committerdate --format %(refname) %(objectname) %(*objectname) [2ms]
[2022-04-21T21:47:05.963Z] > git remote --verbose [1ms]
[2022-04-21T21:47:05.967Z] > git config --get commit.template [1ms]
[2022-04-21T21:47:14.835Z] > git symbolic-ref --short HEAD [1ms]
[2022-04-21T21:47:14.838Z] > git for-each-ref --format=%(refname)%00%(upstream:short)%00%(objectname)%00%(upstream:track) refs/heads/master refs/remotes/master [1ms]
[2022-04-21T21:47:14.841Z] > git for-each-ref --sort -committerdate --format %(refname) %(objectname) %(*objectname) [2ms]
[2022-04-21T21:47:14.841Z] > git remote --verbose [0ms]
[2022-04-21T21:47:14.845Z] > git config --get commit.template [0ms]
[2022-04-21T21:47:23.928Z] > git symbolic-ref --short HEAD [1ms]
[2022-04-21T21:47:23.930Z] > git for-each-ref --format=%(refname)%00%(upstream:short)%00%(objectname)%00%(upstream:track) refs/heads/master refs/remotes/master [1ms]
[2022-04-21T21:47:23.934Z] > git for-each-ref --sort -committerdate --format %(refname) %(objectname) %(*objectname) [2ms]
[2022-04-21T21:47:23.934Z] > git remote --verbose [1ms]
[2022-04-21T21:47:23.938Z] > git config --get commit.template [1ms]
[2022-04-21T21:48:28.271Z] > git ls-files --stage -- /home/lrb96/curso_python_intermedio/lists_comprehensions.py [2ms]
[2022-04-21T21:48:28.819Z] > git fetch [1717ms]
[2022-04-21T21:48:28.850Z] > git symbolic-ref --short HEAD [1ms]
[2022-04-21T21:48:28.853Z] > git for-each-ref --format=%(refname)%00%(upstream:short)%00%(objectname)%00%(upstream:track) refs/heads/master refs/remotes/master [1ms]
[2022-04-21T21:48:28.856Z] > git for-each-ref --sort -committerdate --format %(refname) %(objectname) %(*objectname) [2ms]
[2022-04-21T21:48:28.857Z] > git remote --verbose [1ms]
[2022-04-21T21:48:28.860Z] > git config --get commit.template [1ms]
[2022-04-21T21:48:29.852Z] > git ls-files --stage -- /home/lrb96/curso_python_intermedio/lists_comprehensions.py [2ms]
[2022-04-21T21:48:36.853Z] > git symbolic-ref --short HEAD [1ms]
[2022-04-21T21:48:36.856Z] > git for-each-ref --format=%(refname)%00%(upstream:short)%00%(objectname)%00%(upstream:track) refs/heads/master refs/remotes/master [1ms]
[2022-04-21T21:48:36.859Z] > git for-each-ref --sort -committerdate --format %(refname) %(objectname) %(*objectname) [2ms]
[2022-04-21T21:48:36.859Z] > git remote --verbose [0ms]
[2022-04-21T21:48:36.863Z] > git config --get commit.template [0ms]
[2022-04-21T21:49:03.433Z] > git symbolic-ref --short HEAD [1ms]
[2022-04-21T21:49:03.435Z] > git for-each-ref --format=%(refname)%00%(upstream:short)%00%(objectname)%00%(upstream:track) refs/heads/master refs/remotes/master [1ms]
[2022-04-21T21:49:03.439Z] > git for-each-ref --sort -committerdate --format %(refname) %(objectname) %(*objectname) [2ms]
[2022-04-21T21:49:03.439Z] > git remote --verbose [1ms]
[2022-04-21T21:49:03.443Z] > git config --get commit.template [0ms]
[2022-04-21T21:49:29.060Z] > git symbolic-ref --short HEAD [1ms]
[2022-04-21T21:49:29.063Z] > git for-each-ref --format=%(refname)%00%(upstream:short)%00%(objectname)%00%(upstream:track) refs/heads/master refs/remotes/master [1ms]
[2022-04-21T21:49:29.067Z] > git remote --verbose [1ms]
[2022-04-21T21:49:29.067Z] > git for-each-ref --sort -committerdate --format %(refname) %(objectname) %(*objectname) [2ms]
[2022-04-21T21:49:29.071Z] > git config --get commit.template [1ms]
[2022-04-21T21:49:42.344Z] > git symbolic-ref --short HEAD [1ms]
[2022-04-21T21:49:42.347Z] > git for-each-ref --format=%(refname)%00%(upstream:short)%00%(objectname)%00%(upstream:track) refs/heads/master refs/remotes/master [1ms]
[2022-04-21T21:49:42.350Z] > git for-each-ref --sort -committerdate --format %(refname) %(objectname) %(*objectname) [2ms]
[2022-04-21T21:49:42.350Z] > git remote --verbose [0ms]
[2022-04-21T21:49:42.355Z] > git config --get commit.template [1ms]
[2022-04-21T21:50:07.193Z] > git symbolic-ref --short HEAD [1ms]
[2022-04-21T21:50:07.195Z] > git for-each-ref --format=%(refname)%00%(upstream:short)%00%(objectname)%00%(upstream:track) refs/heads/master refs/remotes/master [1ms]
[2022-04-21T21:50:07.199Z] > git for-each-ref --sort -committerdate --format %(refname) %(objectname) %(*objectname) [2ms]
[2022-04-21T21:50:07.199Z] > git remote --verbose [0ms]
[2022-04-21T21:50:07.203Z] > git config --get commit.template [0ms]
[2022-04-21T21:50:33.597Z] > git symbolic-ref --short HEAD [1ms]
[2022-04-21T21:50:33.599Z] > git for-each-ref --format=%(refname)%00%(upstream:short)%00%(objectname)%00%(upstream:track) refs/heads/master refs/remotes/master [0ms]
[2022-04-21T21:50:33.603Z] > git for-each-ref --sort -committerdate --format %(refname) %(objectname) %(*objectname) [2ms]
[2022-04-21T21:50:33.603Z] > git remote --verbose [1ms]
[2022-04-21T21:50:33.608Z] > git config --get commit.template [1ms]
[2022-04-21T21:51:08.772Z] > git symbolic-ref --short HEAD [1ms]
[2022-04-21T21:51:08.775Z] > git for-each-ref --format=%(refname)%00%(upstream:short)%00%(objectname)%00%(upstream:track) refs/heads/master refs/remotes/master [1ms]
[2022-04-21T21:51:08.779Z] > git for-each-ref --sort -committerdate --format %(refname) %(objectname) %(*objectname) [2ms]
[2022-04-21T21:51:08.780Z] > git remote --verbose [1ms]
[2022-04-21T21:51:08.783Z] > git config --get commit.template [0ms]
[2022-04-21T21:51:20.494Z] > git symbolic-ref --short HEAD [0ms]
[2022-04-21T21:51:20.497Z] > git for-each-ref --format=%(refname)%00%(upstream:short)%00%(objectname)%00%(upstream:track) refs/heads/master refs/remotes/master [1ms]
[2022-04-21T21:51:20.501Z] > git remote --verbose [1ms]
[2022-04-21T21:51:20.501Z] > git for-each-ref --sort -committerdate --format %(refname) %(objectname) %(*objectname) [3ms]
[2022-04-21T21:51:20.505Z] > git config --get commit.template [1ms]
[2022-04-21T21:51:25.533Z] > git symbolic-ref --short HEAD [1ms]
[2022-04-21T21:51:25.536Z] > git for-each-ref --format=%(refname)%00%(upstream:short)%00%(objectname)%00%(upstream:track) refs/heads/master refs/remotes/master [1ms]
[2022-04-21T21:51:25.539Z] > git for-each-ref --sort -committerdate --format %(refname) %(objectname) %(*objectname) [2ms]
[2022-04-21T21:51:25.539Z] > git remote --verbose [0ms]
[2022-04-21T21:51:25.544Z] > git config --get commit.template [1ms]
[2022-04-21T21:51:30.034Z] > git ls-files --stage -- /home/lrb96/curso_python_intermedio/lists_comprehensions.py [1ms]
[2022-04-21T21:51:31.567Z] > git fetch [2702ms]
[2022-04-21T21:51:31.593Z] > git symbolic-ref --short HEAD [0ms]
[2022-04-21T21:51:31.596Z] > git for-each-ref --format=%(refname)%00%(upstream:short)%00%(objectname)%00%(upstream:track) refs/heads/master refs/remotes/master [1ms]
[2022-04-21T21:51:31.600Z] > git for-each-ref --sort -committerdate --format %(refname) %(objectname) %(*objectname) [3ms]
[2022-04-21T21:51:31.600Z] > git remote --verbose [1ms]
[2022-04-21T21:51:31.603Z] > git config --get commit.template [0ms]
[2022-04-21T21:51:32.136Z] > git ls-files --stage -- /home/lrb96/curso_python_intermedio/lists_comprehensions.py [3ms]
[2022-04-21T21:52:20.884Z] > git symbolic-ref --short HEAD [1ms]
[2022-04-21T21:52:20.887Z] > git for-each-ref --format=%(refname)%00%(upstream:short)%00%(objectname)%00%(upstream:track) refs/heads/master refs/remotes/master [1ms]
[2022-04-21T21:52:20.890Z] > git for-each-ref --sort -committerdate --format %(refname) %(objectname) %(*objectname) [2ms]
[2022-04-21T21:52:20.890Z] > git remote --verbose [0ms]
[2022-04-21T21:52:20.894Z] > git config --get commit.template [0ms]
[2022-04-21T21:52:28.599Z] > git symbolic-ref --short HEAD [0ms]
[2022-04-21T21:52:28.603Z] > git for-each-ref --format=%(refname)%00%(upstream:short)%00%(objectname)%00%(upstream:track) refs/heads/master refs/remotes/master [1ms]
[2022-04-21T21:52:28.607Z] > git for-each-ref --sort -committerdate --format %(refname) %(objectname) %(*objectname) [2ms]
[2022-04-21T21:52:28.607Z] > git remote --verbose [1ms]
[2022-04-21T21:52:28.611Z] > git config --get commit.template [1ms]
[2022-04-21T21:52:49.489Z] > git symbolic-ref --short HEAD [1ms]
[2022-04-21T21:52:49.492Z] > git for-each-ref --format=%(refname)%00%(upstream:short)%00%(objectname)%00%(upstream:track) refs/heads/master refs/remotes/master [1ms]
[2022-04-21T21:52:49.495Z] > git for-each-ref --sort -committerdate --format %(refname) %(objectname) %(*objectname) [1ms]
[2022-04-21T21:52:49.496Z] > git remote --verbose [1ms]
[2022-04-21T21:52:49.500Z] > git config --get commit.template [1ms]
[2022-04-21T21:53:28.123Z] > git symbolic-ref --short HEAD [1ms]
[2022-04-21T21:53:28.126Z] > git for-each-ref --format=%(refname)%00%(upstream:short)%00%(objectname)%00%(upstream:track) refs/heads/master refs/remotes/master [1ms]
[2022-04-21T21:53:28.130Z] > git for-each-ref --sort -committerdate --format %(refname) %(objectname) %(*objectname) [2ms]
[2022-04-21T21:53:28.131Z] > git remote --verbose [1ms]
[2022-04-21T21:53:28.134Z] > git config --get commit.template [0ms]
[2022-04-21T21:54:46.043Z] > git symbolic-ref --short HEAD [1ms]
[2022-04-21T21:54:46.045Z] > git for-each-ref --format=%(refname)%00%(upstream:short)%00%(objectname)%00%(upstream:track) refs/heads/master refs/remotes/master [1ms]
[2022-04-21T21:54:46.049Z] > git for-each-ref --sort -committerdate --format %(refname) %(objectname) %(*objectname) [2ms]
[2022-04-21T21:54:46.049Z] > git remote --verbose [1ms]
[2022-04-21T21:54:46.052Z] > git config --get commit.template [0ms]
[2022-04-21T21:54:47.188Z] > git ls-files --stage -- /home/lrb96/curso_python_intermedio/lists_comprehensions.py [1ms]
[2022-04-21T21:54:47.711Z] > git fetch [1692ms]
[2022-04-21T21:54:47.736Z] > git symbolic-ref --short HEAD [2ms]
[2022-04-21T21:54:47.738Z] > git for-each-ref --format=%(refname)%00%(upstream:short)%00%(objectname)%00%(upstream:track) refs/heads/master refs/remotes/master [0ms]
[2022-04-21T21:54:47.742Z] > git remote --verbose [0ms]
[2022-04-21T21:54:47.743Z] > git for-each-ref --sort -committerdate --format %(refname) %(objectname) %(*objectname) [3ms]
[2022-04-21T21:54:47.747Z] > git config --get commit.template [1ms]
[2022-04-21T21:54:48.746Z] > git ls-files --stage -- /home/lrb96/curso_python_intermedio/lists_comprehensions.py [2ms]
[2022-04-21T21:55:07.210Z] > git symbolic-ref --short HEAD [0ms]
[2022-04-21T21:55:07.214Z] > git for-each-ref --format=%(refname)%00%(upstream:short)%00%(objectname)%00%(upstream:track) refs/heads/master refs/remotes/master [1ms]
[2022-04-21T21:55:07.218Z] > git for-each-ref --sort -committerdate --format %(refname) %(objectname) %(*objectname) [2ms]
[2022-04-21T21:55:07.218Z] > git remote --verbose [1ms]
[2022-04-21T21:55:07.221Z] > git config --get commit.template [0ms]
[2022-04-21T21:55:39.968Z] > git symbolic-ref --short HEAD [1ms]
[2022-04-21T21:55:39.971Z] > git for-each-ref --format=%(refname)%00%(upstream:short)%00%(objectname)%00%(upstream:track) refs/heads/master refs/remotes/master [1ms]
[2022-04-21T21:55:39.975Z] > git for-each-ref --sort -committerdate --format %(refname) %(objectname) %(*objectname) [2ms]
[2022-04-21T21:55:39.975Z] > git remote --verbose [1ms]
[2022-04-21T21:55:39.979Z] > git config --get commit.template [1ms]
[2022-04-21T21:56:19.506Z] > git symbolic-ref --short HEAD [0ms]
[2022-04-21T21:56:19.509Z] > git for-each-ref --format=%(refname)%00%(upstream:short)%00%(objectname)%00%(upstream:track) refs/heads/master refs/remotes/master [1ms]
[2022-04-21T21:56:19.512Z] > git for-each-ref --sort -committerdate --format %(refname) %(objectname) %(*objectname) [2ms]
[2022-04-21T21:56:19.512Z] > git remote --verbose [0ms]
[2022-04-21T21:56:19.517Z] > git config --get commit.template [0ms]
[2022-04-21T21:56:55.876Z] > git symbolic-ref --short HEAD [1ms]
[2022-04-21T21:56:55.879Z] > git for-each-ref --format=%(refname)%00%(upstream:short)%00%(objectname)%00%(upstream:track) refs/heads/master refs/remotes/master [1ms]
[2022-04-21T21:56:55.883Z] > git for-each-ref --sort -committerdate --format %(refname) %(objectname) %(*objectname) [2ms]
[2022-04-21T21:56:55.884Z] > git remote --verbose [1ms]
[2022-04-21T21:56:55.887Z] > git config --get commit.template [0ms]
[2022-04-21T21:57:28.398Z] > git symbolic-ref --short HEAD [1ms]
[2022-04-21T21:57:28.401Z] > git for-each-ref --format=%(refname)%00%(upstream:short)%00%(objectname)%00%(upstream:track) refs/heads/master refs/remotes/master [0ms]
[2022-04-21T21:57:28.408Z] > git remote --verbose [1ms]
[2022-04-21T21:57:28.408Z] > git for-each-ref --sort -committerdate --format %(refname) %(objectname) %(*objectname) [4ms]
[2022-04-21T21:57:28.413Z] > git config --get commit.template [1ms]
[2022-04-21T21:57:35.061Z] > git symbolic-ref --short HEAD [0ms]
[2022-04-21T21:57:35.064Z] > git for-each-ref --format=%(refname)%00%(upstream:short)%00%(objectname)%00%(upstream:track) refs/heads/master refs/remotes/master [1ms]
[2022-04-21T21:57:35.068Z] > git for-each-ref --sort -committerdate --format %(refname) %(objectname) %(*objectname) [2ms]
[2022-04-21T21:57:35.068Z] > git remote --verbose [1ms]
[2022-04-21T21:57:35.073Z] > git config --get commit.template [0ms]
[2022-04-21T21:57:48.926Z] > git ls-files --stage -- /home/lrb96/curso_python_intermedio/lists_comprehensions.py [3ms]
[2022-04-21T21:57:49.588Z] > git fetch [1836ms]
[2022-04-21T21:57:49.609Z] > git symbolic-ref --short HEAD [0ms]
[2022-04-21T21:57:49.612Z] > git for-each-ref --format=%(refname)%00%(upstream:short)%00%(objectname)%00%(upstream:track) refs/heads/master refs/remotes/master [1ms]
[2022-04-21T21:57:49.615Z] > git for-each-ref --sort -committerdate --format %(refname) %(objectname) %(*objectname) [2ms]
[2022-04-21T21:57:49.616Z] > git remote --verbose [1ms]
[2022-04-21T21:57:49.620Z] > git config --get commit.template [1ms]
[2022-04-21T21:57:50.623Z] > git ls-files --stage -- /home/lrb96/curso_python_intermedio/lists_comprehensions.py [2ms]
[2022-04-21T21:57:51.108Z] > git symbolic-ref --short HEAD [0ms]
[2022-04-21T21:57:51.111Z] > git for-each-ref --format=%(refname)%00%(upstream:short)%00%(objectname)%00%(upstream:track) refs/heads/master refs/remotes/master [1ms]
[2022-04-21T21:57:51.116Z] > git for-each-ref --sort -committerdate --format %(refname) %(objectname) %(*objectname) [3ms]
[2022-04-21T21:57:51.116Z] > git remote --verbose [1ms]
[2022-04-21T21:57:51.120Z] > git config --get commit.template [0ms]
[2022-04-21T21:58:04.947Z] > git symbolic-ref --short HEAD [0ms]
[2022-04-21T21:58:04.950Z] > git for-each-ref --format=%(refname)%00%(upstream:short)%00%(objectname)%00%(upstream:track) refs/heads/master refs/remotes/master [1ms]
[2022-04-21T21:58:04.954Z] > git for-each-ref --sort -committerdate --format %(refname) %(objectname) %(*objectname) [2ms]
[2022-04-21T21:58:04.954Z] > git remote --verbose [1ms]
[2022-04-21T21:58:04.959Z] > git config --get commit.template [1ms]
[2022-04-21T21:58:09.989Z] > git symbolic-ref --short HEAD [0ms]
[2022-04-21T21:58:09.992Z] > git for-each-ref --format=%(refname)%00%(upstream:short)%00%(objectname)%00%(upstream:track) refs/heads/master refs/remotes/master [1ms]
[2022-04-21T21:58:09.995Z] > git for-each-ref --sort -committerdate --format %(refname) %(objectname) %(*objectname) [2ms]
[2022-04-21T21:58:09.996Z] > git remote --verbose [1ms]
[2022-04-21T21:58:10.001Z] > git config --get commit.template [1ms]
[2022-04-21T22:00:14.213Z] > git symbolic-ref --short HEAD [1ms]
[2022-04-21T22:00:14.216Z] > git for-each-ref --format=%(refname)%00%(upstream:short)%00%(objectname)%00%(upstream:track) refs/heads/master refs/remotes/master [1ms]
[2022-04-21T22:00:14.222Z] > git for-each-ref --sort -committerdate --format %(refname) %(objectname) %(*objectname) [4ms]
[2022-04-21T22:00:14.222Z] > git remote --verbose [2ms]
[2022-04-21T22:00:14.226Z] > git config --get commit.template [0ms]
[2022-04-21T22:00:29.053Z] > git symbolic-ref --short HEAD [0ms]
[2022-04-21T22:00:29.057Z] > git for-each-ref --format=%(refname)%00%(upstream:short)%00%(objectname)%00%(upstream:track) refs/heads/master refs/remotes/master [1ms]
[2022-04-21T22:00:29.060Z] > git for-each-ref --sort -committerdate --format %(refname) %(objectname) %(*objectname) [2ms]
[2022-04-21T22:00:29.060Z] > git remote --verbose [0ms]
[2022-04-21T22:00:29.064Z] > git config --get commit.template [0ms]
[2022-04-21T22:00:52.348Z] > git fetch [2724ms]
[2022-04-21T22:00:52.372Z] > git symbolic-ref --short HEAD [0ms]
[2022-04-21T22:00:52.375Z] > git for-each-ref --format=%(refname)%00%(upstream:short)%00%(objectname)%00%(upstream:track) refs/heads/master refs/remotes/master [1ms]
[2022-04-21T22:00:52.379Z] > git remote --verbose [1ms]
[2022-04-21T22:00:52.379Z] > git for-each-ref --sort -committerdate --format %(refname) %(objectname) %(*objectname) [2ms]
[2022-04-21T22:00:52.383Z] > git config --get commit.template [1ms]
[2022-04-21T22:00:54.233Z] > git ls-files --stage -- /home/lrb96/curso_python_intermedio/lists_comprehensions.py [2ms]
[2022-04-21T22:00:54.244Z] > git symbolic-ref --short HEAD [1ms]
[2022-04-21T22:00:54.247Z] > git for-each-ref --format=%(refname)%00%(upstream:short)%00%(objectname)%00%(upstream:track) refs/heads/master refs/remotes/master [1ms]
[2022-04-21T22:00:54.251Z] > git for-each-ref --sort -committerdate --format %(refname) %(objectname) %(*objectname) [2ms]
[2022-04-21T22:00:54.252Z] > git remote --verbose [1ms]
[2022-04-21T22:00:54.255Z] > git config --get commit.template [0ms]
[2022-04-21T22:03:44.554Z] > git symbolic-ref --short HEAD [1ms]
[2022-04-21T22:03:44.557Z] > git for-each-ref --format=%(refname)%00%(upstream:short)%00%(objectname)%00%(upstream:track) refs/heads/master refs/remotes/master [1ms]
[2022-04-21T22:03:44.561Z] > git for-each-ref --sort -committerdate --format %(refname) %(objectname) %(*objectname) [2ms]
[2022-04-21T22:03:44.561Z] > git remote --verbose [0ms]
[2022-04-21T22:03:44.566Z] > git config --get commit.template [1ms]
[2022-04-21T22:04:13.107Z] > git ls-files --stage -- /home/lrb96/curso_python_intermedio/lists_comprehensions.py [3ms]
[2022-04-21T22:04:14.593Z] > git fetch [2652ms]
[2022-04-21T22:04:14.617Z] > git symbolic-ref --short HEAD [1ms]
[2022-04-21T22:04:14.620Z] > git for-each-ref --format=%(refname)%00%(upstream:short)%00%(objectname)%00%(upstream:track) refs/heads/master refs/remotes/master [1ms]
[2022-04-21T22:04:14.623Z] > git for-each-ref --sort -committerdate --format %(refname) %(objectname) %(*objectname) [2ms]
[2022-04-21T22:04:14.623Z] > git remote --verbose [0ms]
[2022-04-21T22:04:14.627Z] > git config --get commit.template [0ms]
[2022-04-21T22:04:15.629Z] > git ls-files --stage -- /home/lrb96/curso_python_intermedio/lists_comprehensions.py [3ms]
[2022-04-21T22:04:24.151Z] > git symbolic-ref --short HEAD [1ms]
[2022-04-21T22:04:24.153Z] > git for-each-ref --format=%(refname)%00%(upstream:short)%00%(objectname)%00%(upstream:track) refs/heads/master refs/remotes/master [1ms]
[2022-04-21T22:04:24.157Z] > git for-each-ref --sort -committerdate --format %(refname) %(objectname) %(*objectname) [2ms]
[2022-04-21T22:04:24.157Z] > git remote --verbose [1ms]
[2022-04-21T22:04:24.161Z] > git config --get commit.template [1ms]
[2022-04-21T22:04:51.676Z] > git symbolic-ref --short HEAD [0ms]
[2022-04-21T22:04:51.679Z] > git for-each-ref --format=%(refname)%00%(upstream:short)%00%(objectname)%00%(upstream:track) refs/heads/master refs/remotes/master [1ms]
[2022-04-21T22:04:51.683Z] > git remote --verbose [1ms]
[2022-04-21T22:04:51.683Z] > git for-each-ref --sort -committerdate --format %(refname) %(objectname) %(*objectname) [3ms]
[2022-04-21T22:04:51.688Z] > git config --get commit.template [1ms]
[2022-04-21T22:05:33.258Z] > git symbolic-ref --short HEAD [1ms]
[2022-04-21T22:05:33.262Z] > git for-each-ref --format=%(refname)%00%(upstream:short)%00%(objectname)%00%(upstream:track) refs/heads/master refs/remotes/master [1ms]
[2022-04-21T22:05:33.266Z] > git for-each-ref --sort -committerdate --format %(refname) %(objectname) %(*objectname) [2ms]
[2022-04-21T22:05:33.266Z] > git remote --verbose [1ms]
[2022-04-21T22:05:33.270Z] > git config --get commit.template [1ms]
[2022-04-21T22:05:56.388Z] > git symbolic-ref --short HEAD [0ms]
[2022-04-21T22:05:56.391Z] > git for-each-ref --format=%(refname)%00%(upstream:short)%00%(objectname)%00%(upstream:track) refs/heads/master refs/remotes/master [1ms]
[2022-04-21T22:05:56.395Z] > git remote --verbose [1ms]
[2022-04-21T22:05:56.395Z] > git for-each-ref --sort -committerdate --format %(refname) %(objectname) %(*objectname) [3ms]
[2022-04-21T22:05:56.398Z] > git config --get commit.template [0ms]
[2022-04-21T22:06:02.100Z] > git symbolic-ref --short HEAD [0ms]
[2022-04-21T22:06:02.103Z] > git for-each-ref --format=%(refname)%00%(upstream:short)%00%(objectname)%00%(upstream:track) refs/heads/master refs/remotes/master [1ms]
[2022-04-21T22:06:02.107Z] > git for-each-ref --sort -committerdate --format %(refname) %(objectname) %(*objectname) [2ms]
[2022-04-21T22:06:02.107Z] > git remote --verbose [1ms]
[2022-04-21T22:06:02.111Z] > git config --get commit.template [1ms]
[2022-04-21T22:06:33.199Z] > git symbolic-ref --short HEAD [1ms]
[2022-04-21T22:06:33.201Z] > git for-each-ref --format=%(refname)%00%(upstream:short)%00%(objectname)%00%(upstream:track) refs/heads/master refs/remotes/master [0ms]
[2022-04-21T22:06:33.205Z] > git for-each-ref --sort -committerdate --format %(refname) %(objectname) %(*objectname) [2ms]
[2022-04-21T22:06:33.206Z] > git remote --verbose [1ms]
[2022-04-21T22:06:33.209Z] > git config --get commit.template [0ms]
[2022-04-21T22:07:28.059Z] > git ls-files --stage -- /home/lrb96/curso_python_intermedio/lists_comprehensions.py [1ms]
[2022-04-21T22:07:28.378Z] > git fetch [1485ms]
[2022-04-21T22:07:28.399Z] > git symbolic-ref --short HEAD [0ms]
[2022-04-21T22:07:28.402Z] > git for-each-ref --format=%(refname)%00%(upstream:short)%00%(objectname)%00%(upstream:track) refs/heads/master refs/remotes/master [1ms]
[2022-04-21T22:07:28.405Z] > git for-each-ref --sort -committerdate --format %(refname) %(objectname) %(*objectname) [2ms]
[2022-04-21T22:07:28.405Z] > git remote --verbose [0ms]
[2022-04-21T22:07:28.409Z] > git config --get commit.template [1ms]
[2022-04-21T22:07:32.809Z] > git ls-files --stage -- /home/lrb96/curso_python_intermedio/lists_comprehensions.py [2ms]
[2022-04-21T22:07:32.822Z] > git symbolic-ref --short HEAD [1ms]
[2022-04-21T22:07:32.825Z] > git for-each-ref --format=%(refname)%00%(upstream:short)%00%(objectname)%00%(upstream:track) refs/heads/master refs/remotes/master [1ms]
[2022-04-21T22:07:32.829Z] > git remote --verbose [1ms]
[2022-04-21T22:07:32.829Z] > git for-each-ref --sort -committerdate --format %(refname) %(objectname) %(*objectname) [2ms]
[2022-04-21T22:07:32.835Z] > git config --get commit.template [1ms]
[2022-04-21T22:07:46.266Z] > git symbolic-ref --short HEAD [1ms]
[2022-04-21T22:07:46.269Z] > git for-each-ref --format=%(refname)%00%(upstream:short)%00%(objectname)%00%(upstream:track) refs/heads/master refs/remotes/master [1ms]
[2022-04-21T22:07:46.272Z] > git remote --verbose [0ms]
[2022-04-21T22:07:46.273Z] > git for-each-ref --sort -committerdate --format %(refname) %(objectname) %(*objectname) [3ms]
[2022-04-21T22:07:46.277Z] > git config --get commit.template [1ms]
[2022-04-21T22:10:53.475Z] > git ls-files --stage -- /home/lrb96/curso_python_intermedio/lists_comprehensions.py [2ms]
[2022-04-21T22:10:56.428Z] > git fetch [4123ms]
[2022-04-21T22:10:56.452Z] > git symbolic-ref --short HEAD [1ms]
[2022-04-21T22:10:56.454Z] > git for-each-ref --format=%(refname)%00%(upstream:short)%00%(objectname)%00%(upstream:track) refs/heads/master refs/remotes/master [1ms]
[2022-04-21T22:10:56.458Z] > git for-each-ref --sort -committerdate --format %(refname) %(objectname) %(*objectname) [2ms]
[2022-04-21T22:10:56.458Z] > git remote --verbose [1ms]
[2022-04-21T22:10:56.463Z] > git config --get commit.template [1ms]
[2022-04-21T22:11:08.377Z] > git ls-files --stage -- /home/lrb96/curso_python_intermedio/lists_comprehensions.py [2ms]
[2022-04-21T22:11:35.792Z] > git symbolic-ref --short HEAD [1ms]
[2022-04-21T22:11:35.795Z] > git for-each-ref --format=%(refname)%00%(upstream:short)%00%(objectname)%00%(upstream:track) refs/heads/master refs/remotes/master [1ms]
[2022-04-21T22:11:35.798Z] > git for-each-ref --sort -committerdate --format %(refname) %(objectname) %(*objectname) [1ms]
[2022-04-21T22:11:35.799Z] > git remote --verbose [1ms]
[2022-04-21T22:11:35.803Z] > git config --get commit.template [0ms]
[2022-04-21T22:14:54.059Z] > git ls-files --stage -- /home/lrb96/curso_python_intermedio/lists_comprehensions.py [2ms]
[2022-04-21T22:14:54.891Z] > git fetch [1998ms]
[2022-04-21T22:14:54.918Z] > git symbolic-ref --short HEAD [0ms]
[2022-04-21T22:14:54.921Z] > git for-each-ref --format=%(refname)%00%(upstream:short)%00%(objectname)%00%(upstream:track) refs/heads/master refs/remotes/master [1ms]
[2022-04-21T22:14:54.924Z] > git for-each-ref --sort -committerdate --format %(refname) %(objectname) %(*objectname) [1ms]
[2022-04-21T22:14:54.925Z] > git remote --verbose [1ms]
[2022-04-21T22:14:54.928Z] > git config --get commit.template [0ms]
[2022-04-21T22:14:55.748Z] > git ls-files --stage -- /home/lrb96/curso_python_intermedio/lists_comprehensions.py [2ms]
[2022-04-21T22:17:08.388Z] > git symbolic-ref --short HEAD [1ms]
[2022-04-21T22:17:08.390Z] > git for-each-ref --format=%(refname)%00%(upstream:short)%00%(objectname)%00%(upstream:track) refs/heads/master refs/remotes/master [1ms]
[2022-04-21T22:17:08.394Z] > git for-each-ref --sort -committerdate --format %(refname) %(objectname) %(*objectname) [2ms]
[2022-04-21T22:17:08.394Z] > git remote --verbose [1ms]
[2022-04-21T22:17:08.398Z] > git config --get commit.template [0ms]
[2022-04-21T22:17:29.427Z] > git symbolic-ref --short HEAD [1ms]
[2022-04-21T22:17:29.429Z] > git for-each-ref --format=%(refname)%00%(upstream:short)%00%(objectname)%00%(upstream:track) refs/heads/master refs/remotes/master [0ms]
[2022-04-21T22:17:29.434Z] > git for-each-ref --sort -committerdate --format %(refname) %(objectname) %(*objectname) [2ms]
[2022-04-21T22:17:29.434Z] > git remote --verbose [1ms]
[2022-04-21T22:17:29.438Z] > git config --get commit.template [1ms]
[2022-04-21T22:17:46.841Z] > git symbolic-ref --short HEAD [0ms]
[2022-04-21T22:17:46.844Z] > git for-each-ref --format=%(refname)%00%(upstream:short)%00%(objectname)%00%(upstream:track) refs/heads/master refs/remotes/master [1ms]
[2022-04-21T22:17:46.848Z] > git for-each-ref --sort -committerdate --format %(refname) %(objectname) %(*objectname) [2ms]
[2022-04-21T22:17:46.849Z] > git remote --verbose [1ms]
[2022-04-21T22:17:46.853Z] > git config --get commit.template [1ms]
[2022-04-21T22:17:57.889Z] > git fetch [2957ms]
[2022-04-21T22:17:57.917Z] > git symbolic-ref --short HEAD [1ms]
[2022-04-21T22:17:57.919Z] > git for-each-ref --format=%(refname)%00%(upstream:short)%00%(objectname)%00%(upstream:track) refs/heads/master refs/remotes/master [1ms]
[2022-04-21T22:17:57.923Z] > git for-each-ref --sort -committerdate --format %(refname) %(objectname) %(*objectname) [2ms]
[2022-04-21T22:17:57.923Z] > git remote --verbose [1ms]
[2022-04-21T22:17:57.927Z] > git config --get commit.template [1ms]
[2022-04-21T22:18:06.629Z] > git ls-files --stage -- /home/lrb96/curso_python_intermedio/lists_comprehensions.py [1ms]
[2022-04-21T22:19:22.135Z] > git symbolic-ref --short HEAD [1ms]
[2022-04-21T22:19:22.138Z] > git for-each-ref --format=%(refname)%00%(upstream:short)%00%(objectname)%00%(upstream:track) refs/heads/master refs/remotes/master [1ms]
[2022-04-21T22:19:22.143Z] > git for-each-ref --sort -committerdate --format %(refname) %(objectname) %(*objectname) [3ms]
[2022-04-21T22:19:22.143Z] > git remote --verbose [1ms]
[2022-04-21T22:19:22.147Z] > git config --get commit.template [1ms]
[2022-04-21T22:19:23.662Z] > git ls-files --stage -- /home/lrb96/curso_python_intermedio/dictionary_comprehensions.py [1ms]
[2022-04-21T22:19:24.629Z] > git ls-files --stage -- /home/lrb96/curso_python_intermedio/lists_comprehensions.py [2ms]
[2022-04-21T22:19:25.764Z] > git ls-files --stage -- /home/lrb96/curso_python_intermedio/dictionary_comprehensions.py [1ms]
[2022-04-21T22:20:59.105Z] > git ls-files --stage -- /home/lrb96/curso_python_intermedio/dictionary_comprehensions.py [4ms]
[2022-04-21T22:21:00.211Z] > git fetch [2279ms]
[2022-04-21T22:21:00.232Z] > git symbolic-ref --short HEAD [0ms]
[2022-04-21T22:21:00.235Z] > git for-each-ref --format=%(refname)%00%(upstream:short)%00%(objectname)%00%(upstream:track) refs/heads/master refs/remotes/master [1ms]
[2022-04-21T22:21:00.240Z] > git for-each-ref --sort -committerdate --format %(refname) %(objectname) %(*objectname) [2ms]
[2022-04-21T22:21:00.240Z] > git remote --verbose [0ms]
[2022-04-21T22:21:00.244Z] > git config --get commit.template [0ms]
[2022-04-21T22:21:01.039Z] > git ls-files --stage -- /home/lrb96/curso_python_intermedio/dictionary_comprehensions.py [1ms]
[2022-04-21T22:21:07.580Z] > git symbolic-ref --short HEAD [0ms]
[2022-04-21T22:21:07.583Z] > git for-each-ref --format=%(refname)%00%(upstream:short)%00%(objectname)%00%(upstream:track) refs/heads/master refs/remotes/master [1ms]
[2022-04-21T22:21:07.587Z] > git for-each-ref --sort -committerdate --format %(refname) %(objectname) %(*objectname) [2ms]
[2022-04-21T22:21:07.587Z] > git remote --verbose [1ms]
[2022-04-21T22:21:07.592Z] > git config --get commit.template [0ms]
[2022-04-21T22:22:21.351Z] > git symbolic-ref --short HEAD [0ms]
[2022-04-21T22:22:21.353Z] > git for-each-ref --format=%(refname)%00%(upstream:short)%00%(objectname)%00%(upstream:track) refs/heads/master refs/remotes/master [0ms]
[2022-04-21T22:22:21.357Z] > git for-each-ref --sort -committerdate --format %(refname) %(objectname) %(*objectname) [2ms]
[2022-04-21T22:22:21.357Z] > git remote --verbose [0ms]
[2022-04-21T22:22:21.361Z] > git config --get commit.template [1ms]
[2022-04-21T22:23:30.991Z] > git symbolic-ref --short HEAD [1ms]
[2022-04-21T22:23:30.993Z] > git for-each-ref --format=%(refname)%00%(upstream:short)%00%(objectname)%00%(upstream:track) refs/heads/master refs/remotes/master [1ms]
[2022-04-21T22:23:30.997Z] > git for-each-ref --sort -committerdate --format %(refname) %(objectname) %(*objectname) [2ms]
[2022-04-21T22:23:30.997Z] > git remote --verbose [1ms]
[2022-04-21T22:23:31.002Z] > git config --get commit.template [1ms]
[2022-04-21T22:23:38.131Z] > git symbolic-ref --short HEAD [1ms]
[2022-04-21T22:23:38.134Z] > git for-each-ref --format=%(refname)%00%(upstream:short)%00%(objectname)%00%(upstream:track) refs/heads/master refs/remotes/master [1ms]
[2022-04-21T22:23:38.137Z] > git for-each-ref --sort -committerdate --format %(refname) %(objectname) %(*objectname) [2ms]
[2022-04-21T22:23:38.137Z] > git remote --verbose [0ms]
[2022-04-21T22:23:38.141Z] > git config --get commit.template [1ms]
[2022-04-21T22:23:39.004Z] > git log --format=%H%n%aN%n%aE%n%at%n%ct%n%P%n%B -z -n21 -- /home/lrb96/curso_python_intermedio/dictionary_comprehensions.py [2ms]
[2022-04-21T22:24:01.420Z] > git ls-files --stage -- /home/lrb96/curso_python_intermedio/dictionary_comprehensions.py [3ms]
[2022-04-21T22:24:01.861Z] > git fetch [1611ms]
[2022-04-21T22:24:01.890Z] > git symbolic-ref --short HEAD [0ms]
[2022-04-21T22:24:01.893Z] > git for-each-ref --format=%(refname)%00%(upstream:short)%00%(objectname)%00%(upstream:track) refs/heads/master refs/remotes/master [1ms]
[2022-04-21T22:24:01.896Z] > git for-each-ref --sort -committerdate --format %(refname) %(objectname) %(*objectname) [2ms]
[2022-04-21T22:24:01.896Z] > git remote --verbose [0ms]
[2022-04-21T22:24:01.900Z] > git config --get commit.template [1ms]
[2022-04-21T22:24:02.900Z] > git ls-files --stage -- /home/lrb96/curso_python_intermedio/dictionary_comprehensions.py [3ms]
[2022-04-21T22:24:45.552Z] > git symbolic-ref --short HEAD [1ms]
[2022-04-21T22:24:45.555Z] > git for-each-ref --format=%(refname)%00%(upstream:short)%00%(objectname)%00%(upstream:track) refs/heads/master refs/remotes/master [1ms]
[2022-04-21T22:24:45.559Z] > git for-each-ref --sort -committerdate --format %(refname) %(objectname) %(*objectname) [2ms]
[2022-04-21T22:24:45.559Z] > git remote --verbose [1ms]
[2022-04-21T22:24:45.565Z] > git config --get commit.template [2ms]
[2022-04-21T22:25:30.096Z] > git symbolic-ref --short HEAD [1ms]
[2022-04-21T22:25:30.099Z] > git for-each-ref --format=%(refname)%00%(upstream:short)%00%(objectname)%00%(upstream:track) refs/heads/master refs/remotes/master [1ms]
[2022-04-21T22:25:30.105Z] > git for-each-ref --sort -committerdate --format %(refname) %(objectname) %(*objectname) [4ms]
[2022-04-21T22:25:30.105Z] > git remote --verbose [1ms]
[2022-04-21T22:25:30.110Z] > git config --get commit.template [1ms]
[2022-04-21T22:25:45.468Z] > git log --format=%H%n%aN%n%aE%n%at%n%ct%n%P%n%B -z -n21 -- /home/lrb96/curso_python_intermedio/dictionary_comprehensions.py [1ms]
[2022-04-21T22:25:46.909Z] > git ls-files --stage -- /home/lrb96/curso_python_intermedio/lists_and_dicts.py [2ms]
[2022-04-21T22:25:52.285Z] > git ls-files --stage -- /home/lrb96/curso_python_intermedio/dictionary_comprehensions.py [2ms]
[2022-04-21T22:26:02.059Z] > git symbolic-ref --short HEAD [1ms]
[2022-04-21T22:26:02.062Z] > git for-each-ref --format=%(refname)%00%(upstream:short)%00%(objectname)%00%(upstream:track) refs/heads/master refs/remotes/master [1ms]
[2022-04-21T22:26:02.067Z] > git remote --verbose [1ms]
[2022-04-21T22:26:02.067Z] > git for-each-ref --sort -committerdate --format %(refname) %(objectname) %(*objectname) [3ms]
[2022-04-21T22:26:02.071Z] > git config --get commit.template [0ms]
[2022-04-21T22:26:03.497Z] > git ls-files --stage -- /home/lrb96/curso_python_intermedio/lists_and_dicts.py [1ms]
[2022-04-21T22:26:03.913Z] > git ls-files --stage -- /home/lrb96/curso_python_intermedio/dictionary_comprehensions.py [1ms]
[2022-04-21T22:27:03.085Z] > git symbolic-ref --short HEAD [1ms]
[2022-04-21T22:27:03.087Z] > git for-each-ref --format=%(refname)%00%(upstream:short)%00%(objectname)%00%(upstream:track) refs/heads/master refs/remotes/master [0ms]
[2022-04-21T22:27:03.093Z] > git for-each-ref --sort -committerdate --format %(refname) %(objectname) %(*objectname) [4ms]
[2022-04-21T22:27:03.093Z] > git remote --verbose [1ms]
[2022-04-21T22:27:03.097Z] > git config --get commit.template [0ms]
[2022-04-21T22:27:04.789Z] > git ls-files --stage -- /home/lrb96/curso_python_intermedio/dictionary_comprehensions.py [2ms]
[2022-04-21T22:27:05.280Z] > git fetch [2218ms]
[2022-04-21T22:27:05.303Z] > git symbolic-ref --short HEAD [1ms]
[2022-04-21T22:27:05.306Z] > git for-each-ref --format=%(refname)%00%(upstream:short)%00%(objectname)%00%(upstream:track) refs/heads/master refs/remotes/master [1ms]
[2022-04-21T22:27:05.309Z] > git for-each-ref --sort -committerdate --format %(refname) %(objectname) %(*objectname) [2ms]
[2022-04-21T22:27:05.310Z] > git remote --verbose [1ms]
[2022-04-21T22:27:05.314Z] > git config --get commit.template [0ms]
[2022-04-21T22:27:08.366Z] > git ls-files --stage -- /home/lrb96/curso_python_intermedio/dictionary_comprehensions.py [2ms]
[2022-04-21T22:29:08.302Z] > git symbolic-ref --short HEAD [1ms]
[2022-04-21T22:29:08.304Z] > git for-each-ref --format=%(refname)%00%(upstream:short)%00%(objectname)%00%(upstream:track) refs/heads/master refs/remotes/master [1ms]
[2022-04-21T22:29:08.308Z] > git for-each-ref --sort -committerdate --format %(refname) %(objectname) %(*objectname) [2ms]
[2022-04-21T22:29:08.308Z] > git remote --verbose [1ms]
[2022-04-21T22:29:08.312Z] > git config --get commit.template [1ms]
