[2022-06-09 16:34:14.080] [exthost] [info] Extension host with pid 6744 started
[2022-06-09 16:34:14.093] [exthost] [info] Lock '/home/lrb96/.vscode-server/data/User/workspaceStorage/84b1dcf39b1c1efa2da27761829bdaf5/vscode.lock': Lock acquired.
[2022-06-09 16:34:14.394] [exthost] [info] ExtensionService#_doActivateExtension ms-python.python, startup: false, activationEvent: 'onLanguage:python'
[2022-06-09 16:34:14.662] [exthost] [info] ExtensionService#_doActivateExtension ms-toolsai.jupyter, startup: false, activationEvent: 'onLanguage:python'
[2022-06-09 16:34:14.982] [exthost] [info] ExtensionService#_doActivateExtension vscode.debug-auto-launch, startup: true, activationEvent: '*'
[2022-06-09 16:34:14.985] [exthost] [info] ExtensionService#_doActivateExtension vscode.git-base, startup: true, activationEvent: '*', root cause: vscode.git
[2022-06-09 16:34:14.987] [exthost] [info] ExtensionService#_doActivateExtension vscode.ipynb, startup: true, activationEvent: '*'
[2022-06-09 16:34:15.090] [exthost] [info] ExtensionService#_doActivateExtension vscode.git, startup: true, activationEvent: '*'
[2022-06-09 16:34:15.144] [exthost] [info] ExtensionService#_doActivateExtension vscode.github, startup: true, activationEvent: '*'
[2022-06-09 16:34:15.561] [exthost] [info] ExtensionService#_doActivateExtension ms-toolsai.jupyter-renderers, startup: false, activationEvent: 'api', root cause: ms-toolsai.jupyter
[2022-06-09 16:34:15.604] [exthost] [info] ExtensionService#_doActivateExtension vscode.emmet, startup: false, activationEvent: 'onStartupFinished'
[2022-06-09 16:34:15.616] [exthost] [info] ExtensionService#_doActivateExtension vscode.merge-conflict, startup: false, activationEvent: 'onStartupFinished'
[2022-06-09 16:34:15.619] [exthost] [info] Eager extensions activated
[2022-06-09 16:34:15.645] [exthost] [info] ExtensionService#_doActivateExtension ms-python.vscode-pylance, startup: false, activationEvent: 'onLanguage:python'
[2022-06-09 16:34:16.333] [exthost] [info] ExtensionService#_doActivateExtension vscode.configuration-editing, startup: false, activationEvent: 'onLanguage:jsonc'
[2022-06-09 16:34:16.339] [exthost] [info] ExtensionService#_doActivateExtension vscode.json-language-features, startup: false, activationEvent: 'onLanguage:jsonc'
[2022-06-09 16:34:16.403] [exthost] [info] ExtensionService#_doActivateExtension vscode.typescript-language-features, startup: false, activationEvent: 'onLanguage:jsonc'
[2022-06-09 18:33:40.655] [exthost] [warning] [Decorations] CAPPING events from decorations provider vscode.git 10000
[2022-06-09 18:33:42.361] [exthost] [warning] [Decorations] CAPPING events from decorations provider vscode.git 10009
[2022-06-09 18:36:44.208] [exthost] [warning] [Decorations] CAPPING events from decorations provider vscode.git 10000
[2022-06-09 18:40:03.480] [exthost] [warning] [Decorations] CAPPING events from decorations provider vscode.git 10000
[2022-06-09 18:43:05.917] [exthost] [warning] [Decorations] CAPPING events from decorations provider vscode.git 10000
[2022-06-09 18:46:07.500] [exthost] [warning] [Decorations] CAPPING events from decorations provider vscode.git 10000
[2022-06-09 18:47:55.254] [exthost] [warning] ms-python.python - Code actions of kind 'quickfix 'requested but returned code action is of kind 'refactor.extract'. Code action will be dropped. Please check 'CodeActionContext.only' to only return requested code actions.
[2022-06-09 18:47:55.254] [exthost] [warning] ms-python.python - Code actions of kind 'quickfix 'requested but returned code action is of kind 'refactor.extract'. Code action will be dropped. Please check 'CodeActionContext.only' to only return requested code actions.
[2022-06-09 18:49:09.209] [exthost] [warning] [Decorations] CAPPING events from decorations provider vscode.git 10000
[2022-06-09 18:52:10.932] [exthost] [warning] [Decorations] CAPPING events from decorations provider vscode.git 10000
[2022-06-09 18:55:12.723] [exthost] [warning] [Decorations] CAPPING events from decorations provider vscode.git 10000
[2022-06-09 18:58:14.477] [exthost] [warning] [Decorations] CAPPING events from decorations provider vscode.git 10000
[2022-06-09 19:01:08.052] [exthost] [warning] ms-python.python - Code actions of kind 'quickfix 'requested but returned code action is of kind 'refactor.extract'. Code action will be dropped. Please check 'CodeActionContext.only' to only return requested code actions.
[2022-06-09 19:01:08.052] [exthost] [warning] ms-python.python - Code actions of kind 'quickfix 'requested but returned code action is of kind 'refactor.extract'. Code action will be dropped. Please check 'CodeActionContext.only' to only return requested code actions.
[2022-06-09 19:01:16.139] [exthost] [warning] [Decorations] CAPPING events from decorations provider vscode.git 10000
[2022-06-09 19:05:53.478] [exthost] [warning] [Decorations] CAPPING events from decorations provider vscode.git 10001
