[2022-06-13T23:42:20.785Z] Nivel de registro: Info
[2022-06-13T23:42:20.786Z] [info] La validación encontró Git en: git
[2022-06-13T23:42:20.801Z] [info] Usando GIT 2.25.1 desde git
[2022-06-13T23:42:21.242Z] > git rev-parse --show-toplevel [432ms]
[2022-06-13T23:42:21.302Z] > git rev-parse --git-dir --git-common-dir [54ms]
[2022-06-13T23:42:21.305Z] [info] Open repository: /home/lrb96
[2022-06-13T23:42:21.396Z] > git status -z -uall [78ms]
[2022-06-13T23:42:21.419Z] > git symbolic-ref --short HEAD [17ms]
[2022-06-13T23:42:21.427Z] > git for-each-ref --format=%(refname)%00%(upstream:short)%00%(objectname)%00%(upstream:track)%00%(upstream:remotename)%00%(upstream:remoteref) refs/heads/master refs/remotes/master [2ms]
[2022-06-13T23:42:21.455Z] > git remote --verbose [15ms]
[2022-06-13T23:42:21.455Z] > git for-each-ref --sort -committerdate --format %(refname) %(objectname) %(*objectname) [21ms]
[2022-06-13T23:42:22.601Z] > git config --get commit.template [1073ms]
[2022-06-13T23:42:22.602Z] > git fetch [1290ms]
[2022-06-13T23:42:22.637Z] > git check-ignore -v -z --stdin [17ms]
[2022-06-13T23:42:22.700Z] > git status -z -uall [94ms]
[2022-06-13T23:42:22.708Z] > git symbolic-ref --short HEAD [1ms]
[2022-06-13T23:42:22.723Z] > git for-each-ref --format=%(refname)%00%(upstream:short)%00%(objectname)%00%(upstream:track)%00%(upstream:remotename)%00%(upstream:remoteref) refs/heads/master refs/remotes/master [7ms]
[2022-06-13T23:42:22.762Z] > git show --textconv :fastapi_python/main.py [9ms]
[2022-06-13T23:42:22.762Z] > git remote --verbose [24ms]
[2022-06-13T23:42:22.763Z] > git for-each-ref --sort -committerdate --format %(refname) %(objectname) %(*objectname) [32ms]
[2022-06-13T23:42:22.823Z] > git ls-files --stage -- /home/lrb96/fastapi_python/main.py [64ms]
[2022-06-13T23:42:22.843Z] > git cat-file -s 0e4962ff6826a2fd6654b557efcb3748bd456955 [15ms]
[2022-06-13T23:42:22.843Z] > git config --get commit.template [31ms]
[2022-06-13T23:42:24.502Z] > git ls-files --stage -- /home/lrb96/fastapi_python/main.py [6ms]
[2022-06-13T23:42:24.509Z] > git cat-file -s 0e4962ff6826a2fd6654b557efcb3748bd456955 [2ms]
[2022-06-13T23:42:24.520Z] > git show --textconv :fastapi_python/main.py [3ms]
[2022-06-13T23:42:51.909Z] > git status -z -uall [62ms]
[2022-06-13T23:42:51.914Z] > git symbolic-ref --short HEAD [0ms]
[2022-06-13T23:42:51.921Z] > git for-each-ref --format=%(refname)%00%(upstream:short)%00%(objectname)%00%(upstream:track)%00%(upstream:remotename)%00%(upstream:remoteref) refs/heads/master refs/remotes/master [1ms]
[2022-06-13T23:42:51.930Z] > git remote --verbose [0ms]
[2022-06-13T23:42:51.930Z] > git for-each-ref --sort -committerdate --format %(refname) %(objectname) %(*objectname) [5ms]
[2022-06-13T23:42:51.991Z] > git config --get commit.template [0ms]
[2022-06-13T23:42:57.049Z] > git status -z -uall [53ms]
[2022-06-13T23:42:57.053Z] > git symbolic-ref --short HEAD [1ms]
[2022-06-13T23:42:57.058Z] > git for-each-ref --format=%(refname)%00%(upstream:short)%00%(objectname)%00%(upstream:track)%00%(upstream:remotename)%00%(upstream:remoteref) refs/heads/master refs/remotes/master [1ms]
[2022-06-13T23:42:57.064Z] > git for-each-ref --sort -committerdate --format %(refname) %(objectname) %(*objectname) [3ms]
[2022-06-13T23:42:57.065Z] > git remote --verbose [1ms]
[2022-06-13T23:42:57.108Z] > git config --get commit.template [1ms]
[2022-06-13T23:43:03.115Z] > git status -z -uall [57ms]
[2022-06-13T23:43:03.119Z] > git symbolic-ref --short HEAD [0ms]
[2022-06-13T23:43:03.125Z] > git for-each-ref --format=%(refname)%00%(upstream:short)%00%(objectname)%00%(upstream:track)%00%(upstream:remotename)%00%(upstream:remoteref) refs/heads/master refs/remotes/master [1ms]
[2022-06-13T23:43:03.132Z] > git remote --verbose [1ms]
[2022-06-13T23:43:03.132Z] > git for-each-ref --sort -committerdate --format %(refname) %(objectname) %(*objectname) [4ms]
[2022-06-13T23:43:03.169Z] > git config --get commit.template [1ms]
[2022-06-13T23:43:10.238Z] > git status -z -uall [57ms]
[2022-06-13T23:43:10.243Z] > git symbolic-ref --short HEAD [0ms]
[2022-06-13T23:43:10.249Z] > git for-each-ref --format=%(refname)%00%(upstream:short)%00%(objectname)%00%(upstream:track)%00%(upstream:remotename)%00%(upstream:remoteref) refs/heads/master refs/remotes/master [2ms]
[2022-06-13T23:43:10.260Z] > git remote --verbose [3ms]
[2022-06-13T23:43:10.260Z] > git for-each-ref --sort -committerdate --format %(refname) %(objectname) %(*objectname) [7ms]
[2022-06-13T23:43:10.359Z] > git config --get commit.template [8ms]
[2022-06-13T23:43:15.416Z] > git status -z -uall [51ms]
[2022-06-13T23:43:15.421Z] > git symbolic-ref --short HEAD [1ms]
[2022-06-13T23:43:15.425Z] > git for-each-ref --format=%(refname)%00%(upstream:short)%00%(objectname)%00%(upstream:track)%00%(upstream:remotename)%00%(upstream:remoteref) refs/heads/master refs/remotes/master [1ms]
[2022-06-13T23:43:15.432Z] > git for-each-ref --sort -committerdate --format %(refname) %(objectname) %(*objectname) [4ms]
[2022-06-13T23:43:15.432Z] > git remote --verbose [1ms]
[2022-06-13T23:43:15.472Z] > git config --get commit.template [1ms]
[2022-06-13T23:43:20.532Z] > git status -z -uall [52ms]
[2022-06-13T23:43:20.536Z] > git symbolic-ref --short HEAD [1ms]
[2022-06-13T23:43:20.539Z] > git for-each-ref --format=%(refname)%00%(upstream:short)%00%(objectname)%00%(upstream:track)%00%(upstream:remotename)%00%(upstream:remoteref) refs/heads/master refs/remotes/master [0ms]
[2022-06-13T23:43:20.546Z] > git remote --verbose [1ms]
[2022-06-13T23:43:20.547Z] > git for-each-ref --sort -committerdate --format %(refname) %(objectname) %(*objectname) [4ms]
[2022-06-13T23:43:20.586Z] > git config --get commit.template [1ms]
[2022-06-13T23:43:25.644Z] > git status -z -uall [53ms]
[2022-06-13T23:43:25.648Z] > git symbolic-ref --short HEAD [0ms]
[2022-06-13T23:43:25.652Z] > git for-each-ref --format=%(refname)%00%(upstream:short)%00%(objectname)%00%(upstream:track)%00%(upstream:remotename)%00%(upstream:remoteref) refs/heads/master refs/remotes/master [1ms]
[2022-06-13T23:43:25.658Z] > git remote --verbose [0ms]
[2022-06-13T23:43:25.659Z] > git for-each-ref --sort -committerdate --format %(refname) %(objectname) %(*objectname) [4ms]
[2022-06-13T23:43:25.701Z] > git config --get commit.template [1ms]
[2022-06-13T23:43:30.758Z] > git status -z -uall [52ms]
[2022-06-13T23:43:30.763Z] > git symbolic-ref --short HEAD [1ms]
[2022-06-13T23:43:30.767Z] > git for-each-ref --format=%(refname)%00%(upstream:short)%00%(objectname)%00%(upstream:track)%00%(upstream:remotename)%00%(upstream:remoteref) refs/heads/master refs/remotes/master [1ms]
[2022-06-13T23:43:30.773Z] > git remote --verbose [0ms]
[2022-06-13T23:43:30.773Z] > git for-each-ref --sort -committerdate --format %(refname) %(objectname) %(*objectname) [3ms]
[2022-06-13T23:43:30.814Z] > git config --get commit.template [0ms]
[2022-06-13T23:43:35.874Z] > git status -z -uall [54ms]
[2022-06-13T23:43:35.879Z] > git symbolic-ref --short HEAD [1ms]
[2022-06-13T23:43:35.883Z] > git for-each-ref --format=%(refname)%00%(upstream:short)%00%(objectname)%00%(upstream:track)%00%(upstream:remotename)%00%(upstream:remoteref) refs/heads/master refs/remotes/master [1ms]
[2022-06-13T23:43:35.889Z] > git remote --verbose [1ms]
[2022-06-13T23:43:35.889Z] > git for-each-ref --sort -committerdate --format %(refname) %(objectname) %(*objectname) [3ms]
[2022-06-13T23:43:35.931Z] > git config --get commit.template [1ms]
[2022-06-13T23:43:40.991Z] > git status -z -uall [54ms]
[2022-06-13T23:43:40.996Z] > git symbolic-ref --short HEAD [1ms]
[2022-06-13T23:43:41.000Z] > git for-each-ref --format=%(refname)%00%(upstream:short)%00%(objectname)%00%(upstream:track)%00%(upstream:remotename)%00%(upstream:remoteref) refs/heads/master refs/remotes/master [1ms]
[2022-06-13T23:43:41.009Z] > git for-each-ref --sort -committerdate --format %(refname) %(objectname) %(*objectname) [3ms]
[2022-06-13T23:43:41.009Z] > git remote --verbose [1ms]
[2022-06-13T23:43:41.048Z] > git config --get commit.template [0ms]
[2022-06-13T23:43:46.106Z] > git status -z -uall [51ms]
[2022-06-13T23:43:46.112Z] > git symbolic-ref --short HEAD [1ms]
[2022-06-13T23:43:46.117Z] > git for-each-ref --format=%(refname)%00%(upstream:short)%00%(objectname)%00%(upstream:track)%00%(upstream:remotename)%00%(upstream:remoteref) refs/heads/master refs/remotes/master [1ms]
[2022-06-13T23:43:46.124Z] > git for-each-ref --sort -committerdate --format %(refname) %(objectname) %(*objectname) [3ms]
[2022-06-13T23:43:46.124Z] > git remote --verbose [1ms]
[2022-06-13T23:43:46.163Z] > git config --get commit.template [1ms]
[2022-06-13T23:43:56.478Z] > git status -z -uall [58ms]
[2022-06-13T23:43:56.482Z] > git symbolic-ref --short HEAD [1ms]
[2022-06-13T23:43:56.486Z] > git for-each-ref --format=%(refname)%00%(upstream:short)%00%(objectname)%00%(upstream:track)%00%(upstream:remotename)%00%(upstream:remoteref) refs/heads/master refs/remotes/master [1ms]
[2022-06-13T23:43:56.493Z] > git for-each-ref --sort -committerdate --format %(refname) %(objectname) %(*objectname) [4ms]
[2022-06-13T23:43:56.493Z] > git remote --verbose [1ms]
[2022-06-13T23:43:56.533Z] > git config --get commit.template [1ms]
[2022-06-13T23:44:04.033Z] > git status -z -uall [59ms]
[2022-06-13T23:44:04.037Z] > git symbolic-ref --short HEAD [0ms]
[2022-06-13T23:44:04.042Z] > git for-each-ref --format=%(refname)%00%(upstream:short)%00%(objectname)%00%(upstream:track)%00%(upstream:remotename)%00%(upstream:remoteref) refs/heads/master refs/remotes/master [1ms]
[2022-06-13T23:44:04.048Z] > git for-each-ref --sort -committerdate --format %(refname) %(objectname) %(*objectname) [3ms]
[2022-06-13T23:44:04.048Z] > git remote --verbose [0ms]
[2022-06-13T23:44:04.087Z] > git config --get commit.template [0ms]
[2022-06-13T23:44:10.314Z] > git status -z -uall [60ms]
[2022-06-13T23:44:10.321Z] > git symbolic-ref --short HEAD [4ms]
[2022-06-13T23:44:10.325Z] > git for-each-ref --format=%(refname)%00%(upstream:short)%00%(objectname)%00%(upstream:track)%00%(upstream:remotename)%00%(upstream:remoteref) refs/heads/master refs/remotes/master [1ms]
[2022-06-13T23:44:10.341Z] > git remote --verbose [6ms]
[2022-06-13T23:44:10.341Z] > git for-each-ref --sort -committerdate --format %(refname) %(objectname) %(*objectname) [10ms]
[2022-06-13T23:44:10.386Z] > git config --get commit.template [6ms]
[2022-06-13T23:44:15.444Z] > git status -z -uall [53ms]
[2022-06-13T23:44:15.448Z] > git symbolic-ref --short HEAD [0ms]
[2022-06-13T23:44:15.454Z] > git for-each-ref --format=%(refname)%00%(upstream:short)%00%(objectname)%00%(upstream:track)%00%(upstream:remotename)%00%(upstream:remoteref) refs/heads/master refs/remotes/master [1ms]
[2022-06-13T23:44:15.461Z] > git remote --verbose [1ms]
[2022-06-13T23:44:15.461Z] > git for-each-ref --sort -committerdate --format %(refname) %(objectname) %(*objectname) [4ms]
[2022-06-13T23:44:15.500Z] > git config --get commit.template [0ms]
[2022-06-13T23:44:20.560Z] > git status -z -uall [55ms]
[2022-06-13T23:44:20.565Z] > git symbolic-ref --short HEAD [1ms]
[2022-06-13T23:44:20.569Z] > git for-each-ref --format=%(refname)%00%(upstream:short)%00%(objectname)%00%(upstream:track)%00%(upstream:remotename)%00%(upstream:remoteref) refs/heads/master refs/remotes/master [1ms]
[2022-06-13T23:44:20.576Z] > git for-each-ref --sort -committerdate --format %(refname) %(objectname) %(*objectname) [3ms]
[2022-06-13T23:44:20.576Z] > git remote --verbose [1ms]
[2022-06-13T23:44:20.674Z] > git config --get commit.template [7ms]
[2022-06-13T23:44:25.732Z] > git status -z -uall [52ms]
[2022-06-13T23:44:25.737Z] > git symbolic-ref --short HEAD [1ms]
[2022-06-13T23:44:25.741Z] > git for-each-ref --format=%(refname)%00%(upstream:short)%00%(objectname)%00%(upstream:track)%00%(upstream:remotename)%00%(upstream:remoteref) refs/heads/master refs/remotes/master [1ms]
[2022-06-13T23:44:25.748Z] > git for-each-ref --sort -committerdate --format %(refname) %(objectname) %(*objectname) [4ms]
[2022-06-13T23:44:25.748Z] > git remote --verbose [0ms]
[2022-06-13T23:44:25.788Z] > git config --get commit.template [1ms]
[2022-06-13T23:44:43.298Z] > git status -z -uall [57ms]
[2022-06-13T23:44:43.303Z] > git symbolic-ref --short HEAD [1ms]
[2022-06-13T23:44:43.307Z] > git for-each-ref --format=%(refname)%00%(upstream:short)%00%(objectname)%00%(upstream:track)%00%(upstream:remotename)%00%(upstream:remoteref) refs/heads/master refs/remotes/master [1ms]
[2022-06-13T23:44:43.313Z] > git for-each-ref --sort -committerdate --format %(refname) %(objectname) %(*objectname) [3ms]
[2022-06-13T23:44:43.314Z] > git remote --verbose [1ms]
[2022-06-13T23:44:43.355Z] > git config --get commit.template [1ms]
