[2022-05-31 16:52:58.915] [exthost] [info] Extension host with pid 88 started
[2022-05-31 16:52:58.926] [exthost] [info] Lock '/home/lrb96/.vscode-server/data/User/workspaceStorage/9d781c065241cc6485d8434a545572eb/vscode.lock': Lock acquired.
[2022-05-31 16:52:58.961] [exthost] [info] ExtensionService#_doActivateExtension ms-python.python, startup: false, activationEvent: 'onLanguage:python'
[2022-05-31 16:52:59.206] [exthost] [info] ExtensionService#_doActivateExtension ms-toolsai.jupyter, startup: false, activationEvent: 'onLanguage:python'
[2022-05-31 16:52:59.531] [exthost] [info] ExtensionService#_doActivateExtension vscode.debug-auto-launch, startup: true, activationEvent: '*'
[2022-05-31 16:52:59.536] [exthost] [info] ExtensionService#_doActivateExtension vscode.git-base, startup: true, activationEvent: '*', root cause: vscode.git
[2022-05-31 16:52:59.540] [exthost] [info] ExtensionService#_doActivateExtension vscode.ipynb, startup: true, activationEvent: '*'
[2022-05-31 16:52:59.659] [exthost] [info] ExtensionService#_doActivateExtension vscode.git, startup: true, activationEvent: '*'
[2022-05-31 16:52:59.713] [exthost] [info] ExtensionService#_doActivateExtension vscode.github, startup: true, activationEvent: '*'
[2022-05-31 16:53:00.121] [exthost] [info] ExtensionService#_doActivateExtension ms-toolsai.jupyter-renderers, startup: false, activationEvent: 'api', root cause: ms-toolsai.jupyter
[2022-05-31 16:53:00.141] [exthost] [info] ExtensionService#_doActivateExtension ms-python.vscode-pylance, startup: false, activationEvent: 'onLanguage:python'
[2022-05-31 16:53:00.352] [exthost] [info] ExtensionService#_doActivateExtension vscode.emmet, startup: false, activationEvent: 'onStartupFinished'
[2022-05-31 16:53:00.368] [exthost] [info] ExtensionService#_doActivateExtension vscode.merge-conflict, startup: false, activationEvent: 'onStartupFinished'
[2022-05-31 16:53:00.373] [exthost] [info] Eager extensions activated
[2022-05-31 16:53:00.456] [exthost] [info] ExtensionService#_doActivateExtension vscode.configuration-editing, startup: false, activationEvent: 'onLanguage:jsonc'
[2022-05-31 16:53:00.469] [exthost] [info] ExtensionService#_doActivateExtension vscode.json-language-features, startup: false, activationEvent: 'onLanguage:jsonc'
[2022-05-31 16:53:00.537] [exthost] [info] ExtensionService#_doActivateExtension vscode.typescript-language-features, startup: false, activationEvent: 'onLanguage:jsonc'
[2022-05-31 16:53:10.554] [exthost] [warning] [Decorations] CAPPING events from decorations provider vscode.git 1517
[2022-05-31 16:53:12.085] [exthost] [warning] [Decorations] CAPPING events from decorations provider vscode.git 3678
[2022-05-31 16:53:15.728] [exthost] [warning] [Decorations] CAPPING events from decorations provider vscode.git 9211
[2022-05-31 16:53:18.037] [exthost] [info] Extension host terminating: received terminate message from renderer
[2022-05-31 16:53:18.038] [exthost] [info] Lock '/home/lrb96/.vscode-server/data/User/workspaceStorage/9d781c065241cc6485d8434a545572eb/vscode.lock': Marking the lockfile as scheduled to be released in 6000 ms.
[2022-05-31 16:53:18.064] [exthost] [info] Extension host with pid 88 exiting with code 0
