[2022-04-22T00:35:53.935Z] Validating found git in: git
[2022-04-22T00:35:53.968Z] Using git 2.25.1 from git
[2022-04-22T00:35:54.031Z] > git rev-parse --git-dir [18ms]
[2022-04-22T00:35:54.039Z] Open repository: /home/lrb96
[2022-04-22T00:35:54.074Z] > git symbolic-ref --short HEAD [1ms]
[2022-04-22T00:35:54.090Z] > git for-each-ref --format=%(refname)%00%(upstream:short)%00%(objectname)%00%(upstream:track) refs/heads/master refs/remotes/master [11ms]
[2022-04-22T00:35:54.097Z] > git remote --verbose [2ms]
[2022-04-22T00:35:54.098Z] > git for-each-ref --sort -committerdate --format %(refname) %(objectname) %(*objectname) [5ms]
[2022-04-22T00:35:54.105Z] > git config --get commit.template [1ms]
[2022-04-22T00:35:56.118Z] > git ls-files --stage -- /home/lrb96/curso_python_intermedio/dictionary_comprehensions.py [2ms]
[2022-04-22T00:35:56.121Z] > git cat-file -s 632021831856b026dafc60cfec77cf0b16c10a74 [1ms]
[2022-04-22T00:35:56.820Z] > git fetch [2233ms]
[2022-04-22T00:35:56.843Z] > git symbolic-ref --short HEAD [1ms]
[2022-04-22T00:35:56.847Z] > git for-each-ref --format=%(refname)%00%(upstream:short)%00%(objectname)%00%(upstream:track) refs/heads/master refs/remotes/master [0ms]
[2022-04-22T00:35:56.852Z] > git for-each-ref --sort -committerdate --format %(refname) %(objectname) %(*objectname) [3ms]
[2022-04-22T00:35:56.852Z] > git remote --verbose [1ms]
[2022-04-22T00:35:56.857Z] > git config --get commit.template [0ms]
[2022-04-22T00:35:57.850Z] > git ls-files --stage -- /home/lrb96/curso_python_intermedio/dictionary_comprehensions.py [2ms]
[2022-04-22T00:35:57.852Z] > git cat-file -s 632021831856b026dafc60cfec77cf0b16c10a74 [0ms]
[2022-04-22T00:38:52.976Z] > git symbolic-ref --short HEAD [1ms]
[2022-04-22T00:38:52.978Z] > git for-each-ref --format=%(refname)%00%(upstream:short)%00%(objectname)%00%(upstream:track) refs/heads/master refs/remotes/master [1ms]
[2022-04-22T00:38:52.982Z] > git remote --verbose [1ms]
[2022-04-22T00:38:52.982Z] > git for-each-ref --sort -committerdate --format %(refname) %(objectname) %(*objectname) [2ms]
[2022-04-22T00:38:52.986Z] > git config --get commit.template [0ms]
[2022-04-22T00:38:58.048Z] > git ls-files --stage -- /home/lrb96/curso_python_intermedio/dictionary_comprehensions.py [1ms]
[2022-04-22T00:38:58.051Z] > git cat-file -s 632021831856b026dafc60cfec77cf0b16c10a74 [1ms]
[2022-04-22T00:38:58.834Z] > git fetch [1972ms]
[2022-04-22T00:38:58.857Z] > git symbolic-ref --short HEAD [0ms]
[2022-04-22T00:38:58.860Z] > git for-each-ref --format=%(refname)%00%(upstream:short)%00%(objectname)%00%(upstream:track) refs/heads/master refs/remotes/master [1ms]
[2022-04-22T00:38:58.863Z] > git for-each-ref --sort -committerdate --format %(refname) %(objectname) %(*objectname) [2ms]
[2022-04-22T00:38:58.864Z] > git remote --verbose [1ms]
[2022-04-22T00:38:58.867Z] > git config --get commit.template [1ms]
[2022-04-22T00:38:59.935Z] > git ls-files --stage -- /home/lrb96/curso_python_intermedio/dictionary_comprehensions.py [2ms]
[2022-04-22T00:38:59.938Z] > git cat-file -s 632021831856b026dafc60cfec77cf0b16c10a74 [0ms]
[2022-04-22T00:41:16.075Z] > git symbolic-ref --short HEAD [0ms]
[2022-04-22T00:41:16.078Z] > git for-each-ref --format=%(refname)%00%(upstream:short)%00%(objectname)%00%(upstream:track) refs/heads/master refs/remotes/master [1ms]
[2022-04-22T00:41:16.081Z] > git remote --verbose [0ms]
[2022-04-22T00:41:16.081Z] > git for-each-ref --sort -committerdate --format %(refname) %(objectname) %(*objectname) [2ms]
[2022-04-22T00:41:16.085Z] > git config --get commit.template [1ms]
[2022-04-22T00:41:49.991Z] > git symbolic-ref --short HEAD [0ms]
[2022-04-22T00:41:49.994Z] > git for-each-ref --format=%(refname)%00%(upstream:short)%00%(objectname)%00%(upstream:track) refs/heads/master refs/remotes/master [1ms]
[2022-04-22T00:41:49.998Z] > git for-each-ref --sort -committerdate --format %(refname) %(objectname) %(*objectname) [3ms]
[2022-04-22T00:41:49.998Z] > git remote --verbose [2ms]
[2022-04-22T00:41:50.002Z] > git config --get commit.template [1ms]
[2022-04-22T00:41:55.032Z] > git symbolic-ref --short HEAD [0ms]
[2022-04-22T00:41:55.035Z] > git for-each-ref --format=%(refname)%00%(upstream:short)%00%(objectname)%00%(upstream:track) refs/heads/master refs/remotes/master [1ms]
[2022-04-22T00:41:55.039Z] > git remote --verbose [0ms]
[2022-04-22T00:41:55.040Z] > git for-each-ref --sort -committerdate --format %(refname) %(objectname) %(*objectname) [3ms]
[2022-04-22T00:41:55.043Z] > git config --get commit.template [0ms]
[2022-04-22T00:42:00.040Z] > git ls-files --stage -- /home/lrb96/curso_python_intermedio/dictionary_comprehensions.py [1ms]
[2022-04-22T00:42:00.042Z] > git cat-file -s 632021831856b026dafc60cfec77cf0b16c10a74 [0ms]
[2022-04-22T00:42:02.370Z] > git fetch [3498ms]
[2022-04-22T00:42:02.394Z] > git symbolic-ref --short HEAD [1ms]
[2022-04-22T00:42:02.396Z] > git for-each-ref --format=%(refname)%00%(upstream:short)%00%(objectname)%00%(upstream:track) refs/heads/master refs/remotes/master [1ms]
[2022-04-22T00:42:02.400Z] > git remote --verbose [1ms]
[2022-04-22T00:42:02.401Z] > git for-each-ref --sort -committerdate --format %(refname) %(objectname) %(*objectname) [4ms]
[2022-04-22T00:42:02.405Z] > git config --get commit.template [1ms]
[2022-04-22T00:42:27.107Z] > git ls-files --stage -- /home/lrb96/curso_python_intermedio/dictionary_comprehensions.py [1ms]
[2022-04-22T00:42:27.110Z] > git cat-file -s 632021831856b026dafc60cfec77cf0b16c10a74 [1ms]
[2022-04-22T00:42:39.167Z] > git symbolic-ref --short HEAD [1ms]
[2022-04-22T00:42:39.169Z] > git for-each-ref --format=%(refname)%00%(upstream:short)%00%(objectname)%00%(upstream:track) refs/heads/master refs/remotes/master [1ms]
[2022-04-22T00:42:39.173Z] > git remote --verbose [1ms]
[2022-04-22T00:42:39.173Z] > git for-each-ref --sort -committerdate --format %(refname) %(objectname) %(*objectname) [3ms]
[2022-04-22T00:42:39.177Z] > git config --get commit.template [1ms]
[2022-04-22T00:43:31.994Z] > git symbolic-ref --short HEAD [1ms]
[2022-04-22T00:43:31.997Z] > git for-each-ref --format=%(refname)%00%(upstream:short)%00%(objectname)%00%(upstream:track) refs/heads/master refs/remotes/master [1ms]
[2022-04-22T00:43:32.000Z] > git for-each-ref --sort -committerdate --format %(refname) %(objectname) %(*objectname) [2ms]
[2022-04-22T00:43:32.000Z] > git remote --verbose [0ms]
[2022-04-22T00:43:32.004Z] > git config --get commit.template [1ms]
[2022-04-22T00:44:20.062Z] > git symbolic-ref --short HEAD [1ms]
[2022-04-22T00:44:20.064Z] > git for-each-ref --format=%(refname)%00%(upstream:short)%00%(objectname)%00%(upstream:track) refs/heads/master refs/remotes/master [0ms]
[2022-04-22T00:44:20.068Z] > git for-each-ref --sort -committerdate --format %(refname) %(objectname) %(*objectname) [2ms]
[2022-04-22T00:44:20.068Z] > git remote --verbose [1ms]
[2022-04-22T00:44:20.072Z] > git config --get commit.template [1ms]
[2022-04-22T00:46:51.575Z] > git ls-files --stage -- /home/lrb96/curso_python_intermedio/dictionary_comprehensions.py [2ms]
[2022-04-22T00:46:51.577Z] > git cat-file -s 632021831856b026dafc60cfec77cf0b16c10a74 [0ms]
[2022-04-22T00:46:52.455Z] > git fetch [2047ms]
[2022-04-22T00:46:52.482Z] > git symbolic-ref --short HEAD [0ms]
[2022-04-22T00:46:52.485Z] > git for-each-ref --format=%(refname)%00%(upstream:short)%00%(objectname)%00%(upstream:track) refs/heads/master refs/remotes/master [1ms]
[2022-04-22T00:46:52.489Z] > git for-each-ref --sort -committerdate --format %(refname) %(objectname) %(*objectname) [3ms]
[2022-04-22T00:46:52.489Z] > git remote --verbose [1ms]
[2022-04-22T00:46:52.493Z] > git config --get commit.template [1ms]
[2022-04-22T00:48:57.113Z] > git ls-files --stage -- /home/lrb96/curso_python_intermedio/dictionary_comprehensions.py [2ms]
[2022-04-22T00:48:57.116Z] > git cat-file -s 632021831856b026dafc60cfec77cf0b16c10a74 [0ms]
[2022-04-22T01:02:10.285Z] > git ls-files --stage -- /home/lrb96/curso_python_intermedio/dictionary_comprehensions.py [1ms]
[2022-04-22T01:02:10.288Z] > git cat-file -s 632021831856b026dafc60cfec77cf0b16c10a74 [1ms]
[2022-04-22T01:02:11.321Z] > git fetch [2206ms]
[2022-04-22T01:02:11.344Z] > git symbolic-ref --short HEAD [1ms]
[2022-04-22T01:02:11.346Z] > git for-each-ref --format=%(refname)%00%(upstream:short)%00%(objectname)%00%(upstream:track) refs/heads/master refs/remotes/master [1ms]
[2022-04-22T01:02:11.350Z] > git remote --verbose [1ms]
[2022-04-22T01:02:11.350Z] > git for-each-ref --sort -committerdate --format %(refname) %(objectname) %(*objectname) [2ms]
[2022-04-22T01:02:11.353Z] > git config --get commit.template [1ms]
[2022-04-22T01:02:12.378Z] > git ls-files --stage -- /home/lrb96/curso_python_intermedio/lists_and_dicts.py [1ms]
[2022-04-22T01:02:12.381Z] > git cat-file -s 4711d1fbfe3110386b09e1b438624a6e6ef51173 [1ms]
[2022-04-22T01:02:13.182Z] > git ls-files --stage -- /home/lrb96/curso_python_intermedio/lists_comprehensions.py [1ms]
[2022-04-22T01:02:13.185Z] > git cat-file -s 4d93fa32ea05e4778ef5b9542922c350cdffe739 [1ms]
[2022-04-22T01:02:25.822Z] > git ls-files --stage -- /home/lrb96/curso_python_intermedio/lists_and_dicts.py [2ms]
[2022-04-22T01:02:25.824Z] > git cat-file -s 4711d1fbfe3110386b09e1b438624a6e6ef51173 [0ms]
[2022-04-22T01:02:26.355Z] > git ls-files --stage -- /home/lrb96/curso_python_intermedio/dictionary_comprehensions.py [2ms]
[2022-04-22T01:02:26.358Z] > git cat-file -s 632021831856b026dafc60cfec77cf0b16c10a74 [1ms]
[2022-04-22T01:02:27.555Z] > git ls-files --stage -- /home/lrb96/curso_python_intermedio/lists_and_dicts.py [1ms]
[2022-04-22T01:02:27.557Z] > git cat-file -s 4711d1fbfe3110386b09e1b438624a6e6ef51173 [0ms]
[2022-04-22T01:02:28.173Z] > git ls-files --stage -- /home/lrb96/curso_python_intermedio/lists_comprehensions.py [1ms]
[2022-04-22T01:02:28.175Z] > git cat-file -s 4d93fa32ea05e4778ef5b9542922c350cdffe739 [0ms]
[2022-04-22T01:02:28.954Z] > git ls-files --stage -- /home/lrb96/curso_python_intermedio/lists_and_dicts.py [1ms]
[2022-04-22T01:02:28.956Z] > git cat-file -s 4711d1fbfe3110386b09e1b438624a6e6ef51173 [0ms]
[2022-04-22T01:02:29.365Z] > git ls-files --stage -- /home/lrb96/curso_python_intermedio/dictionary_comprehensions.py [2ms]
[2022-04-22T01:02:29.368Z] > git cat-file -s 632021831856b026dafc60cfec77cf0b16c10a74 [1ms]
[2022-04-22T01:12:50.834Z] > git ls-files --stage -- /home/lrb96/curso_python_intermedio/dictionary_comprehensions.py [2ms]
[2022-04-22T01:12:50.837Z] > git cat-file -s 632021831856b026dafc60cfec77cf0b16c10a74 [1ms]
[2022-04-22T01:12:51.909Z] > git fetch [2243ms]
[2022-04-22T01:12:51.932Z] > git symbolic-ref --short HEAD [1ms]
[2022-04-22T01:12:51.937Z] > git for-each-ref --format=%(refname)%00%(upstream:short)%00%(objectname)%00%(upstream:track) refs/heads/master refs/remotes/master [1ms]
[2022-04-22T01:12:51.941Z] > git for-each-ref --sort -committerdate --format %(refname) %(objectname) %(*objectname) [2ms]
[2022-04-22T01:12:51.941Z] > git remote --verbose [0ms]
[2022-04-22T01:12:51.945Z] > git config --get commit.template [0ms]
[2022-04-22T01:12:58.815Z] > git ls-files --stage -- /home/lrb96/curso_python_intermedio/dictionary_comprehensions.py [1ms]
[2022-04-22T01:12:58.818Z] > git cat-file -s 632021831856b026dafc60cfec77cf0b16c10a74 [1ms]
[2022-04-22T01:13:22.071Z] > git symbolic-ref --short HEAD [0ms]
[2022-04-22T01:13:22.074Z] > git for-each-ref --format=%(refname)%00%(upstream:short)%00%(objectname)%00%(upstream:track) refs/heads/master refs/remotes/master [1ms]
[2022-04-22T01:13:22.078Z] > git remote --verbose [1ms]
[2022-04-22T01:13:22.078Z] > git for-each-ref --sort -committerdate --format %(refname) %(objectname) %(*objectname) [2ms]
[2022-04-22T01:13:22.081Z] > git config --get commit.template [0ms]
[2022-04-22T01:13:24.771Z] > git log --format=%H%n%aN%n%aE%n%at%n%ct%n%P%n%B -z -n21 -- /home/lrb96/curso_python_intermedio/dictionary_comprehensions.py [16ms]
[2022-04-22T01:13:26.537Z] > git ls-files --stage -- /home/lrb96/curso_python_intermedio/high_order_functions.py [1ms]
[2022-04-22T01:13:28.837Z] > git ls-files --stage -- /home/lrb96/curso_python_intermedio/dictionary_comprehensions.py [1ms]
[2022-04-22T01:13:28.840Z] > git cat-file -s 632021831856b026dafc60cfec77cf0b16c10a74 [1ms]
[2022-04-22T01:13:29.759Z] > git ls-files --stage -- /home/lrb96/curso_python_intermedio/high_order_functions.py [2ms]
[2022-04-22T01:13:59.925Z] > git symbolic-ref --short HEAD [0ms]
[2022-04-22T01:13:59.928Z] > git for-each-ref --format=%(refname)%00%(upstream:short)%00%(objectname)%00%(upstream:track) refs/heads/master refs/remotes/master [1ms]
[2022-04-22T01:13:59.931Z] > git remote --verbose [1ms]
[2022-04-22T01:13:59.931Z] > git for-each-ref --sort -committerdate --format %(refname) %(objectname) %(*objectname) [2ms]
[2022-04-22T01:13:59.935Z] > git config --get commit.template [1ms]
[2022-04-22T01:14:14.775Z] > git symbolic-ref --short HEAD [1ms]
[2022-04-22T01:14:14.777Z] > git for-each-ref --format=%(refname)%00%(upstream:short)%00%(objectname)%00%(upstream:track) refs/heads/master refs/remotes/master [1ms]
[2022-04-22T01:14:14.780Z] > git for-each-ref --sort -committerdate --format %(refname) %(objectname) %(*objectname) [2ms]
[2022-04-22T01:14:14.780Z] > git remote --verbose [0ms]
[2022-04-22T01:14:14.784Z] > git config --get commit.template [1ms]
[2022-04-22T01:15:10.848Z] > git symbolic-ref --short HEAD [1ms]
[2022-04-22T01:15:10.850Z] > git for-each-ref --format=%(refname)%00%(upstream:short)%00%(objectname)%00%(upstream:track) refs/heads/master refs/remotes/master [1ms]
[2022-04-22T01:15:10.854Z] > git remote --verbose [1ms]
[2022-04-22T01:15:10.854Z] > git for-each-ref --sort -committerdate --format %(refname) %(objectname) %(*objectname) [2ms]
[2022-04-22T01:15:10.858Z] > git config --get commit.template [1ms]
[2022-04-22T01:15:53.119Z] > git ls-files --stage -- /home/lrb96/curso_python_intermedio/high_order_functions.py [2ms]
[2022-04-22T01:15:54.883Z] > git fetch [2933ms]
[2022-04-22T01:15:54.912Z] > git symbolic-ref --short HEAD [1ms]
[2022-04-22T01:15:54.914Z] > git for-each-ref --format=%(refname)%00%(upstream:short)%00%(objectname)%00%(upstream:track) refs/heads/master refs/remotes/master [1ms]
[2022-04-22T01:15:54.918Z] > git remote --verbose [1ms]
[2022-04-22T01:15:54.918Z] > git for-each-ref --sort -committerdate --format %(refname) %(objectname) %(*objectname) [2ms]
[2022-04-22T01:15:54.923Z] > git config --get commit.template [1ms]
[2022-04-22T01:15:55.921Z] > git ls-files --stage -- /home/lrb96/curso_python_intermedio/high_order_functions.py [2ms]
[2022-04-22T01:16:19.097Z] > git symbolic-ref --short HEAD [1ms]
[2022-04-22T01:16:19.099Z] > git for-each-ref --format=%(refname)%00%(upstream:short)%00%(objectname)%00%(upstream:track) refs/heads/master refs/remotes/master [1ms]
[2022-04-22T01:16:19.103Z] > git for-each-ref --sort -committerdate --format %(refname) %(objectname) %(*objectname) [2ms]
[2022-04-22T01:16:19.103Z] > git remote --verbose [1ms]
[2022-04-22T01:16:19.106Z] > git config --get commit.template [0ms]
[2022-04-22T01:18:12.242Z] > git symbolic-ref --short HEAD [0ms]
[2022-04-22T01:18:12.245Z] > git for-each-ref --format=%(refname)%00%(upstream:short)%00%(objectname)%00%(upstream:track) refs/heads/master refs/remotes/master [1ms]
[2022-04-22T01:18:12.248Z] > git for-each-ref --sort -committerdate --format %(refname) %(objectname) %(*objectname) [2ms]
[2022-04-22T01:18:12.248Z] > git remote --verbose [0ms]
[2022-04-22T01:18:12.252Z] > git config --get commit.template [1ms]
[2022-04-22T01:18:37.592Z] > git symbolic-ref --short HEAD [0ms]
[2022-04-22T01:18:37.595Z] > git for-each-ref --format=%(refname)%00%(upstream:short)%00%(objectname)%00%(upstream:track) refs/heads/master refs/remotes/master [1ms]
[2022-04-22T01:18:37.598Z] > git for-each-ref --sort -committerdate --format %(refname) %(objectname) %(*objectname) [2ms]
[2022-04-22T01:18:37.598Z] > git remote --verbose [0ms]
[2022-04-22T01:18:37.602Z] > git config --get commit.template [0ms]
[2022-04-22T01:18:42.630Z] > git symbolic-ref --short HEAD [0ms]
[2022-04-22T01:18:42.633Z] > git for-each-ref --format=%(refname)%00%(upstream:short)%00%(objectname)%00%(upstream:track) refs/heads/master refs/remotes/master [1ms]
[2022-04-22T01:18:42.636Z] > git for-each-ref --sort -committerdate --format %(refname) %(objectname) %(*objectname) [2ms]
[2022-04-22T01:18:42.636Z] > git remote --verbose [0ms]
[2022-04-22T01:18:42.640Z] > git config --get commit.template [0ms]
[2022-04-22T01:18:57.205Z] > git fetch [2277ms]
[2022-04-22T01:18:57.227Z] > git symbolic-ref --short HEAD [0ms]
[2022-04-22T01:18:57.229Z] > git for-each-ref --format=%(refname)%00%(upstream:short)%00%(objectname)%00%(upstream:track) refs/heads/master refs/remotes/master [0ms]
[2022-04-22T01:18:57.233Z] > git for-each-ref --sort -committerdate --format %(refname) %(objectname) %(*objectname) [2ms]
[2022-04-22T01:18:57.233Z] > git remote --verbose [0ms]
[2022-04-22T01:18:57.236Z] > git config --get commit.template [0ms]
[2022-04-22T01:19:27.878Z] > git ls-files --stage -- /home/lrb96/curso_python_intermedio/high_order_functions.py [1ms]
[2022-04-22T01:19:59.847Z] > git symbolic-ref --short HEAD [0ms]
[2022-04-22T01:19:59.850Z] > git for-each-ref --format=%(refname)%00%(upstream:short)%00%(objectname)%00%(upstream:track) refs/heads/master refs/remotes/master [1ms]
[2022-04-22T01:19:59.854Z] > git for-each-ref --sort -committerdate --format %(refname) %(objectname) %(*objectname) [2ms]
[2022-04-22T01:19:59.854Z] > git remote --verbose [1ms]
[2022-04-22T01:19:59.858Z] > git config --get commit.template [1ms]
[2022-04-22T01:20:17.591Z] > git symbolic-ref --short HEAD [1ms]
[2022-04-22T01:20:17.593Z] > git for-each-ref --format=%(refname)%00%(upstream:short)%00%(objectname)%00%(upstream:track) refs/heads/master refs/remotes/master [1ms]
[2022-04-22T01:20:17.596Z] > git for-each-ref --sort -committerdate --format %(refname) %(objectname) %(*objectname) [1ms]
[2022-04-22T01:20:17.597Z] > git remote --verbose [1ms]
[2022-04-22T01:20:17.600Z] > git config --get commit.template [0ms]
[2022-04-22T01:27:36.001Z] > git ls-files --stage -- /home/lrb96/curso_python_intermedio/high_order_functions.py [2ms]
[2022-04-22T01:27:37.458Z] > git fetch [2624ms]
[2022-04-22T01:27:37.479Z] > git symbolic-ref --short HEAD [1ms]
[2022-04-22T01:27:37.482Z] > git for-each-ref --format=%(refname)%00%(upstream:short)%00%(objectname)%00%(upstream:track) refs/heads/master refs/remotes/master [1ms]
[2022-04-22T01:27:37.486Z] > git for-each-ref --sort -committerdate --format %(refname) %(objectname) %(*objectname) [2ms]
[2022-04-22T01:27:37.486Z] > git remote --verbose [1ms]
[2022-04-22T01:27:37.489Z] > git config --get commit.template [1ms]
[2022-04-22T01:27:37.855Z] > git ls-files --stage -- /home/lrb96/curso_python_intermedio/high_order_functions.py [2ms]
[2022-04-22T01:27:55.434Z] > git symbolic-ref --short HEAD [1ms]
[2022-04-22T01:27:55.436Z] > git for-each-ref --format=%(refname)%00%(upstream:short)%00%(objectname)%00%(upstream:track) refs/heads/master refs/remotes/master [0ms]
[2022-04-22T01:27:55.440Z] > git for-each-ref --sort -committerdate --format %(refname) %(objectname) %(*objectname) [2ms]
[2022-04-22T01:27:55.440Z] > git remote --verbose [1ms]
[2022-04-22T01:27:55.444Z] > git config --get commit.template [1ms]
[2022-04-22T01:28:01.164Z] > git symbolic-ref --short HEAD [0ms]
[2022-04-22T01:28:01.167Z] > git for-each-ref --format=%(refname)%00%(upstream:short)%00%(objectname)%00%(upstream:track) refs/heads/master refs/remotes/master [1ms]
[2022-04-22T01:28:01.171Z] > git for-each-ref --sort -committerdate --format %(refname) %(objectname) %(*objectname) [2ms]
[2022-04-22T01:28:01.171Z] > git remote --verbose [1ms]
[2022-04-22T01:28:01.174Z] > git config --get commit.template [0ms]
[2022-04-22T01:28:14.358Z] > git symbolic-ref --short HEAD [0ms]
[2022-04-22T01:28:14.361Z] > git for-each-ref --format=%(refname)%00%(upstream:short)%00%(objectname)%00%(upstream:track) refs/heads/master refs/remotes/master [1ms]
[2022-04-22T01:28:14.364Z] > git for-each-ref --sort -committerdate --format %(refname) %(objectname) %(*objectname) [2ms]
[2022-04-22T01:28:14.364Z] > git remote --verbose [0ms]
[2022-04-22T01:28:14.368Z] > git config --get commit.template [1ms]
[2022-04-22T01:28:42.194Z] > git symbolic-ref --short HEAD [0ms]
[2022-04-22T01:28:42.196Z] > git for-each-ref --format=%(refname)%00%(upstream:short)%00%(objectname)%00%(upstream:track) refs/heads/master refs/remotes/master [0ms]
[2022-04-22T01:28:42.200Z] > git for-each-ref --sort -committerdate --format %(refname) %(objectname) %(*objectname) [2ms]
[2022-04-22T01:28:42.200Z] > git remote --verbose [1ms]
[2022-04-22T01:28:42.204Z] > git config --get commit.template [1ms]
[2022-04-22T01:29:28.193Z] > git symbolic-ref --short HEAD [0ms]
[2022-04-22T01:29:28.196Z] > git for-each-ref --format=%(refname)%00%(upstream:short)%00%(objectname)%00%(upstream:track) refs/heads/master refs/remotes/master [1ms]
[2022-04-22T01:29:28.200Z] > git for-each-ref --sort -committerdate --format %(refname) %(objectname) %(*objectname) [2ms]
[2022-04-22T01:29:28.200Z] > git remote --verbose [1ms]
[2022-04-22T01:29:28.203Z] > git config --get commit.template [0ms]
[2022-04-22T01:32:34.563Z] > git fetch [2246ms]
[2022-04-22T01:32:34.589Z] > git symbolic-ref --short HEAD [1ms]
[2022-04-22T01:32:34.591Z] > git for-each-ref --format=%(refname)%00%(upstream:short)%00%(objectname)%00%(upstream:track) refs/heads/master refs/remotes/master [0ms]
[2022-04-22T01:32:34.595Z] > git for-each-ref --sort -committerdate --format %(refname) %(objectname) %(*objectname) [2ms]
[2022-04-22T01:32:34.595Z] > git remote --verbose [1ms]
[2022-04-22T01:32:34.599Z] > git config --get commit.template [0ms]
[2022-04-22T01:33:38.937Z] > git ls-files --stage -- /home/lrb96/curso_python_intermedio/high_order_functions.py [2ms]
[2022-04-22T01:33:38.950Z] > git symbolic-ref --short HEAD [0ms]
[2022-04-22T01:33:38.953Z] > git for-each-ref --format=%(refname)%00%(upstream:short)%00%(objectname)%00%(upstream:track) refs/heads/master refs/remotes/master [0ms]
[2022-04-22T01:33:38.959Z] > git for-each-ref --sort -committerdate --format %(refname) %(objectname) %(*objectname) [3ms]
[2022-04-22T01:33:38.959Z] > git remote --verbose [1ms]
[2022-04-22T01:33:38.963Z] > git config --get commit.template [0ms]
[2022-04-22T01:33:39.962Z] > git log --format=%H%n%aN%n%aE%n%at%n%ct%n%P%n%B -z -n21 -- /home/lrb96/curso_python_intermedio/high_order_functions.py [2ms]
[2022-04-22T01:33:41.855Z] > git ls-files --stage -- /home/lrb96/curso_python_intermedio/filtrando_datos.py [1ms]
[2022-04-22T01:33:44.776Z] > git ls-files --stage -- /home/lrb96/curso_python_intermedio/high_order_functions.py [2ms]
[2022-04-22T01:33:46.412Z] > git ls-files --stage -- /home/lrb96/curso_python_intermedio/filtrando_datos.py [2ms]
